  -1.0000000      0.13533528      0.27067056      0.54134113    
 -0.99331105      0.13715795      0.27431589      0.54863179    
 -0.98662210      0.13900517      0.27801034      0.55602068    
 -0.97993308      0.14087728      0.28175455      0.56350911    
 -0.97324413      0.14277458      0.28554916      0.57109833    
 -0.96655518      0.14469744      0.28939489      0.57878977    
 -0.95986623      0.14664619      0.29329237      0.58658475    
 -0.95317727      0.14862119      0.29724237      0.59448475    
 -0.94648832      0.15062279      0.30124557      0.60249114    
 -0.93979931      0.15265137      0.30530274      0.61060548    
 -0.93311036      0.15470724      0.30941448      0.61882895    
 -0.92642140      0.15679081      0.31358162      0.62716323    
 -0.91973245      0.15890244      0.31780487      0.63560975    
 -0.91304350      0.16104250      0.32208499      0.64416999    
 -0.90635455      0.16321138      0.32642275      0.65284550    
 -0.89966553      0.16540951      0.33081901      0.66163802    
 -0.89297658      0.16763720      0.33527440      0.67054880    
 -0.88628763      0.16989490      0.33978981      0.67957962    
 -0.87959868      0.17218301      0.34436601      0.68873203    
 -0.87290967      0.17450196      0.34900391      0.69800782    
 -0.86622071      0.17685211      0.35370421      0.70740843    
 -0.85953176      0.17923392      0.35846785      0.71693569    
 -0.85284281      0.18164781      0.36329561      0.72659123    
 -0.84615386      0.18409419      0.36818838      0.73637676    
 -0.83946490      0.18657354      0.37314707      0.74629414    
 -0.83277595      0.18908627      0.37817255      0.75634509    
 -0.82608694      0.19163287      0.38326573      0.76653147    
 -0.81939799      0.19421373      0.38842747      0.77685493    
 -0.81270903      0.19682936      0.39365873      0.78731745    
 -0.80602008      0.19948022      0.39896044      0.79792088    
 -0.79933107      0.20216681      0.40433362      0.80866724    
 -0.79264212      0.20488955      0.40977910      0.81955820    
 -0.78595316      0.20764896      0.41529793      0.83059585    
 -0.77926421      0.21044552      0.42089105      0.84178209    
 -0.77257526      0.21327977      0.42655954      0.85311908    
 -0.76588631      0.21615218      0.43230435      0.86460871    
 -0.75919735      0.21906327      0.43812653      0.87625307    
 -0.75250834      0.22201359      0.44402719      0.88805437    
 -0.74581939      0.22500362      0.45000723      0.90001446    
 -0.73913044      0.22803393      0.45606786      0.91213572    
 -0.73244148      0.23110503      0.46221006      0.92442012    
 -0.72575247      0.23421754      0.46843508      0.93687016    
 -0.71906352      0.23737194      0.47474387      0.94948775    
 -0.71237457      0.24056880      0.48113760      0.96227521    
 -0.70568562      0.24380873      0.48761746      0.97523493    
 -0.69899666      0.24709231      0.49418461      0.98836923    
 -0.69230771      0.25042009      0.50084019       1.0016804    
 -0.68561876      0.25379270      0.50758541       1.0151708    
 -0.67892981      0.25721073      0.51442146       1.0288429    
 -0.67224079      0.26067480      0.52134961       1.0426992    
 -0.66555184      0.26418552      0.52837104       1.0567421    
 -0.65886289      0.26774353      0.53548706       1.0709741    
 -0.65217388      0.27134946      0.54269892       1.0853978    
 -0.64548492      0.27500394      0.55000788       1.1000158    
 -0.63879597      0.27870762      0.55741525       1.1148305    
 -0.63210702      0.28246123      0.56492245       1.1298449    
 -0.62541807      0.28626534      0.57253069       1.1450614    
 -0.61872911      0.29012069      0.58024138       1.1604828    
 -0.61204016      0.29402798      0.58805597       1.1761119    
 -0.60535121      0.29798791      0.59597582       1.1919516    
 -0.59866220      0.30200118      0.60400236       1.2080047    
 -0.59197325      0.30606845      0.61213690       1.2242738    
 -0.58528429      0.31019053      0.62038106       1.2407621    
 -0.57859528      0.31436813      0.62873626       1.2574725    
 -0.57190633      0.31860200      0.63720399       1.2744080    
 -0.56521738      0.32289284      0.64578569       1.2915714    
 -0.55852842      0.32724151      0.65448302       1.3089660    
 -0.55183947      0.33164871      0.66329741       1.3265948    
 -0.54515052      0.33611530      0.67223060       1.3444612    
 -0.53846157      0.34064204      0.68128407       1.3625681    
 -0.53177261      0.34522972      0.69045943       1.3809189    
 -0.52508360      0.34987924      0.69975847       1.3995169    
 -0.51839465      0.35459134      0.70918268       1.4183654    
 -0.51170570      0.35936689      0.71873379       1.4374676    
 -0.50501668      0.36420682      0.72841364       1.4568273    
 -0.49832779      0.36911184      0.73822367       1.4764473    
 -0.49163878      0.37408301      0.74816602       1.4963320    
 -0.48494983      0.37912107      0.75824213       1.5164843    
 -0.47826087      0.38422701      0.76845402       1.5369080    
 -0.47157192      0.38940170      0.77880341       1.5576068    
 -0.46488297      0.39464608      0.78929216       1.5785843    
 -0.45819396      0.39996111      0.79992223       1.5998445    
 -0.45150501      0.40534773      0.81069547       1.6213909    
 -0.44481605      0.41080686      0.82161373       1.6432275    
 -0.43812710      0.41633952      0.83267903       1.6653581    
 -0.43143815      0.42194670      0.84389341       1.6877868    
 -0.42474920      0.42762938      0.85525876       1.7105175    
 -0.41806018      0.43338865      0.86677730       1.7335546    
 -0.41137123      0.43922544      0.87845087       1.7569017    
 -0.40468228      0.44514084      0.89028168       1.7805634    
 -0.39799333      0.45113590      0.90227181       1.8045436    
 -0.39130437      0.45721170      0.91442341       1.8288468    
 -0.38461536      0.46336940      0.92673880       1.8534776    
 -0.37792641      0.46960995      0.93921989       1.8784398    
 -0.37123746      0.47593457      0.95186913       1.9037383    
 -0.36454850      0.48234436      0.96468872       1.9293774    
 -0.35785955      0.48884046      0.97768092       1.9553618    
 -0.35117060      0.49542406      0.99084812       1.9816962    
 -0.34448159      0.50209641       1.0041928       2.0083857    
 -0.33779263      0.50885850       1.0177170       2.0354340    
 -0.33110368      0.51571172       1.0314234       2.0628469    
 -0.32441473      0.52265722       1.0453144       2.0906289    
 -0.31772578      0.52969623       1.0593925       2.1187849    
 -0.31103677      0.53683013       1.0736603       2.1473205    
 -0.30434781      0.54406005       1.0881201       2.1762402    
 -0.29765886      0.55138737       1.1027747       2.2055495    
 -0.29096991      0.55881333       1.1176267       2.2352533    
 -0.28428096      0.56633931       1.1326786       2.2653573    
 -0.27759200      0.57396662       1.1479332       2.2958665    
 -0.27090299      0.58169675       1.1633935       2.3267870    
 -0.26421404      0.58953094       1.1790619       2.3581238    
 -0.25752509      0.59747064       1.1949413       2.3898826    
 -0.25083613      0.60551721       1.2110344       2.4220688    
 -0.24414718      0.61367220       1.2273444       2.4546888    
 -0.23745823      0.62193704       1.2438741       2.4877481    
 -0.23076922      0.63031322       1.2606264       2.5212529    
 -0.22408026      0.63880211       1.2776042       2.5552084    
 -0.21739131      0.64740539       1.2948108       2.5896215    
 -0.21070236      0.65612447       1.3122489       2.6244979    
 -0.20401341      0.66496104       1.3299221       2.6598442    
 -0.19732440      0.67391670       1.3478334       2.6956668    
 -0.19063544      0.68299288       1.3659858       2.7319715    
 -0.18394649      0.69219124       1.3843825       2.7687650    
 -0.17725754      0.70151353       1.4030271       2.8060541    
 -0.17056859      0.71096140       1.4219228       2.8438456    
 -0.16387963      0.72053647       1.4410729       2.8821459    
 -0.15719062      0.73024058       1.4604812       2.9209623    
 -0.15050167      0.74007529       1.4801506       2.9603012    
 -0.14381272      0.75004250       1.5000850       3.0001700    
 -0.13712376      0.76014388       1.5202878       3.0405755    
 -0.13043481      0.77038133       1.5407627       3.0815253    
 -0.12374580      0.78075677       1.5615135       3.1230271    
 -0.11705685      0.79127187       1.5825437       3.1650875    
 -0.11036789      0.80192852       1.6038570       3.2077141    
 -0.10367894      0.81272876       1.6254575       3.2509151    
 -9.69899893E-02  0.82367438       1.6473488       3.2946975    
 -9.03010368E-02  0.83476746       1.6695349       3.3390698    
 -8.36120248E-02  0.84601003       1.6920201       3.3840401    
 -7.69230723E-02  0.85740393       1.7148079       3.4296157    
 -7.02341199E-02  0.86895126       1.7379025       3.4758050    
 -6.35451674E-02  0.88065410       1.7613082       3.5226164    
 -5.68562150E-02  0.89251459       1.7850292       3.5700583    
 -5.01672029E-02  0.90453488       1.8090698       3.6181395    
 -4.34782505E-02  0.91671699       1.8334340       3.6668680    
 -3.67892981E-02  0.92906314       1.8581263       3.7162526    
 -3.01003456E-02  0.94157553       1.8831511       3.7663021    
 -2.34113932E-02  0.95425647       1.9085129       3.8170259    
 -1.67224407E-02  0.96710819       1.9342164       3.8684328    
 -1.00334287E-02  0.98013312       1.9602662       3.9205325    
 -3.34447622E-03  0.99333334       1.9866667       3.9733334    
  3.34441662E-03   1.0067112       2.0134225       4.0268450    
  1.00334883E-02   1.0202696       2.0405393       4.0810785    
  1.67224407E-02   1.0340104       2.0680208       4.1360416    
  2.34113932E-02   1.0479363       2.0958726       4.1917453    
  3.01003456E-02   1.0620496       2.1240993       4.2481985    
  3.67892981E-02   1.0763531       2.1527061       4.3054123    
  4.34782505E-02   1.0908493       2.1816986       4.3633971    
  5.01672029E-02   1.1055405       2.2110810       4.4221621    
  5.68561554E-02   1.1204298       2.2408595       4.4817190    
  6.35451078E-02   1.1355195       2.2710390       4.5420780    
  7.02340603E-02   1.1508124       2.3016248       4.6032495    
  7.69230127E-02   1.1663113       2.3326225       4.6652451    
  8.36120844E-02   1.1820192       2.3640385       4.7280769    
  9.03010368E-02   1.1979384       2.3958769       4.7917538    
  9.69899893E-02   1.2140720       2.4281440       4.8562880    
  0.10367894       1.2304229       2.4608457       4.9216914    
  0.11036789       1.2469939       2.4939878       4.9879756    
  0.11705685       1.2637882       2.5275764       5.0551529    
  0.12374580       1.2808086       2.5616171       5.1232343    
  0.13043475       1.2980583       2.5961165       5.1922331    
  0.13712370       1.3155402       2.6310804       5.2621608    
  0.14381266       1.3332577       2.6665154       5.3330307    
  0.15050161       1.3512137       2.7024274       5.4048548    
  0.15719068       1.3694118       2.7388237       5.4776473    
  0.16387963       1.3878548       2.7757096       5.5514193    
  0.17056859       1.4065461       2.8130922       5.6261845    
  0.17725754       1.4254892       2.8509784       5.7019567    
  0.18394649       1.4446874       2.8893747       5.7787495    
  0.19063544       1.4641441       2.9282882       5.8565764    
  0.19732440       1.4838630       2.9677260       5.9354520    
  0.20401335       1.5038474       3.0076947       6.0153894    
  0.21070230       1.5241008       3.0482016       6.0964031    
  0.21739125       1.5446271       3.0892541       6.1785083    
  0.22408020       1.5654298       3.1308596       6.2617192    
  0.23076928       1.5865130       3.1730261       6.3460522    
  0.23745823       1.6078799       3.2157598       6.4315195    
  0.24414718       1.6295345       3.2590690       6.5181379    
  0.25083613       1.6514807       3.3029613       6.6059227    
  0.25752509       1.6737225       3.3474450       6.6948900    
  0.26421404       1.6962638       3.3925276       6.7850552    
  0.27090299       1.7191087       3.4382174       6.8764348    
  0.27759194       1.7422613       3.4845226       6.9690452    
  0.28428090       1.7657257       3.5314515       7.0629029    
  0.29096985       1.7895062       3.5790124       7.1580248    
  0.29765880       1.8136069       3.6272137       7.2544274    
  0.30434787       1.8380326       3.6760652       7.3521304    
  0.31103683       1.8627868       3.7255735       7.4511471    
  0.31772578       1.8878745       3.7757490       7.5514979    
  0.32441473       1.9132999       3.8265998       7.6531997    
  0.33110368       1.9390678       3.8781357       7.7562714    
  0.33779263       1.9651828       3.9303656       7.8607311    
  0.34448159       1.9916495       3.9832990       7.9665980    
  0.35117054       2.0184727       4.0369453       8.0738907    
  0.35785949       2.0456569       4.0913138       8.1826277    
  0.36454844       2.0732074       4.1464148       8.2928295    
  0.37123740       2.1011291       4.2022581       8.4045162    
  0.37792647       2.1294270       4.2588539       8.5177078    
  0.38461542       2.1581056       4.3162112       8.6324224    
  0.39130437       2.1871705       4.3743410       8.7486820    
  0.39799333       2.2166269       4.4332538       8.8665075    
  0.40468228       2.2464800       4.4929600       8.9859200    
  0.41137123       2.2767351       4.5534701       9.1069403    
  0.41806018       2.3073978       4.6147957       9.2295914    
  0.42474914       2.3384733       4.6769466       9.3538933    
  0.43143809       2.3699675       4.7399349       9.4798698    
  0.43812704       2.4018855       4.8037710       9.6075420    
  0.44481599       2.4342337       4.8684673       9.7369347    
  0.45150495       2.4670174       4.9340348       9.8680696    
  0.45819402       2.5002432       5.0004864       10.000973    
  0.46488297       2.5339160       5.0678320       10.135664    
  0.47157192       2.5680423       5.1360846       10.272169    
  0.47826087       2.6026282       5.2052565       10.410513    
  0.48494983       2.6376798       5.2753596       10.550719    
  0.49163878       2.6732035       5.3464069       10.692814    
  0.49832773       2.7092056       5.4184113       10.836823    
  0.50501668       2.7456927       5.4913855       10.982771    
  0.51170564       2.7826710       5.5653419       11.130684    
  0.51839459       2.8201475       5.6402950       11.280590    
  0.52508354       2.8581285       5.7162571       11.432514    
  0.53177261       2.8966219       5.7932439       11.586488    
  0.53846157       2.9356332       5.8712664       11.742533    
  0.54515052       2.9751697       5.9503393       11.900679    
  0.55183947       3.0152385       6.0304770       12.060954    
  0.55852842       3.0558472       6.1116943       12.223389    
  0.56521738       3.0970027       6.1940055       12.388011    
  0.57190633       3.1387124       6.2774248       12.554850    
  0.57859528       3.1809840       6.3619680       12.723936    
  0.58528423       3.2238247       6.4476495       12.895299    
  0.59197319       3.2672424       6.5344849       13.068970    
  0.59866214       3.3112450       6.6224899       13.244980    
  0.60535121       3.3558409       6.7116818       13.423364    
  0.61204016       3.4010367       6.8020735       13.604147    
  0.61872911       3.4468412       6.8936825       13.787365    
  0.62541807       3.4932625       6.9865251       13.973050    
  0.63210702       3.5403092       7.0806184       14.161237    
  0.63879597       3.5879893       7.1759787       14.351957    
  0.64548492       3.6363115       7.2726231       14.545246    
  0.65217388       3.6852846       7.3705692       14.741138    
  0.65886283       3.7349172       7.4698343       14.939669    
  0.66555178       3.7852182       7.5704365       15.140873    
  0.67224073       3.8361969       7.6723938       15.344788    
  0.67892981       3.8878629       7.7757258       15.551452    
  0.68561876       3.9402237       7.8804474       15.760895    
  0.69230771       3.9932899       7.9865799       15.973160    
  0.69899666       4.0470705       8.0941410       16.188282    
  0.70568562       4.1015759       8.2031517       16.406303    
  0.71237457       4.1568151       8.3136301       16.627260    
  0.71906352       4.2127981       8.4255962       16.851192    
  0.72575247       4.2695351       8.5390701       17.078140    
  0.73244143       4.3270364       8.6540728       17.308146    
  0.73913038       4.3853121       8.7706242       17.541248    
  0.74581933       4.4443722       8.8887444       17.777489    
  0.75250840       4.5042295       9.0084591       18.016918    
  0.75919735       4.5648913       9.1297827       18.259565    
  0.76588631       4.6263704       9.2527409       18.505482    
  0.77257526       4.6886773       9.3773546       18.754709    
  0.77926421       4.7518234       9.5036469       19.007294    
  0.78595316       4.8158202       9.6316404       19.263281    
  0.79264212       4.8806787       9.7613573       19.522715    
  0.79933107       4.9464102       9.8928204       19.785641    
  0.80602002       5.0130277       10.026055       20.052111    
  0.81270897       5.0805421       10.161084       20.322168    
  0.81939793       5.1489658       10.297932       20.595863    
  0.82608700       5.2183123       10.436625       20.873249    
  0.83277595       5.2885914       10.577183       21.154366    
  0.83946490       5.3598170       10.719634       21.439268    
  0.84615386       5.4320016       10.864003       21.728006    
  0.85284281       5.5051589       11.010318       22.020636    
  0.85953176       5.5793009       11.158602       22.317204    
  0.86622071       5.6544418       11.308884       22.617767    
  0.87290967       5.7305946       11.461189       22.922379    
  0.87959862       5.8077731       11.615546       23.231092    
  0.88628757       5.8859911       11.771982       23.543964    
  0.89297652       5.9652624       11.930525       23.861050    
  0.89966559       6.0456028       12.091206       24.182411    
  0.90635455       6.1270237       12.254047       24.508095    
  0.91304350       6.2095413       12.419083       24.838165    
  0.91973245       6.2931700       12.586340       25.172680    
  0.92642140       6.3779249       12.755850       25.511700    
  0.93311036       6.4638214       12.927643       25.855286    
  0.93979931       6.5508747       13.101749       26.203499    
  0.94648826       6.6391006       13.278201       26.556402    
  0.95317721       6.7285147       13.457029       26.914059    
  0.95986617       6.8191328       13.638266       27.276531    
  0.96655512       6.9109716       13.821943       27.643887    
  0.97324419       7.0040488       14.008098       28.016195    
  0.97993314       7.0983777       14.196755       28.393511    
  0.98662210       7.1939774       14.387955       28.775909    
  0.99331105       7.2908645       14.581729       29.163458    
   1.0000000       7.3890562       14.778112       29.556225    
   1.0066888       7.4885688       14.977138       29.954275    
