  0.27065468      0.54670143    
  0.27432442      0.55055046    
  0.27801991      0.55603981    
  0.28176308      0.56338310    
  0.28555679      0.57108116    
  0.28940296      0.57884979    
  0.29330063      0.58662224    
  0.29725075      0.59467888    
  0.30125618      0.60266113    
  0.30531311      0.61043167    
  0.30942249      0.61877251    
  0.31359100      0.62725639    
  0.31781387      0.63552475    
  0.32209301      0.64436340    
  0.32643414      0.65313339    
  0.33083057      0.66147423    
  0.33528328      0.67038345    
  0.33979893      0.67979431    
  0.34437752      0.68891907    
  0.34901524      0.69790077    
  0.35371399      0.70738411    
  0.35847855      0.71693420    
  0.36330509      0.72655869    
  0.36819839      0.73653984    
  0.37315845      0.74644661    
  0.37818432      0.75635719    
  0.38327694      0.76647949    
  0.38843822      0.77688599    
  0.39367008      0.78758049    
  0.39897442      0.79813194    
  0.40434742      0.80853844    
  0.40979099      0.81937408    
  0.41530895      0.83063889    
  0.42090321      0.84197235    
  0.42657280      0.85309410    
  0.43231583      0.86471367    
  0.43814087      0.87640381    
  0.44404030      0.88795471    
  0.45001984      0.90007019    
  0.45608139      0.91233063    
  0.46222496      0.92473984    
  0.46845245      0.93671417    
  0.47475624      0.94911575    
  0.48114967      0.96251678    
  0.48763275      0.97549438    
  0.49419975      0.98832703    
  0.50085449       1.0015831    
  0.50759888       1.0152702    
  0.51443672       1.0291023    
  0.52136612       1.0427895    
  0.52838707       1.0569038    
  0.53550529       1.0711594    
  0.54271698       1.0851326    
  0.55002213       1.0999641    
  0.55743217       1.1150742    
  0.56493950       1.1296158    
  0.57254410       1.1450119    
  0.58025742       1.1608391    
  0.58807373       1.1765251    
  0.59599686       1.1920624    
  0.60402107       1.2077446    
  0.61215401       1.2244301    
  0.62040138       1.2409668    
  0.62875557       1.2573624    
  0.63722229       1.2744713    
  0.64580536       1.2915802    
  0.65450096       1.3088341    
  0.66331482       1.3267975    
  0.67225075       1.3446198    
  0.68130302       1.3627243    
  0.69048119       1.3812599    
  0.69978142       1.3993683    
  0.70920181       1.4184723    
  0.71875763       1.4377174    
  0.72843552       1.4566803    
  0.73824501       1.4766426    
  0.74818993       1.4963150    
  0.75826263       1.5164223    
  0.76847649       1.5370941    
  0.77882576       1.5577660    
  0.78931618       1.5790100    
  0.79994965       1.5999680    
  0.81072044       1.6209297    
  0.82163429       1.6431694    
  0.83270264       1.6656952    
  0.84391785       1.6880798    
  0.85528564       1.7107506    
  0.86680412       1.7334213    
  0.87847519       1.7569427    
  0.89030838       1.7807541    
  0.90229797       1.8049927    
  0.91445541       1.8292236    
  0.92676926       1.8528900    
  0.93924332       1.8782730    
  0.95189667       1.9042282    
  0.96471786       1.9293137    
  0.97770691       1.9558334    
  0.99088287       1.9823608    
   1.0042267       2.0077286    
   1.0177422       2.0351028    
   1.0314522       2.0630493    
   1.0453415       2.0909958    
   1.0594254       2.1195145    
   1.0736961       2.1474533    
   1.0881538       2.1762543    
   1.1028099       2.2053375    
   1.1176567       2.2347107    
   1.1327057       2.2657928    
   1.1479683       2.2968674    
   1.1634331       2.3270950    
   1.1791000       2.3578949    
   1.1949768       2.3895493    
   1.2110672       2.4220505    
   1.2273788       2.4554138    
   1.2439156       2.4882050    
   1.2606659       2.5207138    
   1.2776375       2.5549316    
   1.2948456       2.5900040    
   1.3122864       2.6256561    
   1.3299713       2.6607208    
   1.3478813       2.6946487    
   1.3660202       2.7311554    
   1.3844185       2.7693634    
   1.4030685       2.8064346    
   1.4219627       2.8443604    
   1.4411201       2.8828506    
   1.4605293       2.9207764    
   1.4801941       2.9598389    
   1.5001259       3.0000458    
   1.5203285       3.0413971    
   1.5408134       3.0824585    
   1.5615654       3.1226654    
   1.5825882       3.1648636    
   1.6039047       3.2079239    
   1.6255035       3.2506943    
   1.6473923       3.2954559    
   1.6695900       3.3399506    
   1.6920738       3.3838654    
   1.7148590       3.4294815    
   1.7379532       3.4753876    
   1.7613525       3.5233002    
   1.7850876       3.5717773    
   1.8091354       3.6179657    
   1.8334885       3.6658630    
   1.8581772       3.7160492    
   1.8832016       3.7662506    
   1.9085617       3.8181458    
   1.9342804       3.8700256    
   1.9603348       3.9190826    
   1.9867096       3.9727020    
   2.0134811       4.0291443    
   2.0406113       4.0816040    
   2.0680847       4.1352234    
   2.0959320       4.1911163    
   2.1241531       4.2492828    
   2.1527786       4.3063202    
   2.1817627       4.3622131    
   2.2111359       4.4226532    
   2.2409286       4.4825287    
   2.2711029       4.5418549    
   2.3016891       4.6051483    
   2.3327103       4.6673126    
   2.3641281       4.7272034    
   2.3959503       4.7899170    
   2.4282074       4.8554993    
   2.4609070       4.9228058    
   2.4940643       4.9889679    
   2.5276489       5.0545502    
   2.5616837       5.1235504    
   2.5961914       5.1931305    
   2.6311569       5.2626953    
   2.6665955       5.3345490    
   2.7025223       5.4064331    
   2.7389221       5.4765778    
   2.7757874       5.5495605    
   2.8131638       5.6265411    
   2.8510590       5.7029724    
   2.8894577       5.7799683    
   2.9283829       5.8575134    
   2.9678192       5.9345093    
   3.0077744       6.0149231    
   3.0482864       6.0970459    
   3.0893402       6.1808929    
   3.1309738       6.2641449    
   3.1731415       6.3445587    
   3.2158508       6.4300995    
   3.2591629       6.5184937    
   3.3030548       6.6057587    
   3.3475342       6.6947174    
   3.3926163       6.7854004    
   3.4383087       6.8772125    
   3.4846191       6.9713135    
   3.5315704       7.0636902    
   3.5791168       7.1595154    
   3.6273499       7.2575989    
   3.6762085       7.3499756    
   3.7256775       7.4480896    
   3.7758484       7.5518799    
   3.8267059       7.6545410    
   3.8782501       7.7560425    
   3.9304657       7.8609619    
   3.9834137       7.9682007    
   4.0370636       8.0731506    
   4.0914154       8.1837769    
   4.1465454       8.2978210    
   4.2024231       8.4050293    
   4.2589874       8.5145264    
   4.3163300       8.6320190    
   4.3744659       8.7495117    
   4.4333801       8.8669739    
   4.4930878       8.9867249    
   4.5536041       9.1087952    
   4.6149445       9.2308350    
   4.6770935       9.3517456    
   4.7400513       9.4783325    
   4.8038940       9.6094971    
   4.8686066       9.7406921    
   4.9342041       9.8718262    
   5.0006714       10.000732    
   5.0679932       10.134186    
   5.1362457       10.271057    
   5.2053986       10.409088    
   5.2754974       10.551636    
   5.3465576       10.694214    
   5.4185638       10.836792    
   5.4915314       10.983917    
   5.5655060       11.132202    
   5.6404572       11.283905    
   5.7164612       11.437866    
   5.7934723       11.585022    
   5.8714447       11.737885    
   5.9505005       11.899811    
   6.0306396       12.062927    
   6.1118774       12.224884    
   6.1941833       12.386841    
   6.2775879       12.554535    
   6.3621368       12.725616    
   6.4478302       12.896698    
   6.5346680       13.073486    
   6.6227264       13.250275    
   6.7119293       13.422516    
   6.8022919       13.600433    
   6.8938751       13.786377    
   6.9867249       13.975708    
   7.0808411       14.161621    
   7.1761780       14.350952    
   7.2728271       14.544861    
   7.3707581       14.741089    
   7.4700317       14.941772    
   7.5706482       15.149353    
   7.6726990       15.350159    
   7.7760010       15.544006    
   7.8806458       15.758423    
   7.9868164       15.977478    
   8.0943909       16.189575    
   8.2033997       16.403992    
   8.3138428       16.625305    
   8.4258118       16.855713    
   8.5393372       17.081543    
   8.6543274       17.305115    
   8.7708435       17.549194    
   8.8890991       17.786438    
   9.0087891       18.010010    
   9.1300354       18.256348    
   9.2530212       18.505005    
   9.3775940       18.755920    
   9.5039368       19.011414    
   9.6319275       19.260071    
   9.7615967       19.522400    
   9.8930969       19.789368    
   10.026337       20.053955    
   10.161377       20.332214    
   10.298340       20.603699    
   10.437012       20.866028    
   10.577484       21.146606    
   10.719910       21.438599    
   10.864288       21.730591    
   11.010620       22.022644    
   11.158905       22.319214    
   11.309204       22.620239    
   11.461517       22.925903    
   11.615906       23.231628    
   11.772308       23.551025    
   11.930969       23.872620    
   12.091675       24.176025    
   12.254395       24.500000    
   12.419434       24.837585    
   12.586670       25.172913    
   12.756195       25.515076    
   12.928009       25.857300    
   13.102112       26.206299    
   13.278595       26.557556    
   13.457397       26.915771    
   13.638672       27.292236    
   13.822510       27.652588    
   14.008606       28.003784    
   14.197144       28.387085    
   14.388367       28.779541    
   14.582153       29.057739    
   14.777100       29.230957    
