  0.63853455       1.2829590    
  0.27432442      0.55065918    
  0.27801991      0.55609131    
  0.28176308      0.56341553    
  0.28555679      0.57098389    
  0.28940296      0.57879639    
  0.29330063      0.58666992    
  0.29725075      0.59472656    
  0.30125618      0.60266113    
  0.30531311      0.61041260    
  0.30942249      0.61883545    
  0.31359100      0.62725830    
  0.31781387      0.63543701    
  0.32209301      0.64434814    
  0.32643414      0.65319824    
  0.33083057      0.66149902    
  0.33528328      0.67034912    
  0.33979893      0.67974854    
  0.34437752      0.68890381    
  0.34901524      0.69799805    
  0.35371399      0.70745850    
  0.35847855      0.71691895    
  0.36330509      0.72644043    
  0.36819839      0.73645020    
  0.37315845      0.74645996    
  0.37818432      0.75646973    
  0.38327694      0.76647949    
  0.38843822      0.77673340    
  0.39367008      0.78747559    
  0.39897442      0.79821777    
  0.40434742      0.80871582    
  0.40979099      0.81945801    
  0.41530895      0.83044434    
  0.42090321      0.84179688    
  0.42657280      0.85327148    
  0.43231583      0.86474609    
  0.43814087      0.87646484    
  0.44404030      0.88806152    
  0.45001984      0.89990234    
  0.45608139      0.91235352    
  0.46222496      0.92468262    
  0.46845245      0.93664551    
  0.47475624      0.94921875    
  0.48114967      0.96240234    
  0.48763275      0.97546387    
  0.49419975      0.98852539    
  0.50085449       1.0017090    
  0.50759888       1.0151367    
  0.51443672       1.0289307    
  0.52136612       1.0428467    
  0.52838707       1.0568848    
  0.53550529       1.0710449    
  0.54271698       1.0853271    
  0.55002213       1.1000977    
  0.55743217       1.1149902    
  0.56493950       1.1296387    
  0.57254410       1.1450195    
  0.58025742       1.1607666    
  0.58807373       1.1763916    
  0.59599686       1.1921387    
  0.60402107       1.2078857    
  0.61215401       1.2242432    
  0.62040138       1.2410889    
  0.62875557       1.2575684    
  0.63722229       1.2741699    
  0.64580536       1.2915039    
  0.65450096       1.3090820    
  0.66331482       1.3267822    
  0.67225075       1.3443604    
  0.68130302       1.3626709    
  0.69048119       1.3814697    
  0.69978142       1.3995361    
  0.70920181       1.4183350    
  0.71875763       1.4375000    
  0.72843552       1.4567871    
  0.73824501       1.4763184    
  0.74818993       1.4963379    
  0.75826263       1.5168457    
  0.76847649       1.5371094    
  0.77882576       1.5573730    
  0.78931618       1.5788574    
  0.79994965       1.6000977    
  0.81072044       1.6210938    
  0.82163429       1.6433105    
  0.83270264       1.6657715    
  0.84391785       1.6879883    
  0.85528564       1.7104492    
  0.86680412       1.7333984    
  0.87847519       1.7570801    
  0.89030838       1.7807617    
  0.90229797       1.8049316    
  0.91445541       1.8291016    
  0.92676926       1.8532715    
  0.93924332       1.8784180    
  0.95189667       1.9035645    
  0.96471786       1.9294434    
  0.97770691       1.9562988    
  0.99088287       1.9819336    
   1.0042267       2.0078125    
   1.0177422       2.0356445    
   1.0314522       2.0627441    
   1.0453415       2.0905762    
   1.0594254       2.1196289    
   1.0736961       2.1477051    
   1.0881538       2.1762695    
   1.1028099       2.2053223    
   1.1176567       2.2348633    
   1.1327057       2.2656250    
   1.1479683       2.2966309    
   1.1634331       2.3271484    
   1.1791000       2.3576660    
   1.1949768       2.3894043    
   1.2110672       2.4226074    
   1.2273788       2.4558105    
   1.2439156       2.4877930    
   1.2606659       2.5205078    
   1.2776375       2.5551758    
   1.2948456       2.5900879    
   1.3122864       2.6254883    
   1.3299713       2.6604004    
   1.3478813       2.6948242    
   1.3660202       2.7314453    
   1.3844185       2.7692871    
   1.4030685       2.8063965    
   1.4219627       2.8442383    
   1.4411201       2.8828125    
   1.4605293       2.9208984    
   1.4801941       2.9604492    
   1.5001259       3.0000000    
   1.5203285       3.0410156    
   1.5408134       3.0825195    
   1.5615654       3.1225586    
   1.5825882       3.1650391    
   1.6039047       3.2080078    
   1.6255035       3.2504883    
   1.6473923       3.2954102    
   1.6695900       3.3398438    
   1.6920738       3.3837891    
   1.7148590       3.4296875    
   1.7379532       3.4760742    
   1.7613525       3.5229492    
   1.7850876       3.5708008    
   1.8091354       3.6181641    
   1.8334885       3.6665039    
   1.8581772       3.7163086    
   1.8832016       3.7661133    
   1.9085617       3.8178711    
   1.9342804       3.8696289    
   1.9603348       3.9194336    
   1.9867096       3.9736328    
   2.0134811       4.0288086    
   2.0406113       4.0810547    
   2.0680847       4.1352539    
   2.0959320       4.1909180    
   2.1241531       4.2490234    
   2.1527786       4.3066406    
   2.1817627       4.3627930    
   2.2111359       4.4223633    
   2.2409286       4.4824219    
   2.2711029       4.5415039    
   2.3016891       4.6049805    
   2.3327103       4.6684570    
   2.3641281       4.7265625    
   2.3959503       4.7890625    
   2.4282074       4.8564453    
   2.4609070       4.9228516    
   2.4940643       4.9887695    
   2.5276489       5.0551758    
   2.5616837       5.1230469    
   2.5961914       5.1923828    
   2.6311569       5.2626953    
   2.6665955       5.3349609    
   2.7025223       5.4072266    
   2.7389221       5.4765625    
   2.7757874       5.5493164    
   2.8131638       5.6259766    
   2.8510590       5.7026367    
   2.8894577       5.7802734    
   2.9283829       5.8574219    
   2.9678192       5.9365234    
   3.0077744       6.0146484    
   3.0482864       6.0957031    
   3.0893402       6.1816406    
   3.1309738       6.2646484    
   3.1731415       6.3437500    
   3.2158508       6.4306641    
   3.2591629       6.5185547    
   3.3030548       6.6044922    
   3.3475342       6.6943359    
   3.3926163       6.7871094    
   3.4383087       6.8779297    
   3.4846191       6.9687500    
   3.5315704       7.0634766    
   3.5791168       7.1611328    
   3.6273499       7.2568359    
   3.6762085       7.3496094    
   3.7256775       7.4492188    
   3.7758484       7.5527344    
   3.8267059       7.6542969    
   3.8782501       7.7558594    
   3.9304657       7.8603516    
   3.9834137       7.9677734    
   4.0370636       8.0742188    
   4.0914154       8.1826172    
   4.1465454       8.2968750    
   4.2024231       8.4072266    
   4.2589874       8.5146484    
   4.3163300       8.6308594    
   4.3744659       8.7500000    
   4.4333801       8.8671875    
   4.4930878       8.9863281    
   4.5536041       9.1083984    
   4.6149445       9.2304688    
   4.6770935       9.3525391    
   4.7400513       9.4785156    
   4.8038940       9.6093750    
   4.8686066       9.7412109    
   4.9342041       9.8710938    
   5.0006714       10.000000    
   5.0679932       10.133789    
   5.1362457       10.272461    
   5.2053986       10.410156    
   5.2754974       10.549805    
   5.3465576       10.694336    
   5.4185638       10.837891    
   5.4915314       10.983398    
   5.5655060       11.131836    
   5.6404572       11.283203    
   5.7164612       11.437500    
   5.7934723       11.587891    
   5.8714447       11.740234    
   5.9505005       11.896484    
   6.0306396       12.062500    
   6.1118774       12.226563    
   6.1941833       12.386719    
   6.2775879       12.554688    
   6.3621368       12.724609    
   6.4478302       12.896484    
   6.5346680       13.074219    
   6.6227264       13.250000    
   6.7119293       13.421875    
   6.8022919       13.599609    
   6.8938751       13.787109    
   6.9867249       13.976563    
   7.0808411       14.160156    
   7.1761780       14.349609    
   7.2728271       14.548828    
   7.3707581       14.742188    
   7.4700317       14.939453    
   7.5706482       15.150391    
   7.6726990       15.349609    
   7.7760010       15.544922    
   7.8806458       15.757813    
   7.9868164       15.972656    
   8.0943909       16.191406    
   8.2033997       16.410156    
   8.3138428       16.625000    
   8.4258118       16.849609    
   8.5393372       17.080078    
   8.6543274       17.308594    
   8.7708435       17.548828    
   8.8890991       17.787109    
   9.0087891       18.011719    
   9.1300354       18.253906    
   9.2530212       18.505859    
   9.3775940       18.757813    
   9.5039368       19.009766    
   9.6319275       19.259766    
   9.7615967       19.521484    
   9.8930969       19.789063    
   10.026337       20.054688    
   10.161377       20.332031    
   10.298340       20.603516    
   10.437012       20.865234    
   10.577484       21.148438    
   10.719910       21.441406    
   10.864288       21.728516    
   11.010620       22.019531    
   11.158905       22.322266    
   11.309204       22.621094    
   11.461517       22.921875    
   11.615906       23.234375    
   11.772308       23.550781    
   11.930969       23.871094    
   12.091675       24.175781    
   12.254395       24.500000    
   12.419434       24.839844    
   12.586670       25.175781    
   12.756195       25.511719    
   12.928009       25.855469    
   13.102112       26.207031    
   13.278595       26.558594    
   13.457397       26.914063    
   13.638672       27.289063    
   13.822510       27.656250    
   14.008606       28.003906    
   14.197144       28.386719    
   14.388367       28.781250    
   14.582153       29.062500    
   14.777100       29.250000    
