  3.99999991E-02   0.0000000       1.8414710    
  5.99999987E-02   0.0000000       2.2961197    
  7.99999982E-02   0.0000000       2.3431597    
  9.99999940E-02   0.0000000       2.1539590    
  0.12000000       0.0000000       1.9621742    
  0.14000000       0.0000000       1.9156049    
  0.16000000       0.0000000       2.0094602    
  0.17999999       0.0000000       2.1331301    
  0.19999999      1.25535162E-14   2.1789210    
  0.22000000      7.84727140E-44   2.1245189    
  0.23999999     -6.73021849E+28   2.0336106    
  0.25999999      4.59135442E-41   1.9888961    
  0.28000000       0.0000000       2.0212166    
  0.29999998       0.0000000       2.0919743    
  0.31999999     -6.73022982E+28   2.1353269    
  0.34000000      4.59135442E-41   2.1173329    
  0.35999998       0.0000000       2.0607800    
  0.38000000      1.40129846E-45   2.0190585    
  0.39999998       0.0000000       2.0269468    
  0.41999999       0.0000000       2.0725939    
  0.44000000      5.87890248E-39   2.1124346    
  0.45999998       0.0000000       2.1120322    
  0.47999999       0.0000000       2.0752401    
  0.50000000       0.0000000       2.0375078    
  0.51999998       0.0000000       2.0322137    
  0.53999996       0.0000000       2.0615427    
  0.56000000       0.0000000       2.0969641    
  0.57999998       0.0000000       2.1066394    
  0.59999996       0.0000000       2.0837555    
  0.62000000       0.0000000       2.0508211    
  0.63999999       0.0000000       2.0377877    
  0.65999997       0.0000000       2.0550199    
  0.68000001       0.0000000       2.0853202    
  0.69999999       0.0000000       2.1008816    
  0.71999997       0.0000000       2.0886478    
  0.74000001       0.0000000       2.0610983    
  0.75999999       0.0000000       2.0437055    
  0.77999997       0.0000000       2.0515046    
  0.79999995       0.0000000       2.0762174    
  0.81999999       0.0000000       2.0948453    
  0.83999997       0.0000000       2.0909765    
  0.85999995       0.0000000       2.0691545    
  0.88000000       0.0000000       2.0498109    
  0.89999998       0.0000000       2.0502131    
  0.91999996       0.0000000       2.0691221    
  0.94000000       0.0000000       2.0887263    
  0.95999998     -1.79483099E+37   2.0913556    
  0.97999996      4.58392754E-41   2.0753503    
   1.0000000     -2.26217827E+37   2.0558860    
   1.0200000      4.58392754E-41   2.0506384    
   1.0400000       0.0000000       2.0637801    
   1.0599999       0.0000000       2.0827537    
   1.0799999                 NaN   2.0902240    
   1.1000000       0.0000000       2.0798762    
   1.1200000       0.0000000       2.0616989    
   1.1400000       0.0000000       2.0523856    
   1.1600000      1.40129846E-45   2.0600376    
   1.1799999       0.0000000       2.0771561    
   1.1999999      8.82272087E-39   2.0879483    
   1.2200000       0.0000000       2.0828681    
   1.2400000       0.0000000       2.0670302    
   1.2600000       0.0000000       2.0551078    
   1.2800000       0.0000000       2.0577643    
   1.3000000       0.0000000       2.0721397    
   1.3199999       0.0000000       2.0848601    
   1.3399999       0.0000000       2.0844579    
   1.3600000       0.0000000       2.0716889    
   1.3800000       0.0000000       2.0584841    
   1.4000000      1.07070657E-14   2.0568206    
   1.4200000      7.84727140E-44   2.0678761    
   1.4399999      1.40129846E-45   2.0812712    
   1.4599999       0.0000000       2.0847964    
   1.4800000       0.0000000       2.0755258    
   1.5000000       0.0000000       2.0622129    
   1.5200000       0.0000000       2.0570426    
   1.5400000       0.0000000       2.0644913    
   1.5599999     -1.79483099E+37   2.0774720    
   1.5799999      4.58392754E-41   2.0840614    
   1.5999999       0.0000000       2.0784397    
   1.6200000       0.0000000       2.0660162    
   1.6400000      1.40129846E-45   2.0582397    
   1.6600000       0.0000000       2.0620596    
   1.6799999     -6.73045649E+28   2.0737267    
   1.6999999      4.59135442E-41   2.0824552    
   1.7199999      5.87993804E-39   2.0803838    
   1.7400000       0.0000000       2.0696459    
   1.7600000     -6.73045272E+28   2.0601997    
   1.7800000      4.59135442E-41   2.0606019    
   1.8000000      1.07296620E-14   2.0702658    
   1.8199999      7.84727140E-44   2.0801990    
   1.8399999       0.0000000       2.0813637    
   1.8600000       0.0000000       2.0728912    
   1.8800000     -1.90287298E+37   2.0626945    
   1.9000000      4.58392754E-41   2.0600855    
   1.9200000       0.0000000       2.0672777    
   1.9399999       0.0000000       2.0775235    
   1.9599999     -6.73045649E+28   2.0814369    
   1.9799999      4.59135442E-41   2.0755861    
   2.0000000      1.40129846E-45   2.0654931    
