  4.00000019E-03   0.0000000      0.19983342    
  6.00000005E-03   0.0000000      0.29916808    
  8.00000038E-03   0.0000000      0.39767483    
  1.00000007E-02   0.0000000      0.49502942    
  1.20000001E-02   0.0000000      0.59091455    
  1.40000004E-02   0.0000000      0.68502164    
  1.60000008E-02   0.0000000      0.77705276    
  1.80000011E-02   0.0000000      0.86672229    
  2.00000014E-02   0.0000000      0.95375860    
  2.20000017E-02   0.0000000       1.0379057    
  2.40000002E-02   0.0000000       1.1189245    
  2.60000005E-02   0.0000000       1.1965945    
  2.80000009E-02   0.0000000       1.2707143    
  3.00000012E-02   0.0000000       1.3411036    
  3.20000015E-02   0.0000000       1.4076033    
  3.40000018E-02   0.0000000       1.4700766    
  3.60000022E-02   0.0000000       1.5284098    
  3.80000025E-02   0.0000000       1.5825125    
  4.00000028E-02   0.0000000       1.6323178    
  4.20000032E-02   0.0000000       1.6777827    
  4.40000035E-02   0.0000000       1.7188878    
  4.60000038E-02   0.0000000       1.7556376    
  4.80000004E-02   0.0000000       1.7880596    
  5.00000007E-02   0.0000000       1.8162038    
  5.20000011E-02   0.0000000       1.8401427    
  5.40000014E-02   0.0000000       1.8599697    
  5.60000017E-02   0.0000000       1.8757986    
  5.80000021E-02   0.0000000       1.8877624    
  6.00000024E-02   0.0000000       1.8960124    
  6.20000027E-02   0.0000000       1.9007164    
  6.40000030E-02   0.0000000       1.9020578    
  6.59999996E-02   0.0000000       1.9002336    
  6.80000037E-02   0.0000000       1.8954535    
  7.00000003E-02   0.0000000       1.8879375    
  7.20000044E-02   0.0000000       1.8779151    
  7.40000010E-02   0.0000000       1.8656229    
  7.60000050E-02   0.0000000       1.8513030    
  7.80000016E-02   0.0000000       1.8352015    
  8.00000057E-02   0.0000000       1.8175665    
  8.20000023E-02   0.0000000       1.7986465    
  8.40000063E-02   0.0000000       1.7786884    
  8.60000029E-02   0.0000000       1.7579366    
  8.80000070E-02   0.0000000       1.7366304    
  9.00000036E-02   0.0000000       1.7150031    
  9.20000076E-02   0.0000000       1.6932802    
  9.40000042E-02   0.0000000       1.6716782    
  9.60000008E-02   0.0000000       1.6504033    
  9.80000049E-02   0.0000000       1.6296499    
  0.10000000       0.0000000       1.6095998    
  0.10200001       0.0000000       1.5904213    
  0.10400000       0.0000000       1.5722681    
  0.10600001       0.0000000       1.5552787    
  0.10800000       0.0000000       1.5395755    
  0.11000001       0.0000000       1.5252650    
  0.11200000       0.0000000       1.5124370    
  0.11400001       0.0000000       1.5011643    
  0.11600000       0.0000000       1.4915031    
  0.11800001       0.0000000       1.4834927    
  0.12000000       0.0000000       1.4771558    
  0.12200001       0.0000000       1.4724989    
  0.12400001       0.0000000       1.4695126    
  0.12600000       0.0000000       1.4681724    
  0.12800001       0.0000000       1.4684393    
  0.13000001       0.0000000       1.4702604    
  0.13200000       0.0000000       1.4735699    
  0.13400000       0.0000000       1.4782902    
  0.13600001       0.0000000       1.4843328    
  0.13800001       0.0000000       1.4915992    
  0.14000000       0.0000000       1.4999824    
  0.14200000       0.0000000       1.5093678    
  0.14400001       0.0000000       1.5196350    
  0.14600001       0.0000000       1.5306581    
  0.14800000       0.0000000       1.5423080    
  0.15000001       0.0000000       1.5544527    
  0.15200001       0.0000000       1.5669594    
  0.15400001       0.0000000       1.5796952    
  0.15600000       0.0000000       1.5925286    
  0.15800001       0.0000000       1.6053305    
  0.16000001       0.0000000       1.6179752    
  0.16200000       0.0000000       1.6303422    
  0.16400000       0.0000000       1.6423162    
  0.16600001       0.0000000       1.6537886    
  0.16800001       0.0000000       1.6646581    
  0.17000000       0.0000000       1.6748319    
  0.17200001       0.0000000       1.6842258    
  0.17400001       0.0000000       1.6927652    
  0.17600001       0.0000000       1.7003856    
  0.17800000       0.0000000       1.7070323    
  0.18000001       0.0000000       1.7126617    
  0.18200001       0.0000000       1.7172408    
  0.18400002       0.0000000       1.7207474    
  0.18600000       0.0000000       1.7231700    
  0.18800001       0.0000000       1.7245083    
  0.19000001       0.0000000       1.7247719    
  0.19200000       0.0000000       1.7239808    
  0.19400001       0.0000000       1.7221649    
  0.19600001       0.0000000       1.7193632    
  0.19800001       0.0000000       1.7156236    
  0.20000000       0.0000000       1.7110020    
  0.20200001       0.0000000       1.7055618    
  0.20400001       0.0000000       1.6993729    
  0.20600002       0.0000000       1.6925113    
  0.20800000       0.0000000       1.6850580    
  0.21000001       0.0000000       1.6770982    
  0.21200001       0.0000000       1.6687201    
  0.21400002       0.0000000       1.6600147    
  0.21600001       0.0000000       1.6510743    
  0.21800001       0.0000000       1.6419915    
  0.22000001       0.0000000       1.6328591    
  0.22200002       0.0000000       1.6237683    
  0.22400001       0.0000000       1.6148084    
  0.22600001       0.0000000       1.6060658    
  0.22800002       0.0000000       1.5976231    
  0.23000000       0.0000000       1.5895588    
  0.23200001       0.0000000       1.5819463    
  0.23400001       0.0000000       1.5748529    
  0.23600002       0.0000000       1.5683403    
  0.23800001       0.0000000       1.5624629    
  0.24000001       0.0000000       1.5572685    
  0.24200001       0.0000000       1.5527971    
  0.24400002       0.0000000       1.5490810    
  0.24600001       0.0000000       1.5461447    
  0.24800001       0.0000000       1.5440047    
  0.25000000       0.0000000       1.5426692    
  0.25200000       0.0000000       1.5421386    
  0.25400001       0.0000000       1.5424055    
  0.25600001       0.0000000       1.5434545    
  0.25800002       0.0000000       1.5452632    
  0.26000002       0.0000000       1.5478017    
  0.26200002       0.0000000       1.5510337    
  0.26400000       0.0000000       1.5549166    
  0.26600000       0.0000000       1.5594020    
  0.26800001       0.0000000       1.5644363    
  0.27000001       0.0000000       1.5699615    
  0.27200001       0.0000000       1.5759155    
  0.27400002       0.0000000       1.5822328    
  0.27600002       0.0000000       1.5888456    
  0.27800003       0.0000000       1.5956839    
  0.28000000       0.0000000       1.6026767    
  0.28200001       0.0000000       1.6097525    
  0.28400001       0.0000000       1.6168399    
  0.28600001       0.0000000       1.6238682    
  0.28800002       0.0000000       1.6307688    
  0.29000002       0.0000000       1.6374748    
  0.29200003       0.0000000       1.6439223    
  0.29400000       0.0000000       1.6500510    
  0.29600000       0.0000000       1.6558044    
  0.29800001       0.0000000       1.6611304    
  0.30000001       0.0000000       1.6659820    
  0.30200002       0.0000000       1.6703173    
  0.30400002       0.0000000       1.6741000    
  0.30600002       0.0000000       1.6773000    
  0.30800003       0.0000000       1.6798930    
  0.31000000       0.0000000       1.6818613    
  0.31200001       0.0000000       1.6831933    
  0.31400001       0.0000000       1.6838840    
  0.31600001       0.0000000       1.6839347    
  0.31800002       0.0000000       1.6833529    
  0.32000002       0.0000000       1.6821526    
  0.32200003       0.0000000       1.6803532    
  0.32400000       0.0000000       1.6779801    
  0.32600001       0.0000000       1.6750638    
  0.32800001       0.0000000       1.6716402    
  0.33000001       0.0000000       1.6677493    
  0.33200002       0.0000000       1.6634355    
  0.33400002       0.0000000       1.6587466    
  0.33600003       0.0000000       1.6537337    
  0.33800003       0.0000000       1.6484506    
  0.34000000       0.0000000       1.6429528    
  0.34200001       0.0000000       1.6372975    
  0.34400001       0.0000000       1.6315428    
  0.34600002       0.0000000       1.6257468    
  0.34800002       0.0000000       1.6199678    
  0.35000002       0.0000000       1.6142629    
  0.35200003       0.0000000       1.6086879    
  0.35400000       0.0000000       1.6032968    
  0.35600001       0.0000000       1.5981410    
  0.35800001       0.0000000       1.5932690    
  0.36000001       0.0000000       1.5887262    
  0.36200002       0.0000000       1.5845540    
  0.36400002       0.0000000       1.5807898    
  0.36600003       0.0000000       1.5774666    
  0.36800003       0.0000000       1.5746125    
  0.37000000       0.0000000       1.5722507    
  0.37200001       0.0000000       1.5703995    
  0.37400001       0.0000000       1.5690717    
  0.37600002       0.0000000       1.5682749    
  0.37800002       0.0000000       1.5680114    
  0.38000003       0.0000000       1.5682782    
  0.38200003       0.0000000       1.5690670    
  0.38400000       0.0000000       1.5703646    
  0.38600001       0.0000000       1.5721527    
  0.38800001       0.0000000       1.5744085    
  0.39000002       0.0000000       1.5771048    
  0.39200002       0.0000000       1.5802101    
  0.39400002       0.0000000       1.5836895    
  0.39600003       0.0000000       1.5875045    
  0.39800003       0.0000000       1.5916140    
  0.40000001       0.0000000       1.5959741    
  0.40200001       0.0000000       1.6005388    
  0.40400001       0.0000000       1.6052608    
  0.40600002       0.0000000       1.6100917    
  0.40800002       0.0000000       1.6149821    
  0.41000003       0.0000000       1.6198831    
  0.41200003       0.0000000       1.6247456    
  0.41400003       0.0000000       1.6295218    
  0.41600001       0.0000000       1.6341650    
  0.41800001       0.0000000       1.6386304    
  0.42000002       0.0000000       1.6428752    
  0.42200002       0.0000000       1.6468593    
  0.42400002       0.0000000       1.6505455    
  0.42600003       0.0000000       1.6539000    
  0.42800003       0.0000000       1.6568927    
  0.43000001       0.0000000       1.6594969    
  0.43200001       0.0000000       1.6616906    
  0.43400002       0.0000000       1.6634556    
  0.43600002       0.0000000       1.6647785    
  0.43800002       0.0000000       1.6656500    
  0.44000003       0.0000000       1.6660656    
  0.44200003       0.0000000       1.6660253    
  0.44400004       0.0000000       1.6655337    
  0.44600001       0.0000000       1.6645997    
  0.44800001       0.0000000       1.6632366    
  0.45000002       0.0000000       1.6614618    
  0.45200002       0.0000000       1.6592966    
  0.45400003       0.0000000       1.6567659    
  0.45600003       0.0000000       1.6538982    
  0.45800003       0.0000000       1.6507250    
  0.46000001       0.0000000       1.6472805    
  0.46200001       0.0000000       1.6436012    
  0.46400002       0.0000000       1.6397259    
  0.46600002       0.0000000       1.6356949    
  0.46800002       0.0000000       1.6315494    
  0.47000003       0.0000000       1.6273317    
  0.47200003       0.0000000       1.6230845    
  0.47400004       0.0000000       1.6188504    
  0.47600001       0.0000000       1.6146711    
  0.47800002       0.0000000       1.6105880    
  0.48000002       0.0000000       1.6066407    
  0.48200002       0.0000000       1.6028675    
  0.48400003       0.0000000       1.5993044    
  0.48600003       0.0000000       1.5959852    
  0.48800004       0.0000000       1.5929408    
  0.49000001       0.0000000       1.5901994    
  0.49200001       0.0000000       1.5877856    
  0.49400002       0.0000000       1.5857210    
  0.49600002       0.0000000       1.5840232    
  0.49800003       0.0000000       1.5827062    
  0.50000000       0.0000000       1.5817800    
  0.50200003       0.0000000       1.5812505    
  0.50400001       0.0000000       1.5811201    
  0.50600004       0.0000000       1.5813868    
  0.50800002       0.0000000       1.5820448    
  0.51000005       0.0000000       1.5830846    
  0.51200002       0.0000000       1.5844927    
  0.51400000       0.0000000       1.5862522    
  0.51600003       0.0000000       1.5883429    
  0.51800001       0.0000000       1.5907415    
  0.52000004       0.0000000       1.5934217    
  0.52200001       0.0000000       1.5963546    
  0.52400005       0.0000000       1.5995091    
  0.52600002       0.0000000       1.6028522    
  0.52800000       0.0000000       1.6063491    
  0.53000003       0.0000000       1.6099638    
  0.53200001       0.0000000       1.6136595    
  0.53400004       0.0000000       1.6173987    
  0.53600001       0.0000000       1.6211441    
  0.53800005       0.0000000       1.6248580    
  0.54000002       0.0000000       1.6285040    
  0.54200006       0.0000000       1.6320462    
  0.54400003       0.0000000       1.6354500    
  0.54600000       0.0000000       1.6386826    
  0.54800004       0.0000000       1.6417131    
  0.55000001       0.0000000       1.6445129    
  0.55200005       0.0000000       1.6470556    
  0.55400002       0.0000000       1.6493179    
  0.55600005       0.0000000       1.6512791    
  0.55800003       0.0000000       1.6529220    
  0.56000000       0.0000000       1.6542326    
  0.56200004       0.0000000       1.6552001    
  0.56400001       0.0000000       1.6558174    
  0.56600004       0.0000000       1.6560807    
  0.56800002       0.0000000       1.6559900    
  0.57000005       0.0000000       1.6555487    
  0.57200003       0.0000000       1.6547636    
  0.57400000       0.0000000       1.6536449    
  0.57600003       0.0000000       1.6522062    
  0.57800001       0.0000000       1.6504638    
  0.58000004       0.0000000       1.6484374    
  0.58200002       0.0000000       1.6461490    
  0.58400005       0.0000000       1.6436232    
  0.58600003       0.0000000       1.6408869    
  0.58800000       0.0000000       1.6379687    
  0.59000003       0.0000000       1.6348988    
  0.59200001       0.0000000       1.6317089    
  0.59400004       0.0000000       1.6284314    
  0.59600002       0.0000000       1.6250998    
  0.59800005       0.0000000       1.6217475    
  0.60000002       0.0000000       1.6184081    
  0.60200006       0.0000000       1.6151147    
  0.60400003       0.0000000       1.6118997    
  0.60600001       0.0000000       1.6087948    
  0.60800004       0.0000000       1.6058301    
  0.61000001       0.0000000       1.6030341    
  0.61200005       0.0000000       1.6004337    
  0.61400002       0.0000000       1.5980535    
  0.61600006       0.0000000       1.5959157    
  0.61800003       0.0000000       1.5940400    
  0.62000000       0.0000000       1.5924435    
  0.62200004       0.0000000       1.5911402    
  0.62400001       0.0000000       1.5901412    
  0.62600005       0.0000000       1.5894545    
  0.62800002       0.0000000       1.5890850    
  0.63000005       0.0000000       1.5890343    
  0.63200003       0.0000000       1.5893009    
  0.63400000       0.0000000       1.5898801    
  0.63600004       0.0000000       1.5907643    
  0.63800001       0.0000000       1.5919425    
  0.64000005       0.0000000       1.5934014    
  0.64200002       0.0000000       1.5951246    
  0.64400005       0.0000000       1.5970933    
  0.64600003       0.0000000       1.5992864    
  0.64800000       0.0000000       1.6016806    
  0.65000004       0.0000000       1.6042509    
  0.65200001       0.0000000       1.6069705    
  0.65400004       0.0000000       1.6098115    
  0.65600002       0.0000000       1.6127448    
  0.65800005       0.0000000       1.6157405    
  0.66000003       0.0000000       1.6187686    
  0.66200006       0.0000000       1.6217986    
  0.66400003       0.0000000       1.6248004    
  0.66600001       0.0000000       1.6277442    
  0.66800004       0.0000000       1.6306010    
  0.67000002       0.0000000       1.6333430    
  0.67200005       0.0000000       1.6359434    
  0.67400002       0.0000000       1.6383772    
  0.67600006       0.0000000       1.6406212    
  0.67800003       0.0000000       1.6426541    
  0.68000001       0.0000000       1.6444569    
  0.68200004       0.0000000       1.6460130    
  0.68400002       0.0000000       1.6473083    
  0.68600005       0.0000000       1.6483316    
  0.68800002       0.0000000       1.6490742    
  0.69000006       0.0000000       1.6495302    
  0.69200003       0.0000000       1.6496968    
  0.69400001       0.0000000       1.6495740    
  0.69600004       0.0000000       1.6491648    
  0.69800001       0.0000000       1.6484748    
  0.70000005       0.0000000       1.6475126    
  0.70200002       0.0000000       1.6462891    
  0.70400006       0.0000000       1.6448183    
  0.70600003       0.0000000       1.6431161    
  0.70800000       0.0000000       1.6412008    
  0.71000004       0.0000000       1.6390926    
  0.71200001       0.0000000       1.6368136    
  0.71400005       0.0000000       1.6343876    
  0.71600002       0.0000000       1.6318395    
  0.71800005       0.0000000       1.6291955    
  0.72000003       0.0000000       1.6264822    
  0.72200006       0.0000000       1.6237273    
  0.72400004       0.0000000       1.6209583    
  0.72600001       0.0000000       1.6182030    
  0.72800004       0.0000000       1.6154888    
  0.73000002       0.0000000       1.6128423    
  0.73200005       0.0000000       1.6102897    
  0.73400003       0.0000000       1.6078558    
  0.73600006       0.0000000       1.6055642    
  0.73800004       0.0000000       1.6034372    
  0.74000001       0.0000000       1.6014948    
  0.74200004       0.0000000       1.5997555    
  0.74400002       0.0000000       1.5982356    
  0.74600005       0.0000000       1.5969490    
  0.74800003       0.0000000       1.5959072    
  0.75000006       0.0000000       1.5951194    
  0.75200003       0.0000000       1.5945919    
  0.75400001       0.0000000       1.5943286    
  0.75600004       0.0000000       1.5943310    
  0.75800002       0.0000000       1.5945975    
  0.76000005       0.0000000       1.5951240    
  0.76200002       0.0000000       1.5959040    
  0.76400006       0.0000000       1.5969282    
  0.76600003       0.0000000       1.5981853    
  0.76800001       0.0000000       1.5996615    
  0.77000004       0.0000000       1.6013409    
  0.77200001       0.0000000       1.6032058    
  0.77400005       0.0000000       1.6052365    
  0.77600002       0.0000000       1.6074121    
  0.77800006       0.0000000       1.6097101    
  0.78000003       0.0000000       1.6121069    
  0.78200006       0.0000000       1.6145782    
  0.78400004       0.0000000       1.6170989    
  0.78600001       0.0000000       1.6196437    
  0.78800005       0.0000000       1.6221870    
  0.79000002       0.0000000       1.6247036    
  0.79200006       0.0000000       1.6271685    
  0.79400003       0.0000000       1.6295575    
  0.79600006       0.0000000       1.6318470    
  0.79800004       0.0000000       1.6340147    
  0.80000001       0.0000000       1.6360397    
  0.80200005       0.0000000       1.6379025    
  0.80400002       0.0000000       1.6395853    
  0.80600005       0.0000000       1.6410723    
  0.80800003       0.0000000       1.6423495    
  0.81000006       0.0000000       1.6434053    
  0.81200004       0.0000000       1.6442304    
  0.81400001       0.0000000       1.6448175    
  0.81600004       0.0000000       1.6451620    
  0.81800002       0.0000000       1.6452618    
  0.82000005       0.0000000       1.6451169    
  0.82200003       0.0000000       1.6447301    
  0.82400006       0.0000000       1.6441063    
  0.82600003       0.0000000       1.6432528    
  0.82800007       0.0000000       1.6421795    
  0.83000004       0.0000000       1.6408979    
  0.83200002       0.0000000       1.6394218    
  0.83400005       0.0000000       1.6377670    
  0.83600003       0.0000000       1.6359507    
  0.83800006       0.0000000       1.6339918    
  0.84000003       0.0000000       1.6319107    
  0.84200007       0.0000000       1.6297284    
  0.84400004       0.0000000       1.6274674    
  0.84600002       0.0000000       1.6251506    
  0.84800005       0.0000000       1.6228012    
  0.85000002       0.0000000       1.6204429    
  0.85200006       0.0000000       1.6180991    
  0.85400003       0.0000000       1.6157932    
  0.85600007       0.0000000       1.6135480    
  0.85800004       0.0000000       1.6113857    
  0.86000001       0.0000000       1.6093273    
  0.86200005       0.0000000       1.6073929    
  0.86400002       0.0000000       1.6056013    
  0.86600006       0.0000000       1.6039696    
  0.86800003       0.0000000       1.6025133    
  0.87000006       0.0000000       1.6012461    
  0.87200004       0.0000000       1.6001799    
  0.87400001       0.0000000       1.5993243    
  0.87600005       0.0000000       1.5986869    
  0.87800002       0.0000000       1.5982730    
  0.88000005       0.0000000       1.5980858    
  0.88200003       0.0000000       1.5981261    
  0.88400006       0.0000000       1.5983924    
  0.88600004       0.0000000       1.5988810    
  0.88800007       0.0000000       1.5995861    
  0.89000005       0.0000000       1.6004997    
  0.89200002       0.0000000       1.6016119    
  0.89400005       0.0000000       1.6029104    
  0.89600003       0.0000000       1.6043817    
  0.89800006       0.0000000       1.6060102    
  0.90000004       0.0000000       1.6077790    
  0.90200007       0.0000000       1.6096699    
  0.90400004       0.0000000       1.6116635    
  0.90600002       0.0000000       1.6137394    
  0.90800005       0.0000000       1.6158766    
  0.91000003       0.0000000       1.6180534    
  0.91200006       0.0000000       1.6202482    
  0.91400003       0.0000000       1.6224388    
  0.91600007       0.0000000       1.6246034    
  0.91800004       0.0000000       1.6267205    
  0.92000002       0.0000000       1.6287694    
  0.92200005       0.0000000       1.6307298    
  0.92400002       0.0000000       1.6325825    
  0.92600006       0.0000000       1.6343098    
  0.92800003       0.0000000       1.6358947    
  0.93000007       0.0000000       1.6373221    
  0.93200004       0.0000000       1.6385784    
  0.93400002       0.0000000       1.6396519    
  0.93600005       0.0000000       1.6405326    
  0.93800002       0.0000000       1.6412126    
  0.94000006       0.0000000       1.6416860    
  0.94200003       0.0000000       1.6419488    
  0.94400007       0.0000000       1.6419995    
  0.94600004       0.0000000       1.6418384    
  0.94800007       0.0000000       1.6414680    
  0.95000005       0.0000000       1.6408929    
  0.95200002       0.0000000       1.6401196    
  0.95400006       0.0000000       1.6391567    
  0.95600003       0.0000000       1.6380147    
  0.95800006       0.0000000       1.6367055    
  0.96000004       0.0000000       1.6352431    
  0.96200007       0.0000000       1.6336426    
  0.96400005       0.0000000       1.6319205    
  0.96600002       0.0000000       1.6300945    
  0.96800005       0.0000000       1.6281834    
  0.97000003       0.0000000       1.6262063    
  0.97200006       0.0000000       1.6241834    
  0.97400004       0.0000000       1.6221350    
  0.97600007       0.0000000       1.6200817    
  0.97800004       0.0000000       1.6180438    
  0.98000002       0.0000000       1.6160418    
  0.98200005       0.0000000       1.6140953    
  0.98400003       0.0000000       1.6122237    
  0.98600006       0.0000000       1.6104453    
  0.98800004       0.0000000       1.6087773    
  0.99000007       0.0000000       1.6072360    
  0.99200004       0.0000000       1.6058363    
  0.99400002       0.0000000       1.6045915    
  0.99600005       0.0000000       1.6035134    
  0.99800003       0.0000000       1.6026120    
   1.0000000       0.0000000       1.6018958    
   1.0020001       0.0000000       1.6013710    
   1.0040001       0.0000000       1.6010423    
   1.0060000       0.0000000       1.6009120    
   1.0080000       0.0000000       1.6009806    
   1.0100000       0.0000000       1.6012467    
   1.0120001       0.0000000       1.6017069    
   1.0140001       0.0000000       1.6023557    
   1.0160000       0.0000000       1.6031860    
   1.0180000       0.0000000       1.6041888    
   1.0200001       0.0000000       1.6053535    
   1.0220001       0.0000000       1.6066676    
   1.0240000       0.0000000       1.6081177    
   1.0260000       0.0000000       1.6096886    
   1.0280000       0.0000000       1.6113644    
   1.0300001       0.0000000       1.6131277    
   1.0320001       0.0000000       1.6149607    
   1.0340000       0.0000000       1.6168448    
   1.0360000       0.0000000       1.6187611    
   1.0380001       0.0000000       1.6206903    
   1.0400001       0.0000000       1.6226132    
   1.0420001       0.0000000       1.6245105    
   1.0440000       0.0000000       1.6263635    
   1.0460000       0.0000000       1.6281539    
   1.0480001       0.0000000       1.6298641    
   1.0500001       0.0000000       1.6314772    
   1.0520000       0.0000000       1.6329776    
   1.0540000       0.0000000       1.6343508    
   1.0560000       0.0000000       1.6355834    
   1.0580001       0.0000000       1.6366638    
   1.0600001       0.0000000       1.6375818    
   1.0620000       0.0000000       1.6383288    
   1.0640000       0.0000000       1.6388980    
   1.0660001       0.0000000       1.6392845    
   1.0680001       0.0000000       1.6394850    
   1.0700001       0.0000000       1.6394982    
   1.0720000       0.0000000       1.6393248    
   1.0740000       0.0000000       1.6389670    
   1.0760001       0.0000000       1.6384293    
   1.0780001       0.0000000       1.6377176    
   1.0800000       0.0000000       1.6368396    
   1.0820000       0.0000000       1.6358048    
   1.0840001       0.0000000       1.6346240    
   1.0860001       0.0000000       1.6333096    
   1.0880001       0.0000000       1.6318752    
   1.0900000       0.0000000       1.6303355    
   1.0920000       0.0000000       1.6287061    
   1.0940001       0.0000000       1.6270038    
   1.0960001       0.0000000       1.6252458    
   1.0980000       0.0000000       1.6234498    
   1.1000000       0.0000000       1.6216339    
   1.1020000       0.0000000       1.6198162    
   1.1040001       0.0000000       1.6180148    
   1.1060001       0.0000000       1.6162478    
   1.1080000       0.0000000       1.6145325    
   1.1100000       0.0000000       1.6128858    
   1.1120001       0.0000000       1.6113241    
   1.1140001       0.0000000       1.6098624    
   1.1160001       0.0000000       1.6085153    
   1.1180000       0.0000000       1.6072954    
   1.1200000       0.0000000       1.6062146    
   1.1220001       0.0000000       1.6052833    
   1.1240001       0.0000000       1.6045101    
   1.1260000       0.0000000       1.6039022    
   1.1280000       0.0000000       1.6034651    
   1.1300000       0.0000000       1.6032025    
   1.1320001       0.0000000       1.6031164    
   1.1340001       0.0000000       1.6032071    
   1.1360000       0.0000000       1.6034729    
   1.1380000       0.0000000       1.6039108    
   1.1400001       0.0000000       1.6045157    
   1.1420001       0.0000000       1.6052809    
   1.1440001       0.0000000       1.6061983    
   1.1460000       0.0000000       1.6072582    
   1.1480000       0.0000000       1.6084495    
   1.1500001       0.0000000       1.6097598    
   1.1520001       0.0000000       1.6111758    
   1.1540000       0.0000000       1.6126828    
   1.1560000       0.0000000       1.6142657    
   1.1580001       0.0000000       1.6159083    
   1.1600001       0.0000000       1.6175940    
   1.1620001       0.0000000       1.6193058    
   1.1640000       0.0000000       1.6210266    
   1.1660000       0.0000000       1.6227393    
   1.1680001       0.0000000       1.6244267    
   1.1700001       0.0000000       1.6260722    
   1.1720001       0.0000000       1.6276593    
   1.1740000       0.0000000       1.6291726    
   1.1760000       0.0000000       1.6305970    
   1.1780001       0.0000000       1.6319188    
   1.1800001       0.0000000       1.6331251    
   1.1820000       0.0000000       1.6342043    
   1.1840000       0.0000000       1.6351460    
   1.1860001       0.0000000       1.6359414    
   1.1880001       0.0000000       1.6365829    
   1.1900001       0.0000000       1.6370647    
   1.1920000       0.0000000       1.6373825    
   1.1940000       0.0000000       1.6375338    
   1.1960001       0.0000000       1.6375175    
   1.1980001       0.0000000       1.6373343    
   1.2000000       0.0000000       1.6369867    
   1.2020000       0.0000000       1.6364787    
   1.2040001       0.0000000       1.6358159    
   1.2060001       0.0000000       1.6350054    
   1.2080001       0.0000000       1.6340557    
   1.2100000       0.0000000       1.6329769    
   1.2120000       0.0000000       1.6317800    
   1.2140001       0.0000000       1.6304774    
   1.2160001       0.0000000       1.6290826    
   1.2180001       0.0000000       1.6276096    
   1.2200000       0.0000000       1.6260735    
   1.2220000       0.0000000       1.6244897    
   1.2240001       0.0000000       1.6228741    
   1.2260001       0.0000000       1.6212432    
   1.2280000       0.0000000       1.6196132    
   1.2300000       0.0000000       1.6180001    
   1.2320001       0.0000000       1.6164204    
   1.2340001       0.0000000       1.6148894    
   1.2360001       0.0000000       1.6134223    
   1.2380000       0.0000000       1.6120335    
   1.2400000       0.0000000       1.6107367    
   1.2420001       0.0000000       1.6095445    
   1.2440001       0.0000000       1.6084684    
   1.2460001       0.0000000       1.6075188    
   1.2480000       0.0000000       1.6067048    
   1.2500000       0.0000000       1.6060340    
   1.2520001       0.0000000       1.6055127    
   1.2540001       0.0000000       1.6051457    
   1.2560000       0.0000000       1.6049360    
   1.2580000       0.0000000       1.6048853    
   1.2600001       0.0000000       1.6049936    
   1.2620001       0.0000000       1.6052592    
   1.2640001       0.0000000       1.6056790    
   1.2660000       0.0000000       1.6062485    
   1.2680000       0.0000000       1.6069614    
   1.2700001       0.0000000       1.6078100    
   1.2720001       0.0000000       1.6087856    
   1.2740000       0.0000000       1.6098781    
   1.2760000       0.0000000       1.6110761    
   1.2780001       0.0000000       1.6123674    
   1.2800001       0.0000000       1.6137388    
   1.2820001       0.0000000       1.6151763    
   1.2840000       0.0000000       1.6166655    
   1.2860000       0.0000000       1.6181912    
   1.2880001       0.0000000       1.6197382    
   1.2900001       0.0000000       1.6212910    
   1.2920001       0.0000000       1.6228341    
   1.2940000       0.0000000       1.6243520    
   1.2960000       0.0000000       1.6258297    
   1.2980001       0.0000000       1.6272527    
   1.3000001       0.0000000       1.6286069    
   1.3020000       0.0000000       1.6298790    
   1.3040000       0.0000000       1.6310564    
   1.3060001       0.0000000       1.6321279    
   1.3080001       0.0000000       1.6330830    
   1.3100001       0.0000000       1.6339126    
   1.3120000       0.0000000       1.6346086    
   1.3140000       0.0000000       1.6351647    
   1.3160001       0.0000000       1.6355758    
   1.3180001       0.0000000       1.6358380    
   1.3200001       0.0000000       1.6359494    
   1.3220000       0.0000000       1.6359092    
   1.3240001       0.0000000       1.6357182    
   1.3260001       0.0000000       1.6353790    
   1.3280001       0.0000000       1.6348951    
   1.3300000       0.0000000       1.6342720    
   1.3320000       0.0000000       1.6335163    
   1.3340001       0.0000000       1.6326360    
   1.3360001       0.0000000       1.6316400    
   1.3380001       0.0000000       1.6305387    
   1.3400000       0.0000000       1.6293435    
   1.3420000       0.0000000       1.6280667    
   1.3440001       0.0000000       1.6267210    
   1.3460001       0.0000000       1.6253202    
   1.3480000       0.0000000       1.6238784    
   1.3500000       0.0000000       1.6224101    
   1.3520001       0.0000000       1.6209301    
   1.3540001       0.0000000       1.6194531    
   1.3560001       0.0000000       1.6179938    
   1.3580000       0.0000000       1.6165669    
   1.3600000       0.0000000       1.6151863    
   1.3620001       0.0000000       1.6138659    
   1.3640001       0.0000000       1.6126184    
   1.3660001       0.0000000       1.6114563    
   1.3680000       0.0000000       1.6103908    
   1.3700001       0.0000000       1.6094322    
   1.3720001       0.0000000       1.6085899    
   1.3740001       0.0000000       1.6078719    
   1.3760000       0.0000000       1.6072849    
   1.3780000       0.0000000       1.6068345    
   1.3800001       0.0000000       1.6065248    
   1.3820001       0.0000000       1.6063585    
   1.3840001       0.0000000       1.6063368    
   1.3860000       0.0000000       1.6064595    
   1.3880000       0.0000000       1.6067249    
   1.3900001       0.0000000       1.6071299    
   1.3920001       0.0000000       1.6076703    
   1.3940001       0.0000000       1.6083401    
   1.3960000       0.0000000       1.6091324    
   1.3980001       0.0000000       1.6100388    
   1.4000001       0.0000000       1.6110499    
   1.4020001       0.0000000       1.6121554    
   1.4040000       0.0000000       1.6133441    
   1.4060000       0.0000000       1.6146038    
   1.4080001       0.0000000       1.6159216    
   1.4100001       0.0000000       1.6172844    
   1.4120001       0.0000000       1.6186785    
   1.4140000       0.0000000       1.6200897    
   1.4160000       0.0000000       1.6215039    
   1.4180001       0.0000000       1.6229072    
   1.4200001       0.0000000       1.6242853    
   1.4220001       0.0000000       1.6256249    
   1.4240000       0.0000000       1.6269125    
   1.4260001       0.0000000       1.6281353    
   1.4280001       0.0000000       1.6292815    
   1.4300001       0.0000000       1.6303399    
   1.4320000       0.0000000       1.6313000    
   1.4340000       0.0000000       1.6321526    
   1.4360001       0.0000000       1.6328894    
   1.4380001       0.0000000       1.6335034    
   1.4400001       0.0000000       1.6339890    
   1.4420000       0.0000000       1.6343415    
   1.4440001       0.0000000       1.6345578    
   1.4460001       0.0000000       1.6346363    
   1.4480001       0.0000000       1.6345763    
   1.4500000       0.0000000       1.6343790    
   1.4520000       0.0000000       1.6340467    
   1.4540001       0.0000000       1.6335829    
   1.4560001       0.0000000       1.6329929    
   1.4580001       0.0000000       1.6322826    
   1.4600000       0.0000000       1.6314597    
   1.4620000       0.0000000       1.6305326    
   1.4640001       0.0000000       1.6295109    
   1.4660001       0.0000000       1.6284050    
   1.4680001       0.0000000       1.6272261    
   1.4700000       0.0000000       1.6259863    
   1.4720001       0.0000000       1.6246980    
   1.4740001       0.0000000       1.6233743    
   1.4760001       0.0000000       1.6220285    
   1.4780000       0.0000000       1.6206740    
   1.4800000       0.0000000       1.6193244    
   1.4820001       0.0000000       1.6179931    
   1.4840001       0.0000000       1.6166934    
   1.4860001       0.0000000       1.6154381    
   1.4880000       0.0000000       1.6142397    
   1.4900001       0.0000000       1.6131099    
   1.4920001       0.0000000       1.6120600    
   1.4940001       0.0000000       1.6111000    
   1.4960001       0.0000000       1.6102394    
   1.4980000       0.0000000       1.6094865    
   1.5000001       0.0000000       1.6088485    
   1.5020001       0.0000000       1.6083314    
   1.5040001       0.0000000       1.6079402    
   1.5060000       0.0000000       1.6076783    
   1.5080000       0.0000000       1.6075481    
   1.5100001       0.0000000       1.6075505    
   1.5120001       0.0000000       1.6076851    
   1.5140001       0.0000000       1.6079502    
   1.5160000       0.0000000       1.6083429    
   1.5180001       0.0000000       1.6088588    
   1.5200001       0.0000000       1.6094925    
   1.5220001       0.0000000       1.6102375    
   1.5240000       0.0000000       1.6110858    
   1.5260000       0.0000000       1.6120288    
   1.5280001       0.0000000       1.6130569    
   1.5300001       0.0000000       1.6141596    
   1.5320001       0.0000000       1.6153256    
   1.5340000       0.0000000       1.6165432    
   1.5360000       0.0000000       1.6178001    
   1.5380001       0.0000000       1.6190836    
   1.5400001       0.0000000       1.6203809    
   1.5420001       0.0000000       1.6216789    
   1.5440000       0.0000000       1.6229649    
   1.5460001       0.0000000       1.6242257    
   1.5480001       0.0000000       1.6254492    
   1.5500001       0.0000000       1.6266230    
   1.5520000       0.0000000       1.6277357    
   1.5540000       0.0000000       1.6287763    
   1.5560001       0.0000000       1.6297345    
   1.5580001       0.0000000       1.6306010    
   1.5600001       0.0000000       1.6313674    
   1.5620000       0.0000000       1.6320264    
   1.5640001       0.0000000       1.6325716    
   1.5660001       0.0000000       1.6329978    
   1.5680001       0.0000000       1.6333011    
   1.5700001       0.0000000       1.6334789    
   1.5720000       0.0000000       1.6335295    
   1.5740001       0.0000000       1.6334530    
   1.5760001       0.0000000       1.6332504    
   1.5780001       0.0000000       1.6329238    
   1.5800000       0.0000000       1.6324772    
   1.5820000       0.0000000       1.6319150    
   1.5840001       0.0000000       1.6312432    
   1.5860001       0.0000000       1.6304688    
   1.5880001       0.0000000       1.6295999    
   1.5900000       0.0000000       1.6286453    
   1.5920001       0.0000000       1.6276147    
   1.5940001       0.0000000       1.6265187    
   1.5960001       0.0000000       1.6253684    
   1.5980000       0.0000000       1.6241752    
   1.6000000       0.0000000       1.6229513    
   1.6020001       0.0000000       1.6217089    
   1.6040001       0.0000000       1.6204605    
   1.6060001       0.0000000       1.6192186    
   1.6080000       0.0000000       1.6179955    
   1.6100001       0.0000000       1.6168034    
   1.6120001      1.06902521E-14   1.6156541    
   1.6140001      7.84727140E-44   1.6145591    
   1.6160001       0.0000000       1.6135290    
   1.6180000       0.0000000       1.6125740    
   1.6200001     -1.00783144E-26   1.6117034    
   1.6220001      4.59135442E-41   1.6109258    
   1.6240001       0.0000000       1.6102486    
   1.6260000       0.0000000       1.6096784    
   1.6280000     -1.00783144E-26   1.6092205    
   1.6300001      4.59135442E-41   1.6088793    
   1.6320001      8.40779079E-45   1.6086580    
   1.6340001       0.0000000       1.6085583    
   1.6360000      1.55928738E-33   1.6085811    
   1.6380001      4.56515014E-41   1.6087257    
   1.6400001     -1.31183793E-08   1.6089904    
   1.6420001       0.0000000       1.6093724    
   1.6440001      1.06922680E-14   1.6098675    
   1.6460000      7.84727140E-44   1.6104704    
   1.6480001       0.0000000       1.6111751    
   1.6500001       0.0000000       1.6119740    
   1.6520001      2.96109118E-37   1.6128591    
   1.6540000       0.0000000       1.6138213    
   1.6560001      8.68805048E-44   1.6148508    
   1.6580001       0.0000000       1.6159371    
   1.6600001      1.56054516E-33   1.6170694    
   1.6620001      4.56515014E-41   1.6182361    
   1.6640000       0.0000000       1.6194255    
   1.6660001       0.0000000       1.6206259    
   1.6680001     -1.00786102E-26   1.6218250    
   1.6700001      4.59135442E-41   1.6230110    
   1.6720001      1.56095364E-33   1.6241720    
   1.6740000      4.56515014E-41   1.6252965    
   1.6760001      1.56385417E-33   1.6263734    
   1.6780001      4.56515014E-41   1.6273922    
   1.6800001       0.0000000       1.6283426    
   1.6820000       0.0000000       1.6292155    
   1.6840001       0.0000000       1.6300023    
   1.6860001       0.0000000       1.6306952    
   1.6880001       0.0000000       1.6312877    
   1.6900001       0.0000000       1.6317741    
   1.6920000       0.0000000       1.6321497    
   1.6940001       0.0000000       1.6324111    
   1.6960001       0.0000000       1.6325560    
   1.6980001       0.0000000       1.6325830    
   1.7000000       0.0000000       1.6324924    
   1.7020000       0.0000000       1.6322852    
   1.7040001      1.25527911E-14   1.6319638    
   1.7060001      7.84727140E-44   1.6315317    
   1.7080001       0.0000000       1.6309935    
   1.7100000       0.0000000       1.6303548    
   1.7120001      1.55930501E-33   1.6296221    
   1.7140001      4.56515014E-41   1.6288030    
   1.7160001      2.14289681E-33   1.6279058    
   1.7180001      4.56515014E-41   1.6269399    
   1.7200000      5.87890248E-39   1.6259148    
   1.7220001       0.0000000       1.6248410    
   1.7240001      1.56630067E-33   1.6237293    
   1.7260001      4.56515014E-41   1.6225910    
   1.7280000      5.87860400E-39   1.6214373    
   1.7300001       0.0000000       1.6202799    
   1.7320001       0.0000000       1.6191304    
   1.7340001      1.40129846E-45   1.6180001    
   1.7360001      9.22054390E-43   1.6169004    
   1.7380000      1.40129846E-45   1.6158421    
   1.7400001       0.0000000       1.6148356    
   1.7420001       0.0000000       1.6138910    
   1.7440001       0.0000000       1.6130174    
   1.7460001       0.0000000       1.6122236    
   1.7480000      1.25535162E-14   1.6115172    
   1.7500001      7.84727140E-44   1.6109049    
   1.7520001     -1.00786718E-26   1.6103929    
   1.7540001      4.59135442E-41   1.6099859    
   1.7560000     -1.00787026E-26   1.6096878    
   1.7580001      4.59135442E-41   1.6095012    
   1.7600001      1.25527911E-14   1.6094278    
   1.7620001      7.84727140E-44   1.6094681    
   1.7640001      1.55930501E-33   1.6096213    
   1.7660000      4.56515014E-41   1.6098857    
   1.7680001     -1.31183793E-08   1.6102585    
   1.7700001       0.0000000       1.6107355    
   1.7720001      1.06928169E-14   1.6113120    
   1.7740000      7.84727140E-44   1.6119819    
   1.7760001       0.0000000       1.6127383    
   1.7780001       0.0000000       1.6135733    
   1.7800001      1.55930501E-33   1.6144787    
   1.7820001      4.56515014E-41   1.6154451    
   1.7840000      1.40129846E-45   1.6164627    
   1.7860001       0.0000000       1.6175213    
   1.7880001       0.0000000       1.6186103    
   1.7900001       0.0000000       1.6197186    
   1.7920001      1.40129846E-45   1.6208352    
   1.7940000       0.0000000       1.6219490    
   1.7960001      1.25527911E-14   1.6230487    
   1.7980001      7.84727140E-44   1.6241235    
   1.8000001       0.0000000       1.6251627    
   1.8020000       0.0000000       1.6261561    
   1.8040001       0.0000000       1.6270937    
   1.8060001       0.0000000       1.6279664    
   1.8080001       0.0000000       1.6287656    
   1.8100001       0.0000000       1.6294835    
   1.8120000       0.0000000       1.6301130    
   1.8140001       0.0000000       1.6306481    
   1.8160001       0.0000000       1.6310837    
   1.8180001       0.0000000       1.6314157    
   1.8200001      1.25535162E-14   1.6316409    
   1.8220001      7.84727140E-44   1.6317574    
   1.8240001     -1.00786102E-26   1.6317642    
   1.8260001      4.59135442E-41   1.6316614    
   1.8280001       0.0000000       1.6314504    
   1.8300000       0.0000000       1.6311336    
   1.8320001     -1.00786287E-26   1.6307142    
   1.8340001      4.59135442E-41   1.6301967    
   1.8360001       0.0000000       1.6295865    
   1.8380001      1.40129846E-45   1.6288899    
   1.8400000       0.0000000       1.6281140    
   1.8420001       0.0000000       1.6272668    
   1.8440001      5.87890248E-39   1.6263567    
   1.8460001       0.0000000       1.6253932    
   1.8480000       0.0000000       1.6243858    
   1.8500001       0.0000000       1.6233448    
   1.8520001       0.0000000       1.6222806    
   1.8540001       0.0000000       1.6212039    
   1.8560001       0.0000000       1.6201254    
   1.8580000       0.0000000       1.6190560    
   1.8600001       0.0000000       1.6180062    
   1.8620001       0.0000000       1.6169866    
   1.8640001       0.0000000       1.6160072    
   1.8660001       0.0000000       1.6150777    
   1.8680000       0.0000000       1.6142073    
   1.8700001       0.0000000       1.6134045    
   1.8720001       0.0000000       1.6126772    
   1.8740001       0.0000000       1.6120325    
   1.8760000       0.0000000       1.6114768    
   1.8780001       0.0000000       1.6110152    
   1.8800001       0.0000000       1.6106522    
   1.8820001       0.0000000       1.6103913    
   1.8840001       0.0000000       1.6102347    
   1.8860000       0.0000000       1.6101841    
   1.8880001       0.0000000       1.6102394    
   1.8900001       0.0000000       1.6104001    
   1.8920001       0.0000000       1.6106641    
   1.8940001       0.0000000       1.6110288    
   1.8960001      1.56385417E-33   1.6114902    
   1.8980001      4.56515014E-41   1.6120436    
   1.9000001      2.14289681E-33   1.6126832    
   1.9020001      4.56515014E-41   1.6134024    
   1.9040000       0.0000000       1.6141939    
   1.9060001       0.0000000       1.6150497    
   1.9080001                 NaN   1.6159611    
   1.9100001       0.0000000       1.6169188    
   1.9120001       0.0000000       1.6179132    
   1.9140000       0.0000000       1.6189344    
   1.9160001      1.40129846E-45   1.6199720    
   1.9180001       0.0000000       1.6210157    
   1.9200001      8.82272087E-39   1.6220549    
   1.9220001       0.0000000       1.6230795    
   1.9240001       0.0000000       1.6240792    
   1.9260001       0.0000000       1.6250440    
   1.9280001       0.0000000       1.6259644    
   1.9300001       0.0000000       1.6268313    
   1.9320000       0.0000000       1.6276362    
   1.9340001       0.0000000       1.6283711    
   1.9360001       0.0000000       1.6290289    
   1.9380001       0.0000000       1.6296031    
   1.9400001      1.07070657E-14   1.6300882    
   1.9420002      7.84727140E-44   1.6304796    
   1.9440001      1.40129846E-45   1.6307734    
   1.9460001       0.0000000       1.6309671    
   1.9480001       0.0000000       1.6310588    
   1.9500000       0.0000000       1.6310478    
   1.9520001       0.0000000       1.6309346    
   1.9540001       0.0000000       1.6307204    
   1.9560001      1.56385417E-33   1.6304076    
   1.9580001      4.56515014E-41   1.6299994    
   1.9600000       0.0000000       1.6295002    
   1.9620001       0.0000000       1.6289151    
   1.9640001      1.40129846E-45   1.6282501    
   1.9660001       0.0000000       1.6275121    
   1.9680001     -1.00789985E-26   1.6267085    
   1.9700001      4.59135442E-41   1.6258476    
   1.9720001      5.87993804E-39   1.6249380    
   1.9740001       0.0000000       1.6239889    
   1.9760001     -1.00789923E-26   1.6230098    
   1.9780000      4.59135442E-41   1.6220106    
   1.9800001      1.07296620E-14   1.6210012    
   1.9820001      7.84727140E-44   1.6199919    
   1.9840001       0.0000000       1.6189927    
   1.9860001       0.0000000       1.6180135    
   1.9880000      1.72039714E-33   1.6170640    
   1.9900001      4.56515014E-41   1.6161537    
   1.9920001       0.0000000       1.6152916    
   1.9940001       0.0000000       1.6144862    
   1.9960001     -1.00789985E-26   1.6137455    
   1.9980001      4.59135442E-41   1.6130766    
   2.0000000      1.40129846E-45   1.6124860    
