   1.000000     -0.1800000      3.9999999E-02
  0.9964000     -0.3600000      5.9999999E-02
  0.9892000     -0.5393520      7.9999998E-02
  0.9784130     -0.7174080      9.9999994E-02
  0.9640648     -0.8935223      0.1200000    
  0.9461944      -1.067054      0.1400000    
  0.9248533      -1.237369      0.1600000    
  0.9001060      -1.403843      0.1800000    
  0.8720291      -1.565862      0.2000000    
  0.8407119      -1.722827      0.2200000    
  0.8062553      -1.874155      0.2400000    
  0.7687722      -2.019281      0.2600000    
  0.7283866      -2.157660      0.2800000    
  0.6852334      -2.288770      0.3000000    
  0.6394580      -2.412112      0.3200000    
  0.5912158      -2.527214      0.3400000    
  0.5406715      -2.633633      0.3600000    
  0.4879989      -2.730954      0.3800000    
  0.4333798      -2.818794      0.4000000    
  0.3770039      -2.896802      0.4200000    
  0.3190679      -2.964663      0.4400000    
  0.2597746      -3.022095      0.4600000    
  0.1993327      -3.068854      0.4800000    
  0.1379556      -3.104734      0.5000000    
  7.5860955E-02  -3.129566      0.5200000    
  1.3269633E-02  -3.143221      0.5400000    
 -4.9594790E-02  -3.145610      0.5600000    
 -0.1125070      -3.136683      0.5800000    
 -0.1752406      -3.116431      0.6000000    
 -0.2375693      -3.084888      0.6200000    
 -0.2992670      -3.042125      0.6400000    
 -0.3601095      -2.988257      0.6600000    
 -0.4198747      -2.923438      0.6800000    
 -0.4783434      -2.847860      0.7000000    
 -0.5353006      -2.761758      0.7200000    
 -0.5905358      -2.665404      0.7400000    
 -0.6438438      -2.559108      0.7600000    
 -0.6950260      -2.443216      0.7800000    
 -0.7438903      -2.318111      0.8000000    
 -0.7902525      -2.184211      0.8200000    
 -0.8339368      -2.041965      0.8400000    
 -0.8747761      -1.891857      0.8600000    
 -0.9126132      -1.734397      0.8800000    
 -0.9473011      -1.570127      0.9000000    
 -0.9787037      -1.399613      0.9200000    
  -1.006696      -1.223446      0.9400000    
  -1.031165      -1.042241      0.9600000    
  -1.052010     -0.8566309      0.9800000    
  -1.069142     -0.6672692       1.000000    
  -1.082488     -0.4748235       1.020000    
  -1.091984     -0.2799757       1.040000    
  -1.097584     -8.3418608E-02   1.060000    
  -1.099252      0.1141464       1.080000    
  -1.096969      0.3120118       1.100000    
  -1.090729      0.5094662       1.120000    
  -1.080539      0.7057973       1.140000    
  -1.066424      0.9002944       1.160000    
  -1.048418       1.092251       1.180000    
  -1.026573       1.280966       1.200000    
  -1.000953       1.465749       1.220000    
 -0.9716384       1.645921       1.240000    
 -0.9387200       1.820816       1.260000    
 -0.9023038       1.989785       1.280000    
 -0.8625081       2.152200       1.300000    
 -0.8194641       2.307451       1.320000    
 -0.7733151       2.454955       1.340000    
 -0.7242160       2.594152       1.360000    
 -0.6723329       2.724511       1.380000    
 -0.6178427       2.845531       1.400000    
 -0.5609321       2.956742       1.420000    
 -0.5017973       3.057710       1.440000    
 -0.4406431       3.148034       1.460000    
 -0.3776824       3.227349       1.480000    
 -0.3131354       3.295332       1.500000    
 -0.2472287       3.351696       1.520000    
 -0.1801948       3.396198       1.540000    
 -0.1122709       3.428633       1.560000    
 -4.3698207E-02   3.448842       1.580000    
  2.5278620E-02   3.456707       1.600000    
  9.4412766E-02   3.452157       1.620000    
  0.1634559       3.435163       1.640000    
  0.2321592       3.405741       1.660000    
  0.3002740       3.363952       1.680000    
  0.3675530       3.309903       1.700000    
  0.4337511       3.243743       1.720000    
  0.4986259       3.165668       1.740000    
  0.5619393       3.075916       1.760000    
  0.6234576       2.974766       1.780000    
  0.6829529       2.862544       1.800000    
  0.7402038       2.739613       1.820000    
  0.7949960       2.606376       1.840000    
  0.8471236       2.463277       1.860000    
  0.8963891       2.310794       1.880000    
  0.9426050       2.149444       1.900000    
  0.9855939       1.979775       1.920000    
   1.025189       1.802369       1.940000    
   1.061237       1.617834       1.960000    
   1.093593       1.426812       1.980000    
   1.122130       1.229965       2.000000    
   1.146729       1.027982       2.020000    
   1.167289      0.8215705       2.040000    
   1.183720      0.6114585       2.060000    
   1.195949      0.3983889       2.080000    
   1.203917      0.1831180       2.100000    
   1.207579     -3.3587098E-02   2.120000    
   1.206908     -0.2509514       2.140000    
   1.201889     -0.4681948       2.160000    
   1.192525     -0.6845347       2.180000    
   1.178834     -0.8991892       2.200000    
   1.160850      -1.111379       2.220000    
   1.138623      -1.320332       2.240000    
   1.112216      -1.525284       2.260000    
   1.081710      -1.725483       2.280000    
   1.047201      -1.920191       2.300000    
   1.008797      -2.108687       2.320000    
  0.9666232      -2.290271       2.340000    
  0.9208178      -2.464263       2.360000    
  0.8715326      -2.630010       2.380000    
  0.8189324      -2.786886       2.400000    
  0.7631946      -2.934294       2.420000    
  0.7045087      -3.071669       2.440000    
  0.6430753      -3.198480       2.460000    
  0.5791057      -3.314234       2.480000    
  0.5128211      -3.418473       2.500000    
  0.4444516      -3.510781       2.520000    
  0.3742360      -3.590782       2.540000    
  0.3024204      -3.658145       2.560000    
  0.2292575      -3.712580       2.580000    
  0.1550059      -3.753847       2.600000    
  7.9928949E-02  -3.781748       2.620000    
  4.2939931E-03  -3.796135       2.640000    
 -7.1628712E-02  -3.796908       2.660000    
 -0.1475669      -3.784015       2.680000    
 -0.2232472      -3.757453       2.700000    
 -0.2983962      -3.717268       2.720000    
 -0.3727416      -3.663557       2.740000    
 -0.4460127      -3.596464       2.760000    
 -0.5179420      -3.516181       2.780000    
 -0.5882657      -3.422952       2.800000    
 -0.6567247      -3.317064       2.820000    
 -0.7230660      -3.198853       2.840000    
 -0.7870430      -3.068702       2.860000    
 -0.8484170      -2.927034       2.880000    
 -0.9069577      -2.774319       2.900000    
 -0.9624441      -2.611067       2.920000    
  -1.014665      -2.437827       2.940000    
  -1.063422      -2.255187       2.960000    
  -1.108526      -2.063771       2.980000    
  -1.149801      -1.864236       3.000000    
  -1.187086      -1.657272       3.020000    
  -1.220231      -1.443596       3.040000    
  -1.249103      -1.223955       3.060000    
  -1.273582     -0.9991161       3.080000    
  -1.293565     -0.7698713       3.100000    
  -1.308962     -0.5370296       3.120000    
  -1.319703     -0.3014165       3.140000    
  -1.325731     -6.3869968E-02   3.160000    
  -1.327008      0.1747616       3.180000    
  -1.323513      0.4136232       3.200000    
  -1.315241      0.6518555       3.220000    
  -1.302204      0.8885989       3.240000    
  -1.284432       1.122995       3.260000    
  -1.261972       1.354193       3.280000    
  -1.234888       1.581348       3.300000    
  -1.203261       1.803628       3.320000    
  -1.167189       2.020215       3.340000    
  -1.126784       2.230309       3.360000    
  -1.082178       2.433130       3.380000    
  -1.033515       2.627922       3.400000    
 -0.9809570       2.813955       3.420000    
 -0.9246779       2.990527       3.440000    
 -0.8648674       3.156969       3.460000    
 -0.8017280       3.312645       3.480000    
 -0.7354751       3.456956       3.500000    
 -0.6663360       3.589342       3.520000    
 -0.5945492       3.709282       3.540000    
 -0.5203635       3.816301       3.560000    
 -0.4440375       3.909967       3.580000    
 -0.3658382       3.989893       3.600000    
 -0.2860403       4.055744       3.620000    
 -0.2049254       4.107232       3.640000    
 -0.1227808       4.144118       3.660000    
 -3.9898418E-02   4.166219       3.680000    
  4.3425955E-02   4.173400       3.700000    
  0.1268940       4.165584       3.720000    
  0.2102056       4.142743       3.740000    
  0.2930605       4.104906       3.760000    
  0.3751586       4.052155       3.780000    
  0.4562017       3.984626       3.800000    
  0.5358942       3.902510       3.820000    
  0.6139444       3.806049       3.840000    
  0.6900654       3.695539       3.860000    
  0.7639762       3.571327       3.880000    
  0.8354027       3.433811       3.900000    
  0.9040789       3.283438       3.920000    
  0.9697477       3.120704       3.940000    
   1.032162       2.946150       3.960000    
   1.091085       2.760360       3.980000    
   1.146292       2.563965       4.000000    
   1.197571       2.357633       4.020000    
   1.244724       2.142070       4.040000    
   1.287565       1.918020       4.060000    
   1.325926       1.686258       4.080000    
   1.359651       1.447591       4.100000    
   1.388603       1.202854       4.120000    
   1.412660      0.9529058       4.140000    
   1.431718      0.6986270       4.160000    
   1.445690      0.4409178       4.180000    
   1.454509      0.1806935       4.200000    
   1.458123     -8.1118047E-02   4.220000    
   1.456500     -0.3435801       4.240000    
   1.449629     -0.6057501       4.260000    
   1.437514     -0.8666833       4.280000    
   1.420180      -1.125436       4.300000    
   1.397671      -1.381068       4.320000    
   1.370050      -1.632649       4.340000    
   1.337397      -1.879258       4.360000    
   1.299812      -2.119989       4.380000    
   1.257412      -2.353956       4.400000    
   1.210333      -2.580290       4.420000    
   1.158727      -2.798150       4.440000    
   1.102764      -3.006721       4.460000    
   1.042630      -3.205218       4.480000    
  0.9785253      -3.392891       4.500000    
  0.9106675      -3.569026       4.520000    
  0.8392870      -3.732946       4.540000    
  0.7646281      -3.884018       4.560000    
  0.6869478      -4.021651       4.580000    
  0.6065148      -4.145301       4.600000    
  0.5236087      -4.254474       4.620000    
  0.4385193      -4.348724       4.640000    
  0.3515448      -4.427657       4.660000    
  0.2629917      -4.490935       4.680000    
  0.1731730      -4.538274       4.700000    
  8.2407489E-02  -4.569445       4.720000    
 -8.9814141E-03  -4.584279       4.740000    
 -0.1006670      -4.582662       4.760000    
 -0.1923202      -4.564542       4.780000    
 -0.2836111      -4.529924       4.800000    
 -0.3742096      -4.478874       4.820000    
 -0.4637870      -4.411517       4.840000    
 -0.5520173      -4.328035       4.860000    
 -0.6385781      -4.228672       4.880000    
 -0.7231515      -4.113728       4.900000    
 -0.8054261      -3.983560       4.920000    
 -0.8850973      -3.838584       4.940000    
 -0.9618689      -3.679266       4.960000    
  -1.035454      -3.506130       4.980000    
  -1.105577      -3.319748       5.000000    
  -1.171972      -3.120744       5.020000    
  -1.234387      -2.909789       5.040000    
  -1.292583      -2.687599       5.060000    
  -1.346334      -2.454935       5.080000    
  -1.395433      -2.212595       5.100000    
  -1.439685      -1.961416       5.120000    
  -1.478913      -1.702273       5.140000    
  -1.512959      -1.436069       5.160000    
  -1.541680      -1.163736       5.180000    
  -1.564955     -0.8862338       5.200000    
  -1.582680     -0.6045419       5.220000    
  -1.594770     -0.3196596       5.240000    
  -1.601164     -3.2600880E-02   5.260000    
  -1.601816      0.2556086       5.280000    
  -1.596704      0.5439354       5.300000    
  -1.585825      0.8313420       5.320000    
  -1.569198       1.116791       5.340000    
  -1.546862       1.399246       5.360000    
  -1.518877       1.677681       5.380000    
  -1.485324       1.951079       5.400000    
  -1.446302       2.218438       5.420000    
  -1.401933       2.478772       5.440000    
  -1.352358       2.731120       5.460000    
  -1.297735       2.974545       5.480000    
  -1.238245       3.208137       5.500000    
  -1.174082       3.431021       5.520000    
  -1.105461       3.642355       5.540000    
  -1.032614       3.841338       5.560000    
 -0.9557875       4.027209       5.580000    
 -0.8752433       4.199251       5.600000    
 -0.7912583       4.356794       5.620000    
 -0.7041224       4.499221       5.640000    
 -0.6141379       4.625963       5.660000    
 -0.5216187       4.736507       5.680000    
 -0.4268886       4.830399       5.700000    
 -0.3302806       4.907238       5.720000    
 -0.2321358       4.966689       5.740000    
 -0.1328021       5.008473       5.760000    
 -3.2632589E-02   5.032378       5.780000    
  6.8014964E-02   5.038251       5.800000    
  0.1687800       5.026009       5.820000    
  0.2693002       4.995628       5.840000    
  0.3692127       4.947155       5.860000    
  0.4681558       4.880696       5.880000    
  0.5657697       4.796428       5.900000    
  0.6616983       4.694590       5.920000    
  0.7555901       4.575484       5.940000    
  0.8470998       4.439477       5.960000    
  0.9358893       4.287000       5.980000    
   1.021629       4.118540       6.000000    
   1.104000       3.934647       6.020000    
   1.182693       3.735927       6.040000    
   1.257411       3.523042       6.060000    
   1.327872       3.296708       6.080000    
   1.393806       3.057691       6.100000    
   1.454960       2.806806       6.120000    
   1.511096       2.544913       6.140000    
   1.561995       2.272915       6.160000    
   1.607453       1.991756       6.180000    
   1.647288       1.702415       6.200000    
   1.681336       1.405903       6.220000    
   1.709454       1.103262       6.240000    
   1.731520      0.7955605       6.260000    
   1.747431      0.4838870       6.280000    
   1.757109      0.1693495       6.300000    
   1.760496     -0.1469300       6.320000    
   1.757557     -0.4638192       6.340000    
   1.748281     -0.7801795       6.360000    
   1.732677      -1.094870       6.380000    
   1.710780      -1.406752       6.400000    
   1.682644      -1.714692       6.420000    
   1.648351      -2.017568       6.440000    
   1.607999      -2.314271       6.460000    
   1.561714      -2.603711       6.480000    
   1.509640      -2.884820       6.500000    
   1.451943      -3.156555       6.520000    
   1.388812      -3.417904       6.540000    
   1.320454      -3.667891       6.560000    
   1.247096      -3.905572       6.580000    
   1.168985      -4.130050       6.600000    
   1.086384      -4.340467       6.620000    
  0.9995746      -4.536016       6.640000    
  0.9088543      -4.715940       6.660000    
  0.8145355      -4.879533       6.680000    
  0.7169448      -5.026150       6.700000    
  0.6164218      -5.155200       6.720000    
  0.5133178      -5.266156       6.740000    
  0.4079947      -5.358553       6.760000    
  0.3008237      -5.431992       6.780000    
  0.1921838      -5.486140       6.800000    
  8.2461022E-02  -5.520733       6.820000    
 -2.7953640E-02  -5.535576       6.840000    
 -0.1386652      -5.530545       6.860000    
 -0.2492761      -5.505585       6.880000    
 -0.3593878      -5.460715       6.900000    
 -0.4686021      -5.396026       6.920000    
 -0.5765226      -5.311677       6.940000    
 -0.6827561      -5.207903       6.960000    
 -0.7869142      -5.085007       6.980000    
 -0.8886143      -4.943363       7.000000    
 -0.9874815      -4.783412       7.020000    
  -1.083150      -4.605665       7.040000    
  -1.175263      -4.410698       7.060000    
  -1.263477      -4.199151       7.080000    
  -1.347460      -3.971725       7.100000    
  -1.426895      -3.729182       7.120000    
  -1.501478      -3.472342       7.140000    
  -1.570925      -3.202075       7.160000    
  -1.634966      -2.919309       7.180000    
  -1.693353      -2.625015       7.200000    
  -1.745853      -2.320211       7.220000    
  -1.792257      -2.005958       7.240000    
  -1.832376      -1.683352       7.260000    
  -1.866043      -1.353524       7.280000    
  -1.893114      -1.017636       7.300000    
  -1.913467     -0.6768755       7.320000    
  -1.927004     -0.3324515       7.340000    
  -1.933653      1.4409244E-02   7.360000    
  -1.933365      0.3624668       7.380000    
  -1.926116      0.7104725       7.400000    
  -1.911906       1.057173       7.420000    
  -1.890763       1.401316       7.440000    
  -1.862736       1.741654       7.460000    
  -1.827903       2.076946       7.480000    
  -1.786364       2.405969       7.500000    
  -1.738245       2.727515       7.520000    
  -1.683695       3.040399       7.540000    
  -1.622887       3.343464       7.560000    
  -1.556018       3.635583       7.580000    
  -1.483306       3.915667       7.600000    
  -1.404992       4.182662       7.620000    
  -1.321339       4.435560       7.640000    
  -1.232628       4.673401       7.660000    
  -1.139160       4.895274       7.680000    
  -1.041255       5.100323       7.700000    
 -0.9392481       5.287748       7.720000    
 -0.8334931       5.456813       7.740000    
 -0.7243569       5.606842       7.760000    
 -0.6122200       5.737226       7.780000    
 -0.4974755       5.847425       7.800000    
 -0.3805270       5.936971       7.820000    
 -0.2617876       6.005466       7.840000    
 -0.1416783       6.052588       7.860000    
 -2.0626515E-02   6.078090       7.880000    
  0.1009353       6.081803       7.900000    
  0.2225713       6.063634       7.920000    
  0.3438440       6.023571       7.940000    
  0.4643154       5.961679       7.960000    
  0.5835490       5.878103       7.980000    
  0.7011111       5.773064       8.000000    
  0.8165724       5.646864       8.020000    
  0.9295096       5.499881       8.040000    
   1.039507       5.332569       8.059999    
   1.146159       5.145458       8.080000    
   1.249068       4.939149       8.099999    
   1.347851       4.714317       8.120000    
   1.442137       4.471704       8.139999    
   1.531571       4.212119       8.160000    
   1.615814       3.936436       8.179999    
   1.694542       3.645590       8.200000    
   1.767454       3.340572       8.220000    
   1.834265       3.022431       8.240000    
   1.894714       2.692263       8.260000    
   1.948559       2.351214       8.280000    
   1.995584       2.000474       8.300000    
   2.035593       1.641269       8.320000    
   2.068419       1.274862       8.340000    
   2.093916      0.9025468       8.360000    
   2.111967      0.5256419       8.380000    
   2.122479      0.1454879       8.400000    
   2.125389     -0.2365583       8.420000    
   2.120658     -0.6191283       8.440000    
   2.108275      -1.000847       8.460000    
   2.088259      -1.380336       8.480000    
   2.060652      -1.756223       8.500000    
   2.025527      -2.127140       8.520000    
   1.982984      -2.491735       8.540000    
   1.933150      -2.848672       8.559999    
   1.876176      -3.196639       8.580000    
   1.812243      -3.534351       8.599999    
   1.741556      -3.860555       8.620000    
   1.664345      -4.174035       8.639999    
   1.580865      -4.473617       8.660000    
   1.491392      -4.758173       8.679999    
   1.396229      -5.026623       8.700000    
   1.295696      -5.277945       8.720000    
   1.190138      -5.511170       8.740000    
   1.079914      -5.725395       8.760000    
  0.9654062      -5.919779       8.780000    
  0.8470106      -6.093553       8.800000    
  0.7251396      -6.246015       8.820000    
  0.6002192      -6.376540       8.840000    
  0.4726884      -6.484579       8.860000    
  0.3429968      -6.569663       8.880000    
  0.2116036      -6.631402       8.900000    
  7.8975528E-02  -6.669491       8.920000    
 -5.4414287E-02  -6.683707       8.940000    
 -0.1880884      -6.673912       8.960000    
 -0.3215666      -6.640056       8.980000    
 -0.4543678      -6.582174       9.000000    
 -0.5860112      -6.500388       9.020000    
 -0.7160190      -6.394906       9.040000    
 -0.8439171      -6.266023       9.059999    
 -0.9692375      -6.114118       9.080000    
  -1.091520      -5.939655       9.099999    
  -1.210313      -5.743181       9.120000    
  -1.325177      -5.525325       9.139999    
  -1.435683      -5.286793       9.160000    
  -1.541419      -5.028370       9.179999    
  -1.641986      -4.750915       9.200000    
  -1.737005      -4.455358       9.220000    
  -1.826112      -4.142697       9.240000    
  -1.908966      -3.813997       9.260000    
  -1.985246      -3.470383       9.280000    
  -2.054653      -3.113039       9.300000    
  -2.116914      -2.743201       9.320000    
  -2.171778      -2.362157       9.340000    
  -2.219021      -1.971237       9.360000    
  -2.258446      -1.571813       9.380000    
  -2.289882      -1.165293       9.400000    
  -2.313188     -0.7531137       9.420000    
  -2.328250     -0.3367399       9.440000    
  -2.334985      8.2345188E-02   9.460000    
  -2.333338      0.5026425       9.480000    
  -2.323285      0.9226434       9.500000    
  -2.304832       1.340835       9.520000    
  -2.278016       1.755705       9.540000    
  -2.242902       2.165747       9.559999    
  -2.199587       2.569470       9.580000    
  -2.148197       2.965395       9.599999    
  -2.088890       3.352071       9.620000    
  -2.021848       3.728071       9.639999    
  -1.947287       4.092004       9.660000    
  -1.865447       4.442515       9.679999    
  -1.776596       4.778296       9.700000    
  -1.681031       5.098083       9.719999    
  -1.579069       5.400669       9.740000    
  -1.471056       5.684902       9.760000    
  -1.357358       5.949692       9.780000    
  -1.238364       6.194016       9.800000    
  -1.114483       6.416922       9.820000    
 -0.9861449       6.617528       9.840000    
 -0.8537943       6.795034       9.860000    
 -0.7178937       6.948718       9.880000    
 -0.5789193       7.077939       9.900000    
 -0.4373605       7.182144       9.920000    
 -0.2937176       7.260869       9.940000    
 -0.1485002       7.313738       9.960000    
 -2.2254884E-03   7.340468       9.980000    
  0.1445839       7.340869       10.00000    
  0.2914013       7.314844       10.02000    
  0.4376981       7.262392       10.04000    
  0.5829459       7.183606       10.06000    
  0.7266181       7.078676       10.08000    
  0.8681916       6.947885       10.10000    
   1.007149       6.791610       10.12000    
   1.142982       6.610323       10.14000    
   1.275188       6.404587       10.16000    
   1.403280       6.175053       10.18000    
   1.526781       5.922463       10.20000    
   1.645230       5.647643       10.22000    
   1.758183       5.351501       10.24000    
   1.865213       5.035028       10.26000    
   1.965913       4.699290       10.28000    
   2.059899       4.345426       10.30000    
   2.146808       3.974644       10.32000    
   2.226301       3.588219       10.34000    
   2.298065       3.187485       10.36000    
   2.361815       2.773833       10.38000    
   2.417292       2.348706       10.40000    
   2.464266       1.913594       10.42000    
   2.502538       1.470026       10.44000    
   2.531938       1.019569       10.46000    
   2.552330      0.5638202       10.48000    
   2.563606      0.1044009       10.50000    
   2.565694     -0.3570482       10.52000    
   2.558553     -0.8188732       10.54000    
   2.542176      -1.279413       10.56000    
   2.516588      -1.737004       10.58000    
   2.481848      -2.189990       10.60000    
   2.438048      -2.636723       10.62000    
   2.385314      -3.075572       10.64000    
   2.323802      -3.504928       10.66000    
   2.253703      -3.923212       10.68000    
   2.175239      -4.328879       10.70000    
   2.088661      -4.720422       10.72000    
   1.994253      -5.096381       10.74000    
   1.892325      -5.455346       10.76000    
   1.783219      -5.795965       10.78000    
   1.667299      -6.116944       10.80000    
   1.544960      -6.417058       10.82000    
   1.416619      -6.695150       10.84000    
   1.282716      -6.950142       10.86000    
   1.143713      -7.181031       10.88000    
   1.000093      -7.386899       10.90000    
  0.8523548      -7.566916       10.92000    
  0.7010164      -7.720339       10.94000    
  0.5466096      -7.846522       10.96000    
  0.3896792      -7.944912       10.98000    
  0.2307810      -8.015054       11.00000    
  7.0479885E-02  -8.056594       11.02000    
 -9.0651989E-02  -8.069281       11.04000    
 -0.2520376      -8.052963       11.06000    
 -0.4130968      -8.007597       11.08000    
 -0.5732487      -7.933239       11.10000    
 -0.7319136      -7.830055       11.12000    
 -0.8885146      -7.698310       11.14000    
  -1.042481      -7.538378       11.16000    
  -1.193248      -7.350731       11.18000    
  -1.340263      -7.135947       11.20000    
  -1.482982      -6.894700       11.22000    
  -1.620876      -6.627763       11.24000    
  -1.753431      -6.336005       11.26000    
  -1.880151      -6.020388       11.28000    
  -2.000559      -5.681961       11.30000    
  -2.114198      -5.321860       11.32000    
  -2.220635      -4.941304       11.34000    
  -2.319462      -4.541590       11.36000    
  -2.410293      -4.124087       11.38000    
  -2.492775      -3.690234       11.40000    
  -2.566580      -3.241535       11.42000    
  -2.631410      -2.779550       11.44000    
  -2.687001      -2.305897       11.46000    
  -2.733119      -1.822236       11.48000    
  -2.769564      -1.330275       11.50000    
  -2.796170     -0.8317533       11.52000    
  -2.812805     -0.3284427       11.54000    
  -2.819374      0.1778622       11.56000    
  -2.815817      0.6853495       11.58000    
  -2.802110       1.192196       11.60000    
  -2.778266       1.696576       11.62000    
  -2.744334       2.196664       11.64000    
  -2.700401       2.690644       11.66000    
  -2.646588       3.176716       11.68000    
  -2.583054       3.653102       11.70000    
  -2.509992       4.118052       11.72000    
  -2.427631       4.569850       11.74000    
  -2.336234       5.006824       11.76000    
  -2.236097       5.427346       11.78000    
  -2.127550       5.829843       11.80000    
  -2.010953       6.212802       11.82000    
  -1.886697       6.574773       11.84000    
  -1.755202       6.914379       11.86000    
  -1.616914       7.230315       11.88000    
  -1.472308       7.521359       11.90000    
  -1.321881       7.786375       11.92000    
  -1.166153       8.024314       11.94000    
  -1.005667       8.234221       11.96000    
 -0.8409826       8.415241       11.98000    
 -0.6726778       8.566618       12.00000    
 -0.5013454       8.687700       12.02000    
 -0.3275914       8.777943       12.04000    
 -0.1520325       8.836909       12.06000    
  2.4705648E-02   8.864275       12.08000    
  0.2019911       8.859828       12.10000    
  0.3791877       8.823469       12.12000    
  0.5556571       8.755216       12.14000    
  0.7307614       8.655197       12.16000    
  0.9038653       8.523660       12.18000    
   1.074339       8.360964       12.20000    
   1.241558       8.167583       12.22000    
   1.404909       7.944102       12.24000    
   1.563792       7.691218       12.26000    
   1.717616       7.409736       12.28000    
   1.865811       7.100565       12.30000    
   2.007822       6.764719       12.32000    
   2.143116       6.403311       12.34000    
   2.271183       6.017550       12.36000    
   2.391534       5.608737       12.38000    
   2.503708       5.178261       12.40000    
   2.607274       4.727594       12.42000    
   2.701825       4.258285       12.44000    
   2.786991       3.771956       12.46000    
   2.862430       3.270298       12.48000    
   2.927836       2.755060       12.50000    
   2.982937       2.228050       12.52000    
   3.027498       1.691121       12.54000    
   3.061321       1.146171       12.56000    
   3.084244      0.5951337       12.58000    
   3.096147      3.9969802E-02   12.60000    
   3.096946     -0.5173366       12.62000    
   3.086600      -1.074787       12.64000    
   3.065104      -1.630375       12.66000    
   3.032496      -2.182093       12.68000    
   2.988854      -2.727943       12.70000    
   2.934296      -3.265936       12.72000    
   2.868977      -3.794110       12.74000    
   2.793095      -4.310525       12.76000    
   2.706884      -4.813282       12.78000    
   2.610619      -5.300522       12.80000    
   2.504608      -5.770433       12.82000    
   2.389199      -6.221263       12.84000    
   2.264774      -6.651319       12.86000    
   2.131748      -7.058979       12.88000    
   1.990568      -7.442693       12.90000    
   1.841715      -7.800995       12.92000    
   1.685695      -8.132504       12.94000    
   1.523044      -8.435928       12.96000    
   1.354326      -8.710076       12.98000    
   1.180124      -8.953855       13.00000    
   1.001047      -9.166277       13.02000    
  0.8177218      -9.346465       13.04000    
  0.6307926      -9.493655       13.06000    
  0.4409195      -9.607198       13.08000    
  0.2487755      -9.686563       13.10000    
  5.5044249E-02  -9.731343       13.12000    
 -0.1395826      -9.741251       13.14000    
 -0.3344076      -9.716126       13.16000    
 -0.5287302      -9.655933       13.18000    
 -0.7218488      -9.560762       13.20000    
 -0.9130641      -9.430830       13.22000    
  -1.101681      -9.266479       13.24000    
  -1.287010      -9.068176       13.26000    
  -1.468374      -8.836514       13.28000    
  -1.645104      -8.572207       13.30000    
  -1.816548      -8.276089       13.32000    
  -1.982070      -7.949110       13.34000    
  -2.141052      -7.592338       13.36000    
  -2.292899      -7.206948       13.38000    
  -2.437038      -6.794227       13.40000    
  -2.572922      -6.355560       13.42000    
  -2.700034      -5.892434       13.44000    
  -2.817882      -5.406427       13.46000    
  -2.926011      -4.899209       13.48000    
  -3.023995      -4.372527       13.50000    
  -3.111445      -3.828207       13.52000    
  -3.188010      -3.268147       13.54000    
  -3.253372      -2.694305       13.56000    
  -3.307259      -2.108698       13.58000    
  -3.349432      -1.513392       13.60000    
  -3.379700     -0.9104940       13.62000    
  -3.397910     -0.3021480       13.64000    
  -3.403953      0.3094759       13.66000    
  -3.397764      0.9221875       13.68000    
  -3.379320       1.533785       13.70000    
  -3.348644       2.142063       13.72000    
  -3.305803       2.744819       13.74000    
  -3.250907       3.339863       13.76000    
  -3.184109       3.925026       13.78000    
  -3.105609       4.498166       13.80000    
  -3.015646       5.057176       13.82000    
  -2.914502       5.599992       13.84000    
  -2.802502       6.124602       13.86000    
  -2.680010       6.629053       13.88000    
  -2.547429       7.111454       13.90000    
  -2.405200       7.569992       13.92000    
  -2.253800       8.002928       13.94000    
  -2.093742       8.408611       13.96000    
  -1.925569       8.785484       13.98000    
  -1.749860       9.132087       14.00000    
  -1.567218       9.447062       14.02000    
  -1.378277       9.729160       14.04000    
  -1.183694       9.977250       14.06000    
 -0.9841485       10.19032       14.08000    
 -0.7803422       10.36746       14.10000    
 -0.5729930       10.50792       14.12000    
 -0.3628345       10.61106       14.14000    
 -0.1506133       10.67637       14.16000    
  6.2914208E-02   10.70348       14.18000    
  0.2769839       10.69216       14.20000    
  0.4908270       10.64230       14.22000    
  0.7036731       10.55395       14.24000    
  0.9147521       10.42729       14.26000    
   1.123298       10.26264       14.28000    
   1.328551       10.06044       14.30000    
   1.529760       9.821303       14.32000    
   1.726186       9.545947       14.34000    
   1.917104       9.235233       14.36000    
   2.101809       8.890155       14.38000    
   2.279612       8.511829       14.40000    
   2.449849       8.101500       14.42000    
   2.611879       7.660527       14.44000    
   2.765089       7.190389       14.46000    
   2.908897       6.692673       14.48000    
   3.042750       6.169071       14.50000    
   3.166132       5.621376       14.52000    
   3.278559       5.051472       14.54000    
   3.379589       4.461331       14.56000    
   3.468815       3.853005       14.58000    
   3.545876       3.228619       14.60000    
   3.610448       2.590361       14.62000    
   3.662255       1.940480       14.64000    
   3.701065       1.281275       14.66000    
   3.726690      0.6150829       14.68000    
   3.738992     -5.5721283E-02   14.70000    
   3.737877     -0.7287397       14.72000    
   3.723303      -1.401558       14.74000    
   3.695271      -2.071752       14.76000    
   3.653836      -2.736901       14.78000    
   3.599098      -3.394591       14.80000    
   3.531207      -4.042429       14.82000    
   3.450358      -4.678046       14.84000    
   3.356797      -5.299110       14.86000    
   3.250815      -5.903334       14.88000    
   3.132748      -6.488480       14.90000    
   3.002979      -7.052375       14.92000    
   2.861931      -7.592911       14.94000    
   2.710073      -8.108058       14.96000    
   2.547912      -8.595871       14.98000    
   2.375994      -9.054495       15.00000    
   2.194905      -9.482174       15.02000    
   2.005261      -9.877256       15.04000    
   1.807716      -10.23820       15.06000    
   1.602952      -10.56359       15.08000    
   1.391680      -10.85212       15.10000    
   1.174638      -11.10263       15.12000    
  0.9525852      -11.31406       15.14000    
  0.7263039      -11.48553       15.16000    
  0.4965934      -11.61626       15.18000    
  0.2642682      -11.70565       15.20000    
  3.0155301E-02  -11.75321       15.22000    
 -0.2049090      -11.75864       15.24000    
 -0.4400818      -11.72176       15.26000    
 -0.6745170      -11.64254       15.28000    
 -0.9073679      -11.52113       15.30000    
  -1.137791      -11.35781       15.32000    
  -1.364947      -11.15300       15.34000    
  -1.588007      -10.90731       15.36000    
  -1.806153      -10.62147       15.38000    
  -2.018582      -10.29636       15.40000    
  -2.224510      -9.933019       15.42000    
  -2.423170      -9.532607       15.44000    
  -2.613822      -9.096437       15.46000    
  -2.795751      -8.625949       15.48000    
  -2.968270      -8.122714       15.50000    
  -3.130724      -7.588426       15.52000    
  -3.282493      -7.024895       15.54000    
  -3.422991      -6.434047       15.56000    
  -3.551672      -5.817908       15.58000    
  -3.668030      -5.178607       15.60000    
  -3.771602      -4.518362       15.62000    
  -3.861969      -3.839474       15.64000    
  -3.938759      -3.144319       15.66000    
  -4.001645      -2.435343       15.68000    
  -4.050352      -1.715047       15.70000    
  -4.084653     -0.9859833       15.72000    
  -4.104373     -0.2507458       15.74000    
  -4.109387      0.4880413       15.76000    
  -4.099627       1.227731       15.78000    
  -4.075072       1.965664       15.80000    
  -4.035758       2.699177       15.82000    
  -3.981775       3.425613       15.84000    
  -3.913263       4.142333       15.86000    
  -3.830416       4.846720       15.88000    
  -3.733482       5.536195       15.90000    
  -3.622758       6.208221       15.92000    
  -3.498594       6.860318       15.94000    
  -3.361387       7.490065       15.96000    
  -3.211586       8.095115       15.98000    
  -3.049684       8.673201       16.00000    
  -2.876220       9.222144       16.02000    
  -2.691777       9.739863       16.04000    
  -2.496979       10.22438       16.06000    
  -2.292492       10.67384       16.08000    
  -2.079015       11.08649       16.10000    
  -1.857285       11.46071       16.12000    
  -1.628071       11.79502       16.14000    
  -1.392171       12.08807       16.16000    
  -1.150409       12.33867       16.18000    
 -0.9036359       12.54574       16.20000    
 -0.6527212       12.70839       16.22000    
 -0.3985533       12.82588       16.24000    
 -0.1420357       12.89762       16.26000    
  0.1159168       12.92319       16.28000    
  0.3743805       12.90232       16.30000    
  0.6324270       12.83493       16.32000    
  0.8891256       12.72110       16.34000    
   1.143548       12.56105       16.36000    
   1.394769       12.35522       16.38000    
   1.641873       12.10416       16.40000    
   1.883956       11.80862       16.42000    
   2.120128       11.46951       16.44000    
   2.349519       11.08788       16.46000    
   2.571276       10.66497       16.48000    
   2.784576       10.20214       16.50000    
   2.988619       9.700918       16.52000    
   3.182637       9.162967       16.54000    
   3.365896       8.590092       16.56000    
   3.537698       7.984231       16.58000    
   3.697383       7.347445       16.60000    
   3.844332       6.681916       16.62000    
   3.977970       5.989937       16.64000    
   4.097769       5.273902       16.66000    
   4.203247       4.536304       16.68000    
   4.293973       3.779720       16.70000    
   4.369567       3.006804       16.72000    
   4.429704       2.220282       16.74000    
   4.474109       1.422936       16.76000    
   4.502568      0.6175961       16.78000    
   4.514920     -0.1928661       16.80000    
   4.511063      -1.005552       16.82000    
   4.490952      -1.817543       16.84000    
   4.454601      -2.625914       16.86000    
   4.402082      -3.427742       16.88000    
   4.333528      -4.220117       16.90000    
   4.249125      -5.000152       16.92000    
   4.149122      -5.764995       16.94000    
   4.033822      -6.511837       16.96000    
   3.903585      -7.237925       16.98000    
   3.758827      -7.940570       17.00000    
   3.600016      -8.617159       17.02000    
   3.427672      -9.265162       17.04000    
   3.242369      -9.882143       17.06000    
   3.044726      -10.46577       17.08000    
   2.835411      -11.01382       17.10000    
   2.615135      -11.52419       17.12000    
   2.384651      -11.99492       17.14000    
   2.144752      -12.42416       17.16000    
   1.896269      -12.81021       17.18000    
   1.640065      -13.15154       17.20000    
   1.377034      -13.44675       17.22000    
   1.108099      -13.69462       17.24000    
  0.8342066      -13.89408       17.26000    
  0.5563251      -14.04423       17.28000    
  0.2754405      -14.14437       17.30000    
 -7.4469447E-03  -14.19395       17.32000    
 -0.2913260      -14.19261       17.34000    
 -0.5751781      -14.14017       17.36000    
 -0.8579816      -14.03664       17.38000    
  -1.138714      -13.88220       17.40000    
  -1.416358      -13.67723       17.42000    
  -1.689903      -13.42229       17.44000    
  -1.958349      -13.11811       17.46000    
  -2.220711      -12.76560       17.48000    
  -2.476023      -12.36588       17.50000    
  -2.723340      -11.92019       17.52000    
  -2.961744      -11.42999       17.54000    
  -3.190344      -10.89688       17.56000    
  -3.408281      -10.32262       17.58000    
  -3.614734      -9.709125       17.60000    
  -3.808916      -9.058473       17.62000    
  -3.990086      -8.372868       17.64000    
  -4.157543      -7.654652       17.66000    
  -4.310636      -6.906294       17.68000    
  -4.448762      -6.130380       17.70000    
  -4.571370      -5.329603       17.72000    
  -4.677962      -4.506756       17.74000    
  -4.768097      -3.664723       17.76000    
  -4.841392      -2.806466       17.78000    
  -4.897521      -1.935015       17.80000    
  -4.936221      -1.053461       17.82000    
  -4.957290     -0.1649416       17.84000    
  -4.960589      0.7273706       17.86000    
  -4.946042       1.620277       17.88000    
  -4.913636       2.510564       17.90000    
  -4.863425       3.395019       17.92000    
  -4.795525       4.270435       17.94000    
  -4.710116       5.133629       17.96000    
  -4.607443       5.981450       17.98000    
  -4.487814       6.810790       18.00000    
  -4.351599       7.618597       18.02000    
  -4.199227       8.401884       18.04000    
  -4.031189       9.157745       18.06000    
  -3.848034       9.883359       18.08000    
  -3.650367       10.57600       18.10000    
  -3.438847       11.23307       18.12000    
  -3.214185       11.85206       18.14000    
  -2.977144       12.43062       18.16000    
  -2.728532       12.96650       18.18000    
  -2.469202       13.45764       18.20000    
  -2.200049       13.90209       18.22000    
  -1.922007       14.29810       18.24000    
  -1.636045       14.64406       18.26000    
  -1.343164       14.93855       18.28000    
  -1.044393       15.18032       18.30000    
 -0.7407863       15.36831       18.32000    
 -0.4334200       15.50166       18.34000    
 -0.1233869       15.57967       18.36000    
  0.1882066       15.60188       18.38000    
  0.5002441       15.56800       18.40000    
  0.8116042       15.47796       18.42000    
   1.121163       15.33187       18.44000    
   1.427801       15.13006       18.46000    
   1.730402       14.87306       18.48000    
   2.027863       14.56158       18.50000    
   2.319095       14.19657       18.52000    
   2.603026       13.77913       18.54000    
   2.878608       13.31059       18.56000    
   3.144820       12.79244       18.58000    
   3.400669       12.22637       18.60000    
   3.645196       11.61425       18.62000    
   3.877481       10.95811       18.64000    
   4.096644       10.26017       18.66000    
   4.301847       9.522772       18.68000    
   4.492303       8.748439       18.70000    
   4.667272       7.939824       18.72000    
   4.826068       7.099715       18.74000    
   4.968062       6.231023       18.76000    
   5.092683       5.336771       18.78000    
   5.199418       4.420089       18.80000    
   5.287820       3.484194       18.82000    
   5.357504       2.532386       18.84000    
   5.408152       1.568035       18.86000    
   5.439512      0.5945681       18.88000    
   5.451404     -0.3845441       18.90000    
   5.443713      -1.365797       18.92000    
   5.416397      -2.345665       18.94000    
   5.369483      -3.320616       18.96000    
   5.303071      -4.287123       18.98000    
   5.217329      -5.241676       19.00000    
   5.112495      -6.180795       19.02000    
   4.988879      -7.101044       19.04000    
   4.846859      -7.999042       19.06000    
   4.686878      -8.871476       19.08000    
   4.509448      -9.715115       19.10000    
   4.315146      -10.52682       19.12000    
   4.104609      -11.30354       19.14000    
   3.878539      -12.04237       19.16000    
   3.637691      -12.74051       19.18000    
   3.382881      -13.39529       19.20000    
   3.114975      -14.00421       19.22000    
   2.834891      -14.56491       19.24000    
   2.543593      -15.07519       19.26000    
   2.242089      -15.53303       19.28000    
   1.931429      -15.93661       19.30000    
   1.612696      -16.28427       19.32000    
   1.287011      -16.57455       19.34000    
  0.9555200      -16.80622       19.36000    
  0.6193957      -16.97821       19.38000    
  0.2798315      -17.08970       19.40000    
 -6.1962515E-02  -17.14007       19.42000    
 -0.4047639      -17.12892       19.44000    
 -0.7473422      -17.05606       19.46000    
  -1.088463      -16.92154       19.48000    
  -1.426894      -16.72561       19.50000    
  -1.761406      -16.46877       19.52000    
  -2.090782      -16.15172       19.54000    
  -2.413816      -15.77538       19.56000    
  -2.729324      -15.34089       19.58000    
  -3.036142      -14.84961       19.60000    
  -3.333134      -14.30311       19.62000    
  -3.619196      -13.70314       19.64000    
  -3.893259      -13.05169       19.66000    
  -4.154293      -12.35090       19.68000    
  -4.401311      -11.60313       19.70000    
  -4.633373      -10.81089       19.72000    
  -4.849591      -9.976885       19.74000    
  -5.049129      -9.103958       19.76000    
  -5.231208      -8.195115       19.78000    
  -5.395111      -7.253498       19.80000    
  -5.540181      -6.282378       19.82000    
  -5.665828      -5.285145       19.84000    
  -5.771531      -4.265296       19.86000    
  -5.856837      -3.226420       19.88000    
  -5.921365      -2.172190       19.90000    
  -5.964809      -1.106344       19.92000    
  -5.986936     -3.2678366E-02   19.94000    
  -5.987589       1.044970       19.96000    
  -5.966690       2.122736       19.98000    
  -5.924235       3.196740       20.00000    
  -5.860301       4.263103       20.02000    
  -5.775039       5.317957       20.04000    
  -5.668680       6.357464       20.06000    
  -5.541531       7.377826       20.08000    
  -5.393974       8.375301       20.10000    
  -5.226468       9.346217       20.12000    
  -5.039544       10.28698       20.14000    
  -4.833804       11.19410       20.16000    
  -4.609922       12.06418       20.18000    
  -4.368638       12.89397       20.20000    
  -4.110759       13.68033       20.22000    
  -3.837152       14.42026       20.24000    
  -3.548747       15.11095       20.26000    
  -3.246528       15.74972       20.28000    
  -2.931534       16.33410       20.30000    
  -2.604852       16.86177       20.32000    
  -2.267616       17.33065       20.34000    
  -1.921003       17.73882       20.36000    
  -1.566227       18.08460       20.38000    
  -1.204535       18.36652       20.40000    
 -0.8372046       18.58334       20.42000    
 -0.4655378       18.73404       20.44000    
 -9.0857118E-02   18.81783       20.46000    
  0.2854995       18.83419       20.48000    
  0.6621833       18.78280       20.50000    
   1.037839       18.66360       20.52000    
   1.411111       18.47679       20.54000    
   1.780647       18.22279       20.56000    
   2.145103       17.90228       20.58000    
   2.503149       17.51616       20.60000    
   2.853472       17.06559       20.62000    
   3.194784       16.55197       20.64000    
   3.525823       15.97691       20.66000    
   3.845361       15.34226       20.68000    
   4.152206       14.65009       20.70000    
   4.445208       13.90270       20.72000    
   4.723262       13.10256       20.74000    
   4.985313       12.25237       20.76000    
   5.230361       11.35501       20.78000    
   5.457461       10.41355       20.80000    
   5.665732       9.431207       20.82000    
   5.854356       8.411375       20.84000    
   6.022583       7.357591       20.86000    
   6.169735       6.273526       20.88000    
   6.295206       5.162974       20.90000    
   6.398466       4.029837       20.92000    
   6.479063       2.878113       20.94000    
   6.536625       1.711882       20.96000    
   6.570863      0.5352892       20.98000    
   6.581569     -0.6474661       21.00000    
   6.568619      -1.832148       21.02000    
   6.531976      -3.014500       21.04000    
   6.471686      -4.190256       21.06000    
   6.387881      -5.355159       21.08000    
   6.280778      -6.504978       21.10000    
   6.150678      -7.635518       21.12000    
   5.997968      -8.742640       21.14000    
   5.823115      -9.822275       21.16000    
   5.626669      -10.87044       21.18000    
   5.409261      -11.88324       21.20000    
   5.171596      -12.85690       21.22000    
   4.914458      -13.78779       21.24000    
   4.638702      -14.67239       21.26000    
   4.345254      -15.50736       21.28000    
   4.035107      -16.28951       21.30000    
   3.709316      -17.01582       21.32000    
   3.369000      -17.68350       21.34000    
   3.015330      -18.28992       21.36000    
   2.649531      -18.83268       21.38000    
   2.272878      -19.30960       21.40000    
   1.886686      -19.71871       21.42000    
   1.492312      -20.05832       21.44000    
   1.091145      -20.32693       21.46000    
  0.6846067      -20.52334       21.48000    
  0.2741399      -20.64657       21.50000    
 -0.1387914      -20.69591       21.52000    
 -0.5527097      -20.67093       21.54000    
 -0.9661283      -20.57144       21.56000    
  -1.377557      -20.39754       21.58000    
  -1.785508      -20.14958       21.60000    
  -2.188500      -19.82819       21.62000    
  -2.585063      -19.43426       21.64000    
  -2.973749      -18.96895       21.66000    
  -3.353127      -18.43367       21.68000    
  -3.721801      -17.83011       21.70000    
  -4.078403      -17.16018       21.72000    
  -4.421607      -16.42607       21.74000    
  -4.750128      -15.63018       21.76000    
  -5.062731      -14.77516       21.78000    
  -5.358234      -13.86387       21.80000    
  -5.635512      -12.89939       21.82000    
  -5.893499      -11.88499       21.84000    
  -6.131199      -10.82416       21.86000    
  -6.347682      -9.720549       21.88000    
  -6.542093      -8.577966       21.90000    
  -6.713653      -7.400389       21.92000    
  -6.861660      -6.191931       21.94000    
  -6.985499      -4.956832       21.96000    
  -7.084636      -3.699443       21.98000    
  -7.158625      -2.424208       22.00000    
  -7.207109      -1.135656       22.02000    
  -7.229822      0.1616238       22.04000    
  -7.226590       1.462992       22.06000    
  -7.197330       2.763778       22.08000    
  -7.142055       4.059297       22.10000    
  -7.060869       5.344867       22.12000    
  -6.953971       6.615823       22.14000    
  -6.821655       7.867537       22.16000    
  -6.664304       9.095435       22.18000    
  -6.482396       10.29501       22.20000    
  -6.276495       11.46184       22.22000    
  -6.047259       12.59161       22.24000    
  -5.795427       13.68012       22.26000    
  -5.521824       14.72329       22.28000    
  -5.227358       15.71722       22.30000    
  -4.913014       16.65815       22.32000    
  -4.579851       17.54249       22.34000    
  -4.229002       18.36686       22.36000    
  -3.861664       19.12808       22.38000    
  -3.479103       19.82318       22.40000    
  -3.082639       20.44942       22.42000    
  -2.673651       21.00429       22.44000    
  -2.253565       21.48555       22.46000    
  -1.823854       21.89119       22.48000    
  -1.386030       22.21948       22.50000    
 -0.9416403       22.46897       22.52000    
 -0.4922609       22.63846       22.54000    
 -3.9491594E-02   22.72707       22.56000    
  0.4150498       22.73418       22.58000    
  0.8697335       22.65947       22.60000    
   1.322923       22.50292       22.62000    
   1.772981       22.26479       22.64000    
   2.218277       21.94566       22.66000    
   2.657190       21.54637       22.68000    
   3.088118       21.06807       22.70000    
   3.509479       20.51221       22.72000    
   3.919723       19.88050       22.74000    
   4.317333       19.17496       22.76000    
   4.700832       18.39783       22.78000    
   5.068789       17.55169       22.80000    
   5.419823       16.63930       22.82000    
   5.752609       15.66374       22.84000    
   6.065884       14.62827       22.86000    
   6.358449       13.53641       22.88000    
   6.629177       12.39189       22.90000    
   6.877015       11.19863       22.92000    
   7.100987       9.960772       22.94000    
   7.300203       8.682594       22.96000    
   7.473855       7.368558       22.98000    
   7.621226       6.023264       23.00000    
   7.741691       4.651443       23.02000    
   7.834720       3.257939       23.04000    
   7.899879       1.847690       23.06000    
   7.936833      0.4257116       23.08000    
   7.945347      -1.002918       23.10000    
   7.925289      -2.433081       23.12000    
   7.876627      -3.859633       23.14000    
   7.799435      -5.277426       23.16000    
   7.693886      -6.681324       23.18000    
   7.560260      -8.066223       23.20000    
   7.398935      -9.427070       23.22000    
   7.210394      -10.75888       23.24000    
   6.995216      -12.05675       23.26000    
   6.754081      -13.31589       23.28000    
   6.487763      -14.53162       23.30000    
   6.197131      -15.69942       23.32000    
   5.883143      -16.81490       23.34000    
   5.546845      -17.87387       23.36000    
   5.189368      -18.87230       23.38000    
   4.811922      -19.80639       23.40000    
   4.415794      -20.67253       23.42000    
   4.002343      -21.46738       23.44000    
   3.572996      -22.18780       23.46000    
   3.129240      -22.83094       23.48000    
   2.672621      -23.39420       23.50000    
   2.204737      -23.87527       23.52000    
   1.727232      -24.27212       23.54000    
   1.241789      -24.58302       23.56000    
  0.7501286      -24.80655       23.58000    
  0.2539977      -24.94157       23.60000    
 -0.2448337      -24.98729       23.62000    
 -0.7445795      -24.94322       23.64000    
  -1.243444      -24.80920       23.66000    
  -1.739628      -24.58538       23.68000    
  -2.231335      -24.27224       23.70000    
  -2.716780      -23.87060       23.72000    
  -3.194192      -23.38158       23.74000    
  -3.661824      -22.80663       23.76000    
  -4.117956      -22.14750       23.78000    
  -4.560906      -21.40627       23.80000    
  -4.989031      -20.58530       23.82000    
  -5.400737      -19.68728       23.84000    
  -5.794483      -18.71515       23.86000    
  -6.168786      -17.67214       23.88000    
  -6.522228      -16.56176       23.90000    
  -6.853463      -15.38776       23.92000    
  -7.161218      -14.15413       23.94000    
  -7.444301      -12.86511       23.96000    
  -7.701603      -11.52514       23.98000    
  -7.932106      -10.13885       24.00000    
  -8.134883      -8.711070       24.02000    
  -8.309104      -7.246791       24.04000    
  -8.454040      -5.751153       24.06000    
  -8.569062      -4.229425       24.08000    
  -8.653650      -2.686994       24.10000    
  -8.707390      -1.129337       24.12000    
  -8.729977      0.4379928       24.14000    
  -8.721217       2.009389       24.16000    
  -8.681029       3.579208       24.18000    
  -8.609446       5.141793       24.20000    
  -8.506610       6.691493       24.22000    
  -8.372780       8.222683       24.24000    
  -8.208326       9.729783       24.26000    
  -8.013731       11.20728       24.28000    
  -7.789586       12.64975       24.30000    
  -7.536591       14.05188       24.32000    
  -7.255553       15.40847       24.34000    
  -6.947384       16.71446       24.36000    
  -6.613095       17.96499       24.38000    
  -6.253795       19.15535       24.40000    
  -5.870688       20.28103       24.42000    
  -5.465067       21.33776       24.44000    
  -5.038312       22.32147       24.46000    
  -4.591883       23.22836       24.48000    
  -4.127316       24.05490       24.50000    
  -3.646218       24.79782       24.52000    
  -3.150261       25.45414       24.54000    
  -2.641179       26.02118       24.56000    
  -2.120755       26.49660       24.58000    
  -1.590823       26.87833       24.60000    
  -1.053256       27.16468       24.62000    
 -0.5099626       27.35427       24.64000    
  3.7122726E-02   27.44606       24.66000    
  0.5860440       27.43938       24.68000    
   1.134832       27.33389       24.70000    
   1.681509       27.12962       24.72000    
   2.224102       26.82695       24.74000    
   2.760641       26.42661       24.76000    
   3.289173       25.92970       24.78000    
   3.807767       25.33765       24.80000    
   4.314520       24.65225       24.82000    
   4.807565       23.87564       24.84000    
   5.285078       23.01027       24.86000    
   5.745283       22.05896       24.88000    
   6.186462       21.02481       24.90000    
   6.606958       19.91125       24.92000    
   7.005183       18.72199       24.94000    
   7.379623       17.46106       24.96000    
   7.728844       16.13273       24.98000    
   8.051498       14.74154       25.00000    
   8.346329       13.29227       25.02000    
   8.612174       11.78993       25.04000    
   8.847973       10.23974       25.06000    
   9.052768       8.647100       25.08000    
   9.225710       7.017602       25.10000    
   9.366062       5.356975       25.12000    
   9.473202       3.671083       25.14000    
   9.546623       1.965907       25.16000    
   9.585941      0.2475150       25.18000    
   9.590892      -1.477954       25.20000    
   9.561333      -3.204315       25.22000    
   9.497247      -4.925354       25.24000    
   9.398740      -6.634859       25.26000    
   9.266043      -8.326632       25.28000    
   9.099510      -9.994520       25.30000    
   8.899620      -11.63243       25.32000    
   8.666971      -13.23436       25.34000    
   8.402284      -14.79442       25.36000    
   8.106396      -16.30683       25.38000    
   7.780259      -17.76598       25.40000    
   7.424940      -19.16643       25.42000    
   7.041611      -20.50291       25.44000    
   6.631553      -21.77040       25.46000    
   6.196145      -22.96408       25.48000    
   5.736863      -24.07939       25.50000    
   5.255275      -25.11203       25.52000    
   4.753035      -26.05798       25.54000    
   4.231875      -26.91352       25.56000    
   3.693604      -27.67526       25.58000    
   3.140099      -28.34011       25.60000    
   2.573297      -28.90533       25.62000    
   1.995191      -29.36852       25.64000    
   1.407820      -29.72766       25.66000    
  0.8132670      -29.98106       25.68000    
  0.2136458      -30.12745       25.70000    
 -0.3889033      -30.16591       25.72000    
 -0.9922214      -30.09591       25.74000    
  -1.594140      -29.91730       25.76000    
  -2.192486      -29.63036       25.78000    
  -2.785093      -29.23571       25.80000    
  -3.369807      -28.73440       25.82000    
  -3.944495      -28.12783       25.84000    
  -4.507052      -27.41782       25.86000    
  -5.055408      -26.60655       25.88000    
  -5.587540      -25.69658       25.90000    
  -6.101471      -24.69082       25.92000    
  -6.595288      -23.59256       25.94000    
  -7.067139      -22.40541       25.96000    
  -7.515247      -21.13332       25.98000    
  -7.937914      -19.78058       26.00000    
  -8.333526      -18.35175       26.02000    
  -8.700561      -16.85172       26.04000    
  -9.037595      -15.28562       26.06000    
  -9.343307      -13.65885       26.08000    
  -9.616485      -11.97706       26.10000    
  -9.856026      -10.24609       26.12000    
  -10.06095      -8.472004       26.14000    
  -10.23039      -6.661034       26.16000    
  -10.36361      -4.819564       26.18000    
  -10.46000      -2.954114       26.20000    
  -10.51908      -1.071314       26.22000    
  -10.54051      0.8221203       26.24000    
  -10.52407       2.719412       26.26000    
  -10.46968       4.613744       26.28000    
  -10.37740       6.498286       26.30000    
  -10.24744       8.366219       26.32000    
  -10.08011       10.21076       26.34000    
  -9.875898       12.02518       26.36000    
  -9.635395       13.80284       26.38000    
  -9.359339       15.53721       26.40000    
  -9.048594       17.22189       26.42000    
  -8.704157       18.85064       26.44000    
  -8.327145       20.41739       26.46000    
  -7.918797       21.91627       26.48000    
  -7.480472       23.34165       26.50000    
  -7.013638       24.68814       26.52000    
  -6.519876       25.95059       26.54000    
  -6.000864       27.12417       26.56000    
  -5.458380       28.20433       26.58000    
  -4.894294       29.18683       26.60000    
  -4.310557       30.06781       26.62000    
  -3.709201       30.84371       26.64000    
  -3.092327       31.51136       26.66000    
  -2.462100       32.06798       26.68000    
  -1.820740       32.51116       26.70000    
  -1.170517       32.83889       26.72000    
 -0.5137395       33.04958       26.74000    
  0.1472521       33.14206       26.76000    
  0.8100932       33.11555       26.78000    
   1.472404       32.96973       26.80000    
   2.131799       32.70470       26.82000    
   2.785893       32.32098       26.84000    
   3.432312       31.81952       26.86000    
   4.068703       31.20170       26.88000    
   4.692737       30.46933       26.90000    
   5.302123       29.62464       26.92000    
   5.894616       28.67026       26.94000    
   6.468021       27.60923       26.96000    
   7.020205       26.44498       26.98000    
   7.549105       25.18134       27.00000    
   8.052732       23.82251       27.02000    
   8.529182       22.37301       27.04000    
   8.976643       20.83776       27.06000    
   9.393398       19.22197       27.08000    
   9.777838       17.53115       27.10000    
   10.12846       15.77114       27.12000    
   10.44388       13.94802       27.14000    
   10.72284       12.06812       27.16000    
   10.96421       10.13801       27.18000    
   11.16697       8.164453       27.20000    
   11.33026       6.154399       27.22000    
   11.45334       4.114953       27.24000    
   11.53564       2.053351       27.26000    
   11.57671     -2.3064613E-02   27.28000    
   11.57625      -2.106872       27.30000    
   11.53411      -4.190597       27.32000    
   11.45030      -6.266737       27.34000    
   11.32496      -8.327791       27.36000    
   11.15841      -10.36629       27.38000    
   10.95108      -12.37480       27.40000    
   10.70359      -14.34599       27.42000    
   10.41667      -16.27264       27.44000    
   10.09122      -18.14764       27.46000    
   9.728262      -19.96406       27.48000    
   9.328980      -21.71515       27.50000    
   8.894677      -23.39436       27.52000    
   8.426790      -24.99541       27.54000    
   7.926882      -26.51223       27.56000    
   7.396638      -27.93907       27.58000    
   6.837857      -29.27046       27.60000    
   6.252448      -30.50127       27.62000    
   5.642422      -31.62671       27.64000    
   5.009888      -32.64235       27.66000    
   4.357041      -33.54413       27.68000    
   3.686158      -34.32840       27.70000    
   2.999590      -34.99191       27.72000    
   2.299752      -35.53183       27.74000    
   1.589116      -35.94579       27.76000    
  0.8701999      -36.23183       27.78000    
  0.1455634      -36.38846       27.80000    
 -0.5822058      -36.41467       27.82000    
  -1.310499      -36.30987       27.84000    
  -2.036696      -36.07398       27.86000    
  -2.758176      -35.70737       27.88000    
  -3.472323      -35.21090       27.90000    
  -4.176541      -34.58588       27.92000    
  -4.868259      -33.83411       27.94000    
  -5.544941      -32.95782       27.96000    
  -6.204097      -31.95973       27.98000    
  -6.843292      -30.84299       28.00000    
  -7.460152      -29.61120       28.02000    
  -8.052376      -28.26838       28.04000    
  -8.617743      -26.81895       28.06000    
  -9.154122      -25.26775       28.08000    
  -9.659477      -23.62001       28.10000    
  -10.13188      -21.88131       28.12000    
  -10.56950      -20.05757       28.14000    
  -10.97066      -18.15506       28.16000    
  -11.33376      -16.18034       28.18000    
  -11.65736      -14.14026       28.20000    
  -11.94017      -12.04194       28.22000    
  -12.18101      -9.892707       28.24000    
  -12.37886      -7.700126       28.26000    
  -12.53286      -5.471931       28.28000    
  -12.64230      -3.216015       28.30000    
  -12.70662     -0.9404006       28.32000    
  -12.72543       1.346792       28.34000    
  -12.69850       3.637369       28.36000    
  -12.62575       5.923099       28.38000    
  -12.50729       8.195733       28.40000    
  -12.34337       10.44704       28.42000    
  -12.13443       12.66885       28.44000    
  -11.88105       14.85305       28.46000    
  -11.58399       16.99164       28.48000    
  -11.24416       19.07676       28.50000    
  -10.86263       21.10071       28.52000    
  -10.44061       23.05598       28.54000    
  -9.979492       24.93529       28.56000    
  -9.480786       26.73160       28.58000    
  -8.946155       28.43814       28.60000    
  -8.377392       30.04845       28.62000    
  -7.776423       31.55638       28.64000    
  -7.145296       32.95613       28.66000    
  -6.486173       34.24229       28.68000    
  -5.801327       35.40980       28.70000    
  -5.093131       36.45404       28.72000    
  -4.364050       37.37080       28.74000    
  -3.616634       38.15633       28.76000    
  -2.853508       38.80732       28.78000    
  -2.077361       39.32095       28.80000    
  -1.290942       39.69488       28.82000    
 -0.4970448       39.92725       28.84000    
  0.3015001       40.01672       28.86000    
   1.101834       39.96244       28.88000    
   1.901083       39.76411       28.90000    
   2.696365       39.42192       28.92000    
   3.484804       38.93658       28.94000    
   4.263535       38.30931       28.96000    
   5.029721       37.54187       28.98000    
   5.780559       36.63652       29.00000    
   6.513289       35.59602       29.02000    
   7.225209       34.42363       29.04000    
   7.913682       33.12309       29.06000    
   8.576144       31.69863       29.08000    
   9.210116       30.15492       29.10000    
   9.813215       28.49710       29.12000    
   10.38316       26.73072       29.14000    
   10.91777       24.86176       29.16000    
   11.41501       22.89656       29.18000    
   11.87294       20.84186       29.20000    
   12.28978       18.70473       29.22000    
   12.66387       16.49257       29.24000    
   12.99372       14.21307       29.26000    
   13.27798       11.87420       29.28000    
   13.51547       9.484163       29.30000    
   13.70515       7.051379       29.32000    
   13.84618       4.584452       29.34000    
   13.93787       2.092140       29.36000    
   13.97971     -0.4166758       29.38000    
   13.97138      -2.933023       29.40000    
   13.91272      -5.447871       29.42000    
   13.80376      -7.952160       29.44000    
   13.64472      -10.43684       29.46000    
   13.43598      -12.89289       29.48000    
   13.17812      -15.31136       29.50000    
   12.87189      -17.68342       29.52000    
   12.51823      -20.00036       29.54000    
   12.11822      -22.25364       29.56000    
   11.67315      -24.43493       29.58000    
   11.18445      -26.53609       29.60000    
   10.65373      -28.54929       29.62000    
   10.08274      -30.46696       29.64000    
   9.473402      -32.28186       29.66000    
   8.827765      -33.98707       29.68000    
   8.148024      -35.57607       29.70000    
   7.436502      -37.04271       29.72000    
   6.695648      -38.38128       29.74000    
   5.928022      -39.58649       29.76000    
   5.136292      -40.65354       29.78000    
   4.323222      -41.57807       29.80000    
   3.491660      -42.35625       29.82000    
   2.644535      -42.98475       29.84000    
   1.784840      -43.46077       29.86000    
  0.9156250      -43.78204       29.88000    
  3.9984345E-02  -43.94685       29.90000    
 -0.8389527      -43.95405       29.92000    
  -1.718034      -43.80304       29.94000    
  -2.594094      -43.49379       29.96000    
  -3.463970      -43.02685       29.98000    
  -4.324507      -42.40334       30.00000    
