   1.000000     -0.1800000      3.9999999E-02
  0.9964000     -0.3564000      5.9999999E-02
  0.9892720     -0.5286240      7.9999998E-02
  0.9786995     -0.6961205      9.9999994E-02
  0.9647771     -0.8583640      0.1200000    
  0.9476098      -1.014857      0.1400000    
  0.9273127      -1.165129      0.1600000    
  0.9040102      -1.308743      0.1800000    
  0.8778353      -1.445290      0.2000000    
  0.8489295      -1.574394      0.2200000    
  0.8174416      -1.695714      0.2400000    
  0.7835274      -1.808939      0.2600000    
  0.7473486      -1.913795      0.2800000    
  0.7090727      -2.010042      0.3000000    
  0.6688719      -2.097474      0.3200000    
  0.6269224      -2.175922      0.3400000    
  0.5834039      -2.245249      0.3600000    
  0.5384989      -2.305357      0.3800000    
  0.4923918      -2.356180      0.4000000    
  0.4452682      -2.397687      0.4200000    
  0.3973145      -2.429881      0.4400000    
  0.3487169      -2.452800      0.4600000    
  0.2996609      -2.466513      0.4800000    
  0.2503306      -2.471122      0.5000000    
  0.2009082      -2.466759      0.5200000    
  0.1515730      -2.453588      0.5400000    
  0.1025012      -2.431799      0.5600000    
  5.3865250E-02  -2.401613      0.5800000    
  5.8329850E-03  -2.363277      0.6000000    
 -4.1432548E-02  -2.317061      0.6200000    
 -8.7773770E-02  -2.263262      0.6400000    
 -0.1330390      -2.202198      0.6600000    
 -0.1770830      -2.134207      0.6800000    
 -0.2197671      -2.059648      0.7000000    
 -0.2609600      -1.978896      0.7200000    
 -0.3005380      -1.892346      0.7400000    
 -0.3383849      -1.800402      0.7600000    
 -0.3743929      -1.703485      0.7800000    
 -0.4084626      -1.602024      0.8000000    
 -0.4405031      -1.496461      0.8200000    
 -0.4704323      -1.387241      0.8400000    
 -0.4981771      -1.274818      0.8600000    
 -0.5236735      -1.159650      0.8800000    
 -0.5468665      -1.042196      0.9000000    
 -0.5677104     -0.9229159      0.9200000    
 -0.5861687     -0.8022698      0.9400000    
 -0.6022141     -0.6807140      0.9600000    
 -0.6158284     -0.5587012      0.9800000    
 -0.6270024     -0.4366781       1.000000    
 -0.6357360     -0.3150841       1.020000    
 -0.6420377     -0.1943499       1.040000    
 -0.6459247     -7.4896164E-02   1.060000    
 -0.6474226      4.2868204E-02   1.080000    
 -0.6465653      0.1585469       1.100000    
 -0.6433943      0.2717577       1.120000    
 -0.6379591      0.3821335       1.140000    
 -0.6303164      0.4893235       1.160000    
 -0.6205299      0.5929940       1.180000    
 -0.6086701      0.6928295       1.200000    
 -0.5948135      0.7885335       1.220000    
 -0.5790428      0.8798293       1.240000    
 -0.5614462      0.9664604       1.260000    
 -0.5421170       1.048192       1.280000    
 -0.5211532       1.124809       1.300000    
 -0.4986570       1.196120       1.320000    
 -0.4747346       1.261956       1.340000    
 -0.4494955       1.322169       1.360000    
 -0.4230521       1.376635       1.380000    
 -0.3955194       1.425251       1.400000    
 -0.3670143       1.467940       1.420000    
 -0.3376555       1.504644       1.440000    
 -0.3075627       1.535329       1.460000    
 -0.2768561       1.559984       1.480000    
 -0.2456564       1.578618       1.500000    
 -0.2140841       1.591264       1.520000    
 -0.1822588       1.597974       1.540000    
 -0.1502993       1.598821       1.560000    
 -0.1183229       1.593898       1.580000    
 -8.6444944E-02   1.583318       1.600000    
 -5.4778576E-02   1.567212       1.620000    
 -2.3434334E-02   1.545728       1.640000    
  7.4802283E-03   1.519032       1.660000    
  3.7860863E-02   1.487305       1.680000    
  6.7606956E-02   1.450744       1.700000    
  9.6621826E-02   1.409560       1.720000    
  0.1248130       1.363976       1.740000    
  0.1520925       1.314231       1.760000    
  0.1783772       1.260569       1.780000    
  0.2035885       1.203250       1.800000    
  0.2276535       1.142539       1.820000    
  0.2505043       1.078711       1.840000    
  0.2720785       1.012046       1.860000    
  0.2923194      0.9428307       1.880000    
  0.3111760      0.8713566       1.900000    
  0.3286031      0.7979178       1.920000    
  0.3445615      0.7228109       1.940000    
  0.3590177      0.6463336       1.960000    
  0.3719444      0.5687837       1.980000    
  0.3833201      0.4904580       2.000000    
  0.3931292      0.4116513       2.020000    
  0.4013622      0.3326550       2.040000    
  0.4080153      0.2537566       2.060000    
  0.4130905      0.1752388       2.080000    
  0.4165953      9.7377703E-02   2.100000    
  0.4185428      2.0443007E-02   2.120000    
  0.4189517     -5.5303559E-02   2.140000    
  0.4178456     -0.1296088       2.160000    
  0.4152534     -0.2022288       2.180000    
  0.4112088     -0.2729298       2.200000    
  0.4057502     -0.3414888       2.220000    
  0.3989205     -0.4076941       2.240000    
  0.3907666     -0.4713459       2.260000    
  0.3813397     -0.5322570       2.280000    
  0.3706945     -0.5902529       2.300000    
  0.3588895     -0.6451729       2.320000    
  0.3459860     -0.6968696       2.340000    
  0.3320486     -0.7452096       2.360000    
  0.3171444     -0.7900742       2.380000    
  0.3013429     -0.8313587       2.400000    
  0.2847158     -0.8689733       2.420000    
  0.2673363     -0.9028426       2.440000    
  0.2492795     -0.9329063       2.460000    
  0.2306213     -0.9591185       2.480000    
  0.2114390     -0.9814479       2.500000    
  0.1918100     -0.9998780       2.520000    
  0.1718124      -1.014406       2.540000    
  0.1515243      -1.025044       2.560000    
  0.1310234      -1.031818       2.580000    
  0.1103871      -1.034766       2.600000    
  8.9691766E-02  -1.033940       2.620000    
  6.9012970E-02  -1.029406       2.640000    
  4.8424855E-02  -1.021240       2.660000    
  2.8000059E-02  -1.009531       2.680000    
  7.8094285E-03 -0.9943809       2.700000    
 -1.2078188E-02 -0.9758990       2.720000    
 -3.1596169E-02 -0.9542069       2.740000    
 -5.0680310E-02 -0.9294355       2.760000    
 -6.9269016E-02 -0.9017243       2.780000    
 -8.7303504E-02 -0.8712214       2.800000    
 -0.1047279     -0.8380824       2.820000    
 -0.1214896     -0.8024697       2.840000    
 -0.1375390     -0.7645522       2.860000    
 -0.1528300     -0.7245042       2.880000    
 -0.1673201     -0.6825047       2.900000    
 -0.1809702     -0.6387370       2.920000    
 -0.1937449     -0.5933877       2.940000    
 -0.2056127     -0.5466458       2.960000    
 -0.2165456     -0.4987026       2.980000    
 -0.2265196     -0.4497504       3.000000    
 -0.2355147     -0.3999818       3.020000    
 -0.2435143     -0.3495896       3.040000    
 -0.2505061     -0.2987652       3.060000    
 -0.2564814     -0.2476988       3.080000    
 -0.2614354     -0.1965782       3.100000    
 -0.2653669     -0.1455882       3.120000    
 -0.2682787     -9.4910406E-02   3.140000    
 -0.2701769     -4.4722032E-02   3.160000    
 -0.2710713      4.8042536E-03   3.180000    
 -0.2709753      5.3501010E-02   3.200000    
 -0.2699052      0.1012065       3.220000    
 -0.2678811      0.1477653       3.240000    
 -0.2649258      0.1930286       3.260000    
 -0.2610652      0.2368547       3.280000    
 -0.2563281      0.2791093       3.300000    
 -0.2507460      0.3196662       3.320000    
 -0.2443526      0.3584071       3.340000    
 -0.2371845      0.3952225       3.360000    
 -0.2292800      0.4300112       3.380000    
 -0.2206798      0.4626814       3.400000    
 -0.2114262      0.4931501       3.420000    
 -0.2015632      0.5213438       3.440000    
 -0.1911363      0.5471983       3.460000    
 -0.1801923      0.5706589       3.480000    
 -0.1687792      0.5916803       3.500000    
 -0.1569456      0.6102269       3.520000    
 -0.1447410      0.6262726       3.540000    
 -0.1322156      0.6398005       3.560000    
 -0.1194195      0.6508033       3.580000    
 -0.1064035      0.6592828       3.600000    
 -9.3217820E-02  0.6652498       3.620000    
 -7.9912826E-02  0.6687240       3.640000    
 -6.6538349E-02  0.6697338       3.660000    
 -5.3143673E-02  0.6683161       3.680000    
 -3.9777353E-02  0.6645156       3.700000    
 -2.6487041E-02  0.6583852       3.720000    
 -1.3319337E-02  0.6499852       3.740000    
 -3.1963363E-04  0.6393830       3.760000    
  1.2468025E-02  0.6266528       3.780000    
  2.5001083E-02  0.6118755       3.800000    
  3.7238594E-02  0.5951378       3.820000    
  4.9141351E-02  0.5765321       3.840000    
  6.0671993E-02  0.5561560       3.860000    
  7.1795113E-02  0.5341120       3.880000    
  8.2477354E-02  0.5105066       3.900000    
  9.2687488E-02  0.4854506       3.920000    
  0.1023965      0.4590578       3.940000    
  0.1115777      0.4314453       3.960000    
  0.1202066      0.4027324       3.980000    
  0.1282612      0.3730406       4.000000    
  0.1357220      0.3424928       4.020000    
  0.1425719      0.3112129       4.040000    
  0.1487961      0.2793257       4.060000    
  0.1543827      0.2469559       4.080000    
  0.1593218      0.2142279       4.100000    
  0.1636063      0.1812654       4.120000    
  0.1672316      0.1481910       4.140000    
  0.1701955      0.1151254       4.160000    
  0.1724980      8.2187757E-02   4.180000    
  0.1741417      4.9494363E-02   4.200000    
  0.1751316      1.7158963E-02   4.220000    
  0.1754748     -1.4707912E-02   4.240000    
  0.1751806     -4.5999218E-02   4.260000    
  0.1742607     -7.6611750E-02   4.280000    
  0.1727284     -0.1064464       4.300000    
  0.1705995     -0.1354086       4.320000    
  0.1678913     -0.1634083       4.340000    
  0.1646232     -0.1903606       4.360000    
  0.1608159     -0.2161856       4.380000    
  0.1564922     -0.2408087       4.400000    
  0.1516761     -0.2641611       4.420000    
  0.1463928     -0.2861796       4.440000    
  0.1406692     -0.3068067       4.460000    
  0.1345331     -0.3259910       4.480000    
  0.1280133     -0.3436872       4.500000    
  0.1211395     -0.3598558       4.520000    
  0.1139424     -0.3744638       4.540000    
  0.1064531     -0.3874842       4.560000    
  9.8703459E-02 -0.3988961       4.580000    
  9.0725541E-02 -0.4086848       4.600000    
  8.2551844E-02 -0.4168417       4.620000    
  7.4215010E-02 -0.4233642       4.640000    
  6.5747723E-02 -0.4282556       4.660000    
  5.7182610E-02 -0.4315251       4.680000    
  4.8552111E-02 -0.4331874       4.700000    
  3.9888363E-02 -0.4332631       4.720000    
  3.1223103E-02 -0.4317777       4.740000    
  2.2587549E-02 -0.4287623       4.760000    
  1.4012303E-02 -0.4242528       4.780000    
  5.5272467E-03 -0.4182900       4.800000    
 -2.8385529E-03 -0.4109191       4.820000    
 -1.1056934E-02 -0.4021898       4.840000    
 -1.9100729E-02 -0.3921557       4.860000    
 -2.6943844E-02 -0.3808745       4.880000    
 -3.4561332E-02 -0.3684071       4.900000    
 -4.1929476E-02 -0.3548179       4.920000    
 -4.9025834E-02 -0.3401743       4.940000    
 -5.5829320E-02 -0.3245461       4.960000    
 -6.2320244E-02 -0.3080059       4.980000    
 -6.8480365E-02 -0.2906282       5.000000    
 -7.4292928E-02 -0.2724891       5.020000    
 -7.9742707E-02 -0.2536666       5.040000    
 -8.4816039E-02 -0.2342396       5.060000    
 -8.9500830E-02 -0.2142879       5.080000    
 -9.3786590E-02 -0.1938920       5.100000    
 -9.7664431E-02 -0.1731326       5.120000    
 -0.1011271     -0.1520903       5.140000    
 -0.1041689     -0.1308457       5.160000    
 -0.1067858     -0.1094784       5.180000    
 -0.1089754     -8.8067345E-02   5.200000    
 -0.1107367     -6.6690430E-02   5.220000    
 -0.1120705     -4.5424014E-02   5.240000    
 -0.1129790     -2.4342841E-02   5.260000    
 -0.1134659     -3.5197623E-03   5.280000    
 -0.1135363      1.6974488E-02   5.300000    
 -0.1131968      3.7071526E-02   5.320000    
 -0.1124553      5.6705512E-02   5.340000    
 -0.1113212      7.5813361E-02   5.360000    
 -0.1098050      9.4334915E-02   5.380000    
 -0.1079183      0.1122131       5.400000    
 -0.1056740      0.1293941       5.420000    
 -0.1030861      0.1458276       5.440000    
 -0.1001696      0.1614665       5.460000    
 -9.6940227E-02  0.1762677       5.480000    
 -9.3414873E-02  0.1901916       5.500000    
 -8.9611039E-02  0.2032024       5.520000    
 -8.5546993E-02  0.2152684       5.540000    
 -8.1241623E-02  0.2263615       5.560000    
 -7.6714396E-02  0.2364577       5.580000    
 -7.1985245E-02  0.2455372       5.600000    
 -6.7074500E-02  0.2535838       5.620000    
 -6.2002826E-02  0.2605855       5.640000    
 -5.6791116E-02  0.2665343       5.660000    
 -5.1460430E-02  0.2714260       5.680000    
 -4.6031911E-02  0.2752604       5.700000    
 -4.0526703E-02  0.2780409       5.720000    
 -3.4965884E-02  0.2797749       5.740000    
 -2.9370386E-02  0.2804733       5.760000    
 -2.3760920E-02  0.2801505       5.780000    
 -1.8157911E-02  0.2788244       5.800000    
 -1.2581423E-02  0.2765163       5.820000    
 -7.0510963E-03  0.2732507       5.840000    
 -1.5860829E-03  0.2690549       5.860000    
  3.7950142E-03  0.2639593       5.880000    
  9.0741999E-03  0.2579970       5.900000    
  1.4234140E-02  0.2512037       5.920000    
  1.9258212E-02  0.2436175       5.940000    
  2.4130562E-02  0.2352787       5.960000    
  2.8836135E-02  0.2262296       5.980000    
  3.3360727E-02  0.2165145       6.000000    
  3.7691016E-02  0.2061793       6.020000    
  4.1814603E-02  0.1952713       6.040000    
  4.5720030E-02  0.1838392       6.060000    
  4.9396813E-02  0.1719329       6.080000    
  5.2835472E-02  0.1596028       6.100000    
  5.6027528E-02  0.1469003       6.120000    
  5.8965534E-02  0.1338774       6.140000    
  6.1643083E-02  0.1205860       6.160000    
  6.4054802E-02  0.1070786       6.180000    
  6.6196375E-02  9.3407124E-02   6.200000    
  6.8064518E-02  7.9623632E-02   6.220000    
  6.9656990E-02  6.5779544E-02   6.240000    
  7.0972584E-02  5.1925696E-02   6.260000    
  7.2011098E-02  3.8112119E-02   6.280000    
  7.2773337E-02  2.4387879E-02   6.300000    
  7.3261097E-02  1.0800921E-02   6.320000    
  7.3477119E-02 -2.6020939E-03   6.340000    
  7.3425077E-02 -1.5775934E-02   6.360000    
  7.3109560E-02 -2.8676929E-02   6.380000    
  7.2536021E-02 -4.1263111E-02   6.400000    
  7.1710758E-02 -5.3494330E-02   6.420000    
  7.0640869E-02 -6.5332383E-02   6.440000    
  6.9334224E-02 -7.6741092E-02   6.460000    
  6.7799404E-02 -8.7686427E-02   6.480000    
  6.6045679E-02 -9.8136589E-02   6.500000    
  6.4082950E-02 -0.1080621       6.520000    
  6.1921708E-02 -0.1174358       6.540000    
  5.9572995E-02 -0.1262330       6.560000    
  5.7048336E-02 -0.1344315       6.580000    
  5.4359708E-02 -0.1420115       6.600000    
  5.1519476E-02 -0.1489560       6.620000    
  4.8540354E-02 -0.1552504       6.640000    
  4.5435347E-02 -0.1608827       6.660000    
  4.2217694E-02 -0.1658434       6.680000    
  3.8900826E-02 -0.1701257       6.700000    
  3.5498314E-02 -0.1737253       6.720000    
  3.2023806E-02 -0.1766405       6.740000    
  2.8490996E-02 -0.1788720       6.760000    
  2.4913557E-02 -0.1804229       6.780000    
  2.1305097E-02 -0.1812989       6.800000    
  1.7679119E-02 -0.1815079       6.820000    
  1.4048962E-02 -0.1810600       6.840000    
  1.0427763E-02 -0.1799676       6.860000    
  6.8284115E-03 -0.1782452       6.880000    
  3.2635073E-03 -0.1759094       6.900000    
 -2.5468133E-04 -0.1729787       6.920000    
 -3.7142546E-03 -0.1694733       6.940000    
 -7.1037197E-03 -0.1654152       6.960000    
 -1.0412024E-02 -0.1608282       6.980000    
 -1.3628589E-02 -0.1557375       7.000000    
 -1.6743340E-02 -0.1501696       7.020000    
 -1.9746732E-02 -0.1441524       7.040000    
 -2.2629781E-02 -0.1377150       7.060000    
 -2.5384080E-02 -0.1308873       7.080000    
 -2.8001826E-02 -0.1237004       7.100000    
 -3.0475834E-02 -0.1161861       7.120000    
 -3.2799557E-02 -0.1083767       7.140000    
 -3.4967091E-02 -0.1003053       7.160000    
 -3.6973197E-02 -9.2005089E-02   7.180000    
 -3.8813300E-02 -8.3509810E-02   7.200000    
 -4.0483497E-02 -7.4853219E-02   7.220000    
 -4.1980561E-02 -6.6069126E-02   7.240000    
 -4.3301944E-02 -5.7191242E-02   7.260000    
 -4.4445768E-02 -4.8253067E-02   7.280000    
 -4.5410831E-02 -3.9287768E-02   7.300000    
 -4.6196587E-02 -3.0328063E-02   7.320000    
 -4.6803150E-02 -2.1406118E-02   7.340000    
 -4.7231272E-02 -1.2553428E-02   7.360000    
 -4.7482342E-02 -3.8007312E-03   7.380000    
 -4.7558356E-02  4.8221042E-03   7.400000    
 -4.7461916E-02  1.3286166E-02   7.420000    
 -4.7196191E-02  2.1563588E-02   7.440000    
 -4.6764918E-02  2.9627629E-02   7.460000    
 -4.6172366E-02  3.7452761E-02   7.480000    
 -4.5423310E-02  4.5014732E-02   7.500000    
 -4.4523016E-02  5.2290633E-02   7.520000    
 -4.3477204E-02  5.9258964E-02   7.540000    
 -4.2292025E-02  6.5899685E-02   7.560000    
 -4.0974032E-02  7.2194256E-02   7.580000    
 -3.9530147E-02  7.8125693E-02   7.600000    
 -3.7967633E-02  8.3678603E-02   7.620000    
 -3.6294062E-02  8.8839203E-02   7.640000    
 -3.4517277E-02  9.3595348E-02   7.660000    
 -3.2645371E-02  9.7936548E-02   7.680000    
 -3.0686639E-02  0.1018540       7.700000    
 -2.8649559E-02  0.1053405       7.720000    
 -2.6542749E-02  0.1083906       7.740000    
 -2.4374938E-02  0.1110005       7.760000    
 -2.2154927E-02  0.1131680       7.780000    
 -1.9891568E-02  0.1148925       7.800000    
 -1.7593717E-02  0.1161751       7.820000    
 -1.5270215E-02  0.1170185       7.840000    
 -1.2929845E-02  0.1174268       7.860000    
 -1.0581309E-02  0.1174056       7.880000    
 -8.2331970E-03  0.1169621       7.900000    
 -5.8939541E-03  0.1161049       7.920000    
 -3.5718568E-03  0.1148437       7.940000    
 -1.2749829E-03  0.1131897       7.960000    
  9.8881195E-04  0.1111555       7.980000    
  3.2119208E-03  0.1087544       8.000000    
  5.3870077E-03  0.1060011       8.020000    
  7.5070299E-03  0.1029114       8.040000    
  9.5652584E-03  9.9501938E-02   8.059999    
  1.1555297E-02  9.5790155E-02   8.080000    
  1.3471100E-02  9.1794401E-02   8.099999    
  1.5306989E-02  8.7533712E-02   8.120000    
  1.7057663E-02  8.3027780E-02   8.139999    
  1.8718218E-02  7.8296848E-02   8.160000    
  2.0284155E-02  7.3361635E-02   8.179999    
  2.1751389E-02  6.8243258E-02   8.200000    
  2.3116253E-02  6.2963143E-02   8.220000    
  2.4375517E-02  5.7542954E-02   8.240000    
  2.5526376E-02  5.2004501E-02   8.260000    
  2.6566466E-02  4.6369664E-02   8.280000    
  2.7493859E-02  4.0660307E-02   8.300000    
  2.8307065E-02  3.4898207E-02   8.320000    
  2.9005030E-02  2.9104970E-02   8.340000    
  2.9587129E-02  2.3301966E-02   8.360000    
  3.0053169E-02  1.7510245E-02   8.380000    
  3.0403374E-02  1.1750470E-02   8.400000    
  3.0638384E-02  6.0428539E-03   8.420000    
  3.0759241E-02  4.0708762E-04   8.440000    
  3.0767383E-02 -5.1377178E-03   8.460000    
  3.0664628E-02 -1.0573093E-02   8.480000    
  3.0453166E-02 -1.5881265E-02   8.500000    
  3.0135540E-02 -2.1045208E-02   8.520000    
  2.9714637E-02 -2.6048701E-02   8.540000    
  2.9193662E-02 -3.0876361E-02   8.559999    
  2.8576136E-02 -3.5513692E-02   8.580000    
  2.7865862E-02 -3.9947122E-02   8.599999    
  2.7066920E-02 -4.4164035E-02   8.620000    
  2.6183639E-02 -4.8152801E-02   8.639999    
  2.5220582E-02 -5.1902801E-02   8.660000    
  2.4182526E-02 -5.5404451E-02   8.679999    
  2.3074437E-02 -5.8649216E-02   8.700000    
  2.1901453E-02 -6.1629631E-02   8.720000    
  2.0668861E-02 -6.4339302E-02   8.740000    
  1.9382074E-02 -6.6772908E-02   8.760000    
  1.8046616E-02 -6.8926223E-02   8.780000    
  1.6668091E-02 -7.0796087E-02   8.800000    
  1.5252169E-02 -7.2380424E-02   8.820000    
  1.3804561E-02 -7.3678203E-02   8.840000    
  1.2330997E-02 -7.4689463E-02   8.860000    
  1.0837208E-02 -7.5415254E-02   8.880000    
  9.3289027E-03 -7.5857647E-02   8.900000    
  7.8117498E-03 -7.6019697E-02   8.920000    
  6.2913559E-03 -7.5905420E-02   8.940000    
  4.7732475E-03 -7.5519755E-02   8.960000    
  3.2628523E-03 -7.4868545E-02   8.980000    
  1.7654814E-03 -7.3958486E-02   9.000000    
  2.8631173E-04 -7.2797105E-02   9.020000    
 -1.1696303E-03 -7.1392700E-02   9.040000    
 -2.5974843E-03 -6.9754310E-02   9.059999    
 -3.9925706E-03 -6.7891680E-02   9.080000    
 -5.3504040E-03 -6.5815181E-02   9.099999    
 -6.6667078E-03 -6.3535802E-02   9.120000    
 -7.9374239E-03 -6.1065078E-02   9.139999    
 -9.1587249E-03 -5.8415040E-02   9.160000    
 -1.0327025E-02 -5.5598170E-02   9.179999    
 -1.1438989E-02 -5.2627340E-02   9.200000    
 -1.2491535E-02 -4.9515776E-02   9.220000    
 -1.3481851E-02 -4.6276983E-02   9.240000    
 -1.4407391E-02 -4.2924710E-02   9.260000    
 -1.5265885E-02 -3.9472885E-02   9.280000    
 -1.6055342E-02 -3.5935570E-02   9.300000    
 -1.6774053E-02 -3.2326896E-02   9.320000    
 -1.7420590E-02 -2.8661028E-02   9.340000    
 -1.7993810E-02 -2.4952101E-02   9.360000    
 -1.8492851E-02 -2.1214172E-02   9.380000    
 -1.8917134E-02 -1.7461175E-02   9.400000    
 -1.9266358E-02 -1.3706868E-02   9.420000    
 -1.9540494E-02 -9.9647865E-03   9.440000    
 -1.9739790E-02 -6.2482022E-03   9.460000    
 -1.9864755E-02 -2.5700759E-03   9.480000    
 -1.9916156E-02  1.0569813E-03   9.500000    
 -1.9895017E-02  4.6207495E-03   9.520000    
 -1.9802602E-02  8.1094373E-03   9.540000    
 -1.9640414E-02  1.1511717E-02   9.559999    
 -1.9410180E-02  1.4816757E-02   9.580000    
 -1.9113844E-02  1.8014254E-02   9.599999    
 -1.8753558E-02  2.1094460E-02   9.620000    
 -1.8331669E-02  2.4048211E-02   9.639999    
 -1.7850704E-02  2.6866948E-02   9.660000    
 -1.7313365E-02  2.9542737E-02   9.679999    
 -1.6722510E-02  3.2068286E-02   9.700000    
 -1.6081143E-02  3.4436971E-02   9.719999    
 -1.5392404E-02  3.6642838E-02   9.740000    
 -1.4659547E-02  3.8680613E-02   9.760000    
 -1.3885935E-02  4.0545721E-02   9.780000    
 -1.3075020E-02  4.2234275E-02   9.800000    
 -1.2230335E-02  4.3743093E-02   9.820000    
 -1.1355473E-02  4.5069691E-02   9.840000    
 -1.0454079E-02  4.6212282E-02   9.860000    
 -9.5298337E-03  4.7169771E-02   9.880000    
 -8.5864384E-03  4.7941744E-02   9.900000    
 -7.6276036E-03  4.8528470E-02   9.920000    
 -6.6570342E-03  4.8930869E-02   9.940000    
 -5.6784167E-03  4.9150519E-02   9.960000    
 -4.6954062E-03  4.9189623E-02   9.980000    
 -3.7116138E-03  4.9051005E-02   10.00000    
 -2.7305938E-03  4.8738077E-02   10.02000    
 -1.7558322E-03  4.8254821E-02   10.04000    
 -7.9073582E-04  4.7605775E-02   10.06000    
  1.6137963E-04  4.6795994E-02   10.08000    
  1.0972995E-03  4.5831025E-02   10.10000    
  2.0139199E-03  4.4716891E-02   10.12000    
  2.9082578E-03  4.3460049E-02   10.14000    
  3.7774588E-03  4.2067360E-02   10.16000    
  4.6188058E-03  4.0546071E-02   10.18000    
  5.4297270E-03  3.8903765E-02   10.20000    
  6.2078023E-03  3.7148338E-02   10.22000    
  6.9507691E-03  3.5287965E-02   10.24000    
  7.6565286E-03  3.3331066E-02   10.26000    
  8.3231498E-03  3.1286269E-02   10.28000    
  8.9488756E-03  2.9162377E-02   10.30000    
  9.5321229E-03  2.6968332E-02   10.32000    
  1.0071490E-02  2.4713183E-02   10.34000    
  1.0565754E-02  2.2406051E-02   10.36000    
  1.1013875E-02  2.0056095E-02   10.38000    
  1.1414996E-02  1.7672475E-02   10.40000    
  1.1768445E-02  1.5264327E-02   10.42000    
  1.2073732E-02  1.2840720E-02   10.44000    
  1.2330546E-02  1.0410634E-02   10.46000    
  1.2538759E-02  7.9829227E-03   10.48000    
  1.2698418E-02  5.5662878E-03   10.50000    
  1.2809743E-02  3.1692467E-03   10.52000    
  1.2873128E-02  8.0010807E-04   10.54000    
  1.2889130E-02 -1.5330571E-03   10.56000    
  1.2858469E-02 -3.8224394E-03   10.58000    
  1.2782020E-02 -6.0605146E-03   10.60000    
  1.2660810E-02 -8.2400683E-03   10.62000    
  1.2496009E-02 -1.0354212E-02   10.64000    
  1.2288924E-02 -1.2396410E-02   10.66000    
  1.2040996E-02 -1.4360488E-02   10.68000    
  1.1753786E-02 -1.6240658E-02   10.70000    
  1.1428974E-02 -1.8031526E-02   10.72000    
  1.1068343E-02 -1.9728111E-02   10.74000    
  1.0673781E-02 -2.1325851E-02   10.76000    
  1.0247264E-02 -2.2820614E-02   10.78000    
  9.7908517E-03 -2.4208710E-02   10.80000    
  9.3066776E-03 -2.5486888E-02   10.82000    
  8.7969396E-03 -2.6652353E-02   10.84000    
  8.2638925E-03 -2.7702754E-02   10.86000    
  7.7098375E-03 -2.8636200E-02   10.88000    
  7.1371137E-03 -2.9451247E-02   10.90000    
  6.5480890E-03 -3.0146902E-02   10.92000    
  5.9451507E-03 -3.0722620E-02   10.94000    
  5.3306986E-03 -3.1178296E-02   10.96000    
  4.7071325E-03 -3.1514257E-02   10.98000    
  4.0768473E-03 -3.1731255E-02   11.00000    
  3.4422223E-03 -3.1830464E-02   11.02000    
  2.8056130E-03 -3.1813454E-02   11.04000    
  2.1693439E-03 -3.1682193E-02   11.06000    
  1.5357001E-03 -3.1439032E-02   11.08000    
  9.0691942E-04 -3.1086678E-02   11.10000    
  2.8518587E-04 -3.0628189E-02   11.12000    
 -3.2737793E-04 -3.0066960E-02   11.14000    
 -9.2871708E-04 -2.9406693E-02   11.16000    
 -1.5168509E-03 -2.8651390E-02   11.18000    
 -2.0898785E-03 -2.7805328E-02   11.20000    
 -2.6459852E-03 -2.6873043E-02   11.22000    
 -3.1834461E-03 -2.5859304E-02   11.24000    
 -3.7006321E-03 -2.4769098E-02   11.26000    
 -4.1960143E-03 -2.3607602E-02   11.28000    
 -4.6681664E-03 -2.2380168E-02   11.30000    
 -5.1157698E-03 -2.1092294E-02   11.32000    
 -5.5376156E-03 -1.9749610E-02   11.34000    
 -5.9326077E-03 -1.8357847E-02   11.36000    
 -6.2997648E-03 -1.6922820E-02   11.38000    
 -6.6382214E-03 -1.5450406E-02   11.40000    
 -6.9472296E-03 -1.3946518E-02   11.42000    
 -7.2261598E-03 -1.2417086E-02   11.44000    
 -7.4745016E-03 -1.0868036E-02   11.46000    
 -7.6918625E-03 -9.3052648E-03   11.48000    
 -7.8779683E-03 -7.7346242E-03   11.50000    
 -8.0326609E-03 -6.1618974E-03   11.52000    
 -8.1558991E-03 -4.5927805E-03   11.54000    
 -8.2477545E-03 -3.0328631E-03   11.56000    
 -8.3084116E-03 -1.4876100E-03   11.58000    
 -8.3381636E-03  3.7656282E-05   11.60000    
 -8.3374102E-03  1.5377726E-03   11.62000    
 -8.3066551E-03  3.0077510E-03   11.64000    
 -8.2465000E-03  4.4427938E-03   11.66000    
 -8.1576444E-03  5.8383076E-03   11.68000    
 -8.0408780E-03  7.1899174E-03   11.70000    
 -7.8970799E-03  8.4934775E-03   11.72000    
 -7.7272104E-03  9.7450819E-03   11.74000    
 -7.5323088E-03  1.0941078E-02   11.76000    
 -7.3134871E-03  1.2078072E-02   11.78000    
 -7.0719258E-03  1.3152938E-02   11.80000    
 -6.8088672E-03  1.4162826E-02   11.82000    
 -6.5256106E-03  1.5105166E-02   11.84000    
 -6.2235072E-03  1.5977671E-02   11.86000    
 -5.9039537E-03  1.6778350E-02   11.88000    
 -5.5683865E-03  1.7505495E-02   11.90000    
 -5.2182768E-03  1.8157694E-02   11.92000    
 -4.8551229E-03  1.8733831E-02   11.94000    
 -4.4804462E-03  1.9233076E-02   11.96000    
 -4.0957849E-03  1.9654894E-02   11.98000    
 -3.7026871E-03  1.9999038E-02   12.00000    
 -3.3027064E-03  2.0265542E-02   12.02000    
 -2.8973955E-03  2.0454718E-02   12.04000    
 -2.4883011E-03  2.0567155E-02   12.06000    
 -2.0769581E-03  2.0603705E-02   12.08000    
 -1.6648839E-03  2.0565484E-02   12.10000    
 -1.2535743E-03  2.0453854E-02   12.12000    
 -8.4449723E-04  2.0270420E-02   12.14000    
 -4.3908885E-04  2.0017020E-02   12.16000    
 -3.8748462E-05  1.9695716E-02   12.18000    
  3.5516586E-04  1.9308776E-02   12.20000    
  7.4134138E-04  1.8858671E-02   12.22000    
  1.1185148E-03  1.8348057E-02   12.24000    
  1.4854759E-03  1.7779764E-02   12.26000    
  1.8410712E-03  1.7156783E-02   12.28000    
  2.1842069E-03  1.6482254E-02   12.30000    
  2.5138520E-03  1.5759453E-02   12.32000    
  2.8290411E-03  1.4991770E-02   12.34000    
  3.1288764E-03  1.4182707E-02   12.36000    
  3.4125305E-03  1.3335856E-02   12.38000    
  3.6792476E-03  1.2454883E-02   12.40000    
  3.9283452E-03  1.1543521E-02   12.42000    
  4.1592154E-03  1.0605549E-02   12.44000    
  4.3713264E-03  9.6447784E-03   12.46000    
  4.5642219E-03  8.6650439E-03   12.48000    
  4.7375229E-03  7.6701832E-03   12.50000    
  4.8909266E-03  6.6640256E-03   12.52000    
  5.0242073E-03  5.6503783E-03   12.54000    
  5.1372149E-03  4.6330136E-03   12.56000    
  5.2298750E-03  3.6156545E-03   12.58000    
  5.3021880E-03  2.6019639E-03   12.60000    
  5.3542275E-03  1.5955309E-03   12.62000    
  5.3861383E-03  5.9985940E-04   12.64000    
  5.3981356E-03 -3.8164272E-04   12.66000    
  5.3905030E-03 -1.3456743E-03   12.68000    
  5.3635896E-03 -2.2890512E-03   12.70000    
  5.3178086E-03 -3.2087164E-03   12.72000    
  5.2536344E-03 -4.1017476E-03   12.74000    
  5.1715993E-03 -4.9653668E-03   12.76000    
  5.0722919E-03 -5.7969475E-03   12.78000    
  4.9563530E-03 -6.5940209E-03   12.80000    
  4.8244726E-03 -7.3542842E-03   12.82000    
  4.6773870E-03 -8.0756033E-03   12.84000    
  4.5158751E-03 -8.7560210E-03   12.86000    
  4.3407548E-03 -9.3937581E-03   12.88000    
  4.1528796E-03 -9.9872183E-03   12.90000    
  3.9531351E-03 -1.0534992E-02   12.92000    
  3.7424352E-03 -1.1035857E-02   12.94000    
  3.5217181E-03 -1.1488778E-02   12.96000    
  3.2919426E-03 -1.1892911E-02   12.98000    
  3.0540845E-03 -1.2247602E-02   13.00000    
  2.8091324E-03 -1.2552385E-02   13.02000    
  2.5580847E-03 -1.2806982E-02   13.04000    
  2.3019451E-03 -1.3011297E-02   13.06000    
  2.0417192E-03 -1.3165422E-02   13.08000    
  1.7784107E-03 -1.3269623E-02   13.10000    
  1.5130183E-03 -1.3324345E-02   13.12000    
  1.2465314E-03 -1.3330201E-02   13.14000    
  9.7992737E-04 -1.3287973E-02   13.16000    
  7.1416795E-04 -1.3198600E-02   13.18000    
  4.5019595E-04 -1.3063178E-02   13.20000    
  1.8893238E-04 -1.2882950E-02   13.22000    
 -6.8726600E-05 -1.2659298E-02   13.24000    
 -3.2191255E-04 -1.2393742E-02   13.26000    
 -5.6978734E-04 -1.2087923E-02   13.28000    
 -8.1154576E-04 -1.1743602E-02   13.30000    
 -1.0464177E-03 -1.1362652E-02   13.32000    
 -1.2736708E-03 -1.0947044E-02   13.34000    
 -1.4926117E-03 -1.0498842E-02   13.36000    
 -1.7025885E-03 -1.0020196E-02   13.38000    
 -1.9029924E-03 -9.5133260E-03   13.40000    
 -2.0932588E-03 -8.9805210E-03   13.42000    
 -2.2728692E-03 -8.4241237E-03   13.44000    
 -2.4413518E-03 -7.8465249E-03   13.46000    
 -2.5982822E-03 -7.2501511E-03   13.48000    
 -2.7432851E-03 -6.6374573E-03   13.50000    
 -2.8760342E-03 -6.0109170E-03   13.52000    
 -2.9962526E-03 -5.3730127E-03   13.54000    
 -3.1037128E-03 -4.7262269E-03   13.56000    
 -3.1982374E-03 -4.0730340E-03   13.58000    
 -3.2796981E-03 -3.4158905E-03   13.60000    
 -3.3480159E-03 -2.7572270E-03   13.62000    
 -3.4031605E-03 -2.0994397E-03   13.64000    
 -3.4451494E-03 -1.4448820E-03   13.66000    
 -3.4740469E-03 -7.9585746E-04   13.68000    
 -3.4899642E-03 -1.5461195E-04   13.70000    
 -3.4930564E-03  4.7667377E-04   13.72000    
 -3.4835229E-03  1.0958905E-03   13.74000    
 -3.4616052E-03  1.7010069E-03   13.76000    
 -3.4275851E-03  2.2900756E-03   13.78000    
 -3.3817836E-03  2.8612395E-03   13.80000    
 -3.3245587E-03  3.4127356E-03   13.82000    
 -3.2563040E-03  3.9429013E-03   13.84000    
 -3.1774458E-03  4.4501778E-03   13.86000    
 -3.0884424E-03  4.9331146E-03   13.88000    
 -2.9897802E-03  5.3903721E-03   13.90000    
 -2.8819728E-03  5.8207251E-03   13.92000    
 -2.7655584E-03  6.2230658E-03   13.94000    
 -2.6410972E-03  6.5964051E-03   13.96000    
 -2.5091690E-03  6.9398745E-03   13.98000    
 -2.3703715E-03  7.2527276E-03   14.00000    
 -2.2253168E-03  7.5343400E-03   14.02000    
 -2.0746300E-03  7.7842101E-03   14.04000    
 -1.9189458E-03  8.0019590E-03   14.06000    
 -1.7589066E-03  8.1873303E-03   14.08000    
 -1.5951600E-03  8.3401874E-03   14.10000    
 -1.4283563E-03  8.4605124E-03   14.12000    
 -1.2591460E-03  8.5484060E-03   14.14000    
 -1.0881779E-03  8.6040841E-03   14.16000    
 -9.1609621E-04  8.6278748E-03   14.18000    
 -7.4353872E-04  8.6202146E-03   14.20000    
 -5.7113444E-04  8.5816476E-03   14.22000    
 -3.9950150E-04  8.5128192E-03   14.24000    
 -2.2924512E-04  8.4144734E-03   14.26000    
 -6.0955659E-05  8.2874484E-03   14.28000    
  1.0479330E-04  8.1326719E-03   14.30000    
  2.6744674E-04  7.9511553E-03   14.32000    
  4.2646984E-04  7.7439919E-03   14.34000    
  5.8134965E-04  7.5123473E-03   14.36000    
  7.3159661E-04  7.2574574E-03   14.38000    
  8.7674573E-04  6.9806208E-03   14.40000    
  1.0163581E-03  6.6831941E-03   14.42000    
  1.1500220E-03  6.3665858E-03   14.44000    
  1.2773537E-03  6.0322504E-03   14.46000    
  1.3979988E-03  5.6816819E-03   14.48000    
  1.5116325E-03  5.3164084E-03   14.50000    
  1.6179606E-03  4.9379864E-03   14.52000    
  1.7167204E-03  4.5479937E-03   14.54000    
  1.8076802E-03  4.1480241E-03   14.56000    
  1.8906407E-03  3.7396811E-03   14.58000    
  1.9654343E-03  3.3245722E-03   14.60000    
  2.0319258E-03  2.9043027E-03   14.62000    
  2.0900120E-03  2.4804699E-03   14.64000    
  2.1396214E-03  2.0546583E-03   14.66000    
  2.1807146E-03  1.6284332E-03   14.68000    
  2.2132832E-03  1.2033359E-03   14.70000    
  2.2373500E-03  7.8087824E-04   14.72000    
  2.2529676E-03  3.6253768E-04   14.74000    
  2.2602184E-03 -5.0247239E-05   14.76000    
  2.2592135E-03 -4.5608162E-04   14.78000    
  2.2500919E-03 -8.5361837E-04   14.80000    
  2.2330196E-03 -1.2415625E-03   14.82000    
  2.2081884E-03 -1.6186747E-03   14.84000    
  2.1758149E-03 -1.9837751E-03   14.86000    
  2.1361394E-03 -2.3357463E-03   14.88000    
  2.0894245E-03 -2.6735365E-03   14.90000    
  2.0359538E-03 -2.9961623E-03   14.92000    
  1.9760306E-03 -3.3027106E-03   14.94000    
  1.9099765E-03 -3.5923419E-03   14.96000    
  1.8381296E-03 -3.8642909E-03   14.98000    
  1.7608438E-03 -4.1178684E-03   15.00000    
  1.6784865E-03 -4.3524629E-03   15.02000    
  1.5914373E-03 -4.5675412E-03   15.04000    
  1.5000864E-03 -4.7626491E-03   15.06000    
  1.4048334E-03 -4.9374118E-03   15.08000    
  1.3060851E-03 -5.0915335E-03   15.10000    
  1.2042545E-03 -5.2247983E-03   15.12000    
  1.0997585E-03 -5.3370683E-03   15.14000    
  9.9301722E-04 -5.4282835E-03   15.16000    
  8.8445155E-04 -5.4984610E-03   15.18000    
  7.7448232E-04 -5.5476930E-03   15.20000    
  6.6352845E-04 -5.5761458E-03   15.22000    
  5.5200554E-04 -5.5840579E-03   15.24000    
  4.4032439E-04 -5.5717379E-03   15.26000    
  3.2888964E-04 -5.5395616E-03   15.28000    
  2.1809840E-04 -5.4879705E-03   15.30000    
  1.0833899E-04 -5.4174690E-03   15.32000    
 -1.0382792E-08 -5.3286208E-03   15.34000    
 -1.0658280E-04 -5.2220463E-03   15.36000    
 -2.1102373E-04 -5.0984207E-03   15.38000    
 -3.1299214E-04 -4.9584680E-03   15.40000    
 -4.1216149E-04 -4.8029600E-03   15.42000    
 -5.0822069E-04 -4.6327119E-03   15.44000    
 -6.0087495E-04 -4.4485778E-03   15.46000    
 -6.8984652E-04 -4.2514489E-03   15.48000    
 -7.7487552E-04 -4.0422478E-03   15.50000    
 -8.5572049E-04 -3.8219253E-03   15.52000    
 -9.3215902E-04 -3.5914571E-03   15.54000    
 -1.0039882E-03 -3.3518395E-03   15.56000    
 -1.0710250E-03 -3.1040849E-03   15.58000    
 -1.1331068E-03 -2.8492187E-03   15.60000    
 -1.1900911E-03 -2.5882751E-03   15.62000    
 -1.2418566E-03 -2.3222931E-03   15.64000    
 -1.2883025E-03 -2.0523132E-03   15.66000    
 -1.3293488E-03 -1.7793725E-03   15.68000    
 -1.3649362E-03 -1.5045023E-03   15.70000    
 -1.3950263E-03 -1.2287237E-03   15.72000    
 -1.4196008E-03 -9.5304451E-04   15.74000    
 -1.4386617E-03 -6.7845546E-04   15.76000    
 -1.4522308E-03 -4.0592725E-04   15.78000    
 -1.4603494E-03 -1.3640715E-04   15.80000    
 -1.4630776E-03  1.2918387E-04   15.82000    
 -1.4604939E-03  3.8995416E-04   15.84000    
 -1.4526948E-03  6.4504397E-04   15.86000    
 -1.4397939E-03  8.9362811E-04   15.88000    
 -1.4219213E-03  1.1349184E-03   15.90000    
 -1.3992230E-03  1.3681658E-03   15.92000    
 -1.3718597E-03  1.5926627E-03   15.94000    
 -1.3400065E-03  1.8077441E-03   15.96000    
 -1.3038516E-03  2.0127904E-03   15.98000    
 -1.2635958E-03  2.2072280E-03   16.00000    
 -1.2194512E-03  2.3905307E-03   16.02000    
 -1.1716406E-03  2.5622211E-03   16.04000    
 -1.1203962E-03  2.7218719E-03   16.06000    
 -1.0659588E-03  2.8691059E-03   16.08000    
 -1.0085766E-03  3.0035963E-03   16.10000    
 -9.4850466E-04  3.1250683E-03   16.12000    
 -8.8600331E-04  3.2332977E-03   16.14000    
 -8.2133734E-04  3.3281124E-03   16.16000    
 -7.5477507E-04  3.4093908E-03   16.18000    
 -6.8658724E-04  3.4770626E-03   16.20000    
 -6.1704597E-04  3.5311070E-03   16.22000    
 -5.4642383E-04  3.5715532E-03   16.24000    
 -4.7499279E-04  3.5984784E-03   16.26000    
 -4.0302321E-04  3.6120075E-03   16.28000    
 -3.3078308E-04  3.6123116E-03   16.30000    
 -2.5853683E-04  3.5996062E-03   16.32000    
 -1.8654471E-04  3.5741506E-03   16.34000    
 -1.1506170E-04  3.5362456E-03   16.36000    
 -4.4336790E-05  3.4862317E-03   16.38000    
  2.5387839E-05  3.4244875E-03   16.40000    
  9.3877585E-05  3.3514281E-03   16.42000    
  1.6090614E-04  3.2675015E-03   16.44000    
  2.2625618E-04  3.1731883E-03   16.46000    
  2.8971993E-04  3.0689985E-03   16.48000    
  3.5109991E-04  2.9554688E-03   16.50000    
  4.1020929E-04  2.8331615E-03   16.52000    
  4.6687253E-04  2.7026606E-03   16.54000    
  5.2092574E-04  2.5645704E-03   16.56000    
  5.7221716E-04  2.4195123E-03   16.58000    
  6.2060740E-04  2.2681230E-03   16.60000    
  6.6596986E-04  2.1110512E-03   16.62000    
  7.0819090E-04  1.9489557E-03   16.64000    
  7.4717001E-04  1.7825023E-03   16.66000    
  7.8282005E-04  1.6123616E-03   16.68000    
  8.1506727E-04  1.4392068E-03   16.70000    
  8.4385142E-04  1.2637106E-03   16.72000    
  8.6912565E-04  1.0865431E-03   16.74000    
  8.9085649E-04  9.0836961E-04   16.76000    
  9.0902386E-04  7.2984805E-04   16.78000    
  9.2362083E-04  5.5162678E-04   16.80000    
  9.3465339E-04  3.7434249E-04   16.82000    
  9.4214024E-04  1.9861803E-04   16.84000    
  9.4611262E-04  2.5060450E-05   16.86000    
  9.4661384E-04 -1.4574101E-04   16.88000    
  9.4369904E-04 -3.1321670E-04   16.90000    
  9.3743473E-04 -4.7681818E-04   16.92000    
  9.2789839E-04 -6.3602009E-04   16.94000    
  9.1517798E-04 -7.9032138E-04   16.96000    
  8.9937157E-04 -9.3924697E-04   16.98000    
  8.8058662E-04 -1.0823489E-03   17.00000    
  8.5893966E-04 -1.2192074E-03   17.02000    
  8.3455554E-04 -1.3494324E-03   17.04000    
  8.0756692E-04 -1.4726637E-03   17.06000    
  7.7811367E-04 -1.5885725E-03   17.08000    
  7.4634224E-04 -1.6968616E-03   17.10000    
  7.1240502E-04 -1.7972660E-03   17.12000    
  6.7645969E-04 -1.8895535E-03   17.14000    
  6.3866860E-04 -1.9735252E-03   17.16000    
  5.9919810E-04 -2.0490149E-03   17.18000    
  5.5821781E-04 -2.1158902E-03   17.20000    
  5.1590003E-04 -2.1740515E-03   17.22000    
  4.7241899E-04 -2.2234325E-03   17.24000    
  4.2795035E-04 -2.2639993E-03   17.26000    
  3.8267038E-04 -2.2957504E-03   17.28000    
  3.3675536E-04 -2.3187161E-03   17.30000    
  2.9038102E-04 -2.3329577E-03   17.32000    
  2.4372188E-04 -2.3385671E-03   17.34000    
  1.9695054E-04 -2.3356657E-03   17.36000    
  1.5023723E-04 -2.3244035E-03   17.38000    
  1.0374916E-04 -2.3049582E-03   17.40000    
  5.7649999E-05 -2.2775338E-03   17.42000    
  1.2099325E-05 -2.2423600E-03   17.44000    
 -3.2747874E-05 -2.1996908E-03   17.46000    
 -7.6741693E-05 -2.1498024E-03   17.48000    
 -1.1973774E-04 -2.0929929E-03   17.50000    
 -1.6159759E-04 -2.0295803E-03   17.52000    
 -2.0218920E-04 -1.9599011E-03   17.54000    
 -2.4138723E-04 -1.8843090E-03   17.56000    
 -2.7907340E-04 -1.8031731E-03   17.58000    
 -3.1513686E-04 -1.7168764E-03   17.60000    
 -3.4947437E-04 -1.6258142E-03   17.62000    
 -3.8199066E-04 -1.5303926E-03   17.64000    
 -4.1259851E-04 -1.4310264E-03   17.66000    
 -4.4121905E-04 -1.3281382E-03   17.68000    
 -4.6778182E-04 -1.2221560E-03   17.70000    
 -4.9222494E-04 -1.1135121E-03   17.72000    
 -5.1449519E-04 -1.0026414E-03   17.74000    
 -5.3454802E-04 -8.8997942E-04   17.76000    
 -5.5234763E-04 -7.7596121E-04   17.78000    
 -5.6786684E-04 -6.6101941E-04   17.80000    
 -5.8108725E-04 -5.4558297E-04   17.82000    
 -5.9199892E-04 -4.3007563E-04   17.84000    
 -6.0060044E-04 -3.1491433E-04   17.86000    
 -6.0689874E-04 -2.0050796E-04   17.88000    
 -6.1090890E-04 -8.7256027E-05   17.90000    
 -6.1265402E-04  2.4452696E-05   17.92000    
 -6.1216496E-04  1.3424136E-04   17.94000    
 -6.0948014E-04  2.4174622E-04   17.96000    
 -6.0464523E-04  3.4661771E-04   17.98000    
 -5.9771287E-04  4.4852152E-04   18.00000    
 -5.8874243E-04  5.4713938E-04   18.02000    
 -5.7779963E-04  6.4217026E-04   18.04000    
 -5.6495622E-04  7.3333079E-04   18.06000    
 -5.5028958E-04  8.2035630E-04   18.08000    
 -5.3388247E-04  9.0300129E-04   18.10000    
 -5.1582244E-04  9.8104007E-04   18.12000    
 -4.9620162E-04  1.0542673E-03   18.14000    
 -4.7511628E-04  1.1224982E-03   18.16000    
 -4.5266631E-04  1.1855691E-03   18.18000    
 -4.2895493E-04  1.2433376E-03   18.20000    
 -4.0408818E-04  1.2956827E-03   18.22000    
 -3.7817453E-04  1.3425050E-03   18.24000    
 -3.5132444E-04  1.3837263E-03   18.26000    
 -3.2364993E-04  1.4192901E-03   18.28000    
 -2.9526412E-04  1.4491613E-03   18.30000    
 -2.6628090E-04  1.4733257E-03   18.32000    
 -2.3681439E-04  1.4917897E-03   18.34000    
 -2.0697860E-04  1.5045805E-03   18.36000    
 -1.7688698E-04  1.5117450E-03   18.38000    
 -1.4665208E-04  1.5133498E-03   18.40000    
 -1.1638508E-04  1.5094802E-03   18.42000    
 -8.6195476E-05  1.5002399E-03   18.44000    
 -5.6190678E-05  1.4857503E-03   18.46000    
 -2.6475673E-05  1.4661496E-03   18.48000    
  2.8473187E-06  1.4415922E-03   18.50000    
  3.1679163E-05  1.4122479E-03   18.52000    
  5.9924118E-05  1.3783007E-03   18.54000    
  8.7490131E-05  1.3399484E-03   18.56000    
  1.1428910E-04  1.2974011E-03   18.58000    
  1.4023713E-04  1.2508811E-03   18.60000    
  1.6525475E-04  1.2006208E-03   18.62000    
  1.8926717E-04  1.1468625E-03   18.64000    
  2.1220442E-04  1.0898572E-03   18.66000    
  2.3400156E-04  1.0298633E-03   18.68000    
  2.5459882E-04  9.6714572E-04   18.70000    
  2.7394173E-04  9.0197503E-04   18.72000    
  2.9198121E-04  8.3462603E-04   18.74000    
  3.0867374E-04  7.6537690E-04   18.76000    
  3.2398128E-04  6.9450808E-04   18.78000    
  3.3787143E-04  6.2230130E-04   18.80000    
  3.5031745E-04  5.4903841E-04   18.82000    
  3.6129821E-04  4.7500050E-04   18.84000    
  3.7079823E-04  4.0046682E-04   18.86000    
  3.7880757E-04  3.2571380E-04   18.88000    
  3.8532185E-04  2.5101416E-04   18.90000    
  3.9034215E-04  1.7663595E-04   18.92000    
  3.9387486E-04  1.0284164E-04   18.94000    
  3.9593168E-04  2.9887342E-05   18.96000    
  3.9652942E-04 -4.1978106E-05   18.98000    
  3.9568986E-04 -1.1251384E-04   19.00000    
  3.9343958E-04 -1.8148773E-04   19.02000    
  3.8980984E-04 -2.4867710E-04   19.04000    
  3.8483628E-04 -3.1386933E-04   19.06000    
  3.7855891E-04 -3.7686247E-04   19.08000    
  3.7102166E-04 -4.3746582E-04   19.10000    
  3.6227235E-04 -4.9550040E-04   19.12000    
  3.5236235E-04 -5.5079942E-04   19.14000    
  3.4134637E-04 -6.0320867E-04   19.16000    
  3.2928219E-04 -6.5258687E-04   19.18000    
  3.1623046E-04 -6.9880590E-04   19.20000    
  3.0225434E-04 -7.4175128E-04   19.22000    
  2.8741930E-04 -7.8132201E-04   19.24000    
  2.7179287E-04 -8.1743102E-04   19.26000    
  2.5544426E-04 -8.5000513E-04   19.28000    
  2.3844416E-04 -8.7898498E-04   19.30000    
  2.2086446E-04 -9.0432522E-04   19.32000    
  2.0277796E-04 -9.2599430E-04   19.34000    
  1.8425807E-04 -9.4397448E-04   19.36000    
  1.6537857E-04 -9.5826143E-04   19.38000    
  1.4621334E-04 -9.6886436E-04   19.40000    
  1.2683605E-04 -9.7580545E-04   19.42000    
  1.0731994E-04 -9.7911980E-04   19.44000    
  8.7737542E-05 -9.7885495E-04   19.46000    
  6.8160443E-05 -9.7507064E-04   19.48000    
  4.8659029E-05 -9.6783810E-04   19.50000    
  2.9302268E-05 -9.5723994E-04   19.52000    
  1.0157470E-05 -9.4336958E-04   19.54000    
 -8.7099215E-06 -9.2633051E-04   19.56000    
 -2.7236531E-05 -9.0623612E-04   19.58000    
 -4.5361252E-05 -8.8320882E-04   19.60000    
 -6.3025429E-05 -8.5737964E-04   19.62000    
 -8.0173020E-05 -8.2888745E-04   19.64000    
 -9.6750766E-05 -7.9787854E-04   19.66000    
 -1.1270834E-04 -7.6450582E-04   19.68000    
 -1.2799846E-04 -7.2892819E-04   19.70000    
 -1.4257702E-04 -6.9130992E-04   19.72000    
 -1.5640321E-04 -6.5181986E-04   19.74000    
 -1.6943961E-04 -6.1063090E-04   19.76000    
 -1.8165223E-04 -5.6791917E-04   19.78000    
 -1.9301061E-04 -5.2386336E-04   19.80000    
 -2.0348787E-04 -4.7864419E-04   19.82000    
 -2.1306076E-04 -4.3244348E-04   19.84000    
 -2.2170963E-04 -3.8544368E-04   19.86000    
 -2.2941851E-04 -3.3782708E-04   19.88000    
 -2.3617505E-04 -2.8977520E-04   19.90000    
 -2.4197056E-04 -2.4146819E-04   19.92000    
 -2.4679993E-04 -1.9308412E-04   19.94000    
 -2.5066160E-04 -1.4479845E-04   19.96000    
 -2.5355758E-04 -9.6783398E-05   19.98000    
 -2.5549324E-04 -4.9207363E-05   20.00000    
 -2.5647739E-04 -2.2344320E-06   20.02000    
 -2.5652206E-04  4.3976186E-05   20.04000    
 -2.5564255E-04  8.9270630E-05   20.06000    
 -2.5385714E-04  1.3350087E-04   20.08000    
 -2.5118713E-04  1.7652514E-04   20.10000    
 -2.4765663E-04  2.1820831E-04   20.12000    
 -2.4329247E-04  2.5842234E-04   20.14000    
 -2.3812402E-04  2.9704653E-04   20.16000    
 -2.3218308E-04  3.3396791E-04   20.18000    
 -2.2550373E-04  3.6908151E-04   20.20000    
 -2.1812209E-04  4.0229055E-04   20.22000    
 -2.1007628E-04  4.3350671E-04   20.24000    
 -2.0140615E-04  4.6265029E-04   20.26000    
 -1.9215314E-04  4.8965041E-04   20.28000    
 -1.8236013E-04  5.1444495E-04   20.30000    
 -1.7207123E-04  5.3698086E-04   20.32000    
 -1.6133161E-04  5.5721408E-04   20.34000    
 -1.5018733E-04  5.7510950E-04   20.36000    
 -1.3868515E-04  5.9064105E-04   20.38000    
 -1.2687233E-04  6.0379156E-04   20.40000    
 -1.1479649E-04  6.1455276E-04   20.42000    
 -1.0250544E-04  6.2292506E-04   20.44000    
 -9.0046939E-05  6.2891754E-04   20.46000    
 -7.7468590E-05  6.3254766E-04   20.48000    
 -6.4817636E-05  6.3384103E-04   20.50000    
 -5.2140815E-05  6.3283136E-04   20.52000    
 -3.9484188E-05  6.2956009E-04   20.54000    
 -2.6892987E-05  6.2407606E-04   20.56000    
 -1.4411467E-05  6.1643525E-04   20.58000    
 -2.0827620E-06  6.0670060E-04   20.60000    
  1.0051250E-05  5.9494149E-04   20.62000    
  2.1950080E-05  5.8123341E-04   20.64000    
  3.3574746E-05  5.6565774E-04   20.66000    
  4.4887900E-05  5.4830115E-04   20.68000    
  5.5853921E-05  5.2925531E-04   20.70000    
  6.6439025E-05  5.0861650E-04   20.72000    
  7.6611352E-05  4.8648514E-04   20.74000    
  8.6341053E-05  4.6296540E-04   20.76000    
  9.5600364E-05  4.3816472E-04   20.78000    
  1.0436366E-04  4.1219336E-04   20.80000    
  1.1260752E-04  3.8516402E-04   20.82000    
  1.2031080E-04  3.5719140E-04   20.84000    
  1.2745464E-04  3.2839162E-04   20.86000    
  1.3402247E-04  2.9888196E-04   20.88000    
  1.4000011E-04  2.6878028E-04   20.90000    
  1.4537571E-04  2.3820465E-04   20.92000    
  1.5013981E-04  2.0727293E-04   20.94000    
  1.5428527E-04  1.7610230E-04   20.96000    
  1.5780731E-04  1.4480890E-04   20.98000    
  1.6070349E-04  1.1350741E-04   21.00000    
  1.6297364E-04  8.2310638E-05   21.02000    
  1.6461985E-04  5.1329171E-05   21.04000    
  1.6564643E-04  2.0671014E-05   21.06000    
  1.6605985E-04 -9.5587638E-06   21.08000    
  1.6586868E-04 -3.9258361E-05   21.10000    
  1.6508352E-04 -6.8329551E-05   21.12000    
  1.6371693E-04 -9.6677992E-05   21.14000    
  1.6178338E-04 -1.2421347E-04   21.16000    
  1.5929910E-04 -1.5085022E-04   21.18000    
  1.5628210E-04 -1.7650705E-04   21.20000    
  1.5275196E-04 -2.0110769E-04   21.22000    
  1.4872981E-04 -2.2458089E-04   21.24000    
  1.4423819E-04 -2.4686064E-04   21.26000    
  1.3930097E-04 -2.6788629E-04   21.28000    
  1.3394325E-04 -2.8760274E-04   21.30000    
  1.2819120E-04 -3.0596048E-04   21.32000    
  1.2207199E-04 -3.2291567E-04   21.34000    
  1.1561367E-04 -3.3843031E-04   21.36000    
  1.0884507E-04 -3.5247215E-04   21.38000    
  1.0179562E-04 -3.6501483E-04   21.40000    
  9.4495328E-05 -3.7603773E-04   21.42000    
  8.6974571E-05 -3.8552613E-04   21.44000    
  7.9264049E-05 -3.9347104E-04   21.46000    
  7.1394628E-05 -3.9986914E-04   21.48000    
  6.3397245E-05 -4.0472278E-04   21.50000    
  5.5302789E-05 -4.0803984E-04   21.52000    
  4.7141992E-05 -4.0983353E-04   21.54000    
  3.8945320E-05 -4.1012242E-04   21.56000    
  3.0742871E-05 -4.0893012E-04   21.58000    
  2.2564269E-05 -4.0628522E-04   21.60000    
  1.4438565E-05 -4.0222108E-04   21.62000    
  6.3941434E-06 -3.9677561E-04   21.64000    
 -1.5413689E-06 -3.8999104E-04   21.66000    
 -9.3411891E-06 -3.8191376E-04   21.68000    
 -1.6979464E-05 -3.7259408E-04   21.70000    
 -2.4431345E-05 -3.6208591E-04   21.72000    
 -3.1673062E-05 -3.5044656E-04   21.74000    
 -3.8681992E-05 -3.3773648E-04   21.76000    
 -4.5436722E-05 -3.2401900E-04   21.78000    
 -5.1917101E-05 -3.0936001E-04   21.80000    
 -5.8104302E-05 -2.9382773E-04   21.82000    
 -6.3980857E-05 -2.7749239E-04   21.84000    
 -6.9530703E-05 -2.6042599E-04   21.86000    
 -7.4739219E-05 -2.4270195E-04   21.88000    
 -7.9593257E-05 -2.2439485E-04   21.90000    
 -8.4081155E-05 -2.0558017E-04   21.92000    
 -8.8192755E-05 -1.8633396E-04   21.94000    
 -9.1919435E-05 -1.6673259E-04   21.96000    
 -9.5254087E-05 -1.4685243E-04   21.98000    
 -9.8191136E-05 -1.2676965E-04   22.00000    
 -1.0072653E-04 -1.0655985E-04   22.02000    
 -1.0285772E-04 -8.6297878E-05   22.04000    
 -1.0458368E-04 -6.6057532E-05   22.06000    
 -1.0590484E-04 -4.5911318E-05   22.08000    
 -1.0682306E-04 -2.5930221E-05   22.10000    
 -1.0734166E-04 -6.1834653E-06   22.12000    
 -1.0746533E-04  1.3261702E-05   22.14000    
 -1.0720010E-04  3.2340227E-05   22.16000    
 -1.0655330E-04  5.0989442E-05   22.18000    
 -1.0553351E-04  6.9149246E-05   22.20000    
 -1.0415052E-04  8.6762295E-05   22.22000    
 -1.0241528E-04  1.0377415E-04   22.24000    
 -1.0033980E-04  1.2013341E-04   22.26000    
 -9.7937133E-05  1.3579191E-04   22.28000    
 -9.5221294E-05  1.5070476E-04   22.30000    
 -9.2207199E-05  1.6483049E-04   22.32000    
 -8.8910587E-05  1.7813117E-04   22.34000    
 -8.5347965E-05  1.9057245E-04   22.36000    
 -8.1536513E-05  2.0212363E-04   22.38000    
 -7.7494042E-05  2.1275773E-04   22.40000    
 -7.3238887E-05  2.2245150E-04   22.42000    
 -6.8789857E-05  2.3118548E-04   22.44000    
 -6.4166146E-05  2.3894395E-04   22.46000    
 -5.9387268E-05  2.4571497E-04   22.48000    
 -5.4472970E-05  2.5149039E-04   22.50000    
 -4.9443162E-05  2.5626572E-04   22.52000    
 -4.4317847E-05  2.6004016E-04   22.54000    
 -3.9117043E-05  2.6281658E-04   22.56000    
 -3.3860713E-05  2.6460132E-04   22.58000    
 -2.8568687E-05  2.6540423E-04   22.60000    
 -2.3260603E-05  2.6523852E-04   22.62000    
 -1.7955834E-05  2.6412067E-04   22.64000    
 -1.2673420E-05  2.6207030E-04   22.66000    
 -7.4320142E-06  2.5911012E-04   22.68000    
 -2.2498120E-06  2.5526568E-04   22.70000    
  2.8555014E-06  2.5056532E-04   22.72000    
  7.8668072E-06  2.4504002E-04   22.74000    
  1.2767608E-05  2.3872319E-04   22.76000    
  1.7542072E-05  2.3165056E-04   22.78000    
  2.2175083E-05  2.2385997E-04   22.80000    
  2.6652282E-05  2.1539125E-04   22.82000    
  3.0960106E-05  2.0628601E-04   22.84000    
  3.5085824E-05  1.9658747E-04   22.86000    
  3.9017574E-05  1.8634027E-04   22.88000    
  4.2744377E-05  1.7559031E-04   22.90000    
  4.6256184E-05  1.6438452E-04   22.92000    
  4.9543873E-05  1.5277072E-04   22.94000    
  5.2599287E-05  1.4079741E-04   22.96000    
  5.5415236E-05  1.2851358E-04   22.98000    
  5.7985508E-05  1.1596857E-04   23.00000    
  6.0304879E-05  1.0321181E-04   23.02000    
  6.2369116E-05  9.0292699E-05   23.04000    
  6.4174972E-05  7.7260403E-05   23.06000    
  6.5720182E-05  6.4163702E-05   23.08000    
  6.7003457E-05  5.1050796E-05   23.10000    
  6.8024470E-05  3.7969159E-05   23.12000    
  6.8783855E-05  2.4965371E-05   23.14000    
  6.9283160E-05  1.2084970E-05   23.16000    
  6.9524860E-05 -6.2769777E-07   23.18000    
  6.9512309E-05 -1.3129618E-05   23.20000    
  6.9249720E-05 -2.5379242E-05   23.22000    
  6.8742134E-05 -3.7336606E-05   23.24000    
  6.7995403E-05 -4.8963459E-05   23.26000    
  6.7016132E-05 -6.0223363E-05   23.28000    
  6.5811662E-05 -7.1081799E-05   23.30000    
  6.4390028E-05 -8.1506259E-05   23.32000    
  6.2759900E-05 -9.1466340E-05   23.34000    
  6.0930572E-05 -1.0093379E-04   23.36000    
  5.8911897E-05 -1.0988262E-04   23.38000    
  5.6714245E-05 -1.1828911E-04   23.40000    
  5.4348464E-05 -1.2613188E-04   23.42000    
  5.1825828E-05 -1.3339196E-04   23.44000    
  4.9157989E-05 -1.4005277E-04   23.46000    
  4.6356934E-05 -1.4610015E-04   23.48000    
  4.3434931E-05 -1.5152240E-04   23.50000    
  4.0404484E-05 -1.5631024E-04   23.52000    
  3.7278278E-05 -1.6045684E-04   23.54000    
  3.4069140E-05 -1.6395780E-04   23.56000    
  3.0789983E-05 -1.6681109E-04   23.58000    
  2.7453762E-05 -1.6901706E-04   23.60000    
  2.4073421E-05 -1.7057839E-04   23.62000    
  2.0661853E-05 -1.7150004E-04   23.64000    
  1.7231852E-05 -1.7178917E-04   23.66000    
  1.3796069E-05 -1.7145512E-04   23.68000    
  1.0366966E-05 -1.7050930E-04   23.70000    
  6.9567805E-06 -1.6896517E-04   23.72000    
  3.5774772E-06 -1.6683809E-04   23.74000    
  2.4071551E-07 -1.6414527E-04   23.76000    
 -3.0421897E-06 -1.6090569E-04   23.78000    
 -6.2603035E-06 -1.5713999E-04   23.80000    
 -9.4031038E-06 -1.5287034E-04   23.82000    
 -1.2460510E-05 -1.4812038E-04   23.84000    
 -1.5422918E-05 -1.4291509E-04   23.86000    
 -1.8281220E-05 -1.3728066E-04   23.88000    
 -2.1026834E-05 -1.3124442E-04   23.90000    
 -2.3651723E-05 -1.2483471E-04   23.92000    
 -2.6148417E-05 -1.1808071E-04   23.94000    
 -2.8510030E-05 -1.1101238E-04   23.96000    
 -3.0730276E-05 -1.0366033E-04   23.98000    
 -3.2803484E-05 -9.6055672E-05   24.00000    
 -3.4724599E-05 -8.8229928E-05   24.02000    
 -3.6489197E-05 -8.0214901E-05   24.04000    
 -3.8093494E-05 -7.2042545E-05   24.06000    
 -3.9534345E-05 -6.3744868E-05   24.08000    
 -4.0809242E-05 -5.5353790E-05   24.10000    
 -4.1916319E-05 -4.6901052E-05   24.12000    
 -4.2854339E-05 -3.8418093E-05   24.14000    
 -4.3622702E-05 -2.9935949E-05   24.16000    
 -4.4221422E-05 -2.1485142E-05   24.18000    
 -4.4651126E-05 -1.3095584E-05   24.20000    
 -4.4913038E-05 -4.7964695E-06   24.22000    
 -4.5008968E-05  3.3838060E-06   24.24000    
 -4.4941291E-05  1.1417744E-05   24.26000    
 -4.4712935E-05  1.9278821E-05   24.28000    
 -4.4327360E-05  2.6941572E-05   24.30000    
 -4.3788528E-05  3.4381665E-05   24.32000    
 -4.3100896E-05  4.1575964E-05   24.34000    
 -4.2269377E-05  4.8502607E-05   24.36000    
 -4.1299325E-05  5.5141041E-05   24.38000    
 -4.0196504E-05  6.1472099E-05   24.40000    
 -3.8967064E-05  6.7478031E-05   24.42000    
 -3.7617505E-05  7.3142539E-05   24.44000    
 -3.6154655E-05  7.8450837E-05   24.46000    
 -3.4585639E-05  8.3389656E-05   24.48000    
 -3.2917847E-05  8.7947279E-05   24.50000    
 -3.1158903E-05  9.2113543E-05   24.52000    
 -2.9316632E-05  9.5879877E-05   24.54000    
 -2.7399035E-05  9.9239274E-05   24.56000    
 -2.5414251E-05  1.0218631E-04   24.58000    
 -2.3370525E-05  1.0471715E-04   24.60000    
 -2.1276182E-05  1.0682950E-04   24.62000    
 -1.9139592E-05  1.0852262E-04   24.64000    
 -1.6969139E-05  1.0979730E-04   24.66000    
 -1.4773193E-05  1.1065580E-04   24.68000    
 -1.2560077E-05  1.1110186E-04   24.70000    
 -1.0338040E-05  1.1114063E-04   24.72000    
 -8.1152275E-06  1.1077867E-04   24.74000    
 -5.8996543E-06  1.1002384E-04   24.76000    
 -3.6991776E-06  1.0888530E-04   24.78000    
 -1.5214716E-06  1.0737344E-04   24.80000    
  6.2599702E-07  1.0549984E-04   24.82000    
  2.7359936E-06  1.0327716E-04   24.84000    
  4.8015368E-06  1.0071914E-04   24.86000    
  6.8159197E-06  9.7840479E-05   24.88000    
  8.7727294E-06  9.4656803E-05   24.90000    
  1.0665865E-05  9.1184578E-05   24.92000    
  1.2489557E-05  8.7441033E-05   24.94000    
  1.4238378E-05  8.3444094E-05   24.96000    
  1.5907259E-05  7.9212303E-05   24.98000    
  1.7491504E-05  7.4764750E-05   25.00000    
  1.8986799E-05  7.0120986E-05   25.02000    
  2.0389218E-05  6.5300941E-05   25.04000    
  2.1695236E-05  6.0324863E-05   25.06000    
  2.2901733E-05  5.5213222E-05   25.08000    
  2.4005998E-05  4.9986647E-05   25.10000    
  2.5005731E-05  4.4665834E-05   25.12000    
  2.5899048E-05  3.9271486E-05   25.14000    
  2.6684478E-05  3.3824228E-05   25.16000    
  2.7360962E-05  2.8344537E-05   25.18000    
  2.7927852E-05  2.2852673E-05   25.20000    
  2.8384906E-05  1.7368606E-05   25.22000    
  2.8732278E-05  1.1911950E-05   25.24000    
  2.8970517E-05  6.5019012E-06   25.26000    
  2.9100554E-05  1.1571701E-06   25.28000    
  2.9123697E-05 -4.1040730E-06   25.30000    
  2.9041616E-05 -9.2642567E-06   25.32000    
  2.8856330E-05 -1.4306463E-05   25.34000    
  2.8570201E-05 -1.9214473E-05   25.36000    
  2.8185912E-05 -2.3972820E-05   25.38000    
  2.7706456E-05 -2.8566827E-05   25.40000    
  2.7135118E-05 -3.2982651E-05   25.42000    
  2.6475465E-05 -3.7207319E-05   25.44000    
  2.5731319E-05 -4.1228755E-05   25.46000    
  2.4906743E-05 -4.5035817E-05   25.48000    
  2.4006027E-05 -4.8618313E-05   25.50000    
  2.3033661E-05 -5.1967032E-05   25.52000    
  2.1994319E-05 -5.5073750E-05   25.54000    
  2.0892845E-05 -5.7931251E-05   25.56000    
  1.9734220E-05 -6.0533337E-05   25.58000    
  1.8523553E-05 -6.2874831E-05   25.60000    
  1.7266057E-05 -6.4951571E-05   25.62000    
  1.5967025E-05 -6.6760433E-05   25.64000    
  1.4631817E-05 -6.8299290E-05   25.66000    
  1.3265832E-05 -6.9567031E-05   25.68000    
  1.1874491E-05 -7.0563539E-05   25.70000    
  1.0463220E-05 -7.1289680E-05   25.72000    
  9.0374260E-06 -7.1747265E-05   25.74000    
  7.6024808E-06 -7.1939059E-05   25.76000    
  6.1636997E-06 -7.1868722E-05   25.78000    
  4.7263252E-06 -7.1540817E-05   25.80000    
  3.2955090E-06 -7.0960741E-05   25.82000    
  1.8762943E-06 -7.0134716E-05   25.84000    
  4.7360004E-07 -6.9069756E-05   25.86000    
 -9.0779508E-07 -6.7773610E-05   25.88000    
 -2.2632671E-06 -6.6254732E-05   25.90000    
 -3.5883618E-06 -6.4522246E-05   25.92000    
 -4.8788065E-06 -6.2585896E-05   25.94000    
 -6.1305245E-06 -6.0455994E-05   25.96000    
 -7.3396445E-06 -5.8143378E-05   25.98000    
 -8.5025122E-06 -5.5659373E-05   26.00000    
 -9.6157000E-06 -5.3015734E-05   26.02000    
 -1.0676014E-05 -5.0224593E-05   26.04000    
 -1.1680506E-05 -4.7298417E-05   26.06000    
 -1.2626474E-05 -4.4249959E-05   26.08000    
 -1.3511473E-05 -4.1092193E-05   26.10000    
 -1.4333317E-05 -3.7838283E-05   26.12000    
 -1.5090083E-05 -3.4501521E-05   26.14000    
 -1.5780113E-05 -3.1095275E-05   26.16000    
 -1.6402018E-05 -2.7632948E-05   26.18000    
 -1.6954677E-05 -2.4127927E-05   26.20000    
 -1.7437234E-05 -2.0593527E-05   26.22000    
 -1.7849105E-05 -1.7042954E-05   26.24000    
 -1.8189963E-05 -1.3489256E-05   26.26000    
 -1.8459748E-05 -9.9452773E-06   26.28000    
 -1.8658653E-05 -6.4236174E-06   26.30000    
 -1.8787125E-05 -2.9365874E-06   26.32000    
 -1.8845856E-05  5.0382664E-07   26.34000    
 -1.8835779E-05  3.8860039E-06   26.36000    
 -1.8758059E-05  7.1987242E-06   26.38000    
 -1.8614084E-05  1.0431200E-05   26.40000    
 -1.8405461E-05  1.3573112E-05   26.42000    
 -1.8133998E-05  1.6614633E-05   26.44000    
 -1.7801705E-05  1.9546460E-05   26.46000    
 -1.7410775E-05  2.2359838E-05   26.48000    
 -1.6963579E-05  2.5046582E-05   26.50000    
 -1.6462647E-05  2.7599093E-05   26.52000    
 -1.5910666E-05  3.0010387E-05   26.54000    
 -1.5310457E-05  3.2274100E-05   26.56000    
 -1.4664975E-05  3.4384499E-05   26.58000    
 -1.3977286E-05  3.6336503E-05   26.60000    
 -1.3250556E-05  3.8125683E-05   26.62000    
 -1.2488042E-05  3.9748269E-05   26.64000    
 -1.1693076E-05  4.1201150E-05   26.66000    
 -1.0869053E-05  4.2481883E-05   26.68000    
 -1.0019416E-05  4.3588676E-05   26.70000    
 -9.1476422E-06  4.4520399E-05   26.72000    
 -8.2572342E-06  4.5276567E-05   26.74000    
 -7.3517031E-06  4.5857338E-05   26.76000    
 -6.4345563E-06  4.6263496E-05   26.78000    
 -5.5092864E-06  4.6496447E-05   26.80000    
 -4.5793577E-06  4.6558191E-05   26.82000    
 -3.6481938E-06  4.6451310E-05   26.84000    
 -2.7191677E-06  4.6178960E-05   26.86000    
 -1.7955886E-06  4.5744833E-05   26.88000    
 -8.8069191E-07  4.5153141E-05   26.90000    
  2.2370898E-08  4.4408604E-05   26.92000    
  9.1054295E-07  4.3516404E-05   26.94000    
  1.7808710E-06  4.2482177E-05   26.96000    
  2.6305145E-06  4.1311978E-05   26.98000    
  3.4567540E-06  4.0012244E-05   27.00000    
  4.2569991E-06  3.8589784E-05   27.02000    
  5.0287949E-06  3.7051730E-05   27.04000    
  5.7698294E-06  3.5405512E-05   27.06000    
  6.4779397E-06  3.3658831E-05   27.08000    
  7.1511163E-06  3.1819625E-05   27.10000    
  7.7875084E-06  2.9896031E-05   27.12000    
  8.3854293E-06  2.7896360E-05   27.14000    
  8.9433561E-06  2.5829055E-05   27.16000    
  9.4599372E-06  2.3702669E-05   27.18000    
  9.9339904E-06  2.1525826E-05   27.20000    
  1.0364507E-05  1.9307192E-05   27.22000    
  1.0750651E-05  1.7055438E-05   27.24000    
  1.1091760E-05  1.4779212E-05   27.26000    
  1.1387344E-05  1.2487111E-05   27.28000    
  1.1637086E-05  1.0187647E-05   27.30000    
  1.1840839E-05  7.8892181E-06   27.32000    
  1.1998623E-05  5.6000827E-06   27.34000    
  1.2110625E-05  3.3283288E-06   27.36000    
  1.2177192E-05  1.0818499E-06   27.38000    
  1.2198829E-05 -1.1316815E-06   27.40000    
  1.2176195E-05 -3.3048370E-06   27.42000    
  1.2110098E-05 -5.4304555E-06   27.44000    
  1.2001489E-05 -7.5016642E-06   27.46000    
  1.1851456E-05 -9.5118994E-06   27.48000    
  1.1661218E-05 -1.1454924E-05   27.50000    
  1.1432120E-05 -1.3324845E-05   27.52000    
  1.1165624E-05 -1.5116129E-05   27.54000    
  1.0863301E-05 -1.6823618E-05   27.56000    
  1.0526829E-05 -1.8442541E-05   27.58000    
  1.0157978E-05 -1.9968520E-05   27.60000    
  9.7586080E-06 -2.1397585E-05   27.62000    
  9.3306562E-06 -2.2726183E-05   27.64000    
  8.8761326E-06 -2.3951177E-05   27.66000    
  8.3971090E-06 -2.5069858E-05   27.68000    
  7.8957119E-06 -2.6079941E-05   27.70000    
  7.3741130E-06 -2.6979569E-05   27.72000    
  6.8345216E-06 -2.7767317E-05   27.74000    
  6.2791751E-06 -2.8442184E-05   27.76000    
  5.7103316E-06 -2.9003591E-05   27.78000    
  5.1302600E-06 -2.9451379E-05   27.80000    
  4.5412326E-06 -2.9785799E-05   27.82000    
  3.9455167E-06 -3.0007504E-05   27.84000    
  3.3453666E-06 -3.0117548E-05   27.86000    
  2.7430156E-06 -3.0117362E-05   27.88000    
  2.1406684E-06 -3.0008758E-05   27.90000    
  1.5404933E-06 -2.9793902E-05   27.92000    
  9.4461524E-07 -2.9475314E-05   27.94000    
  3.5510897E-07 -2.9055838E-05   27.96000    
 -2.2600778E-07 -2.8538641E-05   27.98000    
 -7.9678063E-07 -2.7927188E-05   28.00000    
 -1.3553245E-06 -2.7225224E-05   28.02000    
 -1.8998289E-06 -2.6436761E-05   28.04000    
 -2.4285641E-06 -2.5566056E-05   28.06000    
 -2.9398852E-06 -2.4617593E-05   28.08000    
 -3.4322370E-06 -2.3596062E-05   28.10000    
 -3.9041583E-06 -2.2506338E-05   28.12000    
 -4.3542850E-06 -2.1353462E-05   28.14000    
 -4.7813542E-06 -2.0142621E-05   28.16000    
 -5.1842067E-06 -1.8879125E-05   28.18000    
 -5.5617893E-06 -1.7568385E-05   28.20000    
 -5.9131571E-06 -1.6215896E-05   28.22000    
 -6.2374752E-06 -1.4827209E-05   28.24000    
 -6.5340196E-06 -1.3407919E-05   28.26000    
 -6.8021782E-06 -1.1963637E-05   28.28000    
 -7.0414508E-06 -1.0499973E-05   28.30000    
 -7.2514504E-06 -9.0225121E-06   28.32000    
 -7.4319005E-06 -7.5368007E-06   28.34000    
 -7.5826365E-06 -6.0483226E-06   28.36000    
 -7.7036029E-06 -4.5624815E-06   28.38000    
 -7.7948525E-06 -3.0845833E-06   28.40000    
 -7.8565445E-06 -1.6198182E-06   28.42000    
 -7.8889407E-06 -1.7324396E-07   28.44000    
 -7.8924058E-06  1.2502302E-06   28.46000    
 -7.8674011E-06  2.6458588E-06   28.48000    
 -7.8144840E-06  4.0090736E-06   28.50000    
 -7.7343029E-06  5.3354988E-06   28.52000    
 -7.6275928E-06  6.6209632E-06   28.54000    
 -7.4951736E-06  7.8615103E-06   28.56000    
 -7.3379433E-06  9.0534113E-06   28.58000    
 -7.1568752E-06  1.0193173E-05   28.60000    
 -6.9530120E-06  1.1277547E-05   28.62000    
 -6.7274609E-06  1.2303538E-05   28.64000    
 -6.4813903E-06  1.3268410E-05   28.66000    
 -6.2160220E-06  1.4169692E-05   28.68000    
 -5.9326280E-06  1.5005182E-05   28.70000    
 -5.6325243E-06  1.5772952E-05   28.72000    
 -5.3170652E-06  1.6471347E-05   28.74000    
 -4.9876380E-06  1.7098992E-05   28.76000    
 -4.6456580E-06  1.7654787E-05   28.78000    
 -4.2925622E-06  1.8137911E-05   28.80000    
 -3.9298038E-06  1.8547815E-05   28.82000    
 -3.5588475E-06  1.8884222E-05   28.84000    
 -3.1811630E-06  1.9147130E-05   28.86000    
 -2.7982205E-06  1.9336796E-05   28.88000    
 -2.4114847E-06  1.9453741E-05   28.90000    
 -2.0224099E-06  1.9498733E-05   28.92000    
 -1.6324353E-06  1.9472793E-05   28.94000    
 -1.2429795E-06  1.9377176E-05   28.96000    
 -8.5543593E-07  1.9213368E-05   28.98000    
 -4.7116856E-07  1.8983079E-05   29.00000    
 -9.1506990E-08  1.8688228E-05   29.02000    
  2.8225756E-07  1.8330935E-05   29.04000    
  6.4887627E-07  1.7913510E-05   29.06000    
  1.0071465E-06  1.7438442E-05   29.08000    
  1.3559153E-06  1.6908387E-05   29.10000    
  1.6940830E-06  1.6326154E-05   29.12000    
  2.0206062E-06  1.5694695E-05   29.14000    
  2.3345001E-06  1.5017093E-05   29.16000    
  2.6348418E-06  1.4296541E-05   29.18000    
  2.9207727E-06  1.3536339E-05   29.20000    
  3.1914994E-06  1.2739873E-05   29.22000    
  3.4462969E-06  1.1910605E-05   29.24000    
  3.6845090E-06  1.1052060E-05   29.26000    
  3.9055503E-06  1.0167807E-05   29.28000    
  4.1089065E-06  9.2614519E-06   29.30000    
  4.2941356E-06  8.3366194E-06   29.32000    
  4.4608678E-06  7.3969427E-06   29.34000    
  4.6088066E-06  6.4460478E-06   29.36000    
  4.7377275E-06  5.4875418E-06   29.38000    
  4.8474785E-06  4.5249999E-06   29.40000    
  4.9379787E-06  3.5619537E-06   29.42000    
  5.0092176E-06  2.6018784E-06   29.44000    
  5.0612553E-06  1.6481816E-06   29.46000    
  5.0942190E-06  7.0419208E-07   29.48000    
  5.1083030E-06 -2.2685117E-07   29.50000    
  5.1037659E-06 -1.1418088E-06   29.52000    
  5.0809299E-06 -2.0376503E-06   29.54000    
  5.0401768E-06 -2.9114647E-06   29.56000    
  4.9819473E-06 -3.7604673E-06   29.58000    
  4.9067380E-06 -4.5820084E-06   29.60000    
  4.8150978E-06 -5.3735812E-06   29.62000    
  4.7076260E-06 -6.1328274E-06   29.64000    
  4.5849692E-06 -6.8575437E-06   29.66000    
  4.4478184E-06 -7.5456874E-06   29.68000    
  4.2969045E-06 -8.1953813E-06   29.70000    
  4.1329968E-06 -8.8049164E-06   29.72000    
  3.9568986E-06 -9.3727576E-06   29.74000    
  3.7694435E-06 -9.8975443E-06   29.76000    
  3.5714927E-06 -1.0378093E-05   29.78000    
  3.3639308E-06 -1.0813400E-05   29.80000    
  3.1476627E-06 -1.1202639E-05   29.82000    
  2.9236098E-06 -1.1545166E-05   29.84000    
  2.6927064E-06 -1.1840512E-05   29.86000    
  2.4558963E-06 -1.2088390E-05   29.88000    
  2.2141285E-06 -1.2288683E-05   29.90000    
  1.9683548E-06 -1.2441453E-05   29.92000    
  1.7195257E-06 -1.2546928E-05   29.94000    
  1.4685871E-06 -1.2605504E-05   29.96000    
  1.2164770E-06 -1.2617739E-05   29.98000    
  9.6412225E-07 -1.2584351E-05   30.00000    
