   1.000000     -0.1800000      3.9999999E-02
  0.9964000     -0.2785163      5.9999999E-02
  0.9908296     -0.3393695      7.9999998E-02
  0.9840422     -0.3674602      9.9999994E-02
  0.9766930     -0.3689444      0.1200000    
  0.9693142     -0.3509625      0.1400000    
  0.9622949     -0.3213299      0.1600000    
  0.9558684     -0.2882016      0.1800000    
  0.9501044     -0.2597244      0.2000000    
  0.9449099     -0.2436892      0.2200000    
  0.9400361     -0.2471999      0.2400000    
  0.9350920     -0.2763698      0.2600000    
  0.9295647     -0.3360587      0.2800000    
  0.9228435     -0.4296615      0.3000000    
  0.9142503     -0.5589560      0.3200000    
  0.9030711     -0.7240167      0.3400000    
  0.8885908     -0.9231974      0.3600000    
  0.8701268      -1.153184      0.3800000    
  0.8470631      -1.409114      0.4000000    
  0.8188809      -1.684764      0.4200000    
  0.7851856      -1.972782      0.4400000    
  0.7457299      -2.264981      0.4600000    
  0.7004303      -2.552650      0.4800000    
  0.6493773      -2.826908      0.5000000    
  0.5928392      -3.079042      0.5200000    
  0.5312583      -3.300864      0.5400000    
  0.4652411      -3.485026      0.5600000    
  0.3955406      -3.625322      0.5800000    
  0.3230341      -3.716933      0.6000000    
  0.2486955      -3.756624      0.6200000    
  0.1735630      -3.742875      0.6400000    
  9.8705515E-02  -3.675949      0.6600000    
  2.5186546E-02  -3.557889      0.6800000    
 -4.5971222E-02  -3.392442      0.7000000    
 -0.1138201      -3.184921      0.7200000    
 -0.1775185      -2.942001      0.7400000    
 -0.2363585      -2.671466      0.7600000    
 -0.2897878      -2.381908      0.7800000    
 -0.3374260      -2.082400      0.8000000    
 -0.3790740      -1.782143      0.8200000    
 -0.4147168      -1.490121      0.8400000    
 -0.4445193      -1.214750      0.8600000    
 -0.4688143     -0.9635618      0.8800000    
 -0.4880855     -0.7429206      0.9000000    
 -0.5029439     -0.5577831      0.9200000    
 -0.5140995     -0.4115195      0.9400000    
 -0.5223299     -0.3057961      0.9600000    
 -0.5284458     -0.2405260      0.9800000    
 -0.5332564     -0.2138909       1.000000    
 -0.5375342     -0.2224312       1.020000    
 -0.5419828     -0.2612013       1.040000    
 -0.5472069     -0.3239856       1.060000    
 -0.5536866     -0.4035637       1.080000    
 -0.5617579     -0.4920161       1.100000    
 -0.5715982     -0.5810574       1.120000    
 -0.5832194     -0.6623841       1.140000    
 -0.5964671     -0.7280226       1.160000    
 -0.6110275     -0.7706639       1.180000    
 -0.6264408     -0.7839708       1.200000    
 -0.6421202     -0.7628468       1.220000    
 -0.6573772     -0.7036539       1.240000    
 -0.6714503     -0.6043739       1.260000    
 -0.6835377     -0.4647007       1.280000    
 -0.6928318     -0.2860681       1.300000    
 -0.6985531     -7.1603566E-02   1.320000    
 -0.6999852      0.1739826       1.340000    
 -0.6965055      0.4445754       1.360000    
 -0.6876140      0.7328873       1.380000    
 -0.6729563       1.030739       1.400000    
 -0.6523415       1.329378       1.420000    
 -0.6257539       1.619817       1.440000    
 -0.5933576       1.893188       1.460000    
 -0.5554938       2.141087       1.480000    
 -0.5126721       2.355905       1.500000    
 -0.4655540       2.531125       1.520000    
 -0.4149315       2.661582       1.540000    
 -0.3616998       2.743662       1.560000    
 -0.3068266       2.775445       1.580000    
 -0.2513177       2.756784       1.600000    
 -0.1961820       2.689305       1.620000    
 -0.1423959       2.576347       1.640000    
 -9.0868965E-02   2.422830       1.660000    
 -4.2412359E-02   2.235060       1.680000    
  2.2888333E-03   2.020479       1.700000    
  4.2698421E-02   1.787378       1.720000    
  7.8445986E-02   1.544565       1.740000    
  0.1093373       1.301022       1.760000    
  0.1353577       1.065552       1.780000    
  0.1566688      0.8464358       1.800000    
  0.1735975      0.6511092       1.820000    
  0.1866197      0.4858727       1.840000    
  0.1963371      0.3556505       1.860000    
  0.2034501      0.2638022       1.880000    
  0.2087262      0.2119979       1.900000    
  0.2129661      0.2001626       1.920000    
  0.2169694      0.2264882       1.940000    
  0.2214991      0.2875171       1.960000    
  0.2272495      0.3782894       1.980000    
  0.2348153      0.4925534       2.000000    
  0.2446663      0.6230246       2.020000    
  0.2571268      0.7616883       2.040000    
  0.2723606      0.9001303       2.060000    
  0.2903632       1.029884       2.080000    
  0.3109608       1.142780       2.100000    
  0.3338164       1.231283       2.120000    
  0.3584421       1.288803       2.140000    
  0.3842182       1.309970       2.160000    
  0.4104176       1.290862       2.180000    
  0.4362348       1.229167       2.200000    
  0.4608181       1.124291       2.220000    
  0.4833040      0.9773903       2.240000    
  0.5028518      0.7913367       2.260000    
  0.5186785      0.5706115       2.280000    
  0.5300907      0.3211383       2.300000    
  0.5365135      5.0055087E-02   2.320000    
  0.5375146     -0.2345603       2.340000    
  0.5328234     -0.5240049       2.360000    
  0.5223433     -0.8092882       2.380000    
  0.5061576      -1.081484       2.400000    
  0.4845279      -1.332078       2.420000    
  0.4578863      -1.553303       2.440000    
  0.4268202      -1.738438       2.460000    
  0.3920515      -1.882077       2.480000    
  0.3544100      -1.980332       2.500000    
  0.3148033      -2.030989       2.520000    
  0.2741835      -2.033592       2.540000    
  0.2335117      -1.989456       2.560000    
  0.1937226      -1.901611       2.580000    
  0.1556904      -1.774682       2.600000    
  0.1201967      -1.614701       2.620000    
  8.7902710E-02  -1.428866       2.640000    
  5.9325390E-02  -1.225254       2.660000    
  3.4820303E-02  -1.012499       2.680000    
  1.4570324E-02 -0.7994464       2.700000    
 -1.4186036E-03 -0.5948049       2.720000    
 -1.3314703E-02 -0.4067990       2.740000    
 -2.1450682E-02 -0.2428430       2.760000    
 -2.6307542E-02 -0.1092497       2.780000    
 -2.8492535E-02 -1.0979980E-02   2.800000    
 -2.8712135E-02  4.8549429E-02   2.820000    
 -2.7741145E-02  6.7599937E-02   2.840000    
 -2.6389146E-02  4.6174295E-02   2.860000    
 -2.5465660E-02 -1.3986845E-02   2.880000    
 -2.5745397E-02 -0.1094810       2.900000    
 -2.7935017E-02 -0.2353837       2.920000    
 -3.2642692E-02 -0.3854519       2.940000    
 -4.0351730E-02 -0.5523779       2.960000    
 -5.1399287E-02 -0.7280881       2.980000    
 -6.5961048E-02 -0.9040709       3.000000    
 -8.4042467E-02  -1.071723       3.020000    
 -0.1054769      -1.222699       3.040000    
 -0.1299309      -1.349253       3.060000    
 -0.1569160      -1.444553       3.080000    
 -0.1858070      -1.502960       3.100000    
 -0.2158662      -1.520263       3.120000    
 -0.2462715      -1.493852       3.140000    
 -0.2761485      -1.422832       3.160000    
 -0.3046052      -1.308062       3.180000    
 -0.3307664      -1.152132       3.200000    
 -0.3538091     -0.9592664       3.220000    
 -0.3729944     -0.7351614       3.240000    
 -0.3876976     -0.4867671       3.260000    
 -0.3974330     -0.2220163       3.280000    
 -0.4018733      5.0485492E-02   3.300000    
 -0.4008636      0.3217953       3.320000    
 -0.3944277      0.5829834       3.340000    
 -0.3827680      0.8254828       3.360000    
 -0.3662584       1.041425       3.380000    
 -0.3454299       1.223947       3.400000    
 -0.3209510       1.367462       3.420000    
 -0.2936017       1.467875       3.440000    
 -0.2642442       1.522740       3.460000    
 -0.2337894       1.531356       3.480000    
 -0.2031623       1.494788       3.500000    
 -0.1732665       1.415825       3.520000    
 -0.1449500       1.298860       3.540000    
 -0.1189728       1.149714       3.560000    
 -9.5978543E-02  0.9754038       3.580000    
 -7.6470464E-02  0.7838546       3.600000    
 -6.0793370E-02  0.5835865       3.620000    
 -4.9121641E-02  0.3833711       3.640000    
 -4.1454218E-02  0.1918814       3.660000    
 -3.7616588E-02  1.7344609E-02   3.680000    
 -3.7269697E-02 -0.1327863       3.700000    
 -3.9925423E-02 -0.2521296       3.720000    
 -4.4968016E-02 -0.3356295       3.740000    
 -5.1680606E-02 -0.3797567       3.760000    
 -5.9275739E-02 -0.3826493       3.780000    
 -6.6928722E-02 -0.3441834       3.800000    
 -7.3812388E-02 -0.2659789       3.820000    
 -7.9131968E-02 -0.1513320       3.840000    
 -8.2158610E-02 -5.0826073E-03   3.860000    
 -8.2260266E-02  0.1665832       3.880000    
 -7.8928605E-02  0.3563802       3.900000    
 -7.1800999E-02  0.5562189       3.920000    
 -6.0676623E-02  0.7575301       3.940000    
 -4.5526020E-02  0.9516113       3.960000    
 -2.6493793E-02   1.129976       3.980000    
 -3.8942657E-03   1.284698       4.000000    
  2.1799695E-02   1.408728       4.020000    
  4.9974248E-02   1.496181       4.040000    
  7.9897866E-02   1.542577       4.060000    
  0.1107494       1.545022       4.080000    
  0.1416498       1.502325       4.100000    
  0.1716963       1.415057       4.120000    
  0.1999975       1.285528       4.140000    
  0.2257081       1.117701       4.160000    
  0.2480621      0.9170374       4.180000    
  0.2664028      0.6902881       4.200000    
  0.2802086      0.4452255       4.220000    
  0.2891131      0.1903402       4.240000    
  0.2929199     -6.5493703E-02   4.260000    
  0.2916100     -0.3133668       4.280000    
  0.2853427     -0.5446853       4.300000    
  0.2744490     -0.7515087       4.320000    
  0.2594188     -0.9268619       4.340000    
  0.2408816      -1.065009       4.360000    
  0.2195814      -1.161678       4.380000    
  0.1963478      -1.214226       4.400000    
  0.1720633      -1.221744       4.420000    
  0.1476284      -1.185083       4.440000    
  0.1239268      -1.106822       4.460000    
  0.1017903     -0.9911594       4.480000    
  8.1967160E-02 -0.8437432       4.500000    
  6.5092295E-02 -0.6714417       4.520000    
  5.1663462E-02 -0.4820679       4.540000    
  4.2022102E-02 -0.2840652       4.560000    
  3.6340799E-02 -8.6167783E-02   4.580000    
  3.4617443E-02  0.1029489       4.600000    
  3.6676422E-02  0.2750164       4.620000    
  4.2176750E-02  0.4225051       4.640000    
  5.0626852E-02  0.5389244       4.660000    
  6.1405338E-02  0.6190838       4.680000    
  7.3787011E-02  0.6593006       4.700000    
  8.6973026E-02  0.6575475       4.720000    
  0.1001240      0.6135347       4.740000    
  0.1123947      0.5287191       4.760000    
  0.1229691      0.4062488       4.780000    
  0.1310940      0.2508374       4.800000    
  0.1361108      6.8573296E-02   4.820000    
  0.1374822     -0.1333214       4.840000    
  0.1348158     -0.3467802       4.860000    
  0.1278802     -0.5632156       4.880000    
  0.1166159     -0.7738616       4.900000    
  0.1011387     -0.9701257       4.920000    
  8.1736147E-02  -1.143933       4.940000    
  5.8857497E-02  -1.288048       4.960000    
  3.3096537E-02  -1.396369       4.980000    
  5.1691514E-03  -1.464170       5.000000    
 -2.4114253E-02  -1.488292       5.020000    
 -5.3880095E-02  -1.467273       5.040000    
 -8.3225548E-02  -1.401406       5.060000    
 -0.1112537      -1.292735       5.080000    
 -0.1371084      -1.144970       5.100000    
 -0.1600078     -0.9633450       5.120000    
 -0.1792747     -0.7544146       5.140000    
 -0.1943630     -0.5257909       5.160000    
 -0.2048788     -0.2858467       5.180000    
 -0.2105957     -4.3383166E-02   5.200000    
 -0.2114634      0.1927172       5.220000    
 -0.2076090      0.4138424       5.240000    
 -0.1993322      0.6119900       5.260000    
 -0.1870924      0.7800837       5.280000    
 -0.1714907      0.9122529       5.300000    
 -0.1532456       1.004062       5.320000    
 -0.1331644       1.052685       5.340000    
 -0.1121107       1.057016       5.360000    
 -9.0970375E-02   1.017710       5.380000    
 -7.0616171E-02  0.9371518       5.400000    
 -5.1873136E-02  0.8193619       5.420000    
 -3.5485901E-02  0.6698299       5.440000    
 -2.2089303E-02  0.4952952       5.460000    
 -1.2183400E-02  0.3034751       5.480000    
 -6.1138989E-03  0.1027541       5.500000    
 -4.0588174E-03 -9.8151505E-02   5.520000    
 -6.0218475E-03 -0.2905440       5.540000    
 -1.1832727E-02 -0.4660929       5.560000    
 -2.1154584E-02 -0.6171693       5.580000    
 -3.3497971E-02 -0.7371508       5.600000    
 -4.8240989E-02 -0.8206884       5.620000    
 -6.4654760E-02 -0.8639210       5.640000    
 -8.1933178E-02 -0.8646294       5.660000    
 -9.9225767E-02 -0.8223272       5.680000    
 -0.1156723     -0.7382812       5.700000    
 -0.1304379     -0.6154616       5.720000    
 -0.1427472     -0.4584248       5.740000    
 -0.1519157     -0.2731303       5.760000    
 -0.1573783     -6.6705957E-02   5.780000    
 -0.1587124      0.1528367       5.800000    
 -0.1556557      0.3769226       5.820000    
 -0.1481172      0.5967540       5.840000    
 -0.1361821      0.8036616       5.860000    
 -0.1201089      0.9894508       5.880000    
 -0.1003199       1.146729       5.900000    
 -7.7385299E-02   1.269200       5.920000    
 -5.2001305E-02   1.351916       5.940000    
 -2.4962986E-02   1.391478       5.960000    
  2.8665718E-03   1.386170       5.980000    
  3.0589962E-02   1.336026       6.000000    
  5.7310492E-02   1.242838       6.020000    
  8.2167238E-02   1.110075       6.040000    
  0.1043687      0.9427557       6.060000    
  0.1232238      0.7472457       6.080000    
  0.1381688      0.5310040       6.100000    
  0.1487888      0.3022900       6.120000    
  0.1548346      6.9834903E-02   6.140000    
  0.1562313     -0.1575047       6.160000    
  0.1530812     -0.3710976       6.180000    
  0.1456593     -0.5628807       6.200000    
  0.1344017     -0.7256778       6.220000    
  0.1198881     -0.8534853       6.240000    
  0.1028184     -0.9417068       6.260000    
  8.3984263E-02 -0.9873365       6.280000    
  6.4237535E-02 -0.9890774       6.300000    
  4.4455990E-02 -0.9473882       6.320000    
  2.5508227E-02 -0.8644657       6.340000    
  8.2189124E-03 -0.7441541       6.360000    
 -6.6641690E-03 -0.5917899       6.380000    
 -1.8499967E-02 -0.4139877       6.400000    
 -2.6779721E-02 -0.2183730       6.420000    
 -3.1147182E-02 -1.3278008E-02   6.440000    
 -3.1412743E-02  0.1925933       6.460000    
 -2.7560877E-02  0.3905137       6.480000    
 -1.9750603E-02  0.5720820       6.500000    
 -8.3089620E-03  0.7295612       6.520000    
  6.2822616E-03  0.8561870       6.540000    
  2.3406003E-02  0.9464381       6.560000    
  4.2334765E-02  0.9962617       6.580000    
  6.2259998E-02   1.003231       6.600000    
  8.2324617E-02  0.9666494       6.620000    
  0.1016576      0.8875744       6.640000    
  0.1194091      0.7687770       6.660000    
  0.1347846      0.6146367       6.680000    
  0.1470774      0.4309630       6.700000    
  0.1556966      0.2247659       6.720000    
  0.1601920      3.9790422E-03   6.740000    
  0.1602715     -0.2228579       6.760000    
  0.1558144     -0.4469389       6.780000    
  0.1468756     -0.6595412       6.800000    
  0.1336848     -0.8523735       6.820000    
  0.1166373      -1.017907       6.840000    
  9.6279174E-02  -1.149674       6.860000    
  7.3285699E-02  -1.242524       6.880000    
  4.8435211E-02  -1.292837       6.900000    
  2.2578476E-02  -1.298655       6.920000    
 -3.3946317E-03  -1.259775       6.940000    
 -2.8590133E-02  -1.177744       6.960000    
 -5.2145015E-02  -1.055808       6.980000    
 -7.3261186E-02 -0.8987770       7.000000    
 -9.1236725E-02 -0.7128363       7.020000    
 -0.1054934     -0.5053002       7.040000    
 -0.1155995     -0.2843199       7.060000    
 -0.1212859     -5.8561981E-02   7.080000    
 -0.1224571      0.1631387       7.100000    
 -0.1191943      0.3721291       7.120000    
 -0.1117517      0.5602825       7.140000    
 -0.1005461      0.7203200       7.160000    
 -8.6139686E-02  0.8461026       7.180000    
 -6.9217637E-02  0.9328719       7.200000    
 -5.0560199E-02  0.9774383       7.220000    
 -3.1011434E-02  0.9783111       7.240000    
 -1.1445213E-02  0.9357525       7.260000    
  7.2698370E-03  0.8517656       7.280000    
  2.4305150E-02  0.7300180       7.300000    
  3.8905509E-02  0.5756884       7.320000    
  5.0419275E-02  0.3952639       7.340000    
  5.8324553E-02  0.1962766       7.360000    
  6.2250085E-02 -1.2997240E-02   7.380000    
  6.1990142E-02 -0.2238670       7.400000    
  5.7512801E-02 -0.4275772       7.420000    
  4.8961259E-02 -0.6156570       7.440000    
  3.6648121E-02 -0.7802587       7.460000    
  2.1042947E-02 -0.9144738       7.480000    
  2.7534701E-03  -1.012607       7.500000    
 -1.7498663E-02  -1.070406       7.520000    
 -3.8906790E-02  -1.085235       7.540000    
 -6.0611486E-02  -1.056171       7.560000    
 -8.1734911E-02 -0.9840561       7.580000    
 -0.1014160     -0.8714514       7.600000    
 -0.1188451     -0.7225459       7.620000    
 -0.1332960     -0.5429848       7.640000    
 -0.1441557     -0.3396458       7.660000    
 -0.1509486     -0.1203687       7.680000    
 -0.1533560      0.1063593       7.700000    
 -0.1512288      0.3317402       7.720000    
 -0.1445940      0.5470152       7.740000    
 -0.1336537      0.7438136       7.760000    
 -0.1187774      0.9144852       7.780000    
 -0.1004877       1.052407       7.800000    
 -7.9439580E-02   1.152242       7.820000    
 -5.6394741E-02   1.210160       7.840000    
 -3.2191552E-02   1.223981       7.860000    
 -7.7119339E-03   1.193267       7.880000    
  1.6153399E-02   1.119339       7.900000    
  3.8540173E-02   1.005222       7.920000    
  5.8644608E-02  0.8555283       7.940000    
  7.5755171E-02  0.6762691       7.960000    
  8.9280553E-02  0.4746188       7.980000    
  9.8772928E-02  0.2586265       8.000000    
  0.1039455      3.6897078E-02   8.020000    
  0.1046834     -0.1817526       8.040000    
  0.1010484     -0.3886442       8.059999    
  9.3275465E-02 -0.5755851       8.080000    
  8.1763759E-02 -0.7351898       8.099999    
  6.7059964E-02 -0.8611822       8.120000    
  4.9836323E-02 -0.9486356       8.139999    
  3.0863611E-02 -0.9941764       8.160000    
  1.0980083E-02 -0.9961125       8.179999    
 -8.9421663E-03 -0.9545049       8.200000    
 -2.8032264E-02 -0.8711594       8.220000    
 -4.5455452E-02 -0.7495583       8.240000    
 -6.0446616E-02 -0.5947211       8.260000    
 -7.2341040E-02 -0.4129961       8.280000    
 -8.0600962E-02 -0.2118181       8.300000    
 -8.4837325E-02  5.9935451E-04   8.320000    
 -8.4825337E-02  0.2155856       8.340000    
 -8.0513626E-02  0.4243620       8.360000    
 -7.2026387E-02  0.6183926       8.380000    
 -5.9658535E-02  0.7897242       8.400000    
 -4.3864049E-02  0.9313064       8.420000    
 -2.5237922E-02   1.037271       8.440000    
 -4.4924952E-03   1.103170       8.460000    
  1.7570900E-02   1.126147       8.480000    
  4.0093839E-02   1.105062       8.500000    
  6.2195078E-02   1.040529       8.520000    
  8.3005652E-02  0.9348974       8.540000    
  0.1017036      0.7921561       8.559999    
  0.1175467      0.6177792       8.580000    
  0.1299023      0.4185005       8.599999    
  0.1382723      0.2020570       8.620000    
  0.1423135     -2.3129001E-02   8.639999    
  0.1418509     -0.2482790       8.660000    
  0.1368853     -0.4646097       8.679999    
  0.1275931     -0.6636829       8.700000    
  0.1143194     -0.8377395       8.720000    
  9.7564653E-02 -0.9800104       8.740000    
  7.7964447E-02  -1.084988       8.760000    
  5.6264699E-02  -1.148634       8.780000    
  3.3292010E-02  -1.168561       8.800000    
  9.9207982E-03  -1.144102       8.820000    
 -1.2961248E-02  -1.076359       8.840000    
 -3.4488432E-02 -0.9681430       8.860000    
 -5.3851292E-02 -0.8238716       8.880000    
 -7.0328727E-02 -0.6493868       8.900000    
 -8.3316460E-02 -0.4517260       8.920000    
 -9.2350982E-02 -0.2388384       8.940000    
 -9.7127751E-02 -1.9268870E-02   8.960000    
 -9.7513124E-02  0.1981822       8.980000    
 -9.3549483E-02  0.4048101       9.000000    
 -8.5453279E-02  0.5923522       9.020000    
 -7.3606238E-02  0.7533186       9.040000    
 -5.8539867E-02  0.8812886       9.059999    
 -4.0914096E-02  0.9711708       9.080000    
 -2.1490680E-02   1.019396       9.099999    
 -1.1027548E-03   1.024076       9.120000    
  1.9378759E-02  0.9850582       9.139999    
  3.9079923E-02  0.9039493       9.160000    
  5.7158910E-02  0.7840388       9.179999    
  7.2839685E-02  0.6301755       9.200000    
  8.5443191E-02  0.4485676       9.220000    
  9.4414547E-02  0.2465393       9.240000    
  9.9345334E-02  3.2237262E-02   9.260000    
  9.9990077E-02 -0.1856974       9.280000    
  9.6276127E-02 -0.3984703       9.300000    
  8.8306718E-02 -0.5974871       9.320000    
  7.6356977E-02 -0.7746961       9.340000    
  6.0863055E-02 -0.9229089       9.360000    
  4.2404875E-02  -1.036090       9.380000    
  2.1683080E-02  -1.109593       9.400000    
 -5.0878525E-04  -1.140355       9.420000    
 -2.3315880E-02  -1.127009       9.440000    
 -4.5856059E-02  -1.069946       9.460000    
 -6.7254990E-02 -0.9712971       9.480000    
 -8.6680934E-02 -0.8348503       9.500000    
 -0.1033779     -0.6658984       9.520000    
 -0.1166959     -0.4710317       9.540000    
 -0.1261165     -0.2578720       9.559999    
 -0.1312740     -3.4772500E-02   9.580000    
 -0.1319694      0.1895178       9.599999    
 -0.1281791      0.4061997       9.620000    
 -0.1200551      0.6067753       9.639999    
 -0.1079196      0.7833866       9.660000    
 -9.2251852E-02  0.9291269       9.679999    
 -7.3669314E-02   1.038318       9.700000    
 -5.2902944E-02   1.106734       9.719999    
 -3.0768264E-02   1.131771       9.740000    
 -8.1328452E-03   1.112550       9.760000    
  1.4118144E-02   1.049947       9.780000    
  3.5117075E-02  0.9465702       9.800000    
  5.4048479E-02  0.8066413       9.820000    
  7.0181303E-02  0.6358362       9.840000    
  8.2898028E-02  0.4410536       9.860000    
  9.1719098E-02  0.2301435       9.880000    
  9.6321970E-02  1.1591062E-02   9.900000    
  9.6553795E-02 -0.2058201       9.920000    
  9.2437394E-02 -0.4133591       9.940000    
  8.4170215E-02 -0.6026959       9.960000    
  7.2116300E-02 -0.7662321       9.980000    
  5.6791659E-02 -0.8974067       10.00000    
  3.8843527E-02 -0.9909542       10.02000    
  1.9024443E-02  -1.043119       10.04000    
 -1.8379316E-03  -1.051799       10.06000    
 -2.2873903E-02  -1.016638       10.08000    
 -4.3206654E-02 -0.9390267       10.10000    
 -6.1987188E-02 -0.8220651       10.12000    
 -7.8428492E-02 -0.6704208       10.14000    
 -9.1836907E-02 -0.4901547       10.16000    
 -0.1016400     -0.2884738       10.18000    
 -0.1074095     -7.3446482E-02   10.20000    
 -0.1088784      0.1463215       10.22000    
 -0.1059520      0.3620290       10.24000    
 -9.8711394E-02  0.5650312       10.26000    
 -8.7410770E-02  0.7471831       10.28000    
 -7.2467111E-02  0.9011691       10.30000    
 -5.4443728E-02   1.020788       10.32000    
 -3.4027979E-02   1.101205       10.34000    
 -1.2003874E-02   1.139145       10.36000    
  1.0779025E-02   1.133022       10.38000    
  3.3439465E-02   1.083001       10.40000    
  5.5099487E-02  0.9909976       10.42000    
  7.4919440E-02  0.8605952       10.44000    
  9.2131346E-02  0.6969064       10.46000    
  0.1060695      0.5063672       10.48000    
  0.1161968      0.2964841       10.50000    
  0.1221265      7.5531945E-02   10.52000    
  0.1236371     -0.1477735       10.54000    
  0.1206817     -0.3646239       10.56000    
  0.1133892     -0.5664694       10.58000    
  0.1020598     -0.7453561       10.60000    
  8.7152682E-02 -0.8942493       10.62000    
  6.9267698E-02  -1.007305       10.64000    
  4.9121596E-02  -1.080111       10.66000    
  2.7519381E-02  -1.109854       10.68000    
  5.3222962E-03  -1.095441       10.70000    
 -1.6586533E-02  -1.037534       10.72000    
 -3.7337221E-02 -0.9385294       10.74000    
 -5.6107808E-02 -0.8024576       10.76000    
 -7.2156958E-02 -0.6348230       10.78000    
 -8.4853418E-02 -0.4423904       10.80000    
 -9.3701228E-02 -0.2329053       10.82000    
 -9.8359331E-02 -1.4791891E-02   10.84000    
 -9.8655172E-02  0.2031859       10.86000    
 -9.4591454E-02  0.4122732       10.88000    
 -8.6345986E-02  0.6040729       10.90000    
 -7.4264526E-02  0.7708822       10.92000    
 -5.8846883E-02  0.9059986       10.94000    
 -4.0726911E-02   1.003987       10.96000    
 -2.0647172E-02   1.060896       10.98000    
  5.7074055E-04   1.074418       11.00000    
  2.2059100E-02   1.043978       11.02000    
  4.2938665E-02  0.9707616       11.04000    
  6.2353894E-02  0.8576597       11.06000    
  7.9507090E-02  0.7091633       11.08000    
  9.3690358E-02  0.5311728       11.10000    
  0.1043138      0.3307755       11.12000    
  0.1109293      0.1159521       11.14000    
  0.1132484     -0.1047350       11.16000    
  0.1111537     -0.3224856       11.18000    
  0.1047039     -0.5286122       11.20000    
  9.4131708E-02 -0.7148858       11.22000    
  7.9833992E-02 -0.8738657       11.24000    
  6.2356677E-02 -0.9991950       11.26000    
  4.2372778E-02  -1.085854       11.28000    
  2.0655697E-02  -1.130360       11.30000    
 -1.9514952E-03  -1.130907       11.32000    
 -2.4569631E-02  -1.087441       11.34000    
 -4.6318457E-02  -1.001657       11.36000    
 -6.6351593E-02 -0.8769341       11.38000    
 -8.3890274E-02 -0.7182010       11.40000    
 -9.8254293E-02 -0.5317407       11.42000    
 -0.1088891     -0.3249378       11.44000    
 -0.1153879     -0.1059858       11.46000    
 -0.1175076      0.1164397       11.48000    
 -0.1151788      0.3335260       11.50000    
 -0.1085083      0.5366747       11.52000    
 -9.7774774E-02  0.7178452       11.54000    
 -8.3417870E-02  0.8698730       11.56000    
 -6.6020407E-02  0.9867594       11.58000    
 -4.6285219E-02   1.063901       11.60000    
 -2.5007196E-02   1.098288       11.62000    
 -3.0414294E-03   1.088608       11.64000    
  1.8730734E-02   1.035309       11.66000    
  3.9436921E-02  0.9405766       11.68000    
  5.8248453E-02  0.8082483       11.70000    
  7.4413419E-02  0.6436591       11.72000    
  8.7286599E-02  0.4534307       11.74000    
  9.6355215E-02  0.2452048       11.76000    
  0.1012593      2.7339533E-02   11.78000    
  0.1018061     -0.1914245       11.80000    
  9.7977616E-02 -0.4023115       11.82000    
  8.9931384E-02 -0.5968623       11.84000    
  7.7994138E-02 -0.7672700       11.86000    
  6.2648736E-02 -0.9066937       11.88000    
  4.4514865E-02  -1.009528       11.90000    
  2.4324307E-02  -1.071631       11.92000    
  2.8916914E-03  -1.090486       11.94000    
 -1.8918019E-02  -1.065302       11.96000    
 -4.0224060E-02 -0.9970468       11.98000    
 -6.0164995E-02 -0.8884094       12.00000    
 -7.7933185E-02 -0.7436893       12.02000    
 -9.2806973E-02 -0.5686299       12.04000    
 -0.1041796     -0.3701848       12.06000    
 -0.1115833     -0.1562454       12.08000    
 -0.1147082      6.4679310E-02   12.10000    
 -0.1134146      0.2837963       12.12000    
 -0.1077387      0.4923826       12.14000    
 -9.7891003E-02  0.6821323       12.16000    
 -8.4248357E-02  0.8454863       12.18000    
 -6.7338631E-02  0.9759364       12.20000    
 -4.7819905E-02   1.068281       12.22000    
 -2.6454281E-02   1.118838       12.24000    
 -4.0775202E-03   1.125586       12.26000    
  1.8434208E-02   1.088249       12.28000    
  4.0199183E-02   1.008302       12.30000    
  6.0365219E-02  0.8889193       12.32000    
  7.8143604E-02  0.7348460       12.34000    
  9.2840523E-02  0.5522049       12.36000    
  0.1038846      0.3482577       12.38000    
  0.1108498      0.1311116       12.40000    
  0.1134720     -9.0600982E-02   12.42000    
  0.1116600     -0.3080682       12.44000    
  0.1054986     -0.5126495       12.46000    
  9.5245637E-02 -0.6962187       12.48000    
  8.1321262E-02 -0.8514902       12.50000    
  6.4291462E-02 -0.9723063       12.52000    
  4.4845335E-02  -1.053886       12.54000    
  2.3767607E-02  -1.093013       12.56000    
  1.9073561E-03  -1.088165       12.58000    
 -1.9855943E-02  -1.039570       12.60000    
 -4.0647339E-02 -0.9492077       12.62000    
 -5.9631489E-02 -0.8207168       12.64000    
 -7.6045826E-02 -0.6592604       12.66000    
 -8.9231037E-02 -0.4713138       12.68000    
 -9.8657310E-02 -0.2644104       12.70000    
 -0.1039455     -4.6837851E-02   12.72000    
 -0.1048823      0.1726900       12.74000    
 -0.1014285      0.3853825       12.76000    
 -9.3720824E-02  0.5827219       12.78000    
 -8.2066387E-02  0.7568021       12.80000    
 -6.6930346E-02  0.9006466       12.82000    
 -4.8917413E-02   1.008483       12.84000    
 -2.8747750E-02   1.075978       12.86000    
 -7.2281826E-03   1.100407       12.88000    
  1.4779959E-02   1.080759       12.90000    
  3.6395140E-02   1.017789       12.92000    
  5.6750916E-02  0.9139761       12.94000    
  7.5030439E-02  0.7734301       12.96000    
  9.0499043E-02  0.6017243       12.98000    
  0.1025335      0.4056821       13.00000    
  0.1106472      0.1930912       13.02000    
  0.1145090     -2.7594045E-02   13.04000    
  0.1139571     -0.2475967       13.06000    
  0.1090052     -0.4581650       13.08000    
  9.9841885E-02 -0.6509203       13.10000    
  8.6823478E-02 -0.8181941       13.12000    
  7.0459597E-02 -0.9533311       13.14000    
  5.1392976E-02  -1.050955       13.16000    
  3.0373875E-02  -1.107181       13.18000    
  8.2302615E-03  -1.119780       13.20000    
 -1.4165329E-02  -1.088249       13.22000    
 -3.5930302E-02  -1.013852       13.24000    
 -5.6207336E-02 -0.8995557       13.26000    
 -7.4198455E-02 -0.7499171       13.28000    
 -8.9196801E-02 -0.5708970       13.30000    
 -0.1006147     -0.3696305       13.32000    
 -0.1080073     -0.1541353       13.34000    
 -0.1110901      6.7005113E-02   13.36000    
 -0.1097500      0.2849842       13.38000    
 -0.1040503      0.4911222       13.40000    
 -9.4227828E-02  0.6772137       13.42000    
 -8.0683552E-02  0.8358542       13.44000    
 -6.3966468E-02  0.9607345       13.46000    
 -4.4751778E-02   1.046890       13.48000    
 -2.3813974E-02   1.090910       13.50000    
 -1.9957758E-03   1.091052       13.52000    
  1.9825265E-02   1.047334       13.54000    
  4.0771939E-02  0.9615194       13.56000    
  6.0002327E-02  0.8370517       13.58000    
  7.6743364E-02  0.6789132       13.60000    
  9.0321630E-02  0.4934345       13.62000    
  0.1001903      0.2880339       13.64000    
  0.1059510      7.0924357E-02   13.66000    
  0.1073695     -0.1492141       13.68000    
  0.1043852     -0.3635797       13.70000    
  9.7113609E-02 -0.5636003       13.72000    
  8.5841604E-02 -0.7412767       13.74000    
  7.1016073E-02 -0.8895001       13.76000    
  5.3226069E-02  -1.002336       13.78000    
  3.3179350E-02  -1.075257       13.80000    
  1.1674203E-02  -1.105335       13.82000    
 -1.0432497E-02  -1.091345       13.84000    
 -3.2259390E-02  -1.033820       13.86000    
 -5.2935787E-02 -0.9350296       13.88000    
 -7.1636379E-02 -0.7988866       13.90000    
 -8.7614112E-02 -0.6307983       13.92000    
 -0.1002301     -0.4374436       13.94000    
 -0.1089789     -0.2265097       13.96000    
 -0.1135091     -6.3844919E-03   13.98000    
 -0.1136368      0.2141748       14.00000    
 -0.1093533      0.4263938       14.02000    
 -0.1008255      0.6218299       14.04000    
 -8.8388860E-02  0.7927082       14.06000    
 -7.2534695E-02  0.9322319       14.08000    
 -5.3890057E-02   1.034850       14.10000    
 -3.3193052E-02   1.096488       14.12000    
 -1.1263294E-02   1.114699       14.14000    
  1.1030685E-02   1.088768       14.16000    
  3.2806050E-02   1.019736       14.18000    
  5.3200766E-02  0.9103677       14.20000    
  7.1408123E-02  0.7650252       14.22000    
  8.6708628E-02  0.5895109       14.24000    
  9.8498844E-02  0.3908261       14.26000    
  0.1063154      0.1768945       14.28000    
  0.1098533     -4.3753996E-02   14.30000    
  0.1089782     -0.2623216       14.32000    
  0.1037318     -0.4700956       14.34000    
  9.4329841E-02 -0.6587948       14.36000    
  8.1153944E-02 -0.8208997       14.38000    
  6.4735949E-02 -0.9499498       14.40000    
  4.5736954E-02  -1.040808       14.42000    
  2.4920803E-02  -1.089857       14.44000    
  3.1236559E-03  -1.095151       14.46000    
 -1.8779367E-02  -1.056483       14.48000    
 -3.9909035E-02 -0.9754108       14.50000    
 -5.9417251E-02 -0.8551700       14.52000    
 -7.6520652E-02 -0.7005683       14.54000    
 -9.0532020E-02 -0.5177811       14.56000    
 -0.1008876     -0.3141079       14.58000    
 -0.1071698     -9.7680613E-02   14.60000    
 -0.1091234      0.1228574       14.62000    
 -0.1066663      0.3386998       14.64000    
 -9.9892266E-02  0.5412270       14.66000    
 -8.9067727E-02  0.7223482       14.68000    
 -7.4620768E-02  0.8748301       14.70000    
 -5.7124168E-02  0.9925740       14.72000    
 -3.7272688E-02   1.070872       14.74000    
 -1.5855255E-02   1.106586       14.76000    
  6.2764548E-03   1.098275       14.78000    
  2.8241955E-02   1.046252       14.80000    
  4.9166992E-02  0.9525768       14.82000    
  6.8218529E-02  0.8209672       14.84000    
  8.4637873E-02  0.6566537       14.86000    
  9.7770944E-02  0.4661705       14.88000    
  0.1070944      0.2570941       14.90000    
  0.1122362      3.7745461E-02   14.92000    
  0.1129911     -0.1831461       14.94000    
  0.1093282     -0.3967898       14.96000    
  0.1013924     -0.5946818       14.98000    
  8.9498796E-02 -0.7689494       15.00000    
  7.4119806E-02 -0.9126555       15.02000    
  5.5866696E-02  -1.020086       15.04000    
  3.5464980E-02  -1.086970       15.06000    
  1.3725581E-02  -1.110653       15.08000    
 -8.4874853E-03  -1.090200       15.10000    
 -3.0291479E-02  -1.026438       15.12000    
 -5.0820239E-02 -0.9219197       15.14000    
 -6.9258630E-02 -0.7808205       15.16000    
 -8.4875040E-02 -0.6087713       15.18000    
 -9.7050466E-02 -0.4126427       15.20000    
 -0.1053033     -0.2002566       15.22000    
 -0.1093085      1.9912466E-02   15.24000    
 -0.1089102      0.2390825       15.26000    
 -0.1041286      0.4485120       15.28000    
 -9.5158316E-02  0.6398473       15.30000    
 -8.2361370E-02  0.8054590       15.32000    
 -6.6252187E-02  0.9387431       15.34000    
 -4.7477327E-02   1.034385       15.36000    
 -2.6789619E-02   1.088573       15.38000    
 -5.0181579E-03   1.099144       15.40000    
  1.6964715E-02   1.065680       15.42000    
  3.8278311E-02  0.9895184       15.44000    
  5.8068678E-02  0.8736984       15.46000    
  7.5542644E-02  0.7228383       15.48000    
  8.9999408E-02  0.5429615       15.50000    
  0.1008586      0.3412400       15.52000    
  0.1076834      0.1257233       15.54000    
  0.1101979     -9.4990715E-02   15.56000    
  0.1082981     -0.3120962       15.58000    
  0.1020562     -0.5169298       15.60000    
  9.1717564E-02 -0.7013183       15.62000    
  7.7691197E-02 -0.8579024       15.64000    
  6.0533151E-02 -0.9804312       15.66000    
  4.0924527E-02  -1.064008       15.68000    
  1.9644365E-02  -1.105297       15.70000    
 -2.4615787E-03  -1.102637       15.72000    
 -2.4514318E-02  -1.056126       15.74000    
 -4.5636844E-02 -0.9676093       15.76000    
 -6.4989030E-02 -0.8406044       15.78000    
 -8.1801116E-02 -0.6801617       15.80000    
 -9.5404349E-02 -0.4926694       15.82000    
 -0.1052577     -0.2855914       15.84000    
 -0.1109696     -6.7172274E-02   15.86000    
 -0.1123130      0.1538913       15.88000    
 -0.1092352      0.3687968       15.90000    
 -0.1018592      0.5689871       15.92000    
 -9.0479508E-02  0.7464921       15.94000    
 -7.5549662E-02  0.8942457       15.96000    
 -5.7664748E-02   1.006365       15.98000    
 -3.7537448E-02   1.078395       16.00000    
 -1.5969539E-02   1.107469       16.02000    
  6.1798468E-03   1.092437       16.04000    
  2.8028581E-02   1.033912       16.06000    
  4.8706822E-02  0.9342339       16.08000    
  6.7391500E-02  0.7973818       16.10000    
  8.3339132E-02  0.6288221       16.12000    
  9.5915571E-02  0.4352838       16.14000    
  0.1046212      0.2244861       16.16000    
  0.1091110      4.8401952E-03   16.18000    
  0.1092078     -0.2148902       16.20000    
  0.1049100     -0.4259405       16.22000    
  9.6391164E-02 -0.6198907       16.24000    
  8.3993353E-02 -0.7890049       16.26000    
  6.8213254E-02 -0.9265350       16.28000    
  4.9682558E-02  -1.026999       16.30000    
  2.9142577E-02  -1.086384       16.32000    
  7.4148998E-03  -1.102322       16.34000    
 -1.4631549E-02  -1.074177       16.36000    
 -3.6115095E-02  -1.003069       16.38000    
 -5.6176472E-02 -0.8918314       16.40000    
 -7.4013099E-02 -0.7448965       16.42000    
 -8.8911027E-02 -0.5681248       16.44000    
 -0.1002735     -0.3685625       16.46000    
 -0.1076448     -0.1541696       16.48000    
 -0.1107282      6.6506907E-02   16.50000    
 -0.1093980      0.2846673       16.52000    
 -0.1037047      0.4916106       16.54000    
 -9.3872465E-02  0.6790857       16.56000    
 -8.0290750E-02  0.8396143       16.58000    
 -6.3498467E-02  0.9667909       16.60000    
 -4.4162650E-02   1.055543       16.62000    
 -2.3051787E-02   1.102331       16.64000    
 -1.0051616E-03   1.105279       16.66000    
  2.1100426E-02   1.064265       16.68000    
  4.2385720E-02  0.9809201       16.70000    
  6.2004119E-02  0.8585649       16.72000    
  7.9175413E-02  0.7020657       16.74000    
  9.3216725E-02  0.5176581       16.76000    
  0.1035699      0.3126857       16.78000    
  0.1098236      9.5316291E-02   16.80000    
  0.1117299     -0.1257929       16.82000    
  0.1092141     -0.3418332       16.84000    
  0.1023774     -0.5441989       16.86000    
  9.1493420E-02 -0.7248293       16.88000    
  7.6996833E-02 -0.8765304       16.90000    
  5.9466228E-02 -0.9932592       16.92000    
  3.9601043E-02  -1.070371       16.94000    
  1.8193621E-02  -1.104796       16.96000    
 -3.9022993E-03  -1.095174       16.98000    
 -2.5805783E-02  -1.041893       17.00000    
 -4.6643645E-02 -0.9470802       17.02000    
 -6.5585248E-02 -0.8145226       17.04000    
 -8.1875697E-02 -0.6495162       17.06000    
 -9.4866022E-02 -0.4586426       17.08000    
 -0.1040389     -0.2495157       17.10000    
 -0.1090292     -3.0480251E-02   17.12000    
 -0.1096388      0.1897263       17.14000    
 -0.1058443      0.4023201       17.16000    
 -9.7797863E-02  0.5988198       17.18000    
 -8.5821465E-02  0.7713876       17.20000    
 -7.0393711E-02  0.9131417       17.22000    
 -5.2130878E-02   1.018423       17.24000    
 -3.1762429E-02   1.083032       17.26000    
 -1.0101795E-02   1.104387       17.28000    
  1.1985935E-02   1.081639       17.30000    
  3.3618711E-02   1.015687       17.32000    
  5.3932443E-02  0.9091594       17.34000    
  7.2115630E-02  0.7663021       17.36000    
  8.7441668E-02  0.5928080       17.38000    
  9.9297829E-02  0.3955920       17.40000    
  0.1072097      0.1825142       17.42000    
  0.1108600     -3.7930161E-02   17.44000    
  0.1101013     -0.2569532       17.46000    
  0.1049623     -0.4658237       17.48000    
  9.5645815E-02 -0.6562146       17.50000    
  8.2521521E-02 -0.8205335       17.52000    
  6.6110849E-02 -0.9522278       17.54000    
  4.7066294E-02  -1.046051       17.56000    
  2.6145276E-02  -1.098259       17.58000    
  4.1801035E-03  -1.106765       17.60000    
 -1.7955193E-02  -1.071232       17.62000    
 -3.9379828E-02 -0.9930759       17.64000    
 -5.9241347E-02 -0.8754052       17.66000    
 -7.6749451E-02 -0.7229083       17.68000    
 -9.1207616E-02 -0.5416645       17.70000    
 -0.1020409     -0.3388973       17.72000    
 -0.1088189     -0.1226840       17.74000    
 -0.1112725      9.8358065E-02   17.76000    
 -0.1093054      0.3154203       17.78000    
 -0.1029970      0.5198540       17.80000    
 -9.2599884E-02  0.7035115       17.82000    
 -7.8529656E-02  0.8590761       17.84000    
 -6.1348133E-02  0.9803506       17.86000    
 -4.1741122E-02   1.062504       17.88000    
 -2.0491034E-02   1.102267       17.90000    
  1.5543047E-03   1.098054       17.92000    
  2.3515392E-02   1.050042       17.94000    
  4.4516236E-02  0.9601462       17.96000    
  6.3719161E-02  0.8319601       17.98000    
  8.0358364E-02  0.6705958       18.00000    
  9.3770280E-02  0.4824888       18.02000    
  0.1034201      0.2751436       18.04000    
  0.1089229      5.6833088E-02   18.06000    
  0.1100596     -0.1637368       18.08000    
  0.1067849     -0.3777682       18.10000    
  9.9229485E-02 -0.5767243       18.12000    
  8.7695003E-02 -0.7526715       18.14000    
  7.2641574E-02 -0.8985884       18.16000    
  5.4669805E-02  -1.008653       18.18000    
  3.4496740E-02  -1.078477       18.20000    
  1.2927193E-02  -1.105276       18.22000    
 -9.1783348E-03  -1.087973       18.24000    
 -3.0937796E-02  -1.027257       18.26000    
 -5.1482942E-02 -0.9255439       18.28000    
 -6.9993824E-02 -0.7868907       18.30000    
 -8.5731640E-02 -0.6168180       18.32000    
 -9.8067999E-02 -0.4221060       18.34000    
 -0.1065101     -0.2105153       18.36000    
 -0.1107204      9.5207393E-03   18.38000    
 -0.1105300      0.2292317       18.40000    
 -0.1059454      0.4398594       18.42000    
 -9.7148195E-02  0.6330080       18.44000    
 -8.4488034E-02  0.8009768       18.46000    
 -6.8468496E-02  0.9370735       18.48000    
 -4.9727026E-02   1.035871       18.50000    
 -2.9009599E-02   1.093429       18.52000    
 -7.1410183E-03   1.107452       18.54000    
  1.5008012E-02   1.077386       18.56000    
  3.6555722E-02   1.004426       18.58000    
  5.6644253E-02  0.8914793       18.60000    
  7.4473836E-02  0.7430489       18.62000    
  8.9334816E-02  0.5650538       18.64000    
  0.1006359      0.3645845       18.66000    
  0.1079276      0.1496327       18.68000    
  0.1109202     -7.1232453E-02   18.70000    
  0.1094956     -0.2892079       18.72000    
  0.1037114     -0.4956052       18.74000    
  9.3799330E-02 -0.6821986       18.76000    
  8.0155358E-02 -0.8415495       18.78000    
  6.3324369E-02 -0.9673113       18.80000    
  4.3978143E-02  -1.054468       18.82000    
  2.2888782E-02  -1.099550       18.84000    
  8.9777447E-04  -1.100763       18.86000    
 -2.1117492E-02  -1.058061       18.88000    
 -4.2278714E-02 -0.9731492       18.90000    
 -6.1741699E-02 -0.8494125       18.92000    
 -7.8729950E-02 -0.6917896       18.94000    
 -9.2565745E-02 -0.5065672       18.96000    
 -0.1026971     -0.3011323       18.98000    
 -0.1087197     -8.3677545E-02   19.00000    
 -0.1103933      0.1371254       19.02000    
 -0.1076508      0.3524699       19.04000    
 -0.1006014      0.5537691       19.06000    
 -8.9525998E-02  0.7329947       19.08000    
 -7.4866101E-02  0.8829969       19.10000    
 -5.7206165E-02  0.9977945       19.12000    
 -3.7250273E-02   1.072811       19.14000    
 -1.5794048E-02   1.105048       19.16000    
  6.3069165E-03   1.093218       19.18000    
  2.8171271E-02   1.037792       19.20000    
  4.8927106E-02  0.9409803       19.22000    
  6.7746714E-02  0.8066348       19.24000    
  8.3879411E-02  0.6401120       19.26000    
  9.6681654E-02  0.4480465       19.28000    
  0.1056426      0.2380965       19.30000    
  0.1104045      1.8627569E-02   19.32000    
  0.1107771     -0.2016115       19.34000    
  0.1067448     -0.4138423       19.36000    
  9.8467991E-02 -0.6096056       19.38000    
  8.6275876E-02 -0.7810986       19.40000    
  7.0653901E-02 -0.9214836       19.42000    
  5.2224230E-02  -1.025167       19.44000    
  3.1720895E-02  -1.088016       19.46000    
  9.9605806E-03  -1.107526       19.48000    
 -1.2189938E-02  -1.082920       19.50000    
 -3.3848338E-02  -1.015176       19.52000    
 -5.4151867E-02 -0.9069967       19.54000    
 -7.2291799E-02 -0.7626991       19.56000    
 -8.7545782E-02 -0.5880336       19.58000    
 -9.9306449E-02 -0.3899614       19.60000    
 -0.1071057     -0.1763810       19.62000    
 -0.1106333      4.4192985E-02   19.64000    
 -0.1097494      0.2629686       19.66000    
 -0.1044901      0.4712236       19.68000    
 -9.5065594E-02  0.6606565       19.70000    
 -8.1852466E-02  0.8237182       19.72000    
 -6.5378100E-02  0.9539053       19.74000    
 -4.6299994E-02   1.046031       19.76000    
 -2.5379376E-02   1.096420       19.78000    
 -3.4509692E-03   1.103072       19.80000    
  1.8610472E-02   1.065716       19.82000    
  3.9924793E-02  0.9858461       19.84000    
  5.9641715E-02  0.8666478       19.86000    
  7.6974668E-02  0.7128746       19.88000    
  9.1232158E-02  0.5306584       19.90000    
  0.1018453      0.3272637       19.92000    
  0.1083906      0.1108026       19.94000    
  0.1106067     -0.1100937       19.96000    
  0.1084048     -0.3266172       19.98000    
  0.1018724     -0.5301341       20.00000    
  9.1269761E-02 -0.7125280       20.02000    
  7.7019200E-02 -0.8665245       20.04000    
  5.9688710E-02 -0.9859864       20.06000    
  3.9968982E-02  -1.066148       20.08000    
  1.8646032E-02  -1.103807       20.10000    
 -3.4301169E-03  -1.097466       20.12000    
 -2.5379429E-02  -1.047376       20.14000    
 -4.6326950E-02 -0.9555281       20.16000    
 -6.5437511E-02 -0.8255817       20.18000    
 -8.1949145E-02 -0.6627185       20.20000    
 -9.5203519E-02 -0.4734315       20.22000    
 -0.1046721     -0.2652613       20.24000    
 -0.1099774     -4.6507120E-02   20.26000    
 -0.1109075      0.1741119       20.28000    
 -0.1074253      0.3878019       20.30000    
 -9.9669240E-02  0.5860443       20.32000    
 -8.7948352E-02  0.7609380       20.34000    
 -7.2729595E-02  0.9055119       20.36000    
 -5.4619357E-02   1.014004       20.38000    
 -3.4339283E-02   1.082089       20.40000    
 -1.2697496E-02   1.107053       20.42000    
  9.4435606E-03   1.087902       20.44000    
  3.1201608E-02   1.025403       20.46000    
  5.1709659E-02  0.9220456       20.48000    
  7.0150569E-02  0.7819526       20.50000    
  8.5789621E-02  0.6107069       20.52000    
  9.8003760E-02  0.4151368       20.54000    
  0.1063065      0.2030425       20.56000    
  0.1103673     -1.7122194E-02   20.58000    
  0.1100249     -0.2365799       20.60000    
  0.1052933     -0.4465812       20.62000    
  9.6361682E-02 -0.6387554       20.64000    
  8.3586574E-02 -0.8054390       20.66000    
  6.7477793E-02 -0.9399862       20.68000    
  4.8678070E-02  -1.037035       20.70000    
  2.7937366E-02  -1.092721       20.72000    
  6.0829557E-03  -1.104817       20.74000    
 -1.6013376E-02  -1.072845       20.76000    
 -3.7470274E-02 -0.9980777       20.78000    
 -5.7431825E-02 -0.8835019       20.80000    
 -7.5101860E-02 -0.7336805       20.82000    
 -8.9775473E-02 -0.5545899       20.84000    
 -0.1008673     -0.3533704       20.86000    
 -0.1079347     -0.1380448       20.88000    
 -0.1106956      8.2802057E-02   20.90000    
 -0.1090395      0.3003646       20.92000    
 -0.1030322      0.5059680       20.94000    
 -9.2912883E-02  0.6914150       20.96000    
 -7.9084583E-02  0.8493112       20.98000    
 -6.2098358E-02  0.9733610       21.00000    
 -4.2631138E-02   1.058615       21.02000    
 -2.1458834E-02   1.101673       21.04000    
  5.7463162E-04   1.100824       21.06000    
  2.2591101E-02   1.056095       21.08000    
  4.3713011E-02  0.9692681       21.10000    
  6.3098371E-02  0.8438048       21.12000    
  7.9974465E-02  0.6847084       21.14000    
  9.3668632E-02  0.4983156       21.16000    
  0.1036349      0.2920568       21.18000    
  0.1094761      7.4155524E-02   21.20000    
  0.1109592     -0.1467025       21.22000    
  0.1080251     -0.3617141       21.24000    
  0.1007909     -0.5623087       21.26000    
  8.9544684E-02 -0.7404888       21.28000    
  7.4734911E-02 -0.8891553       21.30000    
  5.6951806E-02  -1.002379       21.32000    
  3.6904234E-02  -1.075648       21.34000    
  1.5391275E-02  -1.106043       21.36000    
 -6.7295935E-03  -1.092354       21.38000    
 -2.8576676E-02  -1.035127       21.40000    
 -4.9279209E-02 -0.9366404       21.42000    
 -6.8012014E-02 -0.8008255       21.44000    
 -8.4028527E-02 -0.6330968       21.46000    
 -9.6690461E-02 -0.4401417       21.48000    
 -0.1054933     -0.2296531       21.50000    
 -0.1100864     -1.0022104E-02   21.52000    
 -0.1102868      0.2099938       21.54000    
 -0.1060869      0.4216231       21.56000    
 -9.7654454E-02  0.6164289       21.58000    
 -8.5325874E-02  0.7866428       21.60000    
 -6.9593020E-02  0.9254803       21.62000    
 -5.1083416E-02   1.027409       21.64000    
 -3.0535238E-02   1.088360       21.66000    
 -8.7680370E-03   1.105903       21.68000    
  1.3350030E-02   1.079342       21.70000    
  3.4936879E-02   1.009739       21.72000    
  5.5131666E-02  0.8998628       21.74000    
  7.3128924E-02  0.7540966       21.76000    
  8.8210858E-02  0.5782499       21.78000    
  9.9775858E-02  0.3793374       21.80000    
  0.1073626      0.1652861       21.82000    
  0.1106683     -5.5368677E-02   21.84000    
  0.1095610     -0.2738300       21.86000    
  0.1040844     -0.4813882       21.88000    
  9.4456591E-02 -0.6697684       21.90000    
  8.1061222E-02 -0.8314582       21.92000    
  6.4432055E-02 -0.9600124       21.94000    
  4.5231804E-02  -1.050306       21.96000    
  2.4225689E-02  -1.098738       21.98000    
  2.2509359E-03  -1.103377       22.00000    
 -1.9816604E-02  -1.064035       22.02000    
 -4.1097298E-02 -0.9822792       22.04000    
 -6.0742881E-02 -0.8613743       22.06000    
 -7.7970363E-02 -0.7061363       22.08000    
 -9.2093088E-02 -0.5227515       22.10000    
 -0.1025481     -0.3185319       22.12000    
 -0.1089188     -0.1016192       22.14000    
 -0.1109511      0.1193418       22.16000    
 -0.1085643      0.3355418       22.18000    
 -0.1018535      0.5383626       22.20000    
 -9.1086216E-02  0.7197206       22.22000    
 -7.6691806E-02  0.8723838       22.24000    
 -5.9244130E-02  0.9902685       22.26000    
 -3.9438762E-02   1.068673       22.28000    
 -1.8065302E-02   1.104478       22.30000    
  4.0242579E-03   1.096251       22.32000    
  2.5949275E-02   1.044323       22.34000    
  4.6835743E-02  0.9507664       22.36000    
  6.5851070E-02  0.8193101       22.38000    
  8.2237273E-02  0.6551959       22.40000    
  9.5341191E-02  0.4649651       22.42000    
  0.1046405      0.2562042       22.44000    
  0.1097646      3.7236169E-02   22.46000    
  0.1105093     -0.1832091       22.48000    
  0.1068451     -0.3963431       22.50000    
  9.8918259E-02 -0.5936673       22.52000    
  8.7044917E-02 -0.7673172       22.54000    
  7.1698576E-02 -0.9103664       22.56000    
  5.3491250E-02  -1.017114       22.58000    
  3.3148978E-02  -1.083300       22.60000    
  1.1482976E-02  -1.106290       22.62000    
 -1.0642817E-02  -1.085169       22.64000    
 -3.2346189E-02  -1.020773       22.66000    
 -5.2761652E-02 -0.9156699       22.68000    
 -7.1075052E-02 -0.7740524       22.70000    
 -8.6556099E-02 -0.6015682       22.72000    
 -9.8587461E-02 -0.4050894       22.74000    
 -0.1066893     -0.1924510       22.76000    
 -0.1105383      2.7870595E-02   22.78000    
 -0.1099809      0.2470909       22.80000    
 -0.1050390      0.4564703       22.82000    
 -9.5909633E-02  0.6476615       22.84000    
 -8.2956403E-02  0.8130425       22.86000    
 -6.6695556E-02  0.9460200       22.88000    
 -4.7775157E-02   1.041292       22.90000    
 -2.6949309E-02   1.095059       22.92000    
 -5.0481390E-03   1.105177       22.94000    
  1.7055409E-02   1.071245       22.96000    
  3.8480312E-02  0.9946141       22.98000    
  5.8372594E-02  0.8783389       23.00000    
  7.5939372E-02  0.7270523       23.02000    
  9.0480417E-02  0.5467895       23.04000    
  0.1014162      0.3447327       23.06000    
  0.1083109      0.1289385       23.08000    
  0.1108896     -9.1991261E-02   23.10000    
  0.1090498     -0.3092484       23.12000    
  0.1028648     -0.5141733       23.14000    
  9.2581376E-02 -0.6985951       23.16000    
  7.8609474E-02 -0.8551613       23.18000    
  6.1506249E-02 -0.9776323       23.20000    
  4.1953605E-02  -1.061129       23.22000    
  2.0731028E-02  -1.102317       23.24000    
 -1.3153199E-03  -1.099559       23.26000    
 -2.3306508E-02  -1.052962       23.28000    
 -4.4365752E-02 -0.9643900       23.30000    
 -6.3653551E-02 -0.8373685       23.32000    
 -8.0400921E-02 -0.6769651       23.34000    
 -9.3940221E-02 -0.4895746       23.36000    
 -0.1037317     -0.2826682       23.38000    
 -0.1093851     -6.4494789E-02   23.40000    
 -0.1106750      0.1562477       23.42000    
 -0.1075500      0.3707581       23.44000    
 -0.1001349      0.5704844       23.46000    
 -8.8725179E-02  0.7474639       23.48000    
 -7.3775902E-02  0.8946407       23.50000    
 -5.5883087E-02   1.006145       23.52000    
 -3.5760190E-02   1.077536       23.54000    
 -1.4209475E-02   1.105961       23.56000    
  7.9097524E-03   1.090291       23.58000    
  2.9715577E-02   1.031147       23.60000    
  5.0338514E-02  0.9308886       23.62000    
  6.8956286E-02  0.7935160       23.64000    
  8.4826604E-02  0.6245002       23.66000    
  9.7316608E-02  0.4305799       23.68000    
  0.1059282      0.2194879       23.70000    
  0.1103180     -3.5989285E-04   23.72000    
  0.1103108     -0.2202004       23.74000    
  0.1059068     -0.4312690       23.76000    
  9.7281374E-02 -0.6251501       23.78000    
  8.4778368E-02 -0.7941169       23.80000    
  6.8896033E-02 -0.9314299       23.82000    
  5.0267436E-02  -1.031617       23.84000    
  2.9635100E-02  -1.090684       23.86000    
  7.8214295E-03  -1.106275       23.88000    
 -1.4304077E-02  -1.077770       23.90000    
 -3.5859488E-02  -1.006302       23.92000    
 -5.5985533E-02 -0.8947227       23.94000    
 -7.3879987E-02 -0.7474799       23.96000    
 -8.8829584E-02 -0.5704437       23.98000    
 -0.1002385     -0.3706715       24.00000    
 -0.1076519     -0.1561261       24.02000    
 -0.1107744      6.4637706E-02   24.04000    
 -0.1094817      0.2828200       24.06000    
 -0.1038253      0.4897227       24.08000    
 -9.4030805E-02  0.6770963       24.10000    
 -8.0488876E-02  0.8374723       24.12000    
 -6.3739434E-02  0.9644597       24.14000    
 -4.4450242E-02   1.052992       24.16000    
 -2.3390407E-02   1.099539       24.18000    
 -1.3996288E-03   1.102249       24.20000    
  2.0645345E-02   1.061016       24.22000    
  4.1865669E-02  0.9774799       24.24000    
  6.1415270E-02  0.8549732       24.26000    
  7.8514732E-02  0.6983780       24.28000    
  9.2482291E-02  0.5139419       24.30000    
  0.1027611      0.3090144       24.32000    
  0.1089414      9.1767281E-02   24.34000    
  0.1107768     -0.1291385       24.36000    
  0.1081940     -0.3448959       24.38000    
  0.1012961     -0.5469034       24.40000    
  9.0358004E-02 -0.7271059       24.42000    
  7.5815886E-02 -0.8783202       24.44000    
  5.8249481E-02 -0.9945177       24.46000    
  3.8359128E-02  -1.071066       24.48000    
  1.6937811E-02  -1.104913       24.50000    
 -5.1604453E-03  -1.094706       24.52000    
 -2.7054563E-02  -1.040858       24.54000    
 -4.7871716E-02 -0.9455090       24.56000    
 -6.6781893E-02 -0.8124634       24.58000    
 -8.3031163E-02 -0.6470227       24.60000    
 -9.5971614E-02 -0.4557846       24.62000    
 -0.1050873     -0.2463741       24.64000    
 -0.1100148     -2.7136922E-02   24.66000    
 -0.1105575      0.1931859       24.68000    
 -0.1066938      0.4058105       24.70000    
 -9.8577611E-02  0.6022618       24.72000    
 -8.6532377E-02  0.7747059       24.74000    
 -7.1038261E-02  0.9162694       24.76000    
 -5.2712873E-02   1.021306       24.78000    
 -3.2286745E-02   1.085635       24.80000    
 -1.0574054E-02   1.106684       24.82000    
  1.1559624E-02   1.083618       24.84000    
  3.3231989E-02   1.017357       24.86000    
  5.3579129E-02  0.9105420       24.88000    
  7.1789965E-02  0.7674311       24.90000    
  8.7138586E-02  0.5937276       24.92000    
  9.9013135E-02  0.3963588       24.94000    
  0.1069403      0.1831930       24.96000    
  0.1106042     -3.7271962E-02   24.98000    
  0.1098587     -0.2562472       25.00000    
  0.1047338     -0.4650024       25.02000    
  9.5433749E-02 -0.6552171       25.04000    
  8.2329407E-02 -0.8193055       25.06000    
  6.5943301E-02 -0.9507279       25.08000    
  4.6928741E-02  -1.044242       25.10000    
  2.6043894E-02  -1.096123       25.12000    
  4.1214246E-03  -1.104306       25.14000    
 -1.7964697E-02  -1.068458       25.16000    
 -3.9333865E-02 -0.9900094       25.18000    
 -5.9134051E-02 -0.8720902       25.20000    
 -7.6575853E-02 -0.7194042       25.22000    
 -9.0963937E-02 -0.5380338       25.24000    
 -0.1017246     -0.3352122       25.26000    
 -0.1084289     -0.1190243       25.28000    
 -0.1108093      0.1019094       25.30000    
 -0.1087712      0.3187816       25.32000    
 -0.1023955      0.5229461       25.34000    
 -9.1936596E-02  0.7062634       25.36000    
 -7.7811331E-02  0.8614253       25.38000    
 -6.0582824E-02  0.9822459       25.40000    
 -4.0937908E-02   1.063906       25.42000    
 -1.9659797E-02   1.103151       25.44000    
  2.4032295E-03   1.098418       25.46000    
  2.4371596E-02   1.049895       25.48000    
  4.5369498E-02  0.9595158       25.50000    
  6.4559817E-02  0.8308806       25.52000    
  8.1177428E-02  0.6691228       25.54000    
  9.4559886E-02  0.4806862       25.56000    
  0.1041736      0.2730852       25.58000    
  0.1096353      5.4595113E-02   25.60000    
  0.1107272     -0.1660726       25.62000    
  0.1074058     -0.3801218       25.64000    
  9.9803329E-02 -0.5790181       25.66000    
  8.8222966E-02 -0.7548316       25.68000    
  7.3126331E-02 -0.9005566       25.70000    
  5.5115201E-02  -1.010380       25.72000    
  3.4907609E-02  -1.079928       25.74000    
  1.3309056E-02  -1.106423       25.76000    
 -8.8193938E-03  -1.088808       25.78000    
 -3.0595552E-02  -1.027792       25.80000    
 -5.1151399E-02 -0.9258022       25.82000    
 -6.9667444E-02 -0.7869040       25.84000    
 -8.5405521E-02 -0.6166401       25.86000    
 -9.7738326E-02 -0.4217974       25.88000    
 -0.1061743     -0.2101401       25.90000    
 -0.1103771      9.8926872E-03   25.92000    
 -0.1101792      0.2295280       25.94000    
 -0.1055887      0.4400101       25.96000    
 -9.6788466E-02  0.6329492       25.98000    
 -8.4129483E-02  0.8006511       26.00000    
 -6.8116464E-02  0.9364293       26.02000    
 -4.9387880E-02   1.034875       26.04000    
 -2.8690372E-02   1.092060       26.06000    
 -6.8491772E-03   1.105702       26.08000    
  1.5264869E-02   1.075265       26.10000    
  3.6770172E-02   1.001956       26.12000    
  5.6809291E-02  0.8887030       26.14000    
  7.4583352E-02  0.7400160       26.16000    
  8.9383669E-02  0.5618233       26.18000    
  0.1006201      0.3612328       26.20000    
  0.1078448      0.1462381       26.22000    
  0.1107696     -7.4587554E-02   26.24000    
  0.1092778     -0.2924416       26.26000    
  0.1034290     -0.4986377       26.28000    
  9.3456224E-02 -0.6849573       26.30000    
  7.9757079E-02 -0.8439697       26.32000    
  6.2877685E-02 -0.9693347       26.34000    
  4.3490991E-02  -1.056059       26.36000    
  2.2369809E-02  -1.100686       26.38000    
  3.5608932E-04  -1.101430       26.40000    
 -2.1672519E-02  -1.058262       26.42000    
 -4.2837765E-02 -0.9729030       26.44000    
 -6.2295824E-02 -0.8487607       26.46000    
 -7.9271041E-02 -0.6907839       26.48000    
 -9.3086720E-02 -0.5052657       26.50000    
 -0.1031920     -0.2996027       26.52000    
 -0.1091841     -8.1996590E-02   26.54000    
 -0.1108240      0.1388795       26.56000    
 -0.1080464      0.3542190       26.58000    
 -0.1009621      0.5554382       26.60000    
 -8.9853287E-02  0.7345133       26.62000    
 -7.5163022E-02  0.8843088       26.64000    
 -5.7476848E-02  0.9988489       26.66000    
 -3.7499871E-02   1.073567       26.68000    
 -1.6028536E-02   1.105489       26.70000    
  6.0812533E-03   1.093338       26.72000    
  2.7948022E-02   1.037604       26.74000    
  4.8700109E-02  0.9405031       26.76000    
  6.7510173E-02  0.8059062       26.78000    
  8.3628297E-02  0.6391848       26.80000    
  9.6411996E-02  0.4469810       26.82000    
  0.1053516      0.2369583       26.84000    
  0.1100908      1.7491728E-02   26.86000    
  0.1104406     -0.2026706       26.88000    
  0.1063872     -0.4147518       26.90000    
  9.8092169E-02 -0.6102958       26.92000    
  8.5886255E-02 -0.7815060       26.94000    
  7.0256136E-02 -0.9215605       26.96000    
  5.1824927E-02  -1.024877       26.98000    
  3.1327397E-02  -1.087330       27.00000    
  9.5807873E-03  -1.106432       27.02000    
 -1.2547851E-02  -1.081426       27.04000    
 -3.4176361E-02  -1.013302       27.06000    
 -5.4442406E-02 -0.9047779       27.08000    
 -7.2537966E-02 -0.7601848       27.10000    
 -8.7741658E-02 -0.5852821       27.12000    
 -9.9447303E-02 -0.3870467       27.14000    
 -0.1071882     -0.1733783       27.16000    
 -0.1106558      4.7203854E-02   27.18000    
 -0.1097117      0.2659051       27.20000    
 -0.1043936      0.4740065       27.22000    
 -9.4913490E-02  0.6632134       27.24000    
 -8.1649221E-02  0.8259801       27.26000    
 -6.5129623E-02  0.9558168       27.28000    
 -4.6013288E-02   1.047552       27.30000    
 -2.5062246E-02   1.097523       27.32000    
 -3.1117778E-03   1.103738       27.34000    
  1.8962990E-02   1.065955       27.36000    
  4.0282093E-02  0.9856797       27.38000    
  5.9995688E-02  0.8661065       27.40000    
  7.7317819E-02  0.7120029       27.42000    
  9.1557875E-02  0.5295131       27.44000    
  0.1021481      0.3259159       27.46000    
  0.1086665      0.1093268       27.48000    
  0.1108530     -0.1116215       27.50000    
  0.1086206     -0.3281197       27.52000    
  0.1020582     -0.5315376       27.54000    
  9.1427416E-02 -0.7137640       27.56000    
  7.7152133E-02 -0.8675334       27.58000    
  5.9801467E-02 -0.9867197       27.60000    
  4.0067073E-02  -1.066567       27.62000    
  1.8735738E-02  -1.103897       27.64000    
 -3.3421963E-03  -1.097216       27.66000    
 -2.5286514E-02  -1.046791       27.68000    
 -4.6222325E-02 -0.9546371       27.70000    
 -6.5315068E-02 -0.8244234       27.72000    
 -8.1803538E-02 -0.6613461       27.74000    
 -9.5030457E-02 -0.4719017       27.76000    
 -0.1044685     -0.2636438       27.78000    
 -0.1097414     -4.4877276E-02   27.80000    
 -0.1106389      0.1756779       27.82000    
 -0.1071254      0.3892280       27.84000    
 -9.9340796E-02  0.5872605       27.86000    
 -8.7595589E-02  0.7618819       27.88000    
 -7.2357953E-02  0.9061275       27.90000    
 -5.4235406E-02   1.014246       27.92000    
 -3.3950489E-02   1.081926       27.94000    
 -1.2311965E-02   1.106476       27.96000    
  9.8175555E-03   1.086917       27.98000    
  3.1555891E-02   1.024022       28.00000    
  5.2036338E-02  0.9202998       28.02000    
  7.0442334E-02  0.7798902       28.04000    
  8.6040139E-02  0.6083860       28.06000    
  9.8207861E-02  0.4126251       28.08000    
  0.1064604      0.2004151       28.10000    
  0.1104687     -1.9786313E-02   28.12000    
  0.1100729     -0.2391997       28.14000    
  0.1052889     -0.4490777       28.16000    
  9.6307389E-02 -0.6410521       28.18000    
  8.3486348E-02 -0.8074724       28.20000    
  6.7336902E-02 -0.9417005       28.22000    
  4.8502892E-02  -1.038390       28.24000    
  2.7735101E-02  -1.093680       28.26000    
  5.8615003E-03  -1.105367       28.28000    
 -1.6245842E-02  -1.072991       28.30000    
 -3.7705664E-02 -0.9978366       28.32000    
 -5.7662398E-02 -0.8828999       28.34000    
 -7.5320393E-02 -0.7327685       28.36000    
 -8.9975759E-02 -0.5534267       28.38000    
 -0.1010443     -0.3520200       28.40000    
 -0.1080847     -0.1365788       28.42000    
 -0.1108163      8.4306985E-02   28.44000    
 -0.1091301      0.3018311       28.46000    
 -0.1030935      0.5073229       28.48000    
 -9.2947051E-02  0.6925887       28.50000    
 -7.9095274E-02  0.8502417       28.52000    
 -6.2090442E-02  0.9740008       28.54000    
 -4.2610426E-02   1.058928       28.56000    
 -2.1431873E-02   1.101636       28.58000    
  6.0085021E-04   1.100430       28.60000    
  2.2609441E-02   1.055350       28.62000    
  4.3716438E-02  0.9682003       28.64000    
  6.3080445E-02  0.8424495       28.66000    
  7.9929434E-02  0.6831113       28.68000    
  9.3591660E-02  0.4965424       28.70000    
  0.1035225      0.2901769       28.72000    
  0.1093260      7.2244331E-02   28.74000    
  0.1107709     -0.1485687       28.76000    
  0.1077996     -0.3634580       28.78000    
  0.1005304     -0.5638579       28.80000    
  8.9253247E-02 -0.7417771       28.82000    
  7.4417703E-02 -0.8901218       28.84000    
  5.6615271E-02  -1.002982       28.86000    
  3.6555633E-02  -1.075859       28.88000    
  1.5038447E-02  -1.105843       28.90000    
 -7.0784092E-03  -1.091737       28.92000    
 -2.8913151E-02  -1.034104       28.94000    
 -4.9595241E-02 -0.9352484       28.96000    
 -6.8300210E-02 -0.7991093       28.98000    
 -8.4282398E-02 -0.6311096       29.00000    
 -9.6904591E-02 -0.4379475       29.02000    
 -0.1056635     -0.2273269       29.04000    
 -0.1102101     -7.6420605E-03   29.06000    
 -0.1103629      0.2123479       29.08000    
 -0.1061160      0.4238729       29.10000    
 -9.7638503E-02  0.6184991       29.12000    
 -8.5268520E-02  0.7884700       29.14000    
 -6.9499120E-02  0.9270062       29.16000    
 -5.0958995E-02   1.028584       29.18000    
 -3.0387316E-02   1.089159       29.20000    
 -8.6041354E-03   1.106311       29.22000    
  1.3522079E-02   1.079361       29.24000    
  3.5109304E-02   1.009379       29.26000    
  5.5296887E-02  0.8991544       29.28000    
  7.3279977E-02  0.7530868       29.30000    
  8.8341713E-02  0.5769945       29.32000    
  9.9881604E-02  0.3778984       29.34000    
  0.1074396      0.1637388       29.36000    
  0.1107143     -5.6947798E-02   29.38000    
  0.1095754     -0.2753645       29.40000    
  0.1040681     -0.4828028       29.42000    
  9.4412044E-02 -0.6709918       29.44000    
  8.0992207E-02 -0.8324319       29.46000    
  6.4343572E-02 -0.9606882       29.48000    
  4.5129806E-02  -1.050643       29.50000    
  2.4116943E-02  -1.098710       29.52000    
  2.1427423E-03  -1.102978       29.54000    
 -1.9916827E-02  -1.063272       29.56000    
 -4.1182272E-02 -0.9811745       29.58000    
 -6.0805760E-02 -0.8599639       29.60000    
 -7.8005038E-02 -0.7044674       29.62000    
 -9.2094384E-02 -0.5208885       29.64000    
 -0.1025122     -0.3165421       29.66000    
 -0.1088430     -9.9575594E-02   29.68000    
 -0.1108345      0.1213597       29.70000    
 -0.1084073      0.3374565       29.72000    
 -0.1016582      0.5401008       29.74000    
 -9.0856165E-02  0.7212119       29.76000    
 -7.6431930E-02  0.8735688       29.78000    
 -5.8960557E-02  0.9911016       29.80000    
 -3.9138526E-02   1.069120       29.82000    
 -1.7756127E-02   1.104513       29.84000    
  4.3341368E-03   1.095876       29.86000    
  2.6251659E-02   1.043553       29.88000    
  4.7122721E-02  0.9496242       29.90000    
  6.6115201E-02  0.8178343       29.92000    
  8.2471885E-02  0.6534380       29.94000    
  9.5540643E-02  0.4629935       29.96000    
  0.1048005      0.2540921       29.98000    
  0.1098824      3.5059229E-02   30.00000    
