   1.000000     -0.1800000      3.9999999E-02
  0.9964000     -0.3324575      5.9999999E-02
  0.9897509     -0.4693545      7.9999998E-02
  0.9803638     -0.5905820      9.9999994E-02
  0.9685522     -0.6961318      0.1200000    
  0.9546295     -0.7860937      0.1400000    
  0.9389077     -0.8606530      0.1600000    
  0.9216946     -0.9200875      0.1800000    
  0.9032929     -0.9647636      0.2000000    
  0.8839976     -0.9951326      0.2200000    
  0.8640950      -1.011726      0.2400000    
  0.8438604      -1.015152      0.2600000    
  0.8235574      -1.006088      0.2800000    
  0.8034357     -0.9852776      0.3000000    
  0.7837301     -0.9535251      0.3200000    
  0.7646596     -0.9116877      0.3400000    
  0.7464259     -0.8606710      0.3600000    
  0.7292125     -0.8014227      0.3800000    
  0.7131840     -0.7349258      0.4000000    
  0.6984855     -0.6621926      0.4200000    
  0.6852416     -0.5842581      0.4400000    
  0.6735565     -0.5021734      0.4600000    
  0.6635131     -0.4169994      0.4800000    
  0.6551731     -0.3298001      0.5000000    
  0.6485770     -0.2416363      0.5200000    
  0.6437443     -0.1535591      0.5400000    
  0.6406731     -6.6603944E-02  0.5600000    
  0.6393410      1.8215612E-02  0.5800000    
  0.6397053      9.9913761E-02  0.6000000    
  0.6417035      0.1775380      0.6200000    
  0.6452543      0.2501749      0.6400000    
  0.6502578      0.3169547      0.6600000    
  0.6565969      0.3770568      0.6800000    
  0.6641380      0.4297139      0.7000000    
  0.6727323      0.4742167      0.7200000    
  0.6822166      0.5099173      0.7400000    
  0.6924150      0.5362330      0.7600000    
  0.7031397      0.5526498      0.7800000    
  0.7141926      0.5587246      0.8000000    
  0.7253671      0.5540881      0.8200000    
  0.7364489      0.5384464      0.8400000    
  0.7472178      0.5115828      0.8600000    
  0.7574495      0.4733589      0.8800000    
  0.7669167      0.4237154      0.9000000    
  0.7753910      0.3626721      0.9200000    
  0.7826445      0.2903281      0.9400000    
  0.7884510      0.2068612      0.9600000    
  0.7925882      0.1125267      0.9800000    
  0.7948388      7.6562986E-03   1.000000    
  0.7949919     -0.1073438       1.020000    
  0.7928450     -0.2319950       1.040000    
  0.7882051     -0.3657490       1.060000    
  0.7808901     -0.5079905       1.080000    
  0.7707303     -0.6580405       1.100000    
  0.7575695     -0.8151604       1.120000    
  0.7412663     -0.9785547       1.140000    
  0.7216952      -1.147377       1.160000    
  0.6987477      -1.320731       1.180000    
  0.6723331      -1.497681       1.200000    
  0.6423795      -1.677252       1.220000    
  0.6088344      -1.858434       1.240000    
  0.5716658      -2.040194       1.260000    
  0.5308619      -2.221473       1.280000    
  0.4864324      -2.401199       1.300000    
  0.4384084      -2.578286       1.320000    
  0.3868427      -2.751645       1.340000    
  0.3318098      -2.920189       1.360000    
  0.2734060      -3.082834       1.380000    
  0.2117493      -3.238513       1.400000    
  0.1469791      -3.386172       1.420000    
  7.9255648E-02  -3.524786       1.440000    
  8.7599233E-03  -3.653356       1.460000    
 -6.4307198E-02  -3.770919       1.480000    
 -0.1397256      -3.876551       1.500000    
 -0.2172566      -3.969376       1.520000    
 -0.2966441      -4.048564       1.540000    
 -0.3776154      -4.113344       1.560000    
 -0.4598823      -4.163002       1.580000    
 -0.5431423      -4.196887       1.600000    
 -0.6270800      -4.214416       1.620000    
 -0.7113683      -4.215078       1.640000    
 -0.7956699      -4.198436       1.660000    
 -0.8796386      -4.164127       1.680000    
 -0.9629211      -4.111873       1.700000    
  -1.045159      -4.041472       1.720000    
  -1.125988      -3.952811       1.740000    
  -1.205044      -3.845859       1.760000    
  -1.281962      -3.720671       1.780000    
  -1.356375      -3.577391       1.800000    
  -1.427923      -3.416249       1.820000    
  -1.496248      -3.237561       1.840000    
  -1.560999      -3.041730       1.860000    
  -1.621834      -2.829246       1.880000    
  -1.678419      -2.600681       1.900000    
  -1.730432      -2.356689       1.920000    
  -1.777566      -2.098006       1.940000    
  -1.819526      -1.825444       1.960000    
  -1.856035      -1.539890       1.980000    
  -1.886833      -1.242304       2.000000    
  -1.911679     -0.9337109       2.020000    
  -1.930353     -0.6152020       2.040000    
  -1.942657     -0.2879267       2.060000    
  -1.948416      4.6909600E-02   2.080000    
  -1.947478      0.3880519       2.100000    
  -1.939717      0.7341995       2.120000    
  -1.925033       1.084012       2.140000    
  -1.903352       1.436116       2.160000    
  -1.874630       1.789106       2.180000    
  -1.838848       2.141557       2.200000    
  -1.796017       2.492027       2.220000    
  -1.746176       2.839062       2.240000    
  -1.689395       3.181203       2.260000    
  -1.625771       3.516996       2.280000    
  -1.555431       3.844992       2.300000    
  -1.478531       4.163757       2.320000    
  -1.395256       4.471880       2.340000    
  -1.305819       4.767975       2.360000    
  -1.210459       5.050690       2.380000    
  -1.109445       5.318710       2.400000    
  -1.003071       5.570770       2.420000    
 -0.8916557       5.805651       2.440000    
 -0.7755427       6.022193       2.460000    
 -0.6550988       6.219299       2.480000    
 -0.5307128       6.395936       2.500000    
 -0.4027941       6.551146       2.520000    
 -0.2717712       6.684045       2.540000    
 -0.1380903       6.793833       2.560000    
 -2.2136271E-03   6.879794       2.580000    
  0.1353822       6.941298       2.600000    
  0.2742082       6.977812       2.620000    
  0.4137645       6.988895       2.640000    
  0.5535424       6.974204       2.660000    
  0.6930264       6.933496       2.680000    
  0.8316963       6.866631       2.700000    
  0.9690289       6.773571       2.720000    
   1.104500       6.654383       2.740000    
   1.237588       6.509237       2.760000    
   1.367773       6.338410       2.780000    
   1.494541       6.142282       2.800000    
   1.617387       5.921339       2.820000    
   1.735813       5.676167       2.840000    
   1.849337       5.407455       2.860000    
   1.957486       5.115990       2.880000    
   2.059806       4.802657       2.900000    
   2.155859       4.468432       2.920000    
   2.245227       4.114386       2.940000    
   2.327515       3.741673       2.960000    
   2.402349       3.351533       2.980000    
   2.469379       2.945282       3.000000    
   2.528285       2.524312       3.020000    
   2.578771       2.090083       3.040000    
   2.620573       1.644119       3.060000    
   2.653455       1.188001       3.080000    
   2.677215      0.7233651       3.100000    
   2.691683      0.2518901       3.120000    
   2.696720     -0.2247039       3.140000    
   2.692226     -0.7046639       3.160000    
   2.678133      -1.186210       3.180000    
   2.654409      -1.667543       3.200000    
   2.621058      -2.146851       3.220000    
   2.578121      -2.622316       3.240000    
   2.525674      -3.092122       3.260000    
   2.463832      -3.554461       3.280000    
   2.392743      -4.007540       3.300000    
   2.312592      -4.449590       3.320000    
   2.223600      -4.878871       3.340000    
   2.126023      -5.293680       3.360000    
   2.020149      -5.692358       3.380000    
   1.906302      -6.073294       3.400000    
   1.784836      -6.434937       3.420000    
   1.656137      -6.775798       3.440000    
   1.520621      -7.094457       3.460000    
   1.378732      -7.389568       3.480000    
   1.230941      -7.659868       3.500000    
   1.077744      -7.904179       3.520000    
  0.9196600      -8.121415       3.540000    
  0.7572317      -8.310585       3.560000    
  0.5910200      -8.470798       3.580000    
  0.4216040      -8.601270       3.600000    
  0.2495786      -8.701321       3.620000    
  7.5552225E-02  -8.770383       3.640000    
 -9.9855423E-02  -8.808003       3.660000    
 -0.2760155      -8.813845       3.680000    
 -0.4522924      -8.787687       3.700000    
 -0.6280462      -8.729431       3.720000    
 -0.8026348      -8.639097       3.740000    
 -0.9754167      -8.516826       3.760000    
  -1.145753      -8.362879       3.780000    
  -1.313011      -8.177640       3.800000    
  -1.476564      -7.961611       3.820000    
  -1.635796      -7.715413       3.840000    
  -1.790104      -7.439784       3.860000    
  -1.938900      -7.135575       3.880000    
  -2.081611      -6.803751       3.900000    
  -2.217686      -6.445383       3.920000    
  -2.346594      -6.061647       3.940000    
  -2.467827      -5.653823       3.960000    
  -2.580904      -5.223285       3.980000    
  -2.685369      -4.771498       4.000000    
  -2.780799      -4.300016       4.020000    
  -2.866799      -3.810473       4.040000    
  -2.943009      -3.304579       4.060000    
  -3.009100      -2.784111       4.080000    
  -3.064783      -2.250913       4.100000    
  -3.109801      -1.706880       4.120000    
  -3.143938      -1.153960       4.140000    
  -3.167017     -0.5941418       4.160000    
  -3.178900     -2.9448628E-02   4.180000    
  -3.179489      0.5380687       4.200000    
  -3.168728       1.106340       4.220000    
  -3.146601       1.673283       4.240000    
  -3.113135       2.236810       4.260000    
  -3.068399       2.794839       4.280000    
  -3.012502       3.345300       4.300000    
  -2.945596       3.886139       4.320000    
  -2.867874       4.415332       4.340000    
  -2.779567       4.930888       4.360000    
  -2.680949       5.430861       4.380000    
  -2.572332       5.913352       4.400000    
  -2.454065       6.376519       4.420000    
  -2.326535       6.818587       4.440000    
  -2.190163       7.237849       4.460000    
  -2.045406       7.632679       4.480000    
  -1.892752       8.001531       4.500000    
  -1.732721       8.342953       4.520000    
  -1.565862       8.655586       4.540000    
  -1.392751       8.938174       4.560000    
  -1.213987       9.189568       4.580000    
  -1.030196       9.408726       4.600000    
 -0.8420213       9.594726       4.620000    
 -0.6501268       9.746762       4.640000    
 -0.4551916       9.864152       4.660000    
 -0.2579085       9.946339       4.680000    
 -5.8981761E-02   9.992892       4.700000    
  0.1408761       10.00351       4.720000    
  0.3409463       9.978033       4.740000    
  0.5405070       9.916416       4.760000    
  0.7388353       9.818760       4.780000    
  0.9352105       9.685294       4.800000    
   1.128916       9.516382       4.820000    
   1.319244       9.312518       4.840000    
   1.505494       9.074326       4.860000    
   1.686981       8.802559       4.880000    
   1.863032       8.498096       4.900000    
   2.032994       8.161937       4.920000    
   2.196233       7.795205       4.940000    
   2.352137       7.399137       4.960000    
   2.500119       6.975081       4.980000    
   2.639621       6.524492       5.000000    
   2.770111       6.048928       5.020000    
   2.891089       5.550043       5.040000    
   3.002090       5.029579       5.060000    
   3.102682       4.489367       5.080000    
   3.192469       3.931310       5.100000    
   3.271095       3.357388       5.120000    
   3.338243       2.769640       5.140000    
   3.393636       2.170163       5.160000    
   3.437039       1.561105       5.180000    
   3.468261      0.9446506       5.200000    
   3.487154      0.3230214       5.220000    
   3.493614     -0.3015377       5.240000    
   3.487584     -0.9267647       5.260000    
   3.469048      -1.550389       5.280000    
   3.438040      -2.170141       5.300000    
   3.394638      -2.783756       5.320000    
   3.338963      -3.388991       5.340000    
   3.271183      -3.983624       5.360000    
   3.191510      -4.565467       5.380000    
   3.100201      -5.132373       5.400000    
   2.997553      -5.682247       5.420000    
   2.883909      -6.213046       5.440000    
   2.759648      -6.722795       5.460000    
   2.625192      -7.209592       5.480000    
   2.481000      -7.671612       5.500000    
   2.327568      -8.107117       5.520000    
   2.165426      -8.514462       5.540000    
   1.995136      -8.892099       5.560000    
   1.817294      -9.238589       5.580000    
   1.632522      -9.552600       5.600000    
   1.441471      -9.832915       5.620000    
   1.244812      -10.07844       5.640000    
   1.043243      -10.28820       5.660000    
  0.8374794      -10.46136       5.680000    
  0.6282520      -10.59721       5.700000    
  0.4163078      -10.69516       5.720000    
  0.2024046      -10.75479       5.740000    
 -1.2691170E-02  -10.77578       5.760000    
 -0.2282068      -10.75798       5.780000    
 -0.4433663      -10.70137       5.800000    
 -0.6573937      -10.60607       5.820000    
 -0.8695150      -10.47234       5.840000    
  -1.078962      -10.30059       5.860000    
  -1.284974      -10.09136       5.880000    
  -1.486801      -9.845325       5.900000    
  -1.683707      -9.563312       5.920000    
  -1.874973      -9.246263       5.940000    
  -2.059899      -8.895256       5.960000    
  -2.237804      -8.511496       5.980000    
  -2.408034      -8.096307       6.000000    
  -2.569960      -7.651132       6.020000    
  -2.722982      -7.177525       6.040000    
  -2.866533      -6.677145       6.060000    
  -3.000076      -6.151754       6.080000    
  -3.123111      -5.603207       6.100000    
  -3.235175      -5.033444       6.120000    
  -3.335844      -4.444491       6.140000    
  -3.424734      -3.838443       6.160000    
  -3.501503      -3.217462       6.180000    
  -3.565852      -2.583770       6.200000    
  -3.617527      -1.939636       6.220000    
  -3.656320      -1.287373       6.240000    
  -3.682067     -0.6293271       6.260000    
  -3.694654      3.2131314E-02   6.280000    
  -3.694011      0.6946153       6.300000    
  -3.680119       1.355729       6.320000    
  -3.653004       2.013080       6.340000    
  -3.612743       2.664283       6.360000    
  -3.559457       3.306973       6.380000    
  -3.493318       3.938811       6.400000    
  -3.414541       4.557495       6.420000    
  -3.323392       5.160766       6.440000    
  -3.220176       5.746417       6.460000    
  -3.105248       6.312304       6.480000    
  -2.979002       6.856349       6.500000    
  -2.841875       7.376550       6.520000    
  -2.694344       7.870990       6.540000    
  -2.536924       8.337843       6.560000    
  -2.370167       8.775378       6.580000    
  -2.194660       9.181971       6.600000    
  -2.011021       9.556105       6.620000    
  -1.819899       9.896379       6.640000    
  -1.621971       10.20152       6.660000    
  -1.417941       10.47036       6.680000    
  -1.208534       10.70189       6.700000    
 -0.9944957       10.89521       6.720000    
 -0.7765915       11.04958       6.740000    
 -0.5555999       11.16437       6.760000    
 -0.3323125       11.23913       6.780000    
 -0.1075300       11.27351       6.800000    
  0.1179402       11.26736       6.820000    
  0.3432874       11.22062       6.840000    
  0.5676999       11.13343       6.860000    
  0.7903684       11.00603       6.880000    
   1.010489       10.83884       6.900000    
   1.227266       10.63240       6.920000    
   1.439914       10.38742       6.940000    
   1.647662       10.10473       6.960000    
   1.849757       9.785296       6.980000    
   2.045463       9.430233       7.000000    
   2.234067       9.040776       7.020000    
   2.414883       8.618290       7.040000    
   2.587249       8.164259       7.060000    
   2.750534       7.680285       7.080000    
   2.904140       7.168078       7.100000    
   3.047501       6.629457       7.120000    
   3.180090       6.066332       7.140000    
   3.301417       5.480709       7.160000    
   3.411031       4.874675       7.180000    
   3.508524       4.250396       7.200000    
   3.593532       3.610104       7.220000    
   3.665734       2.956092       7.240000    
   3.724856       2.290706       7.260000    
   3.770670       1.616335       7.280000    
   3.802997      0.9354023       7.300000    
   3.821705      0.2503595       7.320000    
   3.826712     -0.4363257       7.340000    
   3.817986      -1.122177       7.360000    
   3.795542      -1.804717       7.380000    
   3.759448      -2.481481       7.400000    
   3.709818      -3.150019       7.420000    
   3.646817      -3.807910       7.440000    
   3.570659      -4.452770       7.460000    
   3.481604      -5.082259       7.480000    
   3.379959      -5.694088       7.500000    
   3.266077      -6.286034       7.520000    
   3.140356      -6.855940       7.540000    
   3.003237      -7.401728       7.560000    
   2.855203      -7.921407       7.580000    
   2.696774      -8.413074       7.600000    
   2.528513      -8.874931       7.620000    
   2.351014      -9.305283       7.640000    
   2.164909      -9.702546       7.660000    
   1.970858      -10.06526       7.680000    
   1.769553      -10.39208       7.700000    
   1.561711      -10.68179       7.720000    
   1.348075      -10.93332       7.740000    
   1.129409      -11.14573       7.760000    
  0.9064942      -11.31822       7.780000    
  0.6801299      -11.45011       7.800000    
  0.4511276      -11.54092       7.820000    
  0.2203092      -11.59026       7.840000    
 -1.1496052E-02  -11.59794       7.860000    
 -0.2434548      -11.56388       7.880000    
 -0.4747324      -11.48817       7.900000    
 -0.7044958      -11.37105       7.920000    
 -0.9319168      -11.21291       7.940000    
  -1.156175      -11.01429       7.960000    
  -1.376461      -10.77586       7.980000    
  -1.591978      -10.49846       8.000000    
  -1.801947      -10.18305       8.020000    
  -2.005608      -9.830737       8.040000    
  -2.202223      -9.442770       8.059999    
  -2.391078      -9.020516       8.080000    
  -2.571489      -8.565471       8.099999    
  -2.742798      -8.079249       8.120000    
  -2.904383      -7.563581       8.139999    
  -3.055655      -7.020302       8.160000    
  -3.196061      -6.451352       8.179999    
  -3.325088      -5.858761       8.200000    
  -3.442263      -5.244650       8.220000    
  -3.547156      -4.611215       8.240000    
  -3.639380      -3.960727       8.260000    
  -3.718595      -3.295518       8.280000    
  -3.784505      -2.617977       8.300000    
  -3.836865      -1.930535       8.320000    
  -3.875476      -1.235666       8.340000    
  -3.900189     -0.5358671       8.360000    
  -3.910906      0.1663405       8.380000    
  -3.907579      0.8684285       8.400000    
  -3.890211       1.567866       8.420000    
  -3.858854       2.262129       8.440000    
  -3.813611       2.948714       8.460000    
  -3.754637       3.625139       8.480000    
  -3.682134       4.288960       8.500000    
  -3.596355       4.937777       8.520000    
  -3.497599       5.569240       8.540000    
  -3.386214       6.181064       8.559999    
  -3.262593       6.771031       8.580000    
  -3.127172       7.337001       8.599999    
  -2.980433       7.876919       8.620000    
  -2.822894       8.388824       8.639999    
  -2.655118       8.870852       8.660000    
  -2.477700       9.321249       8.679999    
  -2.291276       9.738374       8.700000    
  -2.096508       10.12070       8.720000    
  -1.894094       10.46684       8.740000    
  -1.684757       10.77551       8.760000    
  -1.469247       11.04558       8.780000    
  -1.248335       11.27606       8.800000    
  -1.022814       11.46610       8.820000    
 -0.7934923       11.61498       8.840000    
 -0.5611927       11.72215       8.860000    
 -0.3267496       11.78720       8.880000    
 -9.1005623E-02   11.80987       8.900000    
  0.1451917       11.79005       8.920000    
  0.3809927       11.72780       8.940000    
  0.6155486       11.62331       8.960000    
  0.8480147       11.47694       8.980000    
   1.077553       11.28919       9.000000    
   1.303337       11.06072       9.020000    
   1.524552       10.79233       9.040000    
   1.740398       10.48497       9.059999    
   1.950098       10.13973       9.080000    
   2.152892       9.757818       9.099999    
   2.348048       9.340607       9.120000    
   2.534861       8.889577       9.139999    
   2.712652       8.406338       9.160000    
   2.880779       7.892613       9.179999    
   3.038631       7.350239       9.200000    
   3.185636       6.781157       9.220000    
   3.321259       6.187402       9.240000    
   3.445007       5.571103       9.260000    
   3.556429       4.934468       9.280000    
   3.655119       4.279783       9.300000    
   3.740714       3.609396       9.320000    
   3.812902       2.925716       9.340000    
   3.871417       2.231200       9.360000    
   3.916041       1.528344       9.380000    
   3.946608      0.8196757       9.400000    
   3.963001      0.1077461       9.420000    
   3.965156     -0.6048823       9.440000    
   3.953058      -1.315643       9.460000    
   3.926745      -2.021974       9.480000    
   3.886306      -2.721331       9.500000    
   3.831879      -3.411190       9.520000    
   3.763655      -4.089064       9.540000    
   3.681874      -4.752505       9.559999    
   3.586824      -5.399118       9.580000    
   3.478842      -6.026567       9.599999    
   3.358310      -6.632586       9.620000    
   3.225659      -7.214981       9.639999    
   3.081359      -7.771646       9.660000    
   2.925926      -8.300566       9.679999    
   2.759915      -8.799824       9.700000    
   2.583918      -9.267612       9.719999    
   2.398566      -9.702231       9.740000    
   2.204521      -10.10211       9.760000    
   2.002479      -10.46578       9.780000    
   1.793164      -10.79193       9.800000    
   1.577325      -11.07938       9.820000    
   1.355737      -11.32706       9.840000    
   1.129196      -11.53407       9.860000    
  0.8985149      -11.69966       9.880000    
  0.6645218      -11.82320       9.900000    
  0.4280577      -11.90425       9.920000    
  0.1899728      -11.94249       9.940000    
 -4.8877046E-02  -11.93777       9.960000    
 -0.2876325      -11.89010       9.980000    
 -0.5254344      -11.79962       10.00000    
 -0.7614269      -11.66666       10.02000    
 -0.9947600      -11.49167       10.04000    
  -1.224593      -11.27527       10.06000    
  -1.450099      -11.01823       10.08000    
  -1.670463      -10.72146       10.10000    
  -1.884893      -10.38601       10.12000    
  -2.092613      -10.01308       10.14000    
  -2.292874      -9.603999       10.16000    
  -2.484954      -9.160232       10.18000    
  -2.668159      -8.683363       10.20000    
  -2.841826      -8.175099       10.22000    
  -3.005328      -7.637261       10.24000    
  -3.158073      -7.071776       10.26000    
  -3.299509      -6.480672       10.28000    
  -3.429122      -5.866070       10.30000    
  -3.546444      -5.230174       10.32000    
  -3.651047      -4.575270       10.34000    
  -3.742553      -3.903708       10.36000    
  -3.820627      -3.217904       10.38000    
  -3.884985      -2.520320       10.40000    
  -3.935391      -1.813467       10.42000    
  -3.971661      -1.099887       10.44000    
  -3.993659     -0.3821459       10.46000    
  -4.001301      0.3371720       10.48000    
  -3.994558       1.055477       10.50000    
  -3.973448       1.770182       10.52000    
  -3.938045       2.478714       10.54000    
  -3.888470       3.178519       10.56000    
  -3.824900       3.867076       10.58000    
  -3.747558       4.541903       10.60000    
  -3.656720       5.200565       10.62000    
  -3.552709       5.840688       10.64000    
  -3.435895       6.459960       10.66000    
  -3.306696       7.056149       10.68000    
  -3.165573       7.627100       10.70000    
  -3.013031       8.170752       10.72000    
  -2.849616       8.685140       10.74000    
  -2.675913       9.168406       10.76000    
  -2.492545       9.618800       10.78000    
  -2.300169       10.03469       10.80000    
  -2.099475       10.41458       10.82000    
  -1.891184       10.75709       10.84000    
  -1.676042       11.06097       10.86000    
  -1.454823       11.32512       10.88000    
  -1.228320       11.54859       10.90000    
 -0.9973484       11.73055       10.92000    
 -0.7627375       11.87034       10.94000    
 -0.5253307       11.96745       10.96000    
 -0.2859817       12.02153       10.98000    
 -4.5551151E-02   12.03235       11.00000    
  0.1950959       11.99989       11.02000    
  0.4350936       11.92424       11.04000    
  0.6735783       11.80566       11.06000    
  0.9096915       11.64458       11.08000    
   1.142583       11.44156       11.10000    
   1.371414       11.19733       11.12000    
   1.595361       10.91276       11.14000    
   1.813616       10.58886       11.16000    
   2.025393       10.22679       11.18000    
   2.229929       9.827842       11.20000    
   2.426486       9.393451       11.22000    
   2.614355       8.925171       11.24000    
   2.792859       8.424681       11.26000    
   2.961352       7.893775       11.28000    
   3.119228       7.334360       11.30000    
   3.265915       6.748443       11.32000    
   3.400884       6.138128       11.34000    
   3.523646       5.505608       11.36000    
   3.633758       4.853155       11.38000    
   3.730821       4.183115       11.40000    
   3.814484       3.497895       11.42000    
   3.884442       2.799960       11.44000    
   3.940441       2.091819       11.46000    
   3.982277       1.376021       11.48000    
   4.009798      0.6551407       11.50000    
   4.022901     -6.8228185E-02   11.52000    
   4.021536     -0.7914814       11.54000    
   4.005707      -1.512016       11.56000    
   3.975466      -2.227238       11.58000    
   3.930922      -2.934571       11.60000    
   3.872230      -3.631467       11.62000    
   3.799601      -4.315417       11.64000    
   3.713293      -4.983956       11.66000    
   3.613614      -5.634674       11.68000    
   3.500920      -6.265226       11.70000    
   3.375616      -6.873340       11.72000    
   3.238149      -7.456820       11.74000    
   3.089012      -8.013566       11.76000    
   2.928741      -8.541566       11.78000    
   2.757910      -9.038917       11.80000    
   2.577132      -9.503821       11.82000    
   2.387055      -9.934602       11.84000    
   2.188363      -10.32970       11.86000    
   1.981769      -10.68769       11.88000    
   1.768015      -11.00728       11.90000    
   1.547869      -11.28731       11.92000    
   1.322123      -11.52677       11.94000    
   1.091588      -11.72479       11.96000    
  0.8570920      -11.88064       11.98000    
  0.6194792      -11.99377       12.00000    
  0.3796037      -12.06376       12.02000    
  0.1383286      -12.09034       12.04000    
 -0.1034783      -12.07343       12.06000    
 -0.3449469      -12.01307       12.08000    
 -0.5852082      -11.90947       12.10000    
 -0.8233976      -11.76300       12.12000    
  -1.058658      -11.57419       12.14000    
  -1.290141      -11.34370       12.16000    
  -1.517015      -11.07236       12.18000    
  -1.738462      -10.76114       12.20000    
  -1.953685      -10.41115       12.22000    
  -2.161908      -10.02366       12.24000    
  -2.362381      -9.600041       12.26000    
  -2.554382      -9.141825       12.28000    
  -2.737219      -8.650652       12.30000    
  -2.910232      -8.128286       12.32000    
  -3.072797      -7.576605       12.34000    
  -3.224329      -6.997590       12.36000    
  -3.364281      -6.393322       12.38000    
  -3.492148      -5.765972       12.40000    
  -3.607467      -5.117795       12.42000    
  -3.709823      -4.451122       12.44000    
  -3.798846      -3.768351       12.46000    
  -3.874213      -3.071936       12.48000    
  -3.935651      -2.364384       12.50000    
  -3.982939      -1.648239       12.52000    
  -4.015904     -0.9260781       12.54000    
  -4.034426     -0.2004999       12.56000    
  -4.038436      0.5258846       12.58000    
  -4.027918       1.250460       12.60000    
  -4.002909       1.970620       12.62000    
  -3.963497       2.683770       12.64000    
  -3.909821       3.387343       12.66000    
  -3.842074       4.078806       12.68000    
  -3.760498       4.755668       12.70000    
  -3.665385       5.415491       12.72000    
  -3.557075       6.055899       12.74000    
  -3.435957       6.674584       12.76000    
  -3.302465       7.269318       12.78000    
  -3.157079       7.837957       12.80000    
  -3.000320       8.378451       12.82000    
  -2.832751       8.888853       12.84000    
  -2.654974       9.367322       12.86000    
  -2.467628       9.812132       12.88000    
  -2.271385       10.22168       12.90000    
  -2.066951       10.59448       12.92000    
  -1.855062       10.92920       12.94000    
  -1.636477       11.22463       12.96000    
  -1.411985       11.47969       12.98000    
  -1.182391       11.69347       13.00000    
 -0.9485218       11.86519       13.02000    
 -0.7112180       11.99423       13.04000    
 -0.4713334       12.08012       13.06000    
 -0.2297311       12.12255       13.08000    
  1.2719944E-02   12.12136       13.10000    
  0.2551472       12.07655       13.12000    
  0.4966782       11.98829       13.14000    
  0.7364439       11.85687       13.16000    
  0.9735813       11.68277       13.18000    
   1.207237       11.46662       13.20000    
   1.436569       11.20919       13.22000    
   1.660753       10.91140       13.24000    
   1.878981       10.57432       13.26000    
   2.090467       10.19915       13.28000    
   2.294451       9.787257       13.30000    
   2.490196       9.340106       13.32000    
   2.676998       8.859306       13.34000    
   2.854184       8.346586       13.36000    
   3.021116       7.803788       13.38000    
   3.177191       7.232863       13.40000    
   3.321848       6.635864       13.42000    
   3.454566       6.014936       13.44000    
   3.574864       5.372313       13.46000    
   3.682311       4.710307       13.48000    
   3.776517       4.031299       13.50000    
   3.857143       3.337730       13.52000    
   3.923897       2.632097       13.54000    
   3.976539       1.916937       13.56000    
   4.014878       1.194824       13.58000    
   4.038774      0.4683568       13.60000    
   4.048141     -0.2598509       13.62000    
   4.042944     -0.9871783       13.64000    
   4.023201      -1.711007       13.66000    
   3.988981      -2.428732       13.68000    
   3.940406      -3.137769       13.70000    
   3.877651      -3.835566       13.72000    
   3.800939      -4.519611       13.74000    
   3.710547      -5.187441       13.76000    
   3.606798      -5.836651       13.78000    
   3.490065      -6.464903       13.80000    
   3.360767      -7.069934       13.82000    
   3.219369      -7.649566       13.84000    
   3.066377      -8.201710       13.86000    
   2.902343      -8.724377       13.88000    
   2.727856      -9.215684       13.90000    
   2.543542      -9.673861       13.92000    
   2.350065      -10.09726       13.94000    
   2.148120      -10.48434       13.96000    
   1.938433      -10.83373       13.98000    
   1.721758      -11.14415       14.00000    
   1.498875      -11.41449       14.02000    
   1.270586      -11.64377       14.04000    
   1.037710      -11.83116       14.06000    
  0.8010870      -11.97599       14.08000    
  0.5615672      -12.07773       14.10000    
  0.3200126      -12.13602       14.12000    
  7.7292293E-02  -12.15063       14.14000    
 -0.1657204      -12.12153       14.16000    
 -0.4081509      -12.04880       14.18000    
 -0.6491269      -11.93271       14.20000    
 -0.8877810      -11.77367       14.22000    
  -1.123254      -11.57225       14.24000    
  -1.354699      -11.32918       14.26000    
  -1.581283      -11.04532       14.28000    
  -1.802189      -10.72170       14.30000    
  -2.016623      -10.35948       14.32000    
  -2.223813      -9.959963       14.34000    
  -2.423012      -9.524579       14.36000    
  -2.613504      -9.054896       14.38000    
  -2.794602      -8.552603       14.40000    
  -2.965654      -8.019505       14.42000    
  -3.126044      -7.457519       14.44000    
  -3.275194      -6.868666       14.46000    
  -3.412567      -6.255065       14.48000    
  -3.537669      -5.618923       14.50000    
  -3.650047      -4.962527       14.52000    
  -3.749298      -4.288239       14.54000    
  -3.835063      -3.598486       14.56000    
  -3.907032      -2.895748       14.58000    
  -3.964947      -2.182554       14.60000    
  -4.008598      -1.461470       14.62000    
  -4.037828     -0.7350917       14.64000    
  -4.052530     -6.0326457E-03   14.66000    
  -4.052650      0.7230838       14.68000    
  -4.038189       1.449633       14.70000    
  -4.009196       2.171000       14.72000    
  -3.965776       2.884588       14.74000    
  -3.908084       3.587831       14.76000    
  -3.836328       4.278194       14.78000    
  -3.750764       4.953194       14.80000    
  -3.651700       5.610399       14.82000    
  -3.539492       6.247445       14.84000    
  -3.414543       6.862037       14.86000    
  -3.277303       7.451963       14.88000    
  -3.128263       8.015099       14.90000    
  -2.967961       8.549415       14.92000    
  -2.796973       9.052988       14.94000    
  -2.615913       9.524005       14.96000    
  -2.425433       9.960769       14.98000    
  -2.226218       10.36171       15.00000    
  -2.018984       10.72537       15.02000    
  -1.804476       11.05046       15.04000    
  -1.583467       11.33579       15.06000    
  -1.356751       11.58033       15.08000    
  -1.125145       11.78322       15.10000    
 -0.8894802       11.94371       15.12000    
 -0.6506060       12.06123       15.14000    
 -0.4093815       12.13534       15.16000    
 -0.1666747       12.16579       15.18000    
  7.6641098E-02   12.15246       15.20000    
  0.3196903       12.09539       15.22000    
  0.5615981       11.99480       15.24000    
  0.8014941       11.85104       15.26000    
   1.038515       11.66462       15.28000    
   1.271807       11.43622       15.30000    
   1.500532       11.16666       15.32000    
   1.723865       10.85690       15.34000    
   1.941003       10.50806       15.36000    
   2.151164       10.12139       15.38000    
   2.353592       9.698284       15.40000    
   2.547557       9.240263       15.42000    
   2.732363       8.748972       15.44000    
   2.907342       8.226179       15.46000    
   3.071866       7.673765       15.48000    
   3.225341       7.093717       15.50000    
   3.367215       6.488121       15.52000    
   3.496978       5.859156       15.54000    
   3.614161       5.209084       15.56000    
   3.718343       4.540245       15.58000    
   3.809147       3.855044       15.60000    
   3.886248       3.155948       15.62000    
   3.949367       2.445472       15.64000    
   3.998277       1.726173       15.66000    
   4.032800       1.000639       15.68000    
   4.052813      0.2714809       15.70000    
   4.058243     -0.4586773       15.72000    
   4.049069      -1.187207       15.74000    
   4.025325      -1.911488       15.76000    
   3.987096      -2.628912       15.78000    
   3.934517      -3.336897       15.80000    
   3.867779      -4.032895       15.82000    
   3.787122      -4.714401       15.84000    
   3.692833      -5.378961       15.86000    
   3.585254      -6.024183       15.88000    
   3.464771      -6.647745       15.90000    
   3.331816      -7.247402       15.92000    
   3.186868      -7.820995       15.94000    
   3.030448      -8.366459       15.96000    
   2.863119      -8.881830       15.98000    
   2.685482      -9.365252       16.00000    
   2.498177      -9.814985       16.02000    
   2.301877      -10.22941       16.04000    
   2.097289      -10.60703       16.06000    
   1.885149      -10.94649       16.08000    
   1.666219      -11.24657       16.10000    
   1.441287      -11.50618       16.12000    
   1.211164      -11.72439       16.14000    
  0.9766758      -11.90041       16.16000    
  0.7386675      -12.03362       16.18000    
  0.4979952      -12.12352       16.20000    
  0.2555249      -12.16979       16.22000    
  1.2129098E-02  -12.17227       16.24000    
 -0.2313163      -12.13094       16.26000    
 -0.4739351      -12.04596       16.28000    
 -0.7148542      -11.91762       16.30000    
 -0.9532067      -11.74640       16.32000    
  -1.188135      -11.53289       16.34000    
  -1.418792      -11.27788       16.36000    
  -1.644350      -10.98228       16.38000    
  -1.863996      -10.64714       16.40000    
  -2.076938      -10.27369       16.42000    
  -2.282412      -9.863249       16.44000    
  -2.479677      -9.417306       16.46000    
  -2.668023      -8.937463       16.48000    
  -2.846772      -8.425445       16.50000    
  -3.015281      -7.883094       16.52000    
  -3.172943      -7.312361       16.54000    
  -3.319190      -6.715302       16.56000    
  -3.453496      -6.094062       16.58000    
  -3.575377      -5.450878       16.60000    
  -3.684395      -4.788063       16.62000    
  -3.780156      -4.108003       16.64000    
  -3.862316      -3.413146       16.66000    
  -3.930579      -2.705990       16.68000    
  -3.984699      -1.989081       16.70000    
  -4.024481      -1.264999       16.72000    
  -4.049781     -0.5363510       16.74000    
  -4.060508      0.1942434       16.76000    
  -4.056623      0.9241531       16.78000    
  -4.038140       1.650751       16.80000    
  -4.005125       2.371423       16.82000    
  -3.957696       3.083576       16.84000    
  -3.896025       3.784645       16.86000    
  -3.820332       4.472107       16.88000    
  -3.730890       5.143490       16.90000    
  -3.628020       5.796374       16.92000    
  -3.512092       6.428412       16.94000    
  -3.383524       7.037327       16.96000    
  -3.242778       7.620927       16.98000    
  -3.090359       8.177113       17.00000    
  -2.926817       8.703880       17.02000    
  -2.752739       9.199335       17.04000    
  -2.568753       9.661692       17.06000    
  -2.375519       10.08929       17.08000    
  -2.173733       10.48058       17.10000    
  -1.964121       10.83416       17.12000    
  -1.747438       11.14876       17.14000    
  -1.524463       11.42325       17.16000    
  -1.295998       11.65663       17.18000    
  -1.062865       11.84806       17.20000    
 -0.8259042       11.99686       17.22000    
 -0.5859671       12.10248       17.24000    
 -0.3439174       12.16456       17.26000    
 -0.1006263       12.18285       17.28000    
  0.1430308       12.15731       17.30000    
  0.3861769       12.08801       17.32000    
  0.6279371       11.97521       17.34000    
  0.8674412       11.81931       17.36000    
   1.103827       11.62087       17.38000    
   1.336245       11.38061       17.40000    
   1.563857       11.09939       17.42000    
   1.785845       10.77822       17.44000    
   2.001410       10.41826       17.46000    
   2.209775       10.02080       17.48000    
   2.410191       9.587272       17.50000    
   2.601936       9.119233       17.52000    
   2.784321       8.618369       17.54000    
   2.956688       8.086483       17.56000    
   3.118418       7.525487       17.58000    
   3.268928       6.937400       17.60000    
   3.407676       6.324338       17.62000    
   3.534163       5.688509       17.64000    
   3.647933       5.032198       17.66000    
   3.748577       4.357769       17.68000    
   3.835732       3.667647       17.70000    
   3.909085       2.964317       17.72000    
   3.968371       2.250309       17.74000    
   4.013377       1.528193       17.76000    
   4.043941      0.8005686       17.78000    
   4.059952      7.0053518E-02   17.80000    
   4.061353     -0.6607234       17.82000    
   4.048139      -1.389132       17.84000    
   4.020356      -2.112552       17.86000    
   3.978105      -2.828376       17.88000    
   3.921538      -3.534032       17.90000    
   3.850857      -4.226979       17.92000    
   3.766317      -4.904723       17.94000    
   3.668223      -5.564823       17.96000    
   3.556926      -6.204905       17.98000    
   3.432828      -6.822664       18.00000    
   3.296375      -7.415877       18.02000    
   3.148058      -7.982410       18.04000    
   2.988410      -8.520222       18.06000    
   2.818005      -9.027377       18.08000    
   2.637458      -9.502050       18.10000    
   2.447417      -9.942533       18.12000    
   2.248566      -10.34724       18.14000    
   2.041621      -10.71471       18.16000    
   1.827327      -11.04363       18.18000    
   1.606454      -11.33281       18.20000    
   1.379798      -11.58121       18.22000    
   1.148174      -11.78792       18.24000    
  0.9124154      -11.95222       18.26000    
  0.6733710      -12.07351       18.28000    
  0.4319007      -12.15135       18.30000    
  0.1888737      -12.18546       18.32000    
 -5.4835469E-02  -12.17572       18.34000    
 -0.2983498      -12.12215       18.36000    
 -0.5407929      -12.02497       18.38000    
 -0.7812922      -11.88450       18.40000    
  -1.018982      -11.70127       18.42000    
  -1.253007      -11.47592       18.44000    
  -1.482526      -11.20926       18.46000    
  -1.706711      -10.90227       18.48000    
  -1.924757      -10.55604       18.50000    
  -2.135877      -10.17181       18.52000    
  -2.339314      -9.750978       18.54000    
  -2.534333      -9.295048       18.56000    
  -2.720234      -8.805660       18.58000    
  -2.896347      -8.284578       18.60000    
  -3.062039      -7.733676       18.62000    
  -3.216712      -7.154938       18.64000    
  -3.359811      -6.550445       18.66000    
  -3.490820      -5.922372       18.68000    
  -3.609268      -5.272980       18.70000    
  -3.714727      -4.604605       18.72000    
  -3.806819      -3.919654       18.74000    
  -3.885212      -3.220590       18.76000    
  -3.949624      -2.509929       18.78000    
  -3.999823      -1.790231       18.80000    
  -4.035627      -1.064082       18.82000    
  -4.056909     -0.3340983       18.84000    
  -4.063591      0.3970946       18.86000    
  -4.055649       1.126863       18.88000    
  -4.033112       1.852584       18.90000    
  -3.996060       2.571643       18.92000    
  -3.944628       3.281454       18.94000    
  -3.878999       3.979460       18.96000    
  -3.799409       4.663151       18.98000    
  -3.706146       5.330065       19.00000    
  -3.599545       5.977803       19.02000    
  -3.479989       6.604033       19.04000    
  -3.347909       7.206501       19.06000    
  -3.203779       7.783038       19.08000    
  -3.048118       8.331570       19.10000    
  -2.881486       8.850122       19.12000    
  -2.704484       9.336828       19.14000    
  -2.517747       9.789936       19.16000    
  -2.321949       10.20782       19.18000    
  -2.117792       10.58896       19.20000    
  -1.906013       10.93200       19.22000    
  -1.687373       11.23570       19.24000    
  -1.462659       11.49897       19.26000    
  -1.232680       11.72085       19.28000    
 -0.9982626       11.90056       19.30000    
 -0.7602515       12.03744       19.32000    
 -0.5195027       12.13100       19.34000    
 -0.2768827       12.18090       19.36000    
 -3.3264726E-02   12.18697       19.38000    
  0.2104746       12.14917       19.40000    
  0.4534580       12.06765       19.42000    
  0.6948111       11.94271       19.44000    
  0.9336653       11.77478       19.46000    
   1.169161       11.56447       19.48000    
   1.400450       11.31255       19.50000    
   1.626701       11.01991       19.52000    
   1.847100       10.68761       19.54000    
   2.060852       10.31685       19.56000    
   2.267189       9.908950       19.58000    
   2.465368       9.465390       19.60000    
   2.654675       8.987763       19.62000    
   2.834431       8.477789       19.64000    
   3.003986       7.937300       19.66000    
   3.162732       7.368243       19.68000    
   3.310097       6.772665       19.70000    
   3.445550       6.152710       19.72000    
   3.568605       5.510609       19.74000    
   3.678817       4.848671       19.76000    
   3.775790       4.169281       19.78000    
   3.859176       3.474882       19.80000    
   3.928674       2.767974       19.82000    
   3.984033       2.051100       19.84000    
   4.025055       1.326839       19.86000    
   4.051592      0.5978014       19.88000    
   4.063548     -0.1333931       19.90000    
   4.060880     -0.8641112       19.92000    
   4.043598      -1.591724       19.94000    
   4.011764      -2.313612       19.96000    
   3.965491      -3.027177       19.98000    
   3.904948      -3.729852       20.00000    
   3.830351      -4.419108       20.02000    
   3.741968      -5.092463       20.04000    
   3.640119      -5.747495       20.06000    
   3.525169      -6.381845       20.08000    
   3.397532      -6.993232       20.10000    
   3.257668      -7.579454       20.12000    
   3.106078      -8.138401       20.14000    
   2.943310      -8.668062       20.16000    
   2.769949      -9.166531       20.18000    
   2.586618      -9.632012       20.20000    
   2.393978      -10.06283       20.22000    
   2.192721      -10.45744       20.24000    
   1.983573      -10.81441       20.26000    
   1.767284      -11.13247       20.28000    
   1.544635      -11.41046       20.30000    
   1.316426      -11.64739       20.32000    
   1.083478      -11.84241       20.34000    
  0.8466299      -11.99480       20.36000    
  0.6067339      -12.10403       20.38000    
  0.3646533      -12.16970       20.40000    
  0.1212594      -12.19157       20.42000    
 -0.1225720      -12.16956       20.44000    
 -0.3659632      -12.10376       20.46000    
 -0.6080384      -11.99440       20.48000    
 -0.8479264      -11.84187       20.50000    
  -1.084764      -11.64672       20.52000    
  -1.317698      -11.40966       20.54000    
  -1.545892      -11.13154       20.56000    
  -1.768522      -10.81335       20.58000    
  -1.984789      -10.45624       20.60000    
  -2.193914      -10.06151       20.62000    
  -2.395144      -9.630559       20.64000    
  -2.587755      -9.164950       20.66000    
  -2.771055      -8.666356       20.68000    
  -2.944382      -8.136570       20.70000    
  -3.107113      -7.577500       20.72000    
  -3.258663      -6.991158       20.74000    
  -3.398486      -6.379652       20.76000    
  -3.526079      -5.745185       20.78000    
  -3.640983      -5.090040       20.80000    
  -3.742784      -4.416574       20.82000    
  -3.831115      -3.727210       20.84000    
  -3.905659      -3.024429       20.86000    
  -3.966148      -2.310763       20.88000    
  -4.012363      -1.588777       20.90000    
  -4.044138     -0.8610706       20.92000    
  -4.061360     -0.1302621       20.94000    
  -4.063965      0.6010165       20.96000    
  -4.051945       1.330135       20.98000    
  -4.025342       2.054469       21.00000    
  -3.984253       2.771413       21.02000    
  -3.928825       3.478385       21.04000    
  -3.859257       4.172840       21.06000    
  -3.775800       4.852281       21.08000    
  -3.678755       5.514260       21.10000    
  -3.568470       6.156398       21.12000    
  -3.445342       6.776381       21.14000    
  -3.309814       7.371979       21.16000    
  -3.162374       7.941048       21.18000    
  -3.003554       8.481540       21.20000    
  -2.833923       8.991509       21.22000    
  -2.654093       9.469121       21.24000    
  -2.464710       9.912656       21.26000    
  -2.266457       10.32052       21.28000    
  -2.060047       10.69124       21.30000    
  -1.846222       11.02348       21.32000    
  -1.625752       11.31606       21.34000    
  -1.399431       11.56791       21.36000    
  -1.168073       11.77813       21.38000    
 -0.9325107       11.94596       21.40000    
 -0.6935915       12.07080       21.42000    
 -0.4521756       12.15220       21.44000    
 -0.2091317       12.18986       21.46000    
  3.4665495E-02   12.18366       21.48000    
  0.2783386       12.13360       21.50000    
  0.5210106       12.03988       21.52000    
  0.7618083       11.90283       21.54000    
  0.9998649       11.72294       21.56000    
   1.234324       11.50087       21.58000    
   1.464341       11.23740       21.60000    
   1.689089       10.93349       21.62000    
   1.907759       10.59023       21.64000    
   2.119563       10.20885       21.66000    
   2.323740       9.790736       21.68000    
   2.519555       9.337383       21.70000    
   2.706303       8.850425       21.72000    
   2.883311       8.331614       21.74000    
   3.049943       7.782817       21.76000    
   3.205600       7.206009       21.78000    
   3.349720       6.603267       21.80000    
   3.481785       5.976759       21.82000    
   3.601320       5.328739       21.84000    
   3.707895       4.661539       21.86000    
   3.801126       3.977563       21.88000    
   3.880677       3.279269       21.90000    
   3.946262       2.569173       21.92000    
   3.997646       1.849828       21.94000    
   4.034642       1.123825       21.96000    
   4.057119      0.3937756       21.98000    
   4.064994     -0.3376938       22.00000    
   4.058240      -1.067949       22.02000    
   4.036881      -1.794362       22.04000    
   4.000994      -2.514319       22.06000    
   3.950708      -3.225229       22.08000    
   3.886203      -3.924533       22.10000    
   3.807713      -4.609716       22.12000    
   3.715518      -5.278310       22.14000    
   3.609952      -5.927908       22.16000    
   3.491394      -6.556174       22.18000    
   3.360270      -7.160848       22.20000    
   3.217053      -7.739750       22.22000    
   3.062258      -8.290799       22.24000    
   2.896442      -8.812013       22.26000    
   2.720202      -9.301514       22.28000    
   2.534172      -9.757540       22.30000    
   2.339021      -10.17845       22.32000    
   2.135452      -10.56273       22.34000    
   1.924198      -10.90900       22.36000    
   1.706018      -11.21601       22.38000    
   1.481698      -11.48265       22.40000    
   1.252045      -11.70797       22.42000    
   1.017885      -11.89115       22.44000    
  0.7800621      -12.03154       22.46000    
  0.5394313      -12.12863       22.48000    
  0.2968587      -12.18207       22.50000    
  5.3217337E-02  -12.19167       22.52000    
 -0.1906160      -12.15739       22.54000    
 -0.4337638      -12.07936       22.56000    
 -0.6753509      -11.95785       22.58000    
 -0.9145079      -11.79331       22.60000    
  -1.150374      -11.58633       22.62000    
  -1.382101      -11.33765       22.64000    
  -1.608854      -11.04816       22.66000    
  -1.829817      -10.71891       22.68000    
  -2.044195      -10.35109       22.70000    
  -2.251217      -9.946013       22.72000    
  -2.450137      -9.505142       22.74000    
  -2.640240      -9.030061       22.76000    
  -2.820841      -8.522481       22.78000    
  -2.991291      -7.984229       22.80000    
  -3.150975      -7.417243       22.82000    
  -3.299320      -6.823560       22.84000    
  -3.435791      -6.205319       22.86000    
  -3.559898      -5.564746       22.88000    
  -3.671193      -4.904144       22.90000    
  -3.769275      -4.225893       22.92000    
  -3.853793      -3.532430       22.94000    
  -3.924442      -2.826256       22.96000    
  -3.980967      -2.109908       22.98000    
  -4.023165      -1.385964       23.00000    
  -4.050885     -0.6570321       23.02000    
  -4.064025      7.4265182E-02   23.04000    
  -4.062540      0.8052958       23.06000    
  -4.046434       1.533430       23.08000    
  -4.015765       2.256047       23.10000    
  -3.970644       2.970546       23.12000    
  -3.911233       3.674355       23.14000    
  -3.837746       4.364941       23.16000    
  -3.750448       5.039818       23.18000    
  -3.649651       5.696560       23.20000    
  -3.535720       6.332800       23.22000    
  -3.409064       6.946250       23.24000    
  -3.270139       7.534703       23.26000    
  -3.119445       8.096040       23.28000    
  -2.957524       8.628240       23.30000    
  -2.784959       9.129388       23.32000    
  -2.602371       9.597682       23.34000    
  -2.410418       10.03144       23.36000    
  -2.209789       10.42909       23.38000    
  -2.001207       10.78921       23.40000    
  -1.785423       11.11050       23.42000    
  -1.563213       11.39180       23.44000    
  -1.335377       11.63211       23.46000    
  -1.102735       11.83055       23.48000    
 -0.8661239       11.98642       23.50000    
 -0.6263955       12.09915       23.52000    
 -0.3844125       12.16834       23.54000    
 -0.1410458       12.19373       23.56000    
  0.1028289       12.17524       23.58000    
  0.3463337       12.11294       23.60000    
  0.5885924       12.00703       23.62000    
  0.8287331       11.85792       23.64000    
   1.065892       11.66613       23.66000    
   1.299214       11.43236       23.68000    
   1.527861       11.15744       23.70000    
   1.751010       10.84237       23.72000    
   1.967857       10.48827       23.74000    
   2.177623       10.09643       23.76000    
   2.379552       9.668255       23.78000    
   2.572917       9.205282       23.80000    
   2.757022       8.709181       23.82000    
   2.931206       8.181734       23.84000    
   3.094841       7.624841       23.86000    
   3.247338       7.040507       23.88000    
   3.388148       6.430834       23.90000    
   3.516764       5.798018       23.92000    
   3.632725       5.144332       23.94000    
   3.735611       4.472135       23.96000    
   3.825054       3.783840       23.98000    
   3.900731       3.081927       24.00000    
   3.962370       2.368921       24.02000    
   4.009748       1.647390       24.04000    
   4.042696      0.9199300       24.06000    
   4.061095      0.1891573       24.08000    
   4.064878     -0.5422964       24.10000    
   4.054032      -1.271800       24.12000    
   4.028596      -1.996727       24.14000    
   3.988661      -2.714468       24.16000    
   3.934372      -3.422440       24.18000    
   3.865923      -4.118097       24.20000    
   3.783561      -4.798933       24.22000    
   3.687582      -5.462499       24.24000    
   3.578332      -6.106407       24.26000    
   3.456204      -6.728338       24.28000    
   3.321638      -7.326056       24.30000    
   3.175117      -7.897407       24.32000    
   3.017169      -8.440338       24.34000    
   2.848362      -8.952894       24.36000    
   2.669304      -9.433228       24.38000    
   2.480639      -9.879615       24.40000    
   2.283047      -10.29045       24.42000    
   2.077238      -10.66424       24.44000    
   1.863953      -10.99966       24.46000    
   1.643960      -11.29549       24.48000    
   1.418050      -11.55067       24.50000    
   1.187037      -11.76428       24.52000    
  0.9517512      -11.93555       24.54000    
  0.7130401      -12.06387       24.56000    
  0.4717627      -12.14877       24.58000    
  0.2287874      -12.18995       24.60000    
 -1.5011534E-02  -12.18725       24.62000    
 -0.2587566      -12.14070       24.64000    
 -0.5015706      -12.05045       24.66000    
 -0.7425796      -11.91684       24.68000    
 -0.9809164      -11.74034       24.70000    
  -1.215723      -11.52158       24.72000    
  -1.446155      -11.26136       24.74000    
  -1.671382      -10.96061       24.76000    
  -1.890594      -10.62041       24.78000    
  -2.103002      -10.24200       24.80000    
  -2.307842      -9.826719       24.82000    
  -2.504377      -9.376076       24.84000    
  -2.691898      -8.891687       24.86000    
  -2.869732      -8.375299       24.88000    
  -3.037238      -7.828768       24.90000    
  -3.193813      -7.254062       24.92000    
  -3.338895      -6.653248       24.94000    
  -3.471960      -6.028491       24.96000    
  -3.592529      -5.382037       24.98000    
  -3.700170      -4.716211       25.00000    
  -3.794494      -4.033413       25.02000    
  -3.875162      -3.336099       25.04000    
  -3.941884      -2.626778       25.06000    
  -3.994420      -1.908002       25.08000    
  -4.032580      -1.182360       25.10000    
  -4.056227     -0.4524611       25.12000    
  -4.065277      0.2790663       25.14000    
  -4.059695       1.009589       25.16000    
  -4.039504       1.736479       25.18000    
  -4.004774       2.457120       25.20000    
  -3.955632       3.168919       25.22000    
  -3.892253       3.869313       25.24000    
  -3.814867       4.555783       25.26000    
  -3.723751       5.225857       25.28000    
  -3.619234       5.877124       25.30000    
  -3.501692       6.507239       25.32000    
  -3.371547       7.113937       25.34000    
  -3.229268       7.695033       25.36000    
  -3.075367       8.248434       25.38000    
  -2.910399       8.772151       25.40000    
  -2.734956       9.264297       25.42000    
  -2.549670       9.723104       25.44000    
  -2.355208       10.14692       25.46000    
  -2.152269       10.53421       25.48000    
  -1.941585       10.88360       25.50000    
  -1.723913       11.19381       25.52000    
  -1.500037       11.46374       25.54000    
  -1.270762       11.69242       25.56000    
  -1.036914       11.87901       25.58000    
 -0.7993335       12.02285       25.60000    
 -0.5588764       12.12342       25.62000    
 -0.3164079       12.18037       25.64000    
 -7.2800592E-02   12.19347       25.66000    
  0.1710688       12.16269       25.68000    
  0.4143227       12.08815       25.70000    
  0.6560856       11.97009       25.72000    
  0.8954874       11.80896       25.74000    
   1.131667       11.60532       25.76000    
   1.363773       11.35992       25.78000    
   1.590971       11.07364       25.80000    
   1.812444       10.74751       25.82000    
   2.027395       10.38269       25.84000    
   2.235048       9.980508       25.86000    
   2.434659       9.542407       25.88000    
   2.625507       9.069963       25.90000    
   2.806906       8.564878       25.92000    
   2.978204       8.028966       25.94000    
   3.138783       7.464160       25.96000    
   3.288066       6.872491       25.98000    
   3.425516       6.256087       26.00000    
   3.550637       5.617168       26.02000    
   3.662981       4.958034       26.04000    
   3.762141       4.281056       26.06000    
   3.847763       3.588670       26.08000    
   3.919536       2.883368       26.10000    
   3.977203       2.167690       26.12000    
   4.020557       1.444210       26.14000    
   4.049441      0.7155315       26.16000    
   4.063752     -1.5721560E-02   26.18000    
   4.063438     -0.7469195       26.20000    
   4.048500      -1.475429       26.22000    
   4.018991      -2.198628       26.24000    
   3.975019      -2.913917       26.26000    
   3.916740      -3.618717       26.28000    
   3.844366      -4.310494       26.30000    
   3.758156      -4.986758       26.32000    
   3.658421      -5.645077       26.34000    
   3.545519      -6.283080       26.36000    
   3.419858      -6.898469       26.38000    
   3.281888      -7.489033       26.40000    
   3.132107      -8.052645       26.42000    
   2.971055      -8.587276       26.44000    
   2.799309      -9.091002       26.46000    
   2.617489      -9.562010       26.48000    
   2.426249      -9.998606       26.50000    
   2.226277      -10.39922       26.52000    
   2.018292      -10.76240       26.54000    
   1.803044      -11.08686       26.56000    
   1.581307      -11.37141       26.58000    
   1.353879      -11.61504       26.60000    
   1.121578      -11.81686       26.62000    
  0.8852409      -11.97616       26.64000    
  0.6457177      -12.09236       26.66000    
  0.4038705      -12.16504       26.68000    
  0.1605697      -12.19394       26.70000    
 -8.3309039E-02  -12.17895       26.72000    
 -0.3268880      -12.12013       26.74000    
 -0.5692906      -12.01769       26.76000    
 -0.8096445      -11.87200       26.78000    
  -1.047085      -11.68359       26.80000    
  -1.280756      -11.45313       26.82000    
  -1.509819      -11.18145       26.84000    
  -1.733448      -10.86952       26.86000    
  -1.950838      -10.51848       26.88000    
  -2.161208      -10.12958       26.90000    
  -2.363799      -9.704230       26.92000    
  -2.557884      -9.243953       26.94000    
  -2.742763      -8.750408       26.96000    
  -2.917771      -8.225370       26.98000    
  -3.082278      -7.670730       27.00000    
  -3.235693      -7.088482       27.02000    
  -3.377463      -6.480725       27.04000    
  -3.507077      -5.849644       27.06000    
  -3.624070      -5.197509       27.08000    
  -3.728020      -4.526670       27.10000    
  -3.818554      -3.839539       27.12000    
  -3.895345      -3.138589       27.14000    
  -3.958117      -2.426344       27.16000    
  -4.006643      -1.705367       27.18000    
  -4.040751     -0.9782514       27.20000    
  -4.060316     -0.2476155       27.22000    
  -4.065268      0.4839114       27.24000    
  -4.055590       1.213698       27.26000    
  -4.031316       1.939116       27.28000    
  -3.992533       2.657555       27.30000    
  -3.939382       3.366430       27.32000    
  -3.872054       4.063190       27.34000    
  -3.790790       4.745328       27.36000    
  -3.695883       5.410387       27.38000    
  -3.587676       6.055975       27.40000    
  -3.466556       6.679769       27.42000    
  -3.332961       7.279523       27.44000    
  -3.187370       7.853077       27.46000    
  -3.030308       8.398370       27.48000    
  -2.862341       8.913438       27.50000    
  -2.684072       9.396427       27.52000    
  -2.496144       9.845599       27.54000    
  -2.299232       10.25934       27.56000    
  -2.094045       10.63615       27.58000    
  -1.881322       10.97469       27.60000    
  -1.661828       11.27373       27.62000    
  -1.436354       11.53220       27.64000    
  -1.205710       11.74917       27.66000    
 -0.9707264       11.92385       27.68000    
 -0.7322494       12.05561       27.70000    
 -0.4911372       12.14399       27.72000    
 -0.2482573       12.18867       27.74000    
 -4.4839084E-03   12.18948       27.76000    
  0.2393057       12.14642       27.78000    
  0.4822341       12.05965       27.80000    
  0.7234269       11.92947       27.82000    
  0.9620163       11.75636       27.84000    
   1.197144       11.54094       27.86000    
   1.427962       11.28399       27.88000    
   1.653642       10.98643       27.90000    
   1.873371       10.64932       27.92000    
   2.086357       10.27389       27.94000    
   2.291835       9.861491       27.96000    
   2.489065       9.413596       27.98000    
   2.677337       8.931822       28.00000    
   2.855973       8.417903       28.02000    
   3.024331       7.873689       28.04000    
   3.181805       7.301138       28.06000    
   3.327828       6.702311       28.08000    
   3.461874       6.079362       28.10000    
   3.583462       5.434535       28.12000    
   3.692152       4.770148       28.14000    
   3.787555       4.088594       28.16000    
   3.869327       3.392326       28.18000    
   3.937174       2.683848       28.20000    
   3.990851       1.965712       28.22000    
   4.030165       1.240502       28.24000    
   4.054975      0.5108256       28.26000    
   4.065191     -0.2206884       28.28000    
   4.060778     -0.9514078       28.30000    
   4.041749      -1.678703       28.32000    
   4.008175      -2.399957       28.34000    
   3.960176      -3.112576       28.36000    
   3.897925      -3.813991       28.38000    
   3.821645      -4.501680       28.40000    
   3.731611      -5.173169       28.42000    
   3.628148      -5.826040       28.44000    
   3.511627      -6.457942       28.46000    
   3.382468      -7.066604       28.48000    
   3.241136      -7.649835       28.50000    
   3.088139      -8.205534       28.52000    
   2.924029      -8.731702       28.54000    
   2.749395      -9.226444       28.56000    
   2.564866      -9.687983       28.58000    
   2.371106      -10.11465       28.60000    
   2.168813      -10.50492       28.62000    
   1.958714      -10.85739       28.64000    
   1.741567      -11.17078       28.66000    
   1.518151      -11.44396       28.68000    
   1.289272      -11.67596       28.70000    
   1.055753      -11.86594       28.72000    
  0.8184339      -12.01322       28.74000    
  0.5781695      -12.11726       28.76000    
  0.3358244      -12.17769       28.78000    
  9.2270568E-02  -12.19430       28.80000    
 -0.1516154      -12.16702       28.82000    
 -0.3949556      -12.09595       28.84000    
 -0.6368746      -11.98134       28.86000    
 -0.8765014      -11.82362       28.88000    
  -1.112974      -11.62335       28.90000    
  -1.345441      -11.38124       28.92000    
  -1.573066      -11.09818       28.94000    
  -1.795029      -10.77517       28.96000    
  -2.010533      -10.41339       28.98000    
  -2.218800      -10.01412       29.00000    
  -2.419083      -9.578819       29.02000    
  -2.610659      -9.109043       29.04000    
  -2.792840      -8.606484       29.06000    
  -2.964970      -8.072951       29.08000    
  -3.126429      -7.510365       29.10000    
  -3.276636      -6.920749       29.12000    
  -3.415051      -6.306225       29.14000    
  -3.541175      -5.669006       29.16000    
  -3.654555      -5.011385       29.18000    
  -3.754783      -4.335729       29.20000    
  -3.841497      -3.644468       29.22000    
  -3.914387      -2.940091       29.24000    
  -3.973189      -2.225132       29.26000    
  -4.017691      -1.502165       29.28000    
  -4.047734     -0.7737924       29.30000    
  -4.063210     -4.2635500E-02   29.32000    
  -4.064063      0.6886760       29.34000    
  -4.050289       1.417510       29.36000    
  -4.021939       2.141241       29.38000    
  -3.979114       2.857266       29.40000    
  -3.921969       3.563009       29.42000    
  -3.850708       4.255929       29.44000    
  -3.765590       4.933531       29.46000    
  -3.666919       5.593378       29.48000    
  -3.555052       6.233096       29.50000    
  -3.430390       6.850381       29.52000    
  -3.293382       7.443012       29.54000    
  -3.144522       8.008856       29.56000    
  -2.984344       8.545877       29.58000    
  -2.813427       9.052143       29.60000    
  -2.632384       9.525830       29.62000    
  -2.441867       9.965236       29.64000    
  -2.242563       10.36878       29.66000    
  -2.035187       10.73500       29.68000    
  -1.820487       11.06259       29.70000    
  -1.599235       11.35037       29.72000    
  -1.372228       11.59729       29.74000    
  -1.140282       11.80249       29.76000    
 -0.9042322       11.96520       29.78000    
 -0.6649282       12.08485       29.80000    
 -0.4232312       12.16101       29.82000    
 -0.1800110       12.19340       29.84000    
  6.3857108E-02   12.18191       29.86000    
  0.3074954       12.12658       29.88000    
  0.5500270       12.02761       29.90000    
  0.7905792       11.88535       29.92000    
   1.028286       11.70031       29.94000    
   1.262293       11.47317       29.96000    
   1.491756       11.20474       29.98000    
   1.715851       10.89598       30.00000    
