   1.000000     -0.1800000      3.9999999E-02
  0.9964000     -0.3484021      5.9999999E-02
  0.9894320     -0.5087932      7.9999998E-02
  0.9792561     -0.6607322      9.9999994E-02
  0.9660414     -0.8038170      0.1200000    
  0.9499651     -0.9376857      0.1400000    
  0.9312114      -1.062017      0.1600000    
  0.9099711      -1.176531      0.1800000    
  0.8864405      -1.280989      0.2000000    
  0.8608207      -1.375195      0.2200000    
  0.8333167      -1.458993      0.2400000    
  0.8041369      -1.532270      0.2600000    
  0.7734915      -1.594953      0.2800000    
  0.7415925      -1.647011      0.3000000    
  0.7086523      -1.688453      0.3200000    
  0.6748832      -1.719329      0.3400000    
  0.6404966      -1.739724      0.3600000    
  0.6057022      -1.749764      0.3800000    
  0.5707069      -1.749611      0.4000000    
  0.5357147      -1.739462      0.4200000    
  0.5009254      -1.719549      0.4400000    
  0.4665344      -1.690137      0.4600000    
  0.4327317      -1.651521      0.4800000    
  0.3997013      -1.604026      0.5000000    
  0.3676207      -1.548007      0.5200000    
  0.3366606      -1.483842      0.5400000    
  0.3069837      -1.411937      0.5600000    
  0.2787450      -1.332718      0.5800000    
  0.2520906      -1.246633      0.6000000    
  0.2271580      -1.154149      0.6200000    
  0.2040750      -1.055747      0.6400000    
  0.1829600     -0.9519265      0.6600000    
  0.1639215     -0.8431974      0.6800000    
  0.1470576     -0.7300807      0.7000000    
  0.1324560     -0.6131060      0.7200000    
  0.1201938     -0.4928090      0.7400000    
  0.1103377     -0.3697301      0.7600000    
  0.1029431     -0.2444120      0.7800000    
  9.8054811E-02 -0.1173977      0.8000000    
  9.5706858E-02  1.0771632E-02  0.8200000    
  9.5922291E-02  0.1395581      0.8400000    
  9.8713450E-02  0.2684296      0.8600000    
  0.1040820      0.3968611      0.8800000    
  0.1120193      0.5243369      0.9000000    
  0.1225060      0.6503521      0.9200000    
  0.1355130      0.7744142      0.9400000    
  0.1510013      0.8960452      0.9600000    
  0.1689222       1.014782      0.9800000    
  0.1892179       1.130180       1.000000    
  0.2118215       1.241812       1.020000    
  0.2366577       1.349269       1.040000    
  0.2636431       1.452166       1.060000    
  0.2926864       1.550138       1.080000    
  0.3236892       1.642843       1.100000    
  0.3565460       1.729964       1.120000    
  0.3911453       1.811207       1.140000    
  0.4273694       1.886303       1.160000    
  0.4650955       1.955011       1.180000    
  0.5041957       2.017115       1.200000    
  0.5445380       2.072425       1.220000    
  0.5859865       2.120780       1.240000    
  0.6284021       2.162043       1.260000    
  0.6716430       2.196108       1.280000    
  0.7155651       2.222893       1.300000    
  0.7600230       2.242346       1.320000    
  0.8048699       2.254437       1.340000    
  0.8499587       2.259169       1.360000    
  0.8951420       2.256566       1.380000    
  0.9402733       2.246680       1.400000    
  0.9852070       2.229587       1.420000    
   1.029799       2.205388       1.440000    
   1.073907       2.174208       1.460000    
   1.117391       2.136195       1.480000    
   1.160115       2.091517       1.500000    
   1.201945       2.040365       1.520000    
   1.242752       1.982949       1.540000    
   1.282411       1.919500       1.560000    
   1.320801       1.850264       1.580000    
   1.357807       1.775506       1.600000    
   1.393317       1.695506       1.620000    
   1.427227       1.610557       1.640000    
   1.459438       1.520966       1.660000    
   1.489857       1.427053       1.680000    
   1.518399       1.329146       1.700000    
   1.544981       1.227584       1.720000    
   1.569533       1.122714       1.740000    
   1.591987       1.014888       1.760000    
   1.612285      0.9044629       1.780000    
   1.630374      0.7918017       1.800000    
   1.646210      0.6772678       1.820000    
   1.659756      0.5612264       1.840000    
   1.670980      0.4440424       1.860000    
   1.679861      0.3260793       1.880000    
   1.686383      0.2076980       1.900000    
   1.690537      8.9255169E-02   1.920000    
   1.692322     -2.8897449E-02   1.940000    
   1.691744     -0.1464144       1.960000    
   1.688816     -0.2629578       1.980000    
   1.683557     -0.3781978       2.000000    
   1.675993     -0.4918146       2.020000    
   1.666156     -0.6034983       2.040000    
   1.654086     -0.7129508       2.060000    
   1.639827     -0.8198858       2.080000    
   1.623430     -0.9240304       2.100000    
   1.604949      -1.025125       2.120000    
   1.584447      -1.122926       2.140000    
   1.561988      -1.217201       2.160000    
   1.537644      -1.307738       2.180000    
   1.511489      -1.394339       2.200000    
   1.483603      -1.476821       2.220000    
   1.454066      -1.555020       2.240000    
   1.422966      -1.628788       2.260000    
   1.390390      -1.697996       2.280000    
   1.356430      -1.762530       2.300000    
   1.321180      -1.822296       2.320000    
   1.284734      -1.877216       2.340000    
   1.247190      -1.927230       2.360000    
   1.208645      -1.972298       2.380000    
   1.169199      -2.012393       2.400000    
   1.128951      -2.047508       2.420000    
   1.088001      -2.077653       2.440000    
   1.046448      -2.102853       2.460000    
   1.004391      -2.123150       2.480000    
  0.9619278      -2.138603       2.500000    
  0.9191558      -2.149283       2.520000    
  0.8761701      -2.155279       2.540000    
  0.8330645      -2.156693       2.560000    
  0.7899306      -2.153640       2.580000    
  0.7468578      -2.146248       2.600000    
  0.7039329      -2.134657       2.620000    
  0.6612397      -2.119019       2.640000    
  0.6188594      -2.099498       2.660000    
  0.5768694      -2.076264       2.680000    
  0.5353441      -2.049500       2.700000    
  0.4943541      -2.019396       2.720000    
  0.4539662      -1.986149       2.740000    
  0.4142432      -1.949963       2.760000    
  0.3752440      -1.911048       2.780000    
  0.3370230      -1.869618       2.800000    
  0.2996306      -1.825892       2.820000    
  0.2631128      -1.780092       2.840000    
  0.2275109      -1.732442       2.860000    
  0.1928621      -1.683168       2.880000    
  0.1591987      -1.632496       2.900000    
  0.1265488      -1.580652       2.920000    
  9.4935745E-02  -1.527861       2.940000    
  6.4378515E-02  -1.474347       2.960000    
  3.4891583E-02  -1.420328       2.980000    
  6.4850133E-03  -1.366024       3.000000    
 -2.0835474E-02  -1.311647       3.020000    
 -4.7068417E-02  -1.257405       3.040000    
 -7.2216518E-02  -1.203501       3.060000    
 -9.6286535E-02  -1.150132       3.080000    
 -0.1192892      -1.097487       3.100000    
 -0.1412389      -1.045749       3.120000    
 -0.1621539     -0.9950926       3.140000    
 -0.1820557     -0.9456846       3.160000    
 -0.2009694     -0.8976821       3.180000    
 -0.2189231     -0.8512335       3.200000    
 -0.2359477     -0.8064774       3.220000    
 -0.2520773     -0.7635427       3.240000    
 -0.2673481     -0.7225477       3.260000    
 -0.2817991     -0.6836002       3.280000    
 -0.2954711     -0.6467975       3.300000    
 -0.3084070     -0.6122259       3.320000    
 -0.3206515     -0.5799606       3.340000    
 -0.3322507     -0.5500658       3.360000    
 -0.3432521     -0.5225943       3.380000    
 -0.3537039     -0.4975881       3.400000    
 -0.3636557     -0.4750778       3.420000    
 -0.3731573     -0.4550831       3.440000    
 -0.3822589     -0.4376128       3.460000    
 -0.3910112     -0.4226648       3.480000    
 -0.3994645     -0.4102266       3.500000    
 -0.4076690     -0.4002751       3.520000    
 -0.4156745     -0.3927773       3.540000    
 -0.4235300     -0.3876905       3.560000    
 -0.4312839     -0.3849624       3.580000    
 -0.4389831     -0.3845317       3.600000    
 -0.4466738     -0.3863282       3.620000    
 -0.4544003     -0.3902735       3.640000    
 -0.4622058     -0.3962814       3.660000    
 -0.4701314     -0.4042582       3.680000    
 -0.4782166     -0.4141032       3.700000    
 -0.4864986     -0.4257093       3.720000    
 -0.4950128     -0.4389636       3.740000    
 -0.5037921     -0.4537475       3.760000    
 -0.5128670     -0.4699376       3.780000    
 -0.5222658     -0.4874062       3.800000    
 -0.5320139     -0.5060218       3.820000    
 -0.5421343     -0.5256496       3.840000    
 -0.5526474     -0.5461522       3.860000    
 -0.5635704     -0.5673899       3.880000    
 -0.5749182     -0.5892216       3.900000    
 -0.5867026     -0.6115051       3.920000    
 -0.5989327     -0.6340978       3.940000    
 -0.6116146     -0.6568570       3.960000    
 -0.6247518     -0.6796409       3.980000    
 -0.6383446     -0.7023086       4.000000    
 -0.6523908     -0.7247209       4.020000    
 -0.6668853     -0.7467408       4.040000    
 -0.6818201     -0.7682338       4.060000    
 -0.6971847     -0.7890686       4.080000    
 -0.7129661     -0.8091176       4.100000    
 -0.7291484     -0.8282567       4.120000    
 -0.7457136     -0.8463667       4.140000    
 -0.7626410     -0.8633328       4.160000    
 -0.7799076     -0.8790454       4.180000    
 -0.7974885     -0.8934005       4.200000    
 -0.8153565     -0.9062997       4.220000    
 -0.8334825     -0.9176508       4.240000    
 -0.8518355     -0.9273676       4.260000    
 -0.8703828     -0.9353709       4.280000    
 -0.8890902     -0.9415880       4.300000    
 -0.9079220     -0.9459532       4.320000    
 -0.9268411     -0.9484078       4.340000    
 -0.9458092     -0.9489003       4.360000    
 -0.9647872     -0.9473869       4.380000    
 -0.9837350     -0.9438305       4.400000    
  -1.002612     -0.9382021       4.420000    
  -1.021376     -0.9304796       4.440000    
  -1.039985     -0.9206486       4.460000    
  -1.058398     -0.9087020       4.480000    
  -1.076572     -0.8946401       4.500000    
  -1.094465     -0.8784703       4.520000    
  -1.112034     -0.8602073       4.540000    
  -1.129239     -0.8398725       4.560000    
  -1.146036     -0.8174943       4.580000    
  -1.162386     -0.7931078       4.600000    
  -1.178248     -0.7667544       4.620000    
  -1.193583     -0.7384817       4.640000    
  -1.208353     -0.7083433       4.660000    
  -1.222520     -0.6763986       4.680000    
  -1.236048     -0.6427122       4.700000    
  -1.248902     -0.6073540       4.720000    
  -1.261049     -0.5703988       4.740000    
  -1.272457     -0.5319258       4.760000    
  -1.283095     -0.4920184       4.780000    
  -1.292936     -0.4507639       4.800000    
  -1.301951     -0.4082531       4.820000    
  -1.310116     -0.3645800       4.840000    
  -1.317408     -0.3198412       4.860000    
  -1.323804     -0.2741361       4.880000    
  -1.329287     -0.2275658       4.900000    
  -1.333838     -0.1802333       4.920000    
  -1.337443     -0.1322429       4.940000    
  -1.340088     -8.3699964E-02   4.960000    
  -1.341762     -3.4710255E-02   4.980000    
  -1.342456      1.4620058E-02   5.000000    
  -1.342164      6.4184912E-02   5.020000    
  -1.340880      0.1138788       5.040000    
  -1.338603      0.1635969       5.060000    
  -1.335331      0.2132355       5.080000    
  -1.331066      0.2626926       5.100000    
  -1.325812      0.3118677       5.120000    
  -1.319575      0.3606624       5.140000    
  -1.312361      0.4089808       5.160000    
  -1.304182      0.4567294       5.180000    
  -1.295047      0.5038180       5.200000    
  -1.284971      0.5501592       5.220000    
  -1.273968      0.5956691       5.240000    
  -1.262054      0.6402674       5.260000    
  -1.249249      0.6838776       5.280000    
  -1.235571      0.7264273       5.300000    
  -1.221043      0.7678480       5.320000    
  -1.205686      0.8080758       5.340000    
  -1.189524      0.8470512       5.360000    
  -1.172583      0.8847190       5.380000    
  -1.154889      0.9210290       5.400000    
  -1.136468      0.9559355       5.420000    
  -1.117350      0.9893977       5.440000    
  -1.097562       1.021380       5.460000    
  -1.077134       1.051850       5.480000    
  -1.056097       1.080783       5.500000    
  -1.034481       1.108157       5.520000    
  -1.012318       1.133955       5.540000    
 -0.9896392       1.158166       5.560000    
 -0.9664758       1.180782       5.580000    
 -0.9428602       1.201802       5.600000    
 -0.9188241       1.221228       5.620000    
 -0.8943996       1.239065       5.640000    
 -0.8696183       1.255326       5.660000    
 -0.8445117       1.270026       5.680000    
 -0.8191112       1.283184       5.700000    
 -0.7934476       1.294823       5.720000    
 -0.7675511       1.304971       5.740000    
 -0.7414516       1.313658       5.760000    
 -0.7151785       1.320917       5.780000    
 -0.6887602       1.326787       5.800000    
 -0.6622244       1.331308       5.820000    
 -0.6355982       1.334522       5.840000    
 -0.6089078       1.336475       5.860000    
 -0.5821783       1.337216       5.880000    
 -0.5554340       1.336794       5.900000    
 -0.5286981       1.335261       5.920000    
 -0.5019929       1.332670       5.940000    
 -0.4753395       1.329078       5.960000    
 -0.4487580       1.324540       5.980000    
 -0.4222672       1.319113       6.000000    
 -0.3958849       1.312856       6.020000    
 -0.3696278       1.305826       6.040000    
 -0.3435113       1.298084       6.060000    
 -0.3175496       1.289687       6.080000    
 -0.2917559       1.280694       6.100000    
 -0.2661420       1.271164       6.120000    
 -0.2407187       1.261153       6.140000    
 -0.2154957       1.250720       6.160000    
 -0.1904813       1.239920       6.180000    
 -0.1656829       1.228808       6.200000    
 -0.1411067       1.217437       6.220000    
 -0.1167580       1.205859       6.240000    
 -9.2640802E-02   1.194124       6.260000    
 -6.8758331E-02   1.182280       6.280000    
 -4.5112737E-02   1.170374       6.300000    
 -2.1705266E-02   1.158449       6.320000    
  1.4637150E-03   1.146548       6.340000    
  2.4394680E-02   1.134711       6.360000    
  4.7088891E-02   1.122973       6.380000    
  6.9548354E-02   1.111370       6.400000    
  9.1775760E-02   1.099934       6.420000    
  0.1137744       1.088693       6.440000    
  0.1355483       1.077675       6.460000    
  0.1571018       1.066901       6.480000    
  0.1784398       1.056394       6.500000    
  0.1995677       1.046171       6.520000    
  0.2204911       1.036247       6.540000    
  0.2412161       1.026634       6.560000    
  0.2617488       1.017341       6.580000    
  0.2820956       1.008375       6.600000    
  0.3022631      0.9997382       6.620000    
  0.3222578      0.9914325       6.640000    
  0.3420865      0.9834557       6.660000    
  0.3617556      0.9758031       6.680000    
  0.3812717      0.9684675       6.700000    
  0.4006410      0.9614392       6.720000    
  0.4198698      0.9547061       6.740000    
  0.4389639      0.9482537       6.760000    
  0.4579290      0.9420654       6.780000    
  0.4767703      0.9361224       6.800000    
  0.4954927      0.9304039       6.820000    
  0.5141008      0.9248874       6.840000    
  0.5325986      0.9195483       6.860000    
  0.5509895      0.9143609       6.880000    
  0.5692768      0.9092977       6.900000    
  0.5874627      0.9043298       6.920000    
  0.6055493      0.8994275       6.940000    
  0.6235379      0.8945595       6.960000    
  0.6414291      0.8896941       6.980000    
  0.6592230      0.8847986       7.000000    
  0.6769189      0.8798398       7.020000    
  0.6945157      0.8747841       7.040000    
  0.7120114      0.8695974       7.060000    
  0.7294033      0.8642457       7.080000    
  0.7466882      0.8586948       7.100000    
  0.7638621      0.8529108       7.120000    
  0.7809203      0.8468601       7.140000    
  0.7978575      0.8405093       7.160000    
  0.8146677      0.8338258       7.180000    
  0.8313442      0.8267777       7.200000    
  0.8478798      0.8193337       7.220000    
  0.8642665      0.8114637       7.240000    
  0.8804958      0.8031386       7.260000    
  0.8965586      0.7943303       7.280000    
  0.9124452      0.7850122       7.300000    
  0.9281454      0.7751591       7.320000    
  0.9436486      0.7647472       7.340000    
  0.9589435      0.7537543       7.360000    
  0.9740186      0.7421597       7.380000    
  0.9888618      0.7299448       7.400000    
   1.003461      0.7170923       7.420000    
   1.017802      0.7035873       7.440000    
   1.031874      0.6894164       7.460000    
   1.045663      0.6745684       7.480000    
   1.059154      0.6590338       7.500000    
   1.072335      0.6428054       7.520000    
   1.085191      0.6258780       7.540000    
   1.097708      0.6082484       7.560000    
   1.109873      0.5899154       7.580000    
   1.121672      0.5708802       7.600000    
   1.133089      0.5511456       7.620000    
   1.144112      0.5307168       7.640000    
   1.154727      0.5096009       7.660000    
   1.164919      0.4878071       7.680000    
   1.174675      0.4653462       7.700000    
   1.183982      0.4422315       7.720000    
   1.192826      0.4184777       7.740000    
   1.201196      0.3941017       7.760000    
   1.209078      0.3691218       7.780000    
   1.216460      0.3435583       7.800000    
   1.223331      0.3174330       7.820000    
   1.229680      0.2907692       7.840000    
   1.235495      0.2635919       7.860000    
   1.240767      0.2359273       7.880000    
   1.245486      0.2078030       7.900000    
   1.249642      0.1792477       7.920000    
   1.253227      0.1502916       7.940000    
   1.256233      0.1209655       7.960000    
   1.258652      9.1301367E-02   7.980000    
   1.260478      6.1332032E-02   8.000000    
   1.261705      3.1090997E-02   8.020000    
   1.262326      6.1247684E-04   8.040000    
   1.262339     -3.0068852E-02   8.059999    
   1.261737     -6.0917784E-02   8.080000    
   1.260519     -9.1898888E-02   8.099999    
   1.258681     -0.1229763       8.120000    
   1.256222     -0.1541144       8.139999    
   1.253139     -0.1852769       8.160000    
   1.249434     -0.2164283       8.179999    
   1.245105     -0.2475328       8.200000    
   1.240155     -0.2785549       8.220000    
   1.234583     -0.3094597       8.240000    
   1.228394     -0.3402124       8.260000    
   1.221590     -0.3707789       8.280000    
   1.214174     -0.4011258       8.300000    
   1.206152     -0.4312204       8.320000    
   1.197527     -0.4610304       8.340000    
   1.188307     -0.4905248       8.360000    
   1.178496     -0.5196732       8.380000    
   1.168103     -0.5484465       8.400000    
   1.157134     -0.5768163       8.420000    
   1.145598     -0.6047555       8.440000    
   1.133502     -0.6322380       8.460000    
   1.120858     -0.6592392       8.480000    
   1.107673     -0.6857354       8.500000    
   1.093958     -0.7117044       8.520000    
   1.079724     -0.7371251       8.540000    
   1.064982     -0.7619781       8.559999    
   1.049742     -0.7862449       8.580000    
   1.034017     -0.8099089       8.599999    
   1.017819     -0.8329543       8.620000    
   1.001160     -0.8553673       8.639999    
  0.9840525     -0.8771350       8.660000    
  0.9665098     -0.8982464       8.679999    
  0.9485449     -0.9186915       8.700000    
  0.9301711     -0.9384618       8.720000    
  0.9114018     -0.9575505       8.740000    
  0.8922508     -0.9759516       8.760000    
  0.8727317     -0.9936609       8.780000    
  0.8528585      -1.010675       8.800000    
  0.8326451      -1.026993       8.820000    
  0.8121052      -1.042613       8.840000    
  0.7912529      -1.057537       8.860000    
  0.7701022      -1.071766       8.880000    
  0.7486669      -1.085303       8.900000    
  0.7269608      -1.098153       8.920000    
  0.7049978      -1.110320       8.940000    
  0.6827914      -1.121811       8.960000    
  0.6603552      -1.132632       8.980000    
  0.6377025      -1.142792       9.000000    
  0.6148467      -1.152299       9.020000    
  0.5918007      -1.161162       9.040000    
  0.5685775      -1.169393       9.059999    
  0.5451897      -1.177000       9.080000    
  0.5216497      -1.183997       9.099999    
  0.4979697      -1.190394       9.120000    
  0.4741618      -1.196205       9.139999    
  0.4502378      -1.201441       9.160000    
  0.4262089      -1.206115       9.179999    
  0.4020866      -1.210243       9.200000    
  0.3778818      -1.213835       9.220000    
  0.3536051      -1.216907       9.240000    
  0.3292669      -1.219472       9.260000    
  0.3048775      -1.221544       9.280000    
  0.2804466      -1.223137       9.300000    
  0.2559839      -1.224264       9.320000    
  0.2314986      -1.224938       9.340000    
  0.2069998      -1.225174       9.360000    
  0.1824963      -1.224984       9.380000    
  0.1579967      -1.224381       9.400000    
  0.1335091      -1.223377       9.420000    
  0.1090415      -1.221986       9.440000    
  8.4601797E-02  -1.220218       9.460000    
  6.0197443E-02  -1.218085       9.480000    
  3.5835750E-02  -1.215597       9.500000    
  1.1523806E-02  -1.212766       9.520000    
 -1.2731513E-02  -1.209600       9.540000    
 -3.6923520E-02  -1.206110       9.559999    
 -6.1045725E-02  -1.202304       9.580000    
 -8.5091799E-02  -1.198189       9.599999    
 -0.1090556      -1.193774       9.620000    
 -0.1329311      -1.189066       9.639999    
 -0.1567124      -1.184070       9.660000    
 -0.1803938      -1.178792       9.679999    
 -0.2039696      -1.173237       9.700000    
 -0.2274343      -1.167410       9.719999    
 -0.2507825      -1.161314       9.740000    
 -0.2740088      -1.154952       9.760000    
 -0.2971078      -1.148327       9.780000    
 -0.3200743      -1.141441       9.800000    
 -0.3429032      -1.134295       9.820000    
 -0.3655891      -1.126889       9.840000    
 -0.3881268      -1.119224       9.860000    
 -0.4105113      -1.111299       9.880000    
 -0.4327373      -1.103113       9.900000    
 -0.4547995      -1.094665       9.920000    
 -0.4766928      -1.085953       9.940000    
 -0.4984119      -1.076975       9.960000    
 -0.5199514      -1.067728       9.980000    
 -0.5413060      -1.058208       10.00000    
 -0.5624701      -1.048413       10.02000    
 -0.5834384      -1.038339       10.04000    
 -0.6042052      -1.027981       10.06000    
 -0.6247648      -1.017336       10.08000    
 -0.6451115      -1.006398       10.10000    
 -0.6652395     -0.9951643       10.12000    
 -0.6851428     -0.9836291       10.14000    
 -0.7048153     -0.9717878       10.16000    
 -0.7242511     -0.9596356       10.18000    
 -0.7434438     -0.9471677       10.20000    
 -0.7623872     -0.9343794       10.22000    
 -0.7810748     -0.9212658       10.24000    
 -0.7995001     -0.9078226       10.26000    
 -0.8176566     -0.8940453       10.28000    
 -0.8355375     -0.8799295       10.30000    
 -0.8531361     -0.8654714       10.32000    
 -0.8704455     -0.8506670       10.34000    
 -0.8874588     -0.8355131       10.36000    
 -0.9041691     -0.8200064       10.38000    
 -0.9205692     -0.8041443       10.40000    
 -0.9366521     -0.7879242       10.42000    
 -0.9524105     -0.7713443       10.44000    
 -0.9678374     -0.7544030       10.46000    
 -0.9829255     -0.7370993       10.48000    
 -0.9976674     -0.7194327       10.50000    
  -1.012056     -0.7014030       10.52000    
  -1.026084     -0.6830108       10.54000    
  -1.039744     -0.6642572       10.56000    
  -1.053030     -0.6451436       10.58000    
  -1.065932     -0.6256723       10.60000    
  -1.078446     -0.6058460       10.62000    
  -1.090563     -0.5856683       10.64000    
  -1.102276     -0.5651430       10.66000    
  -1.113579     -0.5442747       10.68000    
  -1.124464     -0.5230686       10.70000    
  -1.134926     -0.5015306       10.72000    
  -1.144956     -0.4796672       10.74000    
  -1.154550     -0.4574853       10.76000    
  -1.163699     -0.4349928       10.78000    
  -1.172399     -0.4121978       10.80000    
  -1.180643     -0.3891092       10.82000    
  -1.188425     -0.3657365       10.84000    
  -1.195740     -0.3420898       10.86000    
  -1.202582     -0.3181795       10.88000    
  -1.208946     -0.2940170       10.90000    
  -1.214826     -0.2696137       10.92000    
  -1.220218     -0.2449819       10.94000    
  -1.225118     -0.2201342       10.96000    
  -1.229520     -0.1950838       10.98000    
  -1.233422     -0.1698442       11.00000    
  -1.236819     -0.1444294       11.02000    
  -1.239708     -0.1188537       11.04000    
  -1.242085     -9.3131900E-02   11.06000    
  -1.243947     -6.7279108E-02   11.08000    
  -1.245293     -4.1310668E-02   11.10000    
  -1.246119     -1.5242279E-02   11.12000    
  -1.246424      1.0910193E-02   11.14000    
  -1.246206      3.7130531E-02   11.16000    
  -1.245463      6.3402459E-02   11.18000    
  -1.244195      8.9709423E-02   11.20000    
  -1.242401      0.1160348       11.22000    
  -1.240080      0.1423618       11.24000    
  -1.237233      0.1686738       11.26000    
  -1.233860      0.1949537       11.28000    
  -1.229961      0.2211847       11.30000    
  -1.225537      0.2473501       11.32000    
  -1.220590      0.2734329       11.34000    
  -1.215121      0.2994165       11.36000    
  -1.209133      0.3252843       11.38000    
  -1.202627      0.3510197       11.40000    
  -1.195607      0.3766065       11.42000    
  -1.188075      0.4020285       11.44000    
  -1.180034      0.4272698       11.46000    
  -1.171489      0.4523148       11.48000    
  -1.162442      0.4771479       11.50000    
  -1.152900      0.5017542       11.52000    
  -1.142864      0.5261186       11.54000    
  -1.132342      0.5502269       11.56000    
  -1.121338      0.5740647       11.58000    
  -1.109856      0.5976183       11.60000    
  -1.097904      0.6208743       11.62000    
  -1.085486      0.6438197       11.64000    
  -1.072610      0.6664418       11.66000    
  -1.059281      0.6887285       11.68000    
  -1.045507      0.7106680       11.70000    
  -1.031293      0.7322491       11.72000    
  -1.016648      0.7534609       11.74000    
  -1.001579      0.7742929       11.76000    
 -0.9860933      0.7947353       11.78000    
 -0.9701986      0.8147785       11.80000    
 -0.9539030      0.8344137       11.82000    
 -0.9372147      0.8536322       11.84000    
 -0.9201421      0.8724261       11.86000    
 -0.9026936      0.8907877       11.88000    
 -0.8848778      0.9087100       11.90000    
 -0.8667036      0.9261863       11.92000    
 -0.8481799      0.9432107       11.94000    
 -0.8293157      0.9597771       11.96000    
 -0.8101201      0.9758806       11.98000    
 -0.7906025      0.9915162       12.00000    
 -0.7707722       1.006680       12.02000    
 -0.7506385       1.021367       12.04000    
 -0.7302112       1.035575       12.06000    
 -0.7094997       1.049300       12.08000    
 -0.6885137       1.062540       12.10000    
 -0.6672629       1.075292       12.12000    
 -0.6457571       1.087555       12.14000    
 -0.6240060       1.099326       12.16000    
 -0.6020194       1.110605       12.18000    
 -0.5798073       1.121390       12.20000    
 -0.5573795       1.131682       12.22000    
 -0.5347459       1.141479       12.24000    
 -0.5119163       1.150782       12.26000    
 -0.4889007       1.159591       12.28000    
 -0.4657089       1.167907       12.30000    
 -0.4423507       1.175730       12.32000    
 -0.4188361       1.183062       12.34000    
 -0.3951749       1.189902       12.36000    
 -0.3713768       1.196254       12.38000    
 -0.3474518       1.202118       12.40000    
 -0.3234094       1.207496       12.42000    
 -0.2992595       1.212390       12.44000    
 -0.2750117       1.216802       12.46000    
 -0.2506756       1.220734       12.48000    
 -0.2262610       1.224188       12.50000    
 -0.2017772       1.227167       12.52000    
 -0.1772338       1.229673       12.54000    
 -0.1526404       1.231708       12.56000    
 -0.1280062       1.233275       12.58000    
 -0.1033407       1.234376       12.60000    
 -7.8653216E-02   1.235014       12.62000    
 -5.3952929E-02   1.235192       12.64000    
 -2.9249081E-02   1.234913       12.66000    
 -4.5508314E-03   1.234178       12.68000    
  2.0132720E-02   1.232990       12.70000    
  4.4792518E-02   1.231353       12.72000    
  6.9419570E-02   1.229268       12.74000    
  9.4004929E-02   1.226739       12.76000    
  0.1185397       1.223767       12.78000    
  0.1430151       1.220356       12.80000    
  0.1674222       1.216508       12.82000    
  0.1917523       1.212226       12.84000    
  0.2159969       1.207511       12.86000    
  0.2401471       1.202367       12.88000    
  0.2641944       1.196796       12.90000    
  0.2881303       1.190800       12.92000    
  0.3119463       1.184381       12.94000    
  0.3356340       1.177543       12.96000    
  0.3591848       1.170286       12.98000    
  0.3825906       1.162614       13.00000    
  0.4058428       1.154529       13.02000    
  0.4289334       1.146033       13.04000    
  0.4518541       1.137128       13.06000    
  0.4745966       1.127817       13.08000    
  0.4971530       1.118101       13.10000    
  0.5195150       1.107984       13.12000    
  0.5416747       1.097467       13.14000    
  0.5636241       1.086553       13.16000    
  0.5853552       1.075244       13.18000    
  0.6068600       1.063543       13.20000    
  0.6281309       1.051452       13.22000    
  0.6491600       1.038974       13.24000    
  0.6699395       1.026111       13.26000    
  0.6904617       1.012866       13.28000    
  0.7107190      0.9992417       13.30000    
  0.7307038      0.9852413       13.32000    
  0.7504086      0.9708677       13.34000    
  0.7698260      0.9561241       13.36000    
  0.7889485      0.9410135       13.38000    
  0.8077688      0.9255394       13.40000    
  0.8262795      0.9097054       13.42000    
  0.8444736      0.8935151       13.44000    
  0.8623439      0.8769724       13.46000    
  0.8798833      0.8600813       13.48000    
  0.8970850      0.8428458       13.50000    
  0.9139419      0.8252705       13.52000    
  0.9304473      0.8073598       13.54000    
  0.9465945      0.7891185       13.56000    
  0.9623768      0.7705514       13.58000    
  0.9777879      0.7516639       13.60000    
  0.9928212      0.7324611       13.62000    
   1.007470      0.7129487       13.64000    
   1.021729      0.6931325       13.66000    
   1.035592      0.6730185       13.68000    
   1.049052      0.6526129       13.70000    
   1.062105      0.6319221       13.72000    
   1.074743      0.6109529       13.74000    
   1.086962      0.5897122       13.76000    
   1.098756      0.5682071       13.78000    
   1.110120      0.5464450       13.80000    
   1.121049      0.5244335       13.82000    
   1.131538      0.5021805       13.84000    
   1.141582      0.4796940       13.86000    
   1.151175      0.4569824       13.88000    
   1.160315      0.4340540       13.90000    
   1.168996      0.4109178       13.92000    
   1.177215      0.3875825       13.94000    
   1.184966      0.3640573       13.96000    
   1.192247      0.3403516       13.98000    
   1.199054      0.3164750       14.00000    
   1.205384      0.2924371       14.02000    
   1.211233      0.2682480       14.04000    
   1.216598      0.2439178       14.06000    
   1.221476      0.2194566       14.08000    
   1.225865      0.1948751       14.10000    
   1.229763      0.1701837       14.12000    
   1.233167      0.1453932       14.14000    
   1.236074      0.1205145       14.16000    
   1.238485      9.5558725E-02   14.18000    
   1.240396      7.0536852E-02   14.20000    
   1.241807      4.5460191E-02   14.22000    
   1.242716      2.0340057E-02   14.24000    
   1.243123     -4.8121121E-03   14.26000    
   1.243026     -2.9984806E-02   14.28000    
   1.242427     -5.5166513E-02   14.30000    
   1.241323     -8.0345571E-02   14.32000    
   1.239716     -0.1055104       14.34000    
   1.237606     -0.1306492       14.36000    
   1.234993     -0.1557502       14.38000    
   1.231878     -0.1808019       14.40000    
   1.228262     -0.2057923       14.42000    
   1.224146     -0.2307099       14.44000    
   1.219532     -0.2555429       14.46000    
   1.214421     -0.2802798       14.48000    
   1.208816     -0.3049087       14.50000    
   1.202717     -0.3294183       14.52000    
   1.196129     -0.3537970       14.54000    
   1.189053     -0.3780335       14.56000    
   1.181493     -0.4021164       14.58000    
   1.173450     -0.4260344       14.60000    
   1.164930     -0.4497765       14.62000    
   1.155934     -0.4733317       14.64000    
   1.146467     -0.4966889       14.66000    
   1.136533     -0.5198376       14.68000    
   1.126137     -0.5427671       14.70000    
   1.115281     -0.5654670       14.72000    
   1.103972     -0.5879269       14.74000    
   1.092214     -0.6101367       14.76000    
   1.080011     -0.6320865       14.78000    
   1.067369     -0.6537666       14.80000    
   1.054294     -0.6751671       14.82000    
   1.040790     -0.6962790       14.84000    
   1.026865     -0.7170928       14.86000    
   1.012523     -0.7375996       14.88000    
  0.9977710     -0.7577907       14.90000    
  0.9826152     -0.7776573       14.92000    
  0.9670620     -0.7971913       14.94000    
  0.9511182     -0.8163842       14.96000    
  0.9347905     -0.8352284       14.98000    
  0.9180859     -0.8537160       15.00000    
  0.9010116     -0.8718395       15.02000    
  0.8835748     -0.8895918       15.04000    
  0.8657830     -0.9069657       15.06000    
  0.8476437     -0.9239545       15.08000    
  0.8291646     -0.9405517       15.10000    
  0.8103535     -0.9567508       15.12000    
  0.7912185     -0.9725459       15.14000    
  0.7717676     -0.9879310       15.16000    
  0.7520090      -1.002901       15.18000    
  0.7319509      -1.017449       15.20000    
  0.7116020      -1.031572       15.22000    
  0.6909705      -1.045263       15.24000    
  0.6700653      -1.058518       15.26000    
  0.6488949      -1.071333       15.28000    
  0.6274682      -1.083704       15.30000    
  0.6057941      -1.095626       15.32000    
  0.5838816      -1.107096       15.34000    
  0.5617397      -1.118109       15.36000    
  0.5393775      -1.128663       15.38000    
  0.5168042      -1.138755       15.40000    
  0.4940291      -1.148381       15.42000    
  0.4710615      -1.157539       15.44000    
  0.4479107      -1.166225       15.46000    
  0.4245862      -1.174439       15.48000    
  0.4010975      -1.182176       15.50000    
  0.3774540      -1.189437       15.52000    
  0.3536652      -1.196218       15.54000    
  0.3297409      -1.202519       15.56000    
  0.3056905      -1.208337       15.58000    
  0.2815237      -1.213671       15.60000    
  0.2572503      -1.218521       15.62000    
  0.2328799      -1.222886       15.64000    
  0.2084222      -1.226764       15.66000    
  0.1838869      -1.230156       15.68000    
  0.1592837      -1.233061       15.70000    
  0.1346225      -1.235478       15.72000    
  0.1099130      -1.237407       15.74000    
  8.5164830E-02  -1.238850       15.76000    
  6.0387835E-02  -1.239805       15.78000    
  3.5591733E-02  -1.240274       15.80000    
  1.0786261E-02  -1.240256       15.82000    
 -1.4018854E-02  -1.239753       15.84000    
 -3.8813904E-02  -1.238765       15.86000    
 -6.3589200E-02  -1.237293       15.88000    
 -8.8335067E-02  -1.235339       15.90000    
 -0.1130418      -1.232904       15.92000    
 -0.1376999      -1.229988       15.94000    
 -0.1622997      -1.226595       15.96000    
 -0.1868316      -1.222724       15.98000    
 -0.2112861      -1.218379       16.00000    
 -0.2356537      -1.213560       16.02000    
 -0.2599249      -1.208271       16.04000    
 -0.2840903      -1.202513       16.06000    
 -0.3081405      -1.196288       16.08000    
 -0.3320663      -1.189600       16.10000    
 -0.3558583      -1.182450       16.12000    
 -0.3795073      -1.174842       16.14000    
 -0.4030041      -1.166778       16.16000    
 -0.4263397      -1.158261       16.18000    
 -0.4495049      -1.149295       16.20000    
 -0.4724908      -1.139883       16.22000    
 -0.4952885      -1.130027       16.24000    
 -0.5178890      -1.119733       16.26000    
 -0.5402837      -1.109002       16.28000    
 -0.5624637      -1.097840       16.30000    
 -0.5844205      -1.086250       16.32000    
 -0.6061455      -1.074237       16.34000    
 -0.6276302      -1.061804       16.36000    
 -0.6488663      -1.048955       16.38000    
 -0.6698454      -1.035696       16.40000    
 -0.6905593      -1.022031       16.42000    
 -0.7110000      -1.007966       16.44000    
 -0.7311593     -0.9935035       16.46000    
 -0.7510293     -0.9786502       16.48000    
 -0.7706023     -0.9634110       16.50000    
 -0.7898706     -0.9477914       16.52000    
 -0.8088264     -0.9317969       16.54000    
 -0.8274623     -0.9154329       16.56000    
 -0.8457710     -0.8987056       16.58000    
 -0.8637451     -0.8816208       16.60000    
 -0.8813775     -0.8641847       16.62000    
 -0.8986612     -0.8464034       16.64000    
 -0.9155893     -0.8282834       16.66000    
 -0.9321550     -0.8098313       16.68000    
 -0.9483516     -0.7910539       16.70000    
 -0.9641727     -0.7719578       16.72000    
 -0.9796118     -0.7525501       16.74000    
 -0.9946628     -0.7328381       16.76000    
  -1.009320     -0.7128291       16.78000    
  -1.023576     -0.6925302       16.80000    
  -1.037427     -0.6719492       16.82000    
  -1.050866     -0.6510939       16.84000    
  -1.063887     -0.6299721       16.86000    
  -1.076487     -0.6085916       16.88000    
  -1.088659     -0.5869607       16.90000    
  -1.100398     -0.5650877       16.92000    
  -1.111700     -0.5429809       16.94000    
  -1.122559     -0.5206489       16.96000    
  -1.132972     -0.4981001       16.98000    
  -1.142934     -0.4753435       17.00000    
  -1.152441     -0.4523880       17.02000    
  -1.161489     -0.4292425       17.04000    
  -1.170074     -0.4059160       17.06000    
  -1.178192     -0.3824179       17.08000    
  -1.185840     -0.3587574       17.10000    
  -1.193016     -0.3349440       17.12000    
  -1.199714     -0.3109871       17.14000    
  -1.205934     -0.2868964       17.16000    
  -1.211672     -0.2626816       17.18000    
  -1.216926     -0.2383524       17.20000    
  -1.221693     -0.2139187       17.22000    
  -1.225971     -0.1893905       17.24000    
  -1.229759     -0.1647776       17.26000    
  -1.233055     -0.1400902       17.28000    
  -1.235856     -0.1153385       17.30000    
  -1.238163     -9.0532474E-02   17.32000    
  -1.239974     -6.5682411E-02   17.34000    
  -1.241287     -4.0798552E-02   17.36000    
  -1.242103     -1.5891224E-02   17.38000    
  -1.242421      9.0292990E-03   17.40000    
  -1.242241      3.3952646E-02   17.42000    
  -1.241562      5.8868498E-02   17.44000    
  -1.240384      8.3766453E-02   17.46000    
  -1.238709      0.1086361       17.48000    
  -1.236536      0.1334671       17.50000    
  -1.233867      0.1582491       17.52000    
  -1.230702      0.1829717       17.54000    
  -1.227042      0.2076245       17.56000    
  -1.222890      0.2321972       17.58000    
  -1.218246      0.2566796       17.60000    
  -1.213112      0.2810614       17.62000    
  -1.207491      0.3053323       17.64000    
  -1.201385      0.3294822       17.66000    
  -1.194795      0.3535010       17.68000    
  -1.187725      0.3773786       17.70000    
  -1.180177      0.4011049       17.72000    
  -1.172155      0.4246701       17.74000    
  -1.163662      0.4480644       17.76000    
  -1.154700      0.4712780       17.78000    
  -1.145275      0.4943009       17.80000    
  -1.135389      0.5171239       17.82000    
  -1.125046      0.5397373       17.84000    
  -1.114252      0.5621318       17.86000    
  -1.103009      0.5842979       17.88000    
  -1.091323      0.6062266       17.90000    
  -1.079198      0.6279087       17.92000    
  -1.066640      0.6493354       17.94000    
  -1.053654      0.6704978       17.96000    
  -1.040244      0.6913869       17.98000    
  -1.026416      0.7119945       18.00000    
  -1.012176      0.7323120       18.02000    
 -0.9975298      0.7523312       18.04000    
 -0.9824832      0.7720436       18.06000    
 -0.9670423      0.7914415       18.08000    
 -0.9512135      0.8105170       18.10000    
 -0.9350032      0.8292624       18.12000    
 -0.9184179      0.8476698       18.14000    
 -0.9014645      0.8657322       18.16000    
 -0.8841499      0.8834422       18.18000    
 -0.8664811      0.9007928       18.20000    
 -0.8484652      0.9177768       18.22000    
 -0.8301097      0.9343877       18.24000    
 -0.8114219      0.9506190       18.26000    
 -0.7924095      0.9664642       18.28000    
 -0.7730802      0.9819167       18.30000    
 -0.7534418      0.9969710       18.32000    
 -0.7335024       1.011621       18.34000    
 -0.7132699       1.025861       18.36000    
 -0.6927527       1.039685       18.38000    
 -0.6719590       1.053089       18.40000    
 -0.6508972       1.066067       18.42000    
 -0.6295758       1.078613       18.44000    
 -0.6080036       1.090724       18.46000    
 -0.5861891       1.102395       18.48000    
 -0.5641412       1.113621       18.50000    
 -0.5418688       1.124398       18.52000    
 -0.5193809       1.134722       18.54000    
 -0.4966864       1.144588       18.56000    
 -0.4737947       1.153995       18.58000    
 -0.4507148       1.162937       18.60000    
 -0.4274560       1.171412       18.62000    
 -0.4040278       1.179417       18.64000    
 -0.3804394       1.186948       18.66000    
 -0.3567005       1.194004       18.68000    
 -0.3328204       1.200581       18.70000    
 -0.3088088       1.206677       18.72000    
 -0.2846752       1.212290       18.74000    
 -0.2604294       1.217418       18.76000    
 -0.2360811       1.222060       18.78000    
 -0.2116399       1.226213       18.80000    
 -0.1871156       1.229877       18.82000    
 -0.1625181       1.233050       18.84000    
 -0.1378571       1.235731       18.86000    
 -0.1131425       1.237919       18.88000    
 -8.8384077E-02   1.239614       18.90000    
 -6.3591793E-02   1.240815       18.92000    
 -3.8775485E-02   1.241523       18.94000    
 -1.3945030E-02   1.241736       18.96000    
  1.0889687E-02   1.241455       18.98000    
  3.5718784E-02   1.240681       19.00000    
  6.0532395E-02   1.239413       19.02000    
  8.5320652E-02   1.237653       19.04000    
  0.1100737       1.235401       19.06000    
  0.1347817       1.232659       19.08000    
  0.1594349       1.229427       19.10000    
  0.1840234       1.225707       19.12000    
  0.2085376       1.221500       19.14000    
  0.2329676       1.216809       19.16000    
  0.2573037       1.211635       19.18000    
  0.2815364       1.205980       19.20000    
  0.3056560       1.199847       19.22000    
  0.3296529       1.193237       19.24000    
  0.3535177       1.186155       19.26000    
  0.3772408       1.178602       19.28000    
  0.4008128       1.170581       19.30000    
  0.4242244       1.162096       19.32000    
  0.4474664       1.153150       19.34000    
  0.4705294       1.143747       19.36000    
  0.4934043       1.133889       19.38000    
  0.5160821       1.123582       19.40000    
  0.5385537       1.112829       19.42000    
  0.5608103       1.101634       19.44000    
  0.5828429       1.090001       19.46000    
  0.6046430       1.077935       19.48000    
  0.6262017       1.065441       19.50000    
  0.6475105       1.052524       19.52000    
  0.6685610       1.039189       19.54000    
  0.6893448       1.025440       19.56000    
  0.7098535       1.011283       19.58000    
  0.7300792      0.9967236       19.60000    
  0.7500136      0.9817677       19.62000    
  0.7696490      0.9664205       19.64000    
  0.7889774      0.9506883       19.66000    
  0.8079912      0.9345772       19.68000    
  0.8266827      0.9180935       19.70000    
  0.8450446      0.9012433       19.72000    
  0.8630695      0.8840333       19.74000    
  0.8807501      0.8664703       19.76000    
  0.8980795      0.8485612       19.78000    
  0.9150507      0.8303126       19.80000    
  0.9316570      0.8117318       19.82000    
  0.9478917      0.7928262       19.84000    
  0.9637482      0.7736031       19.86000    
  0.9792202      0.7540698       19.88000    
  0.9943016      0.7342342       19.90000    
   1.008986      0.7141041       19.92000    
   1.023268      0.6936871       19.94000    
   1.037142      0.6729914       19.96000    
   1.050602      0.6520251       19.98000    
   1.063643      0.6307966       20.00000    
   1.076258      0.6093140       20.02000    
   1.088445      0.5875860       20.04000    
   1.100196      0.5656210       20.06000    
   1.111509      0.5434277       20.08000    
   1.122377      0.5210150       20.10000    
   1.132798      0.4983917       20.12000    
   1.142766      0.4755667       20.14000    
   1.152277      0.4525492       20.16000    
   1.161328      0.4293482       20.18000    
   1.169915      0.4059730       20.20000    
   1.178034      0.3824330       20.22000    
   1.185683      0.3587374       20.24000    
   1.192858      0.3348958       20.26000    
   1.199556      0.3109177       20.28000    
   1.205774      0.2868127       20.30000    
   1.211510      0.2625904       20.32000    
   1.216762      0.2382605       20.34000    
   1.221527      0.2138329       20.36000    
   1.225804      0.1893172       20.38000    
   1.229590      0.1647234       20.40000    
   1.232885      0.1400613       20.42000    
   1.235686      0.1153408       20.44000    
   1.237993      9.0571955E-02   20.46000    
   1.239804      6.5764703E-02   20.48000    
   1.241119      4.0929019E-02   20.50000    
   1.241938      1.6074946E-02   20.52000    
   1.242259     -8.7875091E-03   20.54000    
   1.242084     -3.3648245E-02   20.56000    
   1.241411     -5.8497280E-02   20.58000    
   1.240241     -8.3324574E-02   20.60000    
   1.238574     -0.1081201       20.62000    
   1.236412     -0.1328737       20.64000    
   1.233754     -0.1575754       20.66000    
   1.230603     -0.1822154       20.68000    
   1.226958     -0.2067834       20.70000    
   1.222823     -0.2312697       20.72000    
   1.218197     -0.2556642       20.74000    
   1.213084     -0.2799571       20.76000    
   1.207485     -0.3041387       20.78000    
   1.201402     -0.3281989       20.80000    
   1.194838     -0.3521282       20.82000    
   1.187795     -0.3759168       20.84000    
   1.180277     -0.3995552       20.86000    
   1.172286     -0.4230335       20.88000    
   1.163825     -0.4463425       20.90000    
   1.154899     -0.4694727       20.92000    
   1.145509     -0.4924147       20.94000    
   1.135661     -0.5151591       20.96000    
   1.125358     -0.5376968       20.98000    
   1.114604     -0.5600187       21.00000    
   1.103403     -0.5821159       21.02000    
   1.091761     -0.6039793       21.04000    
   1.079681     -0.6255999       21.06000    
   1.067169     -0.6469693       21.08000    
   1.054230     -0.6680788       21.10000    
   1.040869     -0.6889198       21.12000    
   1.027090     -0.7094839       21.14000    
   1.012900     -0.7297627       21.16000    
  0.9983051     -0.7497483       21.18000    
  0.9833101     -0.7694326       21.20000    
  0.9679214     -0.7888073       21.22000    
  0.9521453     -0.8078651       21.24000    
  0.9359879     -0.8265982       21.26000    
  0.9194560     -0.8449991       21.28000    
  0.9025560     -0.8630601       21.30000    
  0.8852948     -0.8807744       21.32000    
  0.8676793     -0.8981348       21.34000    
  0.8497166     -0.9151343       21.36000    
  0.8314139     -0.9317659       21.38000    
  0.8127786     -0.9480233       21.40000    
  0.7938181     -0.9638999       21.42000    
  0.7745401     -0.9793894       21.44000    
  0.7549523     -0.9944854       21.46000    
  0.7350626      -1.009182       21.48000    
  0.7148790      -1.023474       21.50000    
  0.6944095      -1.037355       21.52000    
  0.6736624      -1.050819       21.54000    
  0.6526461      -1.063862       21.56000    
  0.6313688      -1.076478       21.58000    
  0.6098393      -1.088663       21.60000    
  0.5880660      -1.100410       21.62000    
  0.5660578      -1.111717       21.64000    
  0.5438235      -1.122577       21.66000    
  0.5213720      -1.132988       21.68000    
  0.4987122      -1.142945       21.70000    
  0.4758533      -1.152444       21.72000    
  0.4528044      -1.161480       21.74000    
  0.4295748      -1.170052       21.76000    
  0.4061738      -1.178156       21.78000    
  0.3826107      -1.185787       21.80000    
  0.3588949      -1.192944       21.82000    
  0.3350361      -1.199623       21.84000    
  0.3110436      -1.205822       21.86000    
  0.2869272      -1.211539       21.88000    
  0.2626964      -1.216771       21.90000    
  0.2383610      -1.221516       21.92000    
  0.2139307      -1.225773       21.94000    
  0.1894152      -1.229540       21.96000    
  0.1648244      -1.232815       21.98000    
  0.1401681      -1.235597       22.00000    
  0.1154562      -1.237886       22.02000    
  9.0698443E-02  -1.239680       22.04000    
  6.5904848E-02  -1.240978       22.06000    
  4.1085288E-02  -1.241781       22.08000    
  1.6249675E-02  -1.242087       22.10000    
 -8.5920691E-03  -1.241898       22.12000    
 -3.3430025E-02  -1.241212       22.14000    
 -5.8254264E-02  -1.240031       22.16000    
 -8.3054885E-02  -1.238355       22.18000    
 -0.1078220      -1.236184       22.20000    
 -0.1325457      -1.233519       22.22000    
 -0.1572160      -1.230362       22.24000    
 -0.1818233      -1.226714       22.26000    
 -0.2063576      -1.222577       22.28000    
 -0.2308091      -1.217951       22.30000    
 -0.2551681      -1.212839       22.32000    
 -0.2794249      -1.207243       22.34000    
 -0.3035698      -1.201166       22.36000    
 -0.3275931      -1.194608       22.38000    
 -0.3514853      -1.187575       22.40000    
 -0.3752368      -1.180067       22.42000    
 -0.3988381      -1.172088       22.44000    
 -0.4222799      -1.163641       22.46000    
 -0.4455527      -1.154730       22.48000    
 -0.4686473      -1.145359       22.50000    
 -0.4915544      -1.135530       22.52000    
 -0.5142651      -1.125247       22.54000    
 -0.5367700      -1.114516       22.56000    
 -0.5590603      -1.103340       22.58000    
 -0.5811271      -1.091724       22.60000    
 -0.6029616      -1.079671       22.62000    
 -0.6245551      -1.067188       22.64000    
 -0.6458988      -1.054278       22.66000    
 -0.6669844      -1.040948       22.68000    
 -0.6878033      -1.027202       22.70000    
 -0.7083474      -1.013046       22.72000    
 -0.7286083     -0.9984850       22.74000    
 -0.7485780     -0.9835254       22.76000    
 -0.7682485     -0.9681729       22.78000    
 -0.7876120     -0.9524334       22.80000    
 -0.8066607     -0.9363135       22.82000    
 -0.8253869     -0.9198194       22.84000    
 -0.8437833     -0.9029577       22.86000    
 -0.8618425     -0.8857349       22.88000    
 -0.8795571     -0.8681581       22.90000    
 -0.8969203     -0.8502343       22.92000    
 -0.9139250     -0.8319705       22.94000    
 -0.9305644     -0.8133738       22.96000    
 -0.9468319     -0.7944518       22.98000    
 -0.9627209     -0.7752120       23.00000    
 -0.9782252     -0.7556621       23.02000    
 -0.9933384     -0.7358096       23.04000    
  -1.008055     -0.7156627       23.06000    
  -1.022368     -0.6952292       23.08000    
  -1.036272     -0.6745174       23.10000    
  -1.049763     -0.6535355       23.12000    
  -1.062833     -0.6322917       23.14000    
  -1.075479     -0.6107947       23.16000    
  -1.087695     -0.5890529       23.18000    
  -1.099476     -0.5670750       23.20000    
  -1.110818     -0.5448697       23.22000    
  -1.121715     -0.5224459       23.24000    
  -1.132164     -0.4998126       23.26000    
  -1.142160     -0.4769789       23.28000    
  -1.151700     -0.4539536       23.30000    
  -1.160779     -0.4307461       23.32000    
  -1.169394     -0.4073657       23.34000    
  -1.177541     -0.3838218       23.36000    
  -1.185218     -0.3601235       23.38000    
  -1.192420     -0.3362806       23.40000    
  -1.199146     -0.3123024       23.42000    
  -1.205392     -0.2881986       23.44000    
  -1.211156     -0.2639789       23.46000    
  -1.216436     -0.2396528       23.48000    
  -1.221229     -0.2152302       23.50000    
  -1.225533     -0.1907209       23.52000    
  -1.229348     -0.1661346       23.54000    
  -1.232670     -0.1414811       23.56000    
  -1.235500     -0.1167704       23.58000    
  -1.237836     -9.2012420E-02   23.60000    
  -1.239676     -6.7216963E-02   23.62000    
  -1.241020     -4.2394057E-02   23.64000    
  -1.241868     -1.7553618E-02   23.66000    
  -1.242219      7.2944090E-03   23.68000    
  -1.242073      3.2140054E-02   23.70000    
  -1.241430      5.6973290E-02   23.72000    
  -1.240291      8.1784219E-02   23.74000    
  -1.238655      0.1065629       23.76000    
  -1.236524      0.1312993       23.78000    
  -1.233898      0.1559836       23.80000    
  -1.230778      0.1806059       23.82000    
  -1.227166      0.2051562       23.84000    
  -1.223063      0.2296248       23.86000    
  -1.218470      0.2540016       23.88000    
  -1.213390      0.2782772       23.90000    
  -1.207825      0.3024416       23.92000    
  -1.201776      0.3264852       23.94000    
  -1.195246      0.3503982       23.96000    
  -1.188239      0.3741712       23.98000    
  -1.180755      0.3977946       24.00000    
  -1.172799      0.4212590       24.02000    
  -1.164374      0.4445547       24.04000    
  -1.155483      0.4676725       24.06000    
  -1.146129      0.4906032       24.08000    
  -1.136317      0.5133377       24.10000    
  -1.126050      0.5358667       24.12000    
  -1.115333      0.5581810       24.14000    
  -1.104169      0.5802719       24.16000    
  -1.092564      0.6021305       24.18000    
  -1.080521      0.6237481       24.20000    
  -1.068046      0.6451157       24.22000    
  -1.055144      0.6662250       24.24000    
  -1.041820      0.6870676       24.26000    
  -1.028078      0.7076351       24.28000    
  -1.013926      0.7279190       24.30000    
 -0.9993673      0.7479114       24.32000    
 -0.9844091      0.7676044       24.34000    
 -0.9690570      0.7869899       24.36000    
 -0.9533172      0.8060601       24.38000    
 -0.9371960      0.8248075       24.40000    
 -0.9206999      0.8432246       24.42000    
 -0.9038354      0.8613040       24.44000    
 -0.8866093      0.8790383       24.46000    
 -0.8690286      0.8964207       24.48000    
 -0.8511001      0.9134440       24.50000    
 -0.8328313      0.9301017       24.52000    
 -0.8142292      0.9463866       24.54000    
 -0.7953015      0.9622927       24.56000    
 -0.7760556      0.9778134       24.58000    
 -0.7564994      0.9929427       24.60000    
 -0.7366405       1.007674       24.62000    
 -0.7164871       1.022002       24.64000    
 -0.6960470       1.035921       24.66000    
 -0.6753286       1.049426       24.68000    
 -0.6543400       1.062510       24.70000    
 -0.6330898       1.075169       24.72000    
 -0.6115865       1.087397       24.74000    
 -0.5898385       1.099190       24.76000    
 -0.5678547       1.110543       24.78000    
 -0.5456439       1.121452       24.80000    
 -0.5232148       1.131911       24.82000    
 -0.5005766       1.141918       24.84000    
 -0.4777383       1.151468       24.86000    
 -0.4547089       1.160557       24.88000    
 -0.4314978       1.169181       24.90000    
 -0.4081142       1.177338       24.92000    
 -0.3845674       1.185024       24.94000    
 -0.3608669       1.192235       24.96000    
 -0.3370222       1.198970       24.98000    
 -0.3130428       1.205225       25.00000    
 -0.2889383       1.210997       25.02000    
 -0.2647184       1.216286       25.04000    
 -0.2403927       1.221087       25.06000    
 -0.2159709       1.225401       25.08000    
 -0.1914629       1.229224       25.10000    
 -0.1668784       1.232556       25.12000    
 -0.1422273       1.235394       25.14000    
 -0.1175194       1.237739       25.16000    
 -9.2764616E-02   1.239589       25.18000    
 -6.7972839E-02   1.240943       25.20000    
 -4.3153979E-02   1.241801       25.22000    
 -1.8317968E-02   1.242162       25.24000    
  6.5252669E-03   1.242026       25.26000    
  3.1365793E-02   1.241394       25.28000    
  5.6193680E-02   1.240266       25.30000    
  8.0998994E-02   1.238642       25.32000    
  0.1057718       1.236522       25.34000    
  0.1305023       1.233908       25.36000    
  0.1551804       1.230801       25.38000    
  0.1797965       1.227202       25.40000    
  0.2043405       1.223112       25.42000    
  0.2288027       1.218534       25.44000    
  0.2531734       1.213467       25.46000    
  0.2774428       1.207916       25.48000    
  0.3016011       1.201883       25.50000    
  0.3256387       1.195369       25.52000    
  0.3495461       1.188376       25.54000    
  0.3733136       1.180909       25.56000    
  0.3969318       1.172970       25.58000    
  0.4203912       1.164562       25.60000    
  0.4436825       1.155688       25.62000    
  0.4667962       1.146352       25.64000    
  0.4897233       1.136558       25.66000    
  0.5124545       1.126310       25.68000    
  0.5349807       1.115612       25.70000    
  0.5572929       1.104467       25.72000    
  0.5793822       1.092881       25.74000    
  0.6012399       1.080859       25.76000    
  0.6228570       1.068404       25.78000    
  0.6442251       1.055522       25.80000    
  0.6653355       1.042218       25.82000    
  0.6861799       1.028497       25.84000    
  0.7067498       1.014365       25.86000    
  0.7270371      0.9998276       25.88000    
  0.7470336      0.9848903       25.90000    
  0.7667314      0.9695594       25.92000    
  0.7861226      0.9538408       25.94000    
  0.8051994      0.9377406       25.96000    
  0.8239542      0.9212655       25.98000    
  0.8423795      0.9044220       26.00000    
  0.8604680      0.8872170       26.02000    
  0.8782123      0.8696569       26.04000    
  0.8956054      0.8517491       26.06000    
  0.9126405      0.8335007       26.08000    
  0.9293104      0.8149191       26.10000    
  0.9456088      0.7960112       26.12000    
  0.9615290      0.7767851       26.14000    
  0.9770647      0.7572482       26.16000    
  0.9922097      0.7374085       26.18000    
   1.006958      0.7172738       26.20000    
   1.021303      0.6968520       26.22000    
   1.035240      0.6761515       26.24000    
   1.048763      0.6551804       26.26000    
   1.061867      0.6339473       26.28000    
   1.074546      0.6124603       26.30000    
   1.086795      0.5907283       26.32000    
   1.098610      0.5687599       26.34000    
   1.109985      0.5465639       26.36000    
   1.120916      0.5241491       26.38000    
   1.131399      0.5015244       26.40000    
   1.141430      0.4786991       26.42000    
   1.151004      0.4556821       26.44000    
   1.160117      0.4324826       26.46000    
   1.168767      0.4091100       26.48000    
   1.176949      0.3855735       26.50000    
   1.184661      0.3618827       26.52000    
   1.191898      0.3380469       26.54000    
   1.198659      0.3140757       26.56000    
   1.204941      0.2899787       26.58000    
   1.210740      0.2657656       26.60000    
   1.216056      0.2414459       26.62000    
   1.220885      0.2170295       26.64000    
   1.225225      0.1925261       26.66000    
   1.229076      0.1679455       26.68000    
   1.232435      0.1432975       26.70000    
   1.235301      0.1185920       26.72000    
   1.237673      9.3838960E-02   26.74000    
   1.239549      6.9048196E-02   26.76000    
   1.240930      4.4229619E-02   26.78000    
   1.241815      1.9393211E-02   26.80000    
   1.242203     -5.4510776E-03   26.82000    
   1.242094     -3.0293360E-02   26.84000    
   1.241488     -5.5123687E-02   26.86000    
   1.240385     -7.9932027E-02   26.88000    
   1.238787     -0.1047085       26.90000    
   1.236693     -0.1294433       26.92000    
   1.234104     -0.1541265       26.94000    
   1.231021     -0.1787480       26.96000    
   1.227446     -0.2032982       26.98000    
   1.223380     -0.2277671       27.00000    
   1.218825     -0.2521450       27.02000    
   1.213782     -0.2764221       27.04000    
   1.208254     -0.3005887       27.06000    
   1.202242     -0.3246351       27.08000    
   1.195749     -0.3485517       27.10000    
   1.188778     -0.3723288       27.12000    
   1.181332     -0.3959571       27.14000    
   1.173412     -0.4194271       27.16000    
   1.165024     -0.4427293       27.18000    
   1.156169     -0.4658544       27.20000    
   1.146852     -0.4887931       27.22000    
   1.137076     -0.5115362       27.24000    
   1.126846     -0.5340748       27.26000    
   1.116164     -0.5563997       27.28000    
   1.105036     -0.5785019       27.30000    
   1.093466     -0.6003727       27.32000    
   1.081459     -0.6220033       27.34000    
   1.069018     -0.6433852       27.36000    
   1.056151     -0.6645094       27.38000    
   1.042861     -0.6853678       27.40000    
   1.029153     -0.7059520       27.42000    
   1.015034     -0.7262539       27.44000    
   1.000509     -0.7462649       27.46000    
  0.9855838     -0.7659774       27.48000    
  0.9702643     -0.7853835       27.50000    
  0.9545566     -0.8044754       27.52000    
  0.9384671     -0.8232452       27.54000    
  0.9220023     -0.8416857       27.56000    
  0.9051685     -0.8597894       27.58000    
  0.8879728     -0.8775492       27.60000    
  0.8704218     -0.8949577       27.62000    
  0.8525226     -0.9120081       27.64000    
  0.8342825     -0.9286937       27.66000    
  0.8157086     -0.9450078       27.68000    
  0.7968084     -0.9609438       27.70000    
  0.7775896     -0.9764951       27.72000    
  0.7580597     -0.9916558       27.74000    
  0.7382266      -1.006420       27.76000    
  0.7180982      -1.020781       27.78000    
  0.6976826      -1.034734       27.80000    
  0.6769879      -1.048273       27.82000    
  0.6560225      -1.061392       27.84000    
  0.6347947      -1.074087       27.86000    
  0.6133129      -1.086352       27.88000    
  0.5915859      -1.098183       27.90000    
  0.5696222      -1.109574       27.92000    
  0.5474308      -1.120521       27.94000    
  0.5250204      -1.131020       27.96000    
  0.5024000      -1.141067       27.98000    
  0.4795786      -1.150657       28.00000    
  0.4565655      -1.159787       28.02000    
  0.4333698      -1.168452       28.04000    
  0.4100007      -1.176651       28.06000    
  0.3864677      -1.184378       28.08000    
  0.3627801      -1.191632       28.10000    
  0.3389475      -1.198409       28.12000    
  0.3149793      -1.204707       28.14000    
  0.2908852      -1.210523       28.16000    
  0.2666747      -1.215855       28.18000    
  0.2423576      -1.220701       28.20000    
  0.2179436      -1.225058       28.22000    
  0.1934424      -1.228925       28.24000    
  0.1688639      -1.232300       28.26000    
  0.1442179      -1.235183       28.28000    
  0.1195143      -1.237572       28.30000    
  9.4762824E-02  -1.239465       28.32000    
  6.9973513E-02  -1.240863       28.34000    
  4.5156248E-02  -1.241765       28.36000    
  2.0320946E-02  -1.242170       28.38000    
 -4.5224521E-03  -1.242078       28.40000    
 -2.9364012E-02  -1.241490       28.42000    
 -5.4193802E-02  -1.240404       28.44000    
 -7.9001889E-02  -1.238823       28.46000    
 -0.1037783      -1.236746       28.48000    
 -0.1285133      -1.234175       28.50000    
 -0.1531968      -1.231110       28.52000    
 -0.1778190      -1.227553       28.54000    
 -0.2023700      -1.223505       28.56000    
 -0.2268401      -1.218967       28.58000    
 -0.2512195      -1.213942       28.60000    
 -0.2754983      -1.208432       28.62000    
 -0.2996670      -1.202438       28.64000    
 -0.3237157      -1.195963       28.66000    
 -0.3476350      -1.189010       28.68000    
 -0.3714152      -1.181582       28.70000    
 -0.3950468      -1.173681       28.72000    
 -0.4185204      -1.165311       28.74000    
 -0.4418266      -1.156474       28.76000    
 -0.4649561      -1.147176       28.78000    
 -0.4878996      -1.137418       28.80000    
 -0.5106480      -1.127205       28.82000    
 -0.5331921      -1.116542       28.84000    
 -0.5555229      -1.105432       28.86000    
 -0.5776316      -1.093880       28.88000    
 -0.5995092      -1.081891       28.90000    
 -0.6211470      -1.069469       28.92000    
 -0.6425363      -1.056619       28.94000    
 -0.6636687      -1.043346       28.96000    
 -0.6845356      -1.029657       28.98000    
 -0.7051287      -1.015555       29.00000    
 -0.7254398      -1.001048       29.02000    
 -0.7454608     -0.9861398       29.04000    
 -0.7651836     -0.9708374       29.06000    
 -0.7846004     -0.9551467       29.08000    
 -0.8037033     -0.9390742       29.10000    
 -0.8224848     -0.9226258       29.12000    
 -0.8409373     -0.9058084       29.14000    
 -0.8590535     -0.8886289       29.16000    
 -0.8768260     -0.8710940       29.18000    
 -0.8942479     -0.8532105       29.20000    
 -0.9113122     -0.8349859       29.22000    
 -0.9280119     -0.8164272       29.24000    
 -0.9443405     -0.7975422       29.26000    
 -0.9602913     -0.7783381       29.28000    
 -0.9758581     -0.7588226       29.30000    
 -0.9910346     -0.7390035       29.32000    
  -1.005815     -0.7188889       29.34000    
  -1.020193     -0.6984868       29.36000    
  -1.034162     -0.6778051       29.38000    
  -1.047718     -0.6568524       29.40000    
  -1.060856     -0.6356369       29.42000    
  -1.073568     -0.6141672       29.44000    
  -1.085852     -0.5924517       29.46000    
  -1.097701     -0.5704992       29.48000    
  -1.109111     -0.5483185       29.50000    
  -1.120077     -0.5259185       29.52000    
  -1.130595     -0.5033080       29.54000    
  -1.140661     -0.4804962       29.56000    
  -1.150271     -0.4574922       29.58000    
  -1.159421     -0.4343052       29.60000    
  -1.168107     -0.4109443       29.62000    
  -1.176326     -0.3874191       29.64000    
  -1.184075     -0.3637389       29.66000    
  -1.191349     -0.3399131       29.68000    
  -1.198148     -0.3159513       29.70000    
  -1.204467     -0.2918631       29.72000    
  -1.210304     -0.2676582       29.74000    
  -1.215657     -0.2433461       29.76000    
  -1.220524     -0.2189366       29.78000    
  -1.224903     -0.1944395       29.80000    
  -1.228792     -0.1698645       29.82000    
  -1.232189     -0.1452216       29.84000    
  -1.235093     -0.1205205       29.86000    
  -1.237504     -9.5771231E-02   29.88000    
  -1.239419     -7.0983551E-02   29.90000    
  -1.240839     -4.6167426E-02   29.92000    
  -1.241762     -2.1332793E-02   29.94000    
  -1.242189      3.5104025E-03   29.96000    
  -1.242119      2.8352248E-02   29.98000    
  -1.241552      5.3182788E-02   30.00000    
