  5.99999987E-02  -224914.38    
  7.99999982E-02  4.59135442E-41
  9.99999940E-02  1.61149323E-43
  0.12000000       0.0000000    
  0.14000000       0.0000000    
  0.16000000       0.0000000    
  0.17999999      2.36755947E+27
  0.19999999      4.57594014E-41
  0.22000000       0.0000000    
  0.23999999       0.0000000    
  0.25999999       0.0000000    
  0.28000000       0.0000000    
  0.29999998       0.0000000    
  0.31999999      4.06376555E-44
  0.34000000       0.0000000    
  0.35999998       0.0000000    
  0.38000000       0.0000000    
  0.39999998       0.0000000    
  0.41999999       0.0000000    
  0.44000000       0.0000000    
  0.45999998       0.0000000    
  0.47999999       0.0000000    
  0.50000000       0.0000000    
  0.51999998       0.0000000    
  0.53999996       0.0000000    
  0.56000000       0.0000000    
  0.57999998       0.0000000    
  0.59999996       0.0000000    
  0.62000000       0.0000000    
  0.63999999       0.0000000    
  0.65999997       0.0000000    
  0.68000001       0.0000000    
  0.69999999       0.0000000    
  0.71999997       0.0000000    
  0.74000001       0.0000000    
  0.75999999       0.0000000    
  0.77999997       0.0000000    
  0.79999995       0.0000000    
  0.81999999       0.0000000    
  0.83999997       0.0000000    
  0.85999995       0.0000000    
  0.88000000       0.0000000    
  0.89999998       0.0000000    
  0.91999996       0.0000000    
  0.94000000       0.0000000    
  0.95999998       0.0000000    
  0.97999996       0.0000000    
   1.0000000       0.0000000    
   1.0200000       0.0000000    
   1.0400000       0.0000000    
   1.0599999       0.0000000    
   1.0799999       0.0000000    
   1.1000000       0.0000000    
   1.1200000       0.0000000    
   1.1400000       0.0000000    
   1.1600000       0.0000000    
   1.1799999       0.0000000    
   1.1999999       0.0000000    
   1.2200000       0.0000000    
   1.2400000       0.0000000    
   1.2600000       0.0000000    
   1.2800000       0.0000000    
   1.3000000       0.0000000    
   1.3199999       0.0000000    
   1.3399999       0.0000000    
   1.3600000       0.0000000    
   1.3800000       0.0000000    
   1.4000000       0.0000000    
   1.4200000       0.0000000    
   1.4399999       0.0000000    
   1.4599999       0.0000000    
   1.4800000       0.0000000    
   1.5000000       0.0000000    
   1.5200000       0.0000000    
   1.5400000       0.0000000    
   1.5599999       0.0000000    
   1.5799999       0.0000000    
   1.5999999       0.0000000    
   1.6200000       0.0000000    
   1.6400000       0.0000000    
   1.6600000       0.0000000    
   1.6799999       0.0000000    
   1.6999999       0.0000000    
   1.7199999       0.0000000    
   1.7400000       0.0000000    
   1.7600000       0.0000000    
   1.7800000       0.0000000    
   1.8000000       0.0000000    
   1.8199999       0.0000000    
   1.8399999       0.0000000    
   1.8600000       0.0000000    
   1.8800000       0.0000000    
   1.9000000       0.0000000    
   1.9200000       0.0000000    
   1.9399999       0.0000000    
   1.9599999       0.0000000    
   1.9799999       0.0000000    
   2.0000000       0.0000000    
